<?xml version="1.0" encoding="UTF-8"?>
<testsuites name="Teste de Integração" time="396.22" tests="15" failures="7" errors="1">
   <testsuite name="Teste de Integração" tests="15" failures="7" errors="1" time="396.22" skipped="0" timestamp="2023-11-29 11:59:18" hostname="isaba - LAPTOP-EU75EJ55" id="Test Suites/Teste de Integração">
      <properties>
         <property name="deviceName" value=""/>
         <property name="devicePlatform" value=""/>
         <property name="logFolder" value="C:\\Users\\isaba\\Downloads\\TMS-T2-E1\\TMS-T2-E1\\T2\\Reports\\20231129_115905\\Teste de Integra\u00E7\u00E3o\\20231129_115905"/>
         <property name="logFiles" value="C:\\Users\\isaba\\Downloads\\TMS-T2-E1\\TMS-T2-E1\\T2\\Reports\\20231129_115905\\Teste de Integra\u00E7\u00E3o\\20231129_115905\\execution0.log"/>
         <property name="attachments" value="C:\\Users\\isaba\\Downloads\\TMS-T2-E1\\TMS-T2-E1\\T2\\Reports\\20231129_115905\\Teste de Integra\u00E7\u00E3o\\20231129_115905\\1701270212285.png, C:\\Users\\isaba\\Downloads\\TMS-T2-E1\\TMS-T2-E1\\T2\\Reports\\20231129_115905\\Teste de Integra\u00E7\u00E3o\\20231129_115905\\1701270326350.png"/>
         <property name="hostName" value="isaba - LAPTOP-EU75EJ55"/>
         <property name="os" value="Windows 10 64bit"/>
         <property name="katalonVersion" value="8.6.8.208"/>
         <property name="browser" value="Chrome 119.0.0.0"/>
         <property name="hostAddress" value="192.168.56.1"/>
         <property name="sessionId" value="e0d4918acb28f71a3f6261ff19b58f84"/>
         <property name="seleniumVersion" value="3.141.59"/>
         <property name="proxyInformation" value="ProxyInformation { proxyOption=NO_PROXY, proxyServerType=HTTP, username=, password=********, proxyServerAddress=, proxyServerPort=0, executionList=&quot;&quot;, isApplyToDesiredCapabilities=true }"/>
         <property name="platform" value="Windows 10"/>
      </properties>
      <testcase name="Test Cases/CDT01- RF01 - login cliente - Verificar login incorreto e correto" time="19.458" classname="Test Cases/CDT01- RF01 - login cliente - Verificar login incorreto e correto" status="PASSED">
         <system-out><![CDATA[2023-11-29 11:59:19 - [TEST_CASE][PASSED] - Test Cases/CDT01- RF01 - login cliente - Verificar login incorreto e correto: Test Cases/CDT01- RF01 - login cliente - Verificar login incorreto e correto

2023-11-29 11:59:20 - [TEST_STEP][PASSED] - openBrowser("http://localhost/pizzaWeb2.0/site/index.php", CONTINUE_ON_FAILURE): Browser is opened with url: 'http://localhost/pizzaWeb2.0/site/index.php'

2023-11-29 11:59:20 - [MESSAGE][INFO] - Starting 'Chrome' driver

2023-11-29 11:59:21 - [MESSAGE][INFO] - Action delay is set to 0 milliseconds

2023-11-29 11:59:29 - [MESSAGE][PASSED] - Browser is opened with url: 'http://localhost/pizzaWeb2.0/site/index.php'

2023-11-29 11:59:29 - [TEST_STEP][PASSED] - click(findTestObject("Object Repository/CDT01 - CDT02/Page_PizzaWeb/a_Entrar"), CONTINUE_ON_FAILURE): Object: 'Object Repository/CDT01 - CDT02/Page_PizzaWeb/a_Entrar' is clicked on

2023-11-29 11:59:30 - [MESSAGE][PASSED] - Object: 'Object Repository/CDT01 - CDT02/Page_PizzaWeb/a_Entrar' is clicked on

2023-11-29 11:59:30 - [TEST_STEP][PASSED] - callTestCase(findTestCase("CDT02 - login simple"), ["usuario":"marco", "senha":"senhaInvalida"], CONTINUE_ON_FAILURE): Call Test Case 'Test Cases/CDT02 - login simple' successfully

2023-11-29 11:59:30 - [TEST_CASE][PASSED] - Test Cases/CDT02 - login simple: Test Cases/CDT02 - login simple

2023-11-29 11:59:31 - [TEST_STEP][PASSED] - setText(findTestObject("Object Repository/CDT01 - CDT02/Page_Login/input_Entrar_login"), usuario, CONTINUE_ON_FAILURE): Text 'marco' is set on object 'Object Repository/CDT01 - CDT02/Page_Login/input_Entrar_login'

2023-11-29 11:59:32 - [MESSAGE][PASSED] - Text 'marco' is set on object 'Object Repository/CDT01 - CDT02/Page_Login/input_Entrar_login'

2023-11-29 11:59:32 - [TEST_STEP][PASSED] - setText(findTestObject("Object Repository/CDT01 - CDT02/Page_Login/input_Entrar_senha"), senha, CONTINUE_ON_FAILURE): Text 'senhaInvalida' is set on object 'Object Repository/CDT01 - CDT02/Page_Login/input_Entrar_senha'

2023-11-29 11:59:33 - [MESSAGE][PASSED] - Text 'senhaInvalida' is set on object 'Object Repository/CDT01 - CDT02/Page_Login/input_Entrar_senha'

2023-11-29 11:59:33 - [TEST_STEP][PASSED] - click(findTestObject("Object Repository/CDT01 - CDT02/Page_Login/button_Login"), CONTINUE_ON_FAILURE): Object: 'Object Repository/CDT01 - CDT02/Page_Login/button_Login' is clicked on

2023-11-29 11:59:33 - [MESSAGE][PASSED] - Object: 'Object Repository/CDT01 - CDT02/Page_Login/button_Login' is clicked on

2023-11-29 11:59:33 - [MESSAGE][PASSED] - Call Test Case 'Test Cases/CDT02 - login simple' successfully

2023-11-29 11:59:33 - [TEST_STEP][PASSED] - verifyElementText(findTestObject("CDT01 - CDT02/Page_/div_msg_Usurio_ou_senha_invalidos"), "Usuário ou senha inválidos.", CONTINUE_ON_FAILURE): Actual text and expected text of test object 'Object Repository/CDT01 - CDT02/Page_/div_msg_Usurio_ou_senha_invalidos' are matched.

2023-11-29 11:59:34 - [MESSAGE][PASSED] - Actual text and expected text of test object 'Object Repository/CDT01 - CDT02/Page_/div_msg_Usurio_ou_senha_invalidos' are matched.

2023-11-29 11:59:34 - [TEST_STEP][PASSED] - click(findTestObject("Object Repository/CDT01 - CDT02/Page_/button_OK"), CONTINUE_ON_FAILURE): Object: 'Object Repository/CDT01 - CDT02/Page_/button_OK' is clicked on

2023-11-29 11:59:35 - [MESSAGE][PASSED] - Object: 'Object Repository/CDT01 - CDT02/Page_/button_OK' is clicked on

2023-11-29 11:59:35 - [TEST_STEP][PASSED] - callTestCase(findTestCase("CDT02 - login simple"), ["usuario":"marco", "senha":"marco"], CONTINUE_ON_FAILURE): Call Test Case 'Test Cases/CDT02 - login simple' successfully

2023-11-29 11:59:35 - [TEST_CASE][PASSED] - Test Cases/CDT02 - login simple: Test Cases/CDT02 - login simple

2023-11-29 11:59:35 - [TEST_STEP][PASSED] - setText(findTestObject("Object Repository/CDT01 - CDT02/Page_Login/input_Entrar_login"), usuario, CONTINUE_ON_FAILURE): Text 'marco' is set on object 'Object Repository/CDT01 - CDT02/Page_Login/input_Entrar_login'

2023-11-29 11:59:36 - [MESSAGE][PASSED] - Text 'marco' is set on object 'Object Repository/CDT01 - CDT02/Page_Login/input_Entrar_login'

2023-11-29 11:59:36 - [TEST_STEP][PASSED] - setText(findTestObject("Object Repository/CDT01 - CDT02/Page_Login/input_Entrar_senha"), senha, CONTINUE_ON_FAILURE): Text 'marco' is set on object 'Object Repository/CDT01 - CDT02/Page_Login/input_Entrar_senha'

2023-11-29 11:59:36 - [MESSAGE][PASSED] - Text 'marco' is set on object 'Object Repository/CDT01 - CDT02/Page_Login/input_Entrar_senha'

2023-11-29 11:59:36 - [TEST_STEP][PASSED] - click(findTestObject("Object Repository/CDT01 - CDT02/Page_Login/button_Login"), CONTINUE_ON_FAILURE): Object: 'Object Repository/CDT01 - CDT02/Page_Login/button_Login' is clicked on

2023-11-29 11:59:37 - [MESSAGE][PASSED] - Object: 'Object Repository/CDT01 - CDT02/Page_Login/button_Login' is clicked on

2023-11-29 11:59:37 - [MESSAGE][PASSED] - Call Test Case 'Test Cases/CDT02 - login simple' successfully

2023-11-29 11:59:37 - [TEST_STEP][PASSED] - verifyElementText(findTestObject("Object Repository/CDT01 - CDT02/Page_PizzaWeb/a_Ol, Usuario"), "Olá, Marco!", CONTINUE_ON_FAILURE): Actual text and expected text of test object 'Object Repository/CDT01 - CDT02/Page_PizzaWeb/a_Ol, Usuario' are matched.

2023-11-29 11:59:38 - [MESSAGE][PASSED] - Actual text and expected text of test object 'Object Repository/CDT01 - CDT02/Page_PizzaWeb/a_Ol, Usuario' are matched.

2023-11-29 11:59:38 - [TEST_STEP][PASSED] - closeBrowser(CONTINUE_ON_FAILURE): Browser is closed

2023-11-29 11:59:39 - [MESSAGE][PASSED] - Browser is closed]]></system-out>
         <system-err><![CDATA[]]></system-err>
      </testcase>
      <testcase name="Test Cases/CDT02 - login simple" time="0.57" classname="Test Cases/CDT02 - login simple" status="FAILED">
         <failure type="FAILED" message="Test Cases/CDT02 - login simple FAILED.
Reason:
com.kms.katalon.core.exception.StepFailedException: Unable to set text 'marco' of object 'Object Repository/CDT01 - CDT02/Page_Login/input_Entrar_login' (Root cause: com.kms.katalon.core.exception.StepFailedException: Unable to set text 'marco' of object 'Object Repository/CDT01 - CDT02/Page_Login/input_Entrar_login'
	at com.kms.katalon.core.webui.keyword.internal.WebUIKeywordMain.stepFailed(WebUIKeywordMain.groovy:64)
	at com.kms.katalon.core.webui.keyword.internal.WebUIKeywordMain.runKeyword(WebUIKeywordMain.groovy:26)
	at com.kms.katalon.core.webui.keyword.builtin.SetTextKeyword.setText(SetTextKeyword.groovy:66)
	at com.kms.katalon.core.webui.keyword.builtin.SetTextKeyword.execute(SetTextKeyword.groovy:37)
	at com.kms.katalon.core.keyword.internal.KeywordExecutor.executeKeywordForPlatform(KeywordExecutor.groovy:74)
	at com.kms.katalon.core.webui.keyword.WebUiBuiltInKeywords.setText(WebUiBuiltInKeywords.groovy:966)
	at com.kms.katalon.core.webui.keyword.WebUiBuiltInKeywords$setText$1.call(Unknown Source)
	at CDT02 - login simple.run(CDT02 - login simple:20)
	at com.kms.katalon.core.main.ScriptEngine.run(ScriptEngine.java:194)
	at com.kms.katalon.core.main.ScriptEngine.runScriptAsRawText(ScriptEngine.java:119)
	at com.kms.katalon.core.main.TestCaseExecutor.runScript(TestCaseExecutor.java:448)
	at com.kms.katalon.core.main.TestCaseExecutor.doExecute(TestCaseExecutor.java:439)
	at com.kms.katalon.core.main.TestCaseExecutor.processExecutionPhase(TestCaseExecutor.java:418)
	at com.kms.katalon.core.main.TestCaseExecutor.accessMainPhase(TestCaseExecutor.java:410)
	at com.kms.katalon.core.main.TestCaseExecutor.execute(TestCaseExecutor.java:285)
	at com.kms.katalon.core.common.CommonExecutor.accessTestCaseMainPhase(CommonExecutor.java:65)
	at com.kms.katalon.core.main.TestSuiteExecutor.accessTestSuiteMainPhase(TestSuiteExecutor.java:148)
	at com.kms.katalon.core.main.TestSuiteExecutor.execute(TestSuiteExecutor.java:106)
	at com.kms.katalon.core.main.TestCaseMain.startTestSuite(TestCaseMain.java:187)
	at com.kms.katalon.core.main.TestCaseMain$startTestSuite$0.call(Unknown Source)
	at TempTestSuite1701269945786.run(TempTestSuite1701269945786.groovy:36)
Caused by: org.openqa.selenium.NoSuchSessionException: Session ID is null. Using WebDriver after calling quit()?
Build info: version: '3.141.59', revision: 'e82be7d358', time: '2018-11-14T08:25:53'
System info: host: 'LAPTOP-EU75EJ55', ip: '192.168.56.1', os.name: 'Windows 10', os.arch: 'amd64', os.version: '10.0', java.version: '1.8.0_362'
Driver info: driver.version: RemoteWebDriver
	at org.openqa.selenium.remote.HttpCommandExecutor.execute(HttpCommandExecutor.java:125)
	at org.openqa.selenium.remote.service.DriverCommandExecutor.execute(DriverCommandExecutor.java:83)
	at org.openqa.selenium.remote.RemoteWebDriver.execute(RemoteWebDriver.java:552)
	at com.kms.katalon.selenium.driver.CChromeDriver.execute(CChromeDriver.java:19)
	at org.openqa.selenium.remote.RemoteWebDriver.findElements(RemoteWebDriver.java:353)
	at org.openqa.selenium.remote.RemoteWebDriver.findElementsByXPath(RemoteWebDriver.java:432)
	at org.openqa.selenium.By$ByXPath.findElements(By.java:348)
	at org.openqa.selenium.remote.RemoteWebDriver.findElements(RemoteWebDriver.java:311)
	at com.kms.katalon.core.webui.common.WebUiCommonHelper.findElementByNormalMethods(WebUiCommonHelper.java:1027)
	at com.kms.katalon.core.webui.common.WebUiCommonHelper.findElementsBySelectedMethod(WebUiCommonHelper.java:913)
	at com.kms.katalon.core.webui.common.WebUiCommonHelper.findElementsBySelectedMethod(WebUiCommonHelper.java:901)
	at com.kms.katalon.core.webui.common.WebUiCommonHelper.findElementsBySelectedMethod(WebUiCommonHelper.java:896)
	at com.kms.katalon.core.webui.common.WebUiCommonHelper.findElementsByDefault(WebUiCommonHelper.java:892)
	at com.kms.katalon.core.webui.common.WebUiCommonHelper.findWebElements(WebUiCommonHelper.java:720)
	at com.kms.katalon.core.webui.common.WebUiCommonHelper.findWebElement(WebUiCommonHelper.java:1376)
	at com.kms.katalon.core.webui.keyword.internal.WebUIAbstractKeyword.findWebElement(WebUIAbstractKeyword.groovy:27)
	at com.kms.katalon.core.webui.keyword.internal.WebUIAbstractKeyword.findWebElement(WebUIAbstractKeyword.groovy:26)
	at com.kms.katalon.core.webui.keyword.builtin.SetTextKeyword$_setText_closure1.doCall(SetTextKeyword.groovy:51)
	at com.kms.katalon.core.webui.keyword.builtin.SetTextKeyword$_setText_closure1.call(SetTextKeyword.groovy)
	at com.kms.katalon.core.webui.keyword.internal.WebUIKeywordMain.runKeyword(WebUIKeywordMain.groovy:20)
	at com.kms.katalon.core.webui.keyword.builtin.SetTextKeyword.setText(SetTextKeyword.groovy:66)
	at com.kms.katalon.core.webui.keyword.builtin.SetTextKeyword.execute(SetTextKeyword.groovy:37)
	at com.kms.katalon.core.keyword.internal.KeywordExecutor.executeKeywordForPlatform(KeywordExecutor.groovy:74)
	at com.kms.katalon.core.webui.keyword.WebUiBuiltInKeywords.setText(WebUiBuiltInKeywords.groovy:966)
	at com.kms.katalon.core.webui.keyword.WebUiBuiltInKeywords$setText$1.call(Unknown Source)
	at Script1700848348801.run(Script1700848348801.groovy:20)
	... 13 more
)
	at com.kms.katalon.core.keyword.internal.KeywordMain.stepFailed(KeywordMain.groovy:39)
	at com.kms.katalon.core.webui.keyword.internal.WebUIKeywordMain.stepFailed(WebUIKeywordMain.groovy:64)
	at com.kms.katalon.core.webui.keyword.internal.WebUIKeywordMain.runKeyword(WebUIKeywordMain.groovy:26)
	at com.kms.katalon.core.webui.keyword.builtin.SetTextKeyword.setText(SetTextKeyword.groovy:66)
	at com.kms.katalon.core.webui.keyword.builtin.SetTextKeyword.execute(SetTextKeyword.groovy:37)
	at com.kms.katalon.core.keyword.internal.KeywordExecutor.executeKeywordForPlatform(KeywordExecutor.groovy:74)
	at com.kms.katalon.core.webui.keyword.WebUiBuiltInKeywords.setText(WebUiBuiltInKeywords.groovy:966)
	at com.kms.katalon.core.webui.keyword.WebUiBuiltInKeywords$setText$1.call(Unknown Source)
	at CDT02 - login simple.run(CDT02 - login simple:20)
	at com.kms.katalon.core.main.ScriptEngine.run(ScriptEngine.java:194)
	at com.kms.katalon.core.main.ScriptEngine.runScriptAsRawText(ScriptEngine.java:119)
	at com.kms.katalon.core.main.TestCaseExecutor.runScript(TestCaseExecutor.java:448)
	at com.kms.katalon.core.main.TestCaseExecutor.doExecute(TestCaseExecutor.java:439)
	at com.kms.katalon.core.main.TestCaseExecutor.processExecutionPhase(TestCaseExecutor.java:418)
	at com.kms.katalon.core.main.TestCaseExecutor.accessMainPhase(TestCaseExecutor.java:410)
	at com.kms.katalon.core.main.TestCaseExecutor.execute(TestCaseExecutor.java:285)
	at com.kms.katalon.core.common.CommonExecutor.accessTestCaseMainPhase(CommonExecutor.java:65)
	at com.kms.katalon.core.main.TestSuiteExecutor.accessTestSuiteMainPhase(TestSuiteExecutor.java:148)
	at com.kms.katalon.core.main.TestSuiteExecutor.execute(TestSuiteExecutor.java:106)
	at com.kms.katalon.core.main.TestCaseMain.startTestSuite(TestCaseMain.java:187)
	at com.kms.katalon.core.main.TestCaseMain$startTestSuite$0.call(Unknown Source)
	at TempTestSuite1701269945786.run(TempTestSuite1701269945786.groovy:36)
Caused by: com.kms.katalon.core.exception.StepFailedException: Unable to set text 'marco' of object 'Object Repository/CDT01 - CDT02/Page_Login/input_Entrar_login'
	... 21 more
Caused by: org.openqa.selenium.NoSuchSessionException: Session ID is null. Using WebDriver after calling quit()?
Build info: version: '3.141.59', revision: 'e82be7d358', time: '2018-11-14T08:25:53'
System info: host: 'LAPTOP-EU75EJ55', ip: '192.168.56.1', os.name: 'Windows 10', os.arch: 'amd64', os.version: '10.0', java.version: '1.8.0_362'
Driver info: driver.version: RemoteWebDriver
	at org.openqa.selenium.remote.HttpCommandExecutor.execute(HttpCommandExecutor.java:125)
	at org.openqa.selenium.remote.service.DriverCommandExecutor.execute(DriverCommandExecutor.java:83)
	at org.openqa.selenium.remote.RemoteWebDriver.execute(RemoteWebDriver.java:552)
	at com.kms.katalon.selenium.driver.CChromeDriver.execute(CChromeDriver.java:19)
	at org.openqa.selenium.remote.RemoteWebDriver.findElements(RemoteWebDriver.java:353)
	at org.openqa.selenium.remote.RemoteWebDriver.findElementsByXPath(RemoteWebDriver.java:432)
	at org.openqa.selenium.By$ByXPath.findElements(By.java:348)
	at org.openqa.selenium.remote.RemoteWebDriver.findElements(RemoteWebDriver.java:311)
	at com.kms.katalon.core.webui.common.WebUiCommonHelper.findElementByNormalMethods(WebUiCommonHelper.java:1027)
	at com.kms.katalon.core.webui.common.WebUiCommonHelper.findElementsBySelectedMethod(WebUiCommonHelper.java:913)
	at com.kms.katalon.core.webui.common.WebUiCommonHelper.findElementsBySelectedMethod(WebUiCommonHelper.java:901)
	at com.kms.katalon.core.webui.common.WebUiCommonHelper.findElementsBySelectedMethod(WebUiCommonHelper.java:896)
	at com.kms.katalon.core.webui.common.WebUiCommonHelper.findElementsByDefault(WebUiCommonHelper.java:892)
	at com.kms.katalon.core.webui.common.WebUiCommonHelper.findWebElements(WebUiCommonHelper.java:720)
	at com.kms.katalon.core.webui.common.WebUiCommonHelper.findWebElement(WebUiCommonHelper.java:1376)
	at com.kms.katalon.core.webui.keyword.internal.WebUIAbstractKeyword.findWebElement(WebUIAbstractKeyword.groovy:27)
	at com.kms.katalon.core.webui.keyword.internal.WebUIAbstractKeyword.findWebElement(WebUIAbstractKeyword.groovy:26)
	at com.kms.katalon.core.webui.keyword.builtin.SetTextKeyword$_setText_closure1.doCall(SetTextKeyword.groovy:51)
	at com.kms.katalon.core.webui.keyword.builtin.SetTextKeyword$_setText_closure1.call(SetTextKeyword.groovy)
	at com.kms.katalon.core.webui.keyword.internal.WebUIKeywordMain.runKeyword(WebUIKeywordMain.groovy:20)
	... 19 more
"/>
         <system-out><![CDATA[2023-11-29 11:59:39 - [TEST_CASE][FAILED] - Test Cases/CDT02 - login simple: Test Cases/CDT02 - login simple FAILED.
Reason:
com.kms.katalon.core.exception.StepFailedException: Unable to set text 'marco' of object 'Object Repository/CDT01 - CDT02/Page_Login/input_Entrar_login' (Root cause: com.kms.katalon.core.exception.StepFailedException: Unable to set text 'marco' of object 'Object Repository/CDT01 - CDT02/Page_Login/input_Entrar_login'
	at com.kms.katalon.core.webui.keyword.internal.WebUIKeywordMain.stepFailed(WebUIKeywordMain.groovy:64)
	at com.kms.katalon.core.webui.keyword.internal.WebUIKeywordMain.runKeyword(WebUIKeywordMain.groovy:26)
	at com.kms.katalon.core.webui.keyword.builtin.SetTextKeyword.setText(SetTextKeyword.groovy:66)
	at com.kms.katalon.core.webui.keyword.builtin.SetTextKeyword.execute(SetTextKeyword.groovy:37)
	at com.kms.katalon.core.keyword.internal.KeywordExecutor.executeKeywordForPlatform(KeywordExecutor.groovy:74)
	at com.kms.katalon.core.webui.keyword.WebUiBuiltInKeywords.setText(WebUiBuiltInKeywords.groovy:966)
	at com.kms.katalon.core.webui.keyword.WebUiBuiltInKeywords$setText$1.call(Unknown Source)
	at CDT02 - login simple.run(CDT02 - login simple:20)
	at com.kms.katalon.core.main.ScriptEngine.run(ScriptEngine.java:194)
	at com.kms.katalon.core.main.ScriptEngine.runScriptAsRawText(ScriptEngine.java:119)
	at com.kms.katalon.core.main.TestCaseExecutor.runScript(TestCaseExecutor.java:448)
	at com.kms.katalon.core.main.TestCaseExecutor.doExecute(TestCaseExecutor.java:439)
	at com.kms.katalon.core.main.TestCaseExecutor.processExecutionPhase(TestCaseExecutor.java:418)
	at com.kms.katalon.core.main.TestCaseExecutor.accessMainPhase(TestCaseExecutor.java:410)
	at com.kms.katalon.core.main.TestCaseExecutor.execute(TestCaseExecutor.java:285)
	at com.kms.katalon.core.common.CommonExecutor.accessTestCaseMainPhase(CommonExecutor.java:65)
	at com.kms.katalon.core.main.TestSuiteExecutor.accessTestSuiteMainPhase(TestSuiteExecutor.java:148)
	at com.kms.katalon.core.main.TestSuiteExecutor.execute(TestSuiteExecutor.java:106)
	at com.kms.katalon.core.main.TestCaseMain.startTestSuite(TestCaseMain.java:187)
	at com.kms.katalon.core.main.TestCaseMain$startTestSuite$0.call(Unknown Source)
	at TempTestSuite1701269945786.run(TempTestSuite1701269945786.groovy:36)
Caused by: org.openqa.selenium.NoSuchSessionException: Session ID is null. Using WebDriver after calling quit()?
Build info: version: '3.141.59', revision: 'e82be7d358', time: '2018-11-14T08:25:53'
System info: host: 'LAPTOP-EU75EJ55', ip: '192.168.56.1', os.name: 'Windows 10', os.arch: 'amd64', os.version: '10.0', java.version: '1.8.0_362'
Driver info: driver.version: RemoteWebDriver
	at org.openqa.selenium.remote.HttpCommandExecutor.execute(HttpCommandExecutor.java:125)
	at org.openqa.selenium.remote.service.DriverCommandExecutor.execute(DriverCommandExecutor.java:83)
	at org.openqa.selenium.remote.RemoteWebDriver.execute(RemoteWebDriver.java:552)
	at com.kms.katalon.selenium.driver.CChromeDriver.execute(CChromeDriver.java:19)
	at org.openqa.selenium.remote.RemoteWebDriver.findElements(RemoteWebDriver.java:353)
	at org.openqa.selenium.remote.RemoteWebDriver.findElementsByXPath(RemoteWebDriver.java:432)
	at org.openqa.selenium.By$ByXPath.findElements(By.java:348)
	at org.openqa.selenium.remote.RemoteWebDriver.findElements(RemoteWebDriver.java:311)
	at com.kms.katalon.core.webui.common.WebUiCommonHelper.findElementByNormalMethods(WebUiCommonHelper.java:1027)
	at com.kms.katalon.core.webui.common.WebUiCommonHelper.findElementsBySelectedMethod(WebUiCommonHelper.java:913)
	at com.kms.katalon.core.webui.common.WebUiCommonHelper.findElementsBySelectedMethod(WebUiCommonHelper.java:901)
	at com.kms.katalon.core.webui.common.WebUiCommonHelper.findElementsBySelectedMethod(WebUiCommonHelper.java:896)
	at com.kms.katalon.core.webui.common.WebUiCommonHelper.findElementsByDefault(WebUiCommonHelper.java:892)
	at com.kms.katalon.core.webui.common.WebUiCommonHelper.findWebElements(WebUiCommonHelper.java:720)
	at com.kms.katalon.core.webui.common.WebUiCommonHelper.findWebElement(WebUiCommonHelper.java:1376)
	at com.kms.katalon.core.webui.keyword.internal.WebUIAbstractKeyword.findWebElement(WebUIAbstractKeyword.groovy:27)
	at com.kms.katalon.core.webui.keyword.internal.WebUIAbstractKeyword.findWebElement(WebUIAbstractKeyword.groovy:26)
	at com.kms.katalon.core.webui.keyword.builtin.SetTextKeyword$_setText_closure1.doCall(SetTextKeyword.groovy:51)
	at com.kms.katalon.core.webui.keyword.builtin.SetTextKeyword$_setText_closure1.call(SetTextKeyword.groovy)
	at com.kms.katalon.core.webui.keyword.internal.WebUIKeywordMain.runKeyword(WebUIKeywordMain.groovy:20)
	at com.kms.katalon.core.webui.keyword.builtin.SetTextKeyword.setText(SetTextKeyword.groovy:66)
	at com.kms.katalon.core.webui.keyword.builtin.SetTextKeyword.execute(SetTextKeyword.groovy:37)
	at com.kms.katalon.core.keyword.internal.KeywordExecutor.executeKeywordForPlatform(KeywordExecutor.groovy:74)
	at com.kms.katalon.core.webui.keyword.WebUiBuiltInKeywords.setText(WebUiBuiltInKeywords.groovy:966)
	at com.kms.katalon.core.webui.keyword.WebUiBuiltInKeywords$setText$1.call(Unknown Source)
	at Script1700848348801.run(Script1700848348801.groovy:20)
	... 13 more
)
	at com.kms.katalon.core.keyword.internal.KeywordMain.stepFailed(KeywordMain.groovy:39)
	at com.kms.katalon.core.webui.keyword.internal.WebUIKeywordMain.stepFailed(WebUIKeywordMain.groovy:64)
	at com.kms.katalon.core.webui.keyword.internal.WebUIKeywordMain.runKeyword(WebUIKeywordMain.groovy:26)
	at com.kms.katalon.core.webui.keyword.builtin.SetTextKeyword.setText(SetTextKeyword.groovy:66)
	at com.kms.katalon.core.webui.keyword.builtin.SetTextKeyword.execute(SetTextKeyword.groovy:37)
	at com.kms.katalon.core.keyword.internal.KeywordExecutor.executeKeywordForPlatform(KeywordExecutor.groovy:74)
	at com.kms.katalon.core.webui.keyword.WebUiBuiltInKeywords.setText(WebUiBuiltInKeywords.groovy:966)
	at com.kms.katalon.core.webui.keyword.WebUiBuiltInKeywords$setText$1.call(Unknown Source)
	at CDT02 - login simple.run(CDT02 - login simple:20)
	at com.kms.katalon.core.main.ScriptEngine.run(ScriptEngine.java:194)
	at com.kms.katalon.core.main.ScriptEngine.runScriptAsRawText(ScriptEngine.java:119)
	at com.kms.katalon.core.main.TestCaseExecutor.runScript(TestCaseExecutor.java:448)
	at com.kms.katalon.core.main.TestCaseExecutor.doExecute(TestCaseExecutor.java:439)
	at com.kms.katalon.core.main.TestCaseExecutor.processExecutionPhase(TestCaseExecutor.java:418)
	at com.kms.katalon.core.main.TestCaseExecutor.accessMainPhase(TestCaseExecutor.java:410)
	at com.kms.katalon.core.main.TestCaseExecutor.execute(TestCaseExecutor.java:285)
	at com.kms.katalon.core.common.CommonExecutor.accessTestCaseMainPhase(CommonExecutor.java:65)
	at com.kms.katalon.core.main.TestSuiteExecutor.accessTestSuiteMainPhase(TestSuiteExecutor.java:148)
	at com.kms.katalon.core.main.TestSuiteExecutor.execute(TestSuiteExecutor.java:106)
	at com.kms.katalon.core.main.TestCaseMain.startTestSuite(TestCaseMain.java:187)
	at com.kms.katalon.core.main.TestCaseMain$startTestSuite$0.call(Unknown Source)
	at TempTestSuite1701269945786.run(TempTestSuite1701269945786.groovy:36)
Caused by: com.kms.katalon.core.exception.StepFailedException: Unable to set text 'marco' of object 'Object Repository/CDT01 - CDT02/Page_Login/input_Entrar_login'
	... 21 more
Caused by: org.openqa.selenium.NoSuchSessionException: Session ID is null. Using WebDriver after calling quit()?
Build info: version: '3.141.59', revision: 'e82be7d358', time: '2018-11-14T08:25:53'
System info: host: 'LAPTOP-EU75EJ55', ip: '192.168.56.1', os.name: 'Windows 10', os.arch: 'amd64', os.version: '10.0', java.version: '1.8.0_362'
Driver info: driver.version: RemoteWebDriver
	at org.openqa.selenium.remote.HttpCommandExecutor.execute(HttpCommandExecutor.java:125)
	at org.openqa.selenium.remote.service.DriverCommandExecutor.execute(DriverCommandExecutor.java:83)
	at org.openqa.selenium.remote.RemoteWebDriver.execute(RemoteWebDriver.java:552)
	at com.kms.katalon.selenium.driver.CChromeDriver.execute(CChromeDriver.java:19)
	at org.openqa.selenium.remote.RemoteWebDriver.findElements(RemoteWebDriver.java:353)
	at org.openqa.selenium.remote.RemoteWebDriver.findElementsByXPath(RemoteWebDriver.java:432)
	at org.openqa.selenium.By$ByXPath.findElements(By.java:348)
	at org.openqa.selenium.remote.RemoteWebDriver.findElements(RemoteWebDriver.java:311)
	at com.kms.katalon.core.webui.common.WebUiCommonHelper.findElementByNormalMethods(WebUiCommonHelper.java:1027)
	at com.kms.katalon.core.webui.common.WebUiCommonHelper.findElementsBySelectedMethod(WebUiCommonHelper.java:913)
	at com.kms.katalon.core.webui.common.WebUiCommonHelper.findElementsBySelectedMethod(WebUiCommonHelper.java:901)
	at com.kms.katalon.core.webui.common.WebUiCommonHelper.findElementsBySelectedMethod(WebUiCommonHelper.java:896)
	at com.kms.katalon.core.webui.common.WebUiCommonHelper.findElementsByDefault(WebUiCommonHelper.java:892)
	at com.kms.katalon.core.webui.common.WebUiCommonHelper.findWebElements(WebUiCommonHelper.java:720)
	at com.kms.katalon.core.webui.common.WebUiCommonHelper.findWebElement(WebUiCommonHelper.java:1376)
	at com.kms.katalon.core.webui.keyword.internal.WebUIAbstractKeyword.findWebElement(WebUIAbstractKeyword.groovy:27)
	at com.kms.katalon.core.webui.keyword.internal.WebUIAbstractKeyword.findWebElement(WebUIAbstractKeyword.groovy:26)
	at com.kms.katalon.core.webui.keyword.builtin.SetTextKeyword$_setText_closure1.doCall(SetTextKeyword.groovy:51)
	at com.kms.katalon.core.webui.keyword.builtin.SetTextKeyword$_setText_closure1.call(SetTextKeyword.groovy)
	at com.kms.katalon.core.webui.keyword.internal.WebUIKeywordMain.runKeyword(WebUIKeywordMain.groovy:20)
	... 19 more


2023-11-29 11:59:39 - [TEST_STEP][FAILED] - setText(findTestObject("Object Repository/CDT01 - CDT02/Page_Login/input_Entrar_login"), usuario, CONTINUE_ON_FAILURE): Unable to set text 'marco' of object 'Object Repository/CDT01 - CDT02/Page_Login/input_Entrar_login' (Root cause: com.kms.katalon.core.exception.StepFailedException: Unable to set text 'marco' of object 'Object Repository/CDT01 - CDT02/Page_Login/input_Entrar_login'
	at com.kms.katalon.core.webui.keyword.internal.WebUIKeywordMain.stepFailed(WebUIKeywordMain.groovy:64)
	at com.kms.katalon.core.webui.keyword.internal.WebUIKeywordMain.runKeyword(WebUIKeywordMain.groovy:26)
	at com.kms.katalon.core.webui.keyword.builtin.SetTextKeyword.setText(SetTextKeyword.groovy:66)
	at com.kms.katalon.core.webui.keyword.builtin.SetTextKeyword.execute(SetTextKeyword.groovy:37)
	at com.kms.katalon.core.keyword.internal.KeywordExecutor.executeKeywordForPlatform(KeywordExecutor.groovy:74)
	at com.kms.katalon.core.webui.keyword.WebUiBuiltInKeywords.setText(WebUiBuiltInKeywords.groovy:966)
	at com.kms.katalon.core.webui.keyword.WebUiBuiltInKeywords$setText$1.call(Unknown Source)
	at CDT02 - login simple.run(CDT02 - login simple:20)
	at com.kms.katalon.core.main.ScriptEngine.run(ScriptEngine.java:194)
	at com.kms.katalon.core.main.ScriptEngine.runScriptAsRawText(ScriptEngine.java:119)
	at com.kms.katalon.core.main.TestCaseExecutor.runScript(TestCaseExecutor.java:448)
	at com.kms.katalon.core.main.TestCaseExecutor.doExecute(TestCaseExecutor.java:439)
	at com.kms.katalon.core.main.TestCaseExecutor.processExecutionPhase(TestCaseExecutor.java:418)
	at com.kms.katalon.core.main.TestCaseExecutor.accessMainPhase(TestCaseExecutor.java:410)
	at com.kms.katalon.core.main.TestCaseExecutor.execute(TestCaseExecutor.java:285)
	at com.kms.katalon.core.common.CommonExecutor.accessTestCaseMainPhase(CommonExecutor.java:65)
	at com.kms.katalon.core.main.TestSuiteExecutor.accessTestSuiteMainPhase(TestSuiteExecutor.java:148)
	at com.kms.katalon.core.main.TestSuiteExecutor.execute(TestSuiteExecutor.java:106)
	at com.kms.katalon.core.main.TestCaseMain.startTestSuite(TestCaseMain.java:187)
	at com.kms.katalon.core.main.TestCaseMain$startTestSuite$0.call(Unknown Source)
	at TempTestSuite1701269945786.run(TempTestSuite1701269945786.groovy:36)
Caused by: org.openqa.selenium.NoSuchSessionException: Session ID is null. Using WebDriver after calling quit()?
Build info: version: '3.141.59', revision: 'e82be7d358', time: '2018-11-14T08:25:53'
System info: host: 'LAPTOP-EU75EJ55', ip: '192.168.56.1', os.name: 'Windows 10', os.arch: 'amd64', os.version: '10.0', java.version: '1.8.0_362'
Driver info: driver.version: RemoteWebDriver
	at org.openqa.selenium.remote.HttpCommandExecutor.execute(HttpCommandExecutor.java:125)
	at org.openqa.selenium.remote.service.DriverCommandExecutor.execute(DriverCommandExecutor.java:83)
	at org.openqa.selenium.remote.RemoteWebDriver.execute(RemoteWebDriver.java:552)
	at com.kms.katalon.selenium.driver.CChromeDriver.execute(CChromeDriver.java:19)
	at org.openqa.selenium.remote.RemoteWebDriver.findElements(RemoteWebDriver.java:353)
	at org.openqa.selenium.remote.RemoteWebDriver.findElementsByXPath(RemoteWebDriver.java:432)
	at org.openqa.selenium.By$ByXPath.findElements(By.java:348)
	at org.openqa.selenium.remote.RemoteWebDriver.findElements(RemoteWebDriver.java:311)
	at com.kms.katalon.core.webui.common.WebUiCommonHelper.findElementByNormalMethods(WebUiCommonHelper.java:1027)
	at com.kms.katalon.core.webui.common.WebUiCommonHelper.findElementsBySelectedMethod(WebUiCommonHelper.java:913)
	at com.kms.katalon.core.webui.common.WebUiCommonHelper.findElementsBySelectedMethod(WebUiCommonHelper.java:901)
	at com.kms.katalon.core.webui.common.WebUiCommonHelper.findElementsBySelectedMethod(WebUiCommonHelper.java:896)
	at com.kms.katalon.core.webui.common.WebUiCommonHelper.findElementsByDefault(WebUiCommonHelper.java:892)
	at com.kms.katalon.core.webui.common.WebUiCommonHelper.findWebElements(WebUiCommonHelper.java:720)
	at com.kms.katalon.core.webui.common.WebUiCommonHelper.findWebElement(WebUiCommonHelper.java:1376)
	at com.kms.katalon.core.webui.keyword.internal.WebUIAbstractKeyword.findWebElement(WebUIAbstractKeyword.groovy:27)
	at com.kms.katalon.core.webui.keyword.internal.WebUIAbstractKeyword.findWebElement(WebUIAbstractKeyword.groovy:26)
	at com.kms.katalon.core.webui.keyword.builtin.SetTextKeyword$_setText_closure1.doCall(SetTextKeyword.groovy:51)
	at com.kms.katalon.core.webui.keyword.builtin.SetTextKeyword$_setText_closure1.call(SetTextKeyword.groovy)
	at com.kms.katalon.core.webui.keyword.internal.WebUIKeywordMain.runKeyword(WebUIKeywordMain.groovy:20)
	at com.kms.katalon.core.webui.keyword.builtin.SetTextKeyword.setText(SetTextKeyword.groovy:66)
	at com.kms.katalon.core.webui.keyword.builtin.SetTextKeyword.execute(SetTextKeyword.groovy:37)
	at com.kms.katalon.core.keyword.internal.KeywordExecutor.executeKeywordForPlatform(KeywordExecutor.groovy:74)
	at com.kms.katalon.core.webui.keyword.WebUiBuiltInKeywords.setText(WebUiBuiltInKeywords.groovy:966)
	at com.kms.katalon.core.webui.keyword.WebUiBuiltInKeywords$setText$1.call(Unknown Source)
	at Script1700848348801.run(Script1700848348801.groovy:20)
	... 13 more
)

2023-11-29 11:59:39 - [MESSAGE][WARNING] - Cannot take screenshot

2023-11-29 11:59:39 - [MESSAGE][FAILED] - Unable to set text 'marco' of object 'Object Repository/CDT01 - CDT02/Page_Login/input_Entrar_login' (Root cause: com.kms.katalon.core.exception.StepFailedException: Unable to set text 'marco' of object 'Object Repository/CDT01 - CDT02/Page_Login/input_Entrar_login'
	at com.kms.katalon.core.webui.keyword.internal.WebUIKeywordMain.stepFailed(WebUIKeywordMain.groovy:64)
	at com.kms.katalon.core.webui.keyword.internal.WebUIKeywordMain.runKeyword(WebUIKeywordMain.groovy:26)
	at com.kms.katalon.core.webui.keyword.builtin.SetTextKeyword.setText(SetTextKeyword.groovy:66)
	at com.kms.katalon.core.webui.keyword.builtin.SetTextKeyword.execute(SetTextKeyword.groovy:37)
	at com.kms.katalon.core.keyword.internal.KeywordExecutor.executeKeywordForPlatform(KeywordExecutor.groovy:74)
	at com.kms.katalon.core.webui.keyword.WebUiBuiltInKeywords.setText(WebUiBuiltInKeywords.groovy:966)
	at com.kms.katalon.core.webui.keyword.WebUiBuiltInKeywords$setText$1.call(Unknown Source)
	at CDT02 - login simple.run(CDT02 - login simple:20)
	at com.kms.katalon.core.main.ScriptEngine.run(ScriptEngine.java:194)
	at com.kms.katalon.core.main.ScriptEngine.runScriptAsRawText(ScriptEngine.java:119)
	at com.kms.katalon.core.main.TestCaseExecutor.runScript(TestCaseExecutor.java:448)
	at com.kms.katalon.core.main.TestCaseExecutor.doExecute(TestCaseExecutor.java:439)
	at com.kms.katalon.core.main.TestCaseExecutor.processExecutionPhase(TestCaseExecutor.java:418)
	at com.kms.katalon.core.main.TestCaseExecutor.accessMainPhase(TestCaseExecutor.java:410)
	at com.kms.katalon.core.main.TestCaseExecutor.execute(TestCaseExecutor.java:285)
	at com.kms.katalon.core.common.CommonExecutor.accessTestCaseMainPhase(CommonExecutor.java:65)
	at com.kms.katalon.core.main.TestSuiteExecutor.accessTestSuiteMainPhase(TestSuiteExecutor.java:148)
	at com.kms.katalon.core.main.TestSuiteExecutor.execute(TestSuiteExecutor.java:106)
	at com.kms.katalon.core.main.TestCaseMain.startTestSuite(TestCaseMain.java:187)
	at com.kms.katalon.core.main.TestCaseMain$startTestSuite$0.call(Unknown Source)
	at TempTestSuite1701269945786.run(TempTestSuite1701269945786.groovy:36)
Caused by: org.openqa.selenium.NoSuchSessionException: Session ID is null. Using WebDriver after calling quit()?
Build info: version: '3.141.59', revision: 'e82be7d358', time: '2018-11-14T08:25:53'
System info: host: 'LAPTOP-EU75EJ55', ip: '192.168.56.1', os.name: 'Windows 10', os.arch: 'amd64', os.version: '10.0', java.version: '1.8.0_362'
Driver info: driver.version: RemoteWebDriver
	at org.openqa.selenium.remote.HttpCommandExecutor.execute(HttpCommandExecutor.java:125)
	at org.openqa.selenium.remote.service.DriverCommandExecutor.execute(DriverCommandExecutor.java:83)
	at org.openqa.selenium.remote.RemoteWebDriver.execute(RemoteWebDriver.java:552)
	at com.kms.katalon.selenium.driver.CChromeDriver.execute(CChromeDriver.java:19)
	at org.openqa.selenium.remote.RemoteWebDriver.findElements(RemoteWebDriver.java:353)
	at org.openqa.selenium.remote.RemoteWebDriver.findElementsByXPath(RemoteWebDriver.java:432)
	at org.openqa.selenium.By$ByXPath.findElements(By.java:348)
	at org.openqa.selenium.remote.RemoteWebDriver.findElements(RemoteWebDriver.java:311)
	at com.kms.katalon.core.webui.common.WebUiCommonHelper.findElementByNormalMethods(WebUiCommonHelper.java:1027)
	at com.kms.katalon.core.webui.common.WebUiCommonHelper.findElementsBySelectedMethod(WebUiCommonHelper.java:913)
	at com.kms.katalon.core.webui.common.WebUiCommonHelper.findElementsBySelectedMethod(WebUiCommonHelper.java:901)
	at com.kms.katalon.core.webui.common.WebUiCommonHelper.findElementsBySelectedMethod(WebUiCommonHelper.java:896)
	at com.kms.katalon.core.webui.common.WebUiCommonHelper.findElementsByDefault(WebUiCommonHelper.java:892)
	at com.kms.katalon.core.webui.common.WebUiCommonHelper.findWebElements(WebUiCommonHelper.java:720)
	at com.kms.katalon.core.webui.common.WebUiCommonHelper.findWebElement(WebUiCommonHelper.java:1376)
	at com.kms.katalon.core.webui.keyword.internal.WebUIAbstractKeyword.findWebElement(WebUIAbstractKeyword.groovy:27)
	at com.kms.katalon.core.webui.keyword.internal.WebUIAbstractKeyword.findWebElement(WebUIAbstractKeyword.groovy:26)
	at com.kms.katalon.core.webui.keyword.builtin.SetTextKeyword$_setText_closure1.doCall(SetTextKeyword.groovy:51)
	at com.kms.katalon.core.webui.keyword.builtin.SetTextKeyword$_setText_closure1.call(SetTextKeyword.groovy)
	at com.kms.katalon.core.webui.keyword.internal.WebUIKeywordMain.runKeyword(WebUIKeywordMain.groovy:20)
	at com.kms.katalon.core.webui.keyword.builtin.SetTextKeyword.setText(SetTextKeyword.groovy:66)
	at com.kms.katalon.core.webui.keyword.builtin.SetTextKeyword.execute(SetTextKeyword.groovy:37)
	at com.kms.katalon.core.keyword.internal.KeywordExecutor.executeKeywordForPlatform(KeywordExecutor.groovy:74)
	at com.kms.katalon.core.webui.keyword.WebUiBuiltInKeywords.setText(WebUiBuiltInKeywords.groovy:966)
	at com.kms.katalon.core.webui.keyword.WebUiBuiltInKeywords$setText$1.call(Unknown Source)
	at Script1700848348801.run(Script1700848348801.groovy:20)
	... 13 more
)

2023-11-29 11:59:39 - [TEST_STEP][FAILED] - setText(findTestObject("Object Repository/CDT01 - CDT02/Page_Login/input_Entrar_senha"), senha, CONTINUE_ON_FAILURE): Unable to set text 'marco' of object 'Object Repository/CDT01 - CDT02/Page_Login/input_Entrar_senha' (Root cause: com.kms.katalon.core.exception.StepFailedException: Unable to set text 'marco' of object 'Object Repository/CDT01 - CDT02/Page_Login/input_Entrar_senha'
	at com.kms.katalon.core.webui.keyword.internal.WebUIKeywordMain.stepFailed(WebUIKeywordMain.groovy:64)
	at com.kms.katalon.core.webui.keyword.internal.WebUIKeywordMain.runKeyword(WebUIKeywordMain.groovy:26)
	at com.kms.katalon.core.webui.keyword.builtin.SetTextKeyword.setText(SetTextKeyword.groovy:66)
	at com.kms.katalon.core.webui.keyword.builtin.SetTextKeyword.execute(SetTextKeyword.groovy:37)
	at com.kms.katalon.core.keyword.internal.KeywordExecutor.executeKeywordForPlatform(KeywordExecutor.groovy:74)
	at com.kms.katalon.core.webui.keyword.WebUiBuiltInKeywords.setText(WebUiBuiltInKeywords.groovy:966)
	at com.kms.katalon.core.webui.keyword.WebUiBuiltInKeywords$setText$1.call(Unknown Source)
	at CDT02 - login simple.run(CDT02 - login simple:22)
	at com.kms.katalon.core.main.ScriptEngine.run(ScriptEngine.java:194)
	at com.kms.katalon.core.main.ScriptEngine.runScriptAsRawText(ScriptEngine.java:119)
	at com.kms.katalon.core.main.TestCaseExecutor.runScript(TestCaseExecutor.java:448)
	at com.kms.katalon.core.main.TestCaseExecutor.doExecute(TestCaseExecutor.java:439)
	at com.kms.katalon.core.main.TestCaseExecutor.processExecutionPhase(TestCaseExecutor.java:418)
	at com.kms.katalon.core.main.TestCaseExecutor.accessMainPhase(TestCaseExecutor.java:410)
	at com.kms.katalon.core.main.TestCaseExecutor.execute(TestCaseExecutor.java:285)
	at com.kms.katalon.core.common.CommonExecutor.accessTestCaseMainPhase(CommonExecutor.java:65)
	at com.kms.katalon.core.main.TestSuiteExecutor.accessTestSuiteMainPhase(TestSuiteExecutor.java:148)
	at com.kms.katalon.core.main.TestSuiteExecutor.execute(TestSuiteExecutor.java:106)
	at com.kms.katalon.core.main.TestCaseMain.startTestSuite(TestCaseMain.java:187)
	at com.kms.katalon.core.main.TestCaseMain$startTestSuite$0.call(Unknown Source)
	at TempTestSuite1701269945786.run(TempTestSuite1701269945786.groovy:36)
Caused by: org.openqa.selenium.NoSuchSessionException: Session ID is null. Using WebDriver after calling quit()?
Build info: version: '3.141.59', revision: 'e82be7d358', time: '2018-11-14T08:25:53'
System info: host: 'LAPTOP-EU75EJ55', ip: '192.168.56.1', os.name: 'Windows 10', os.arch: 'amd64', os.version: '10.0', java.version: '1.8.0_362'
Driver info: driver.version: RemoteWebDriver
	at org.openqa.selenium.remote.HttpCommandExecutor.execute(HttpCommandExecutor.java:125)
	at org.openqa.selenium.remote.service.DriverCommandExecutor.execute(DriverCommandExecutor.java:83)
	at org.openqa.selenium.remote.RemoteWebDriver.execute(RemoteWebDriver.java:552)
	at com.kms.katalon.selenium.driver.CChromeDriver.execute(CChromeDriver.java:19)
	at org.openqa.selenium.remote.RemoteWebDriver.findElements(RemoteWebDriver.java:353)
	at org.openqa.selenium.remote.RemoteWebDriver.findElementsByXPath(RemoteWebDriver.java:432)
	at org.openqa.selenium.By$ByXPath.findElements(By.java:348)
	at org.openqa.selenium.remote.RemoteWebDriver.findElements(RemoteWebDriver.java:311)
	at com.kms.katalon.core.webui.common.WebUiCommonHelper.findElementByNormalMethods(WebUiCommonHelper.java:1027)
	at com.kms.katalon.core.webui.common.WebUiCommonHelper.findElementsBySelectedMethod(WebUiCommonHelper.java:913)
	at com.kms.katalon.core.webui.common.WebUiCommonHelper.findElementsBySelectedMethod(WebUiCommonHelper.java:901)
	at com.kms.katalon.core.webui.common.WebUiCommonHelper.findElementsBySelectedMethod(WebUiCommonHelper.java:896)
	at com.kms.katalon.core.webui.common.WebUiCommonHelper.findElementsByDefault(WebUiCommonHelper.java:892)
	at com.kms.katalon.core.webui.common.WebUiCommonHelper.findWebElements(WebUiCommonHelper.java:720)
	at com.kms.katalon.core.webui.common.WebUiCommonHelper.findWebElement(WebUiCommonHelper.java:1376)
	at com.kms.katalon.core.webui.keyword.internal.WebUIAbstractKeyword.findWebElement(WebUIAbstractKeyword.groovy:27)
	at com.kms.katalon.core.webui.keyword.internal.WebUIAbstractKeyword.findWebElement(WebUIAbstractKeyword.groovy:26)
	at com.kms.katalon.core.webui.keyword.builtin.SetTextKeyword$_setText_closure1.doCall(SetTextKeyword.groovy:51)
	at com.kms.katalon.core.webui.keyword.builtin.SetTextKeyword$_setText_closure1.call(SetTextKeyword.groovy)
	at com.kms.katalon.core.webui.keyword.internal.WebUIKeywordMain.runKeyword(WebUIKeywordMain.groovy:20)
	at com.kms.katalon.core.webui.keyword.builtin.SetTextKeyword.setText(SetTextKeyword.groovy:66)
	at com.kms.katalon.core.webui.keyword.builtin.SetTextKeyword.execute(SetTextKeyword.groovy:37)
	at com.kms.katalon.core.keyword.internal.KeywordExecutor.executeKeywordForPlatform(KeywordExecutor.groovy:74)
	at com.kms.katalon.core.webui.keyword.WebUiBuiltInKeywords.setText(WebUiBuiltInKeywords.groovy:966)
	at com.kms.katalon.core.webui.keyword.WebUiBuiltInKeywords$setText$1.call(Unknown Source)
	at Script1700848348801.run(Script1700848348801.groovy:22)
	... 13 more
)

2023-11-29 11:59:39 - [MESSAGE][WARNING] - Cannot take screenshot

2023-11-29 11:59:39 - [MESSAGE][FAILED] - Unable to set text 'marco' of object 'Object Repository/CDT01 - CDT02/Page_Login/input_Entrar_senha' (Root cause: com.kms.katalon.core.exception.StepFailedException: Unable to set text 'marco' of object 'Object Repository/CDT01 - CDT02/Page_Login/input_Entrar_senha'
	at com.kms.katalon.core.webui.keyword.internal.WebUIKeywordMain.stepFailed(WebUIKeywordMain.groovy:64)
	at com.kms.katalon.core.webui.keyword.internal.WebUIKeywordMain.runKeyword(WebUIKeywordMain.groovy:26)
	at com.kms.katalon.core.webui.keyword.builtin.SetTextKeyword.setText(SetTextKeyword.groovy:66)
	at com.kms.katalon.core.webui.keyword.builtin.SetTextKeyword.execute(SetTextKeyword.groovy:37)
	at com.kms.katalon.core.keyword.internal.KeywordExecutor.executeKeywordForPlatform(KeywordExecutor.groovy:74)
	at com.kms.katalon.core.webui.keyword.WebUiBuiltInKeywords.setText(WebUiBuiltInKeywords.groovy:966)
	at com.kms.katalon.core.webui.keyword.WebUiBuiltInKeywords$setText$1.call(Unknown Source)
	at CDT02 - login simple.run(CDT02 - login simple:22)
	at com.kms.katalon.core.main.ScriptEngine.run(ScriptEngine.java:194)
	at com.kms.katalon.core.main.ScriptEngine.runScriptAsRawText(ScriptEngine.java:119)
	at com.kms.katalon.core.main.TestCaseExecutor.runScript(TestCaseExecutor.java:448)
	at com.kms.katalon.core.main.TestCaseExecutor.doExecute(TestCaseExecutor.java:439)
	at com.kms.katalon.core.main.TestCaseExecutor.processExecutionPhase(TestCaseExecutor.java:418)
	at com.kms.katalon.core.main.TestCaseExecutor.accessMainPhase(TestCaseExecutor.java:410)
	at com.kms.katalon.core.main.TestCaseExecutor.execute(TestCaseExecutor.java:285)
	at com.kms.katalon.core.common.CommonExecutor.accessTestCaseMainPhase(CommonExecutor.java:65)
	at com.kms.katalon.core.main.TestSuiteExecutor.accessTestSuiteMainPhase(TestSuiteExecutor.java:148)
	at com.kms.katalon.core.main.TestSuiteExecutor.execute(TestSuiteExecutor.java:106)
	at com.kms.katalon.core.main.TestCaseMain.startTestSuite(TestCaseMain.java:187)
	at com.kms.katalon.core.main.TestCaseMain$startTestSuite$0.call(Unknown Source)
	at TempTestSuite1701269945786.run(TempTestSuite1701269945786.groovy:36)
Caused by: org.openqa.selenium.NoSuchSessionException: Session ID is null. Using WebDriver after calling quit()?
Build info: version: '3.141.59', revision: 'e82be7d358', time: '2018-11-14T08:25:53'
System info: host: 'LAPTOP-EU75EJ55', ip: '192.168.56.1', os.name: 'Windows 10', os.arch: 'amd64', os.version: '10.0', java.version: '1.8.0_362'
Driver info: driver.version: RemoteWebDriver
	at org.openqa.selenium.remote.HttpCommandExecutor.execute(HttpCommandExecutor.java:125)
	at org.openqa.selenium.remote.service.DriverCommandExecutor.execute(DriverCommandExecutor.java:83)
	at org.openqa.selenium.remote.RemoteWebDriver.execute(RemoteWebDriver.java:552)
	at com.kms.katalon.selenium.driver.CChromeDriver.execute(CChromeDriver.java:19)
	at org.openqa.selenium.remote.RemoteWebDriver.findElements(RemoteWebDriver.java:353)
	at org.openqa.selenium.remote.RemoteWebDriver.findElementsByXPath(RemoteWebDriver.java:432)
	at org.openqa.selenium.By$ByXPath.findElements(By.java:348)
	at org.openqa.selenium.remote.RemoteWebDriver.findElements(RemoteWebDriver.java:311)
	at com.kms.katalon.core.webui.common.WebUiCommonHelper.findElementByNormalMethods(WebUiCommonHelper.java:1027)
	at com.kms.katalon.core.webui.common.WebUiCommonHelper.findElementsBySelectedMethod(WebUiCommonHelper.java:913)
	at com.kms.katalon.core.webui.common.WebUiCommonHelper.findElementsBySelectedMethod(WebUiCommonHelper.java:901)
	at com.kms.katalon.core.webui.common.WebUiCommonHelper.findElementsBySelectedMethod(WebUiCommonHelper.java:896)
	at com.kms.katalon.core.webui.common.WebUiCommonHelper.findElementsByDefault(WebUiCommonHelper.java:892)
	at com.kms.katalon.core.webui.common.WebUiCommonHelper.findWebElements(WebUiCommonHelper.java:720)
	at com.kms.katalon.core.webui.common.WebUiCommonHelper.findWebElement(WebUiCommonHelper.java:1376)
	at com.kms.katalon.core.webui.keyword.internal.WebUIAbstractKeyword.findWebElement(WebUIAbstractKeyword.groovy:27)
	at com.kms.katalon.core.webui.keyword.internal.WebUIAbstractKeyword.findWebElement(WebUIAbstractKeyword.groovy:26)
	at com.kms.katalon.core.webui.keyword.builtin.SetTextKeyword$_setText_closure1.doCall(SetTextKeyword.groovy:51)
	at com.kms.katalon.core.webui.keyword.builtin.SetTextKeyword$_setText_closure1.call(SetTextKeyword.groovy)
	at com.kms.katalon.core.webui.keyword.internal.WebUIKeywordMain.runKeyword(WebUIKeywordMain.groovy:20)
	at com.kms.katalon.core.webui.keyword.builtin.SetTextKeyword.setText(SetTextKeyword.groovy:66)
	at com.kms.katalon.core.webui.keyword.builtin.SetTextKeyword.execute(SetTextKeyword.groovy:37)
	at com.kms.katalon.core.keyword.internal.KeywordExecutor.executeKeywordForPlatform(KeywordExecutor.groovy:74)
	at com.kms.katalon.core.webui.keyword.WebUiBuiltInKeywords.setText(WebUiBuiltInKeywords.groovy:966)
	at com.kms.katalon.core.webui.keyword.WebUiBuiltInKeywords$setText$1.call(Unknown Source)
	at Script1700848348801.run(Script1700848348801.groovy:22)
	... 13 more
)

2023-11-29 11:59:39 - [TEST_STEP][FAILED] - click(findTestObject("Object Repository/CDT01 - CDT02/Page_Login/button_Login"), CONTINUE_ON_FAILURE): Unable to click on object 'Object Repository/CDT01 - CDT02/Page_Login/button_Login' (Root cause: com.kms.katalon.core.exception.StepFailedException: Unable to click on object 'Object Repository/CDT01 - CDT02/Page_Login/button_Login'
	at com.kms.katalon.core.webui.keyword.internal.WebUIKeywordMain.stepFailed(WebUIKeywordMain.groovy:64)
	at com.kms.katalon.core.webui.keyword.internal.WebUIKeywordMain.runKeyword(WebUIKeywordMain.groovy:26)
	at com.kms.katalon.core.webui.keyword.builtin.ClickKeyword.click(ClickKeyword.groovy:74)
	at com.kms.katalon.core.webui.keyword.builtin.ClickKeyword.execute(ClickKeyword.groovy:40)
	at com.kms.katalon.core.keyword.internal.KeywordExecutor.executeKeywordForPlatform(KeywordExecutor.groovy:74)
	at com.kms.katalon.core.webui.keyword.WebUiBuiltInKeywords.click(WebUiBuiltInKeywords.groovy:608)
	at com.kms.katalon.core.webui.keyword.WebUiBuiltInKeywords$click$0.call(Unknown Source)
	at CDT02 - login simple.run(CDT02 - login simple:24)
	at com.kms.katalon.core.main.ScriptEngine.run(ScriptEngine.java:194)
	at com.kms.katalon.core.main.ScriptEngine.runScriptAsRawText(ScriptEngine.java:119)
	at com.kms.katalon.core.main.TestCaseExecutor.runScript(TestCaseExecutor.java:448)
	at com.kms.katalon.core.main.TestCaseExecutor.doExecute(TestCaseExecutor.java:439)
	at com.kms.katalon.core.main.TestCaseExecutor.processExecutionPhase(TestCaseExecutor.java:418)
	at com.kms.katalon.core.main.TestCaseExecutor.accessMainPhase(TestCaseExecutor.java:410)
	at com.kms.katalon.core.main.TestCaseExecutor.execute(TestCaseExecutor.java:285)
	at com.kms.katalon.core.common.CommonExecutor.accessTestCaseMainPhase(CommonExecutor.java:65)
	at com.kms.katalon.core.main.TestSuiteExecutor.accessTestSuiteMainPhase(TestSuiteExecutor.java:148)
	at com.kms.katalon.core.main.TestSuiteExecutor.execute(TestSuiteExecutor.java:106)
	at com.kms.katalon.core.main.TestCaseMain.startTestSuite(TestCaseMain.java:187)
	at com.kms.katalon.core.main.TestCaseMain$startTestSuite$0.call(Unknown Source)
	at TempTestSuite1701269945786.run(TempTestSuite1701269945786.groovy:36)
Caused by: org.openqa.selenium.NoSuchSessionException: Session ID is null. Using WebDriver after calling quit()?
Build info: version: '3.141.59', revision: 'e82be7d358', time: '2018-11-14T08:25:53'
System info: host: 'LAPTOP-EU75EJ55', ip: '192.168.56.1', os.name: 'Windows 10', os.arch: 'amd64', os.version: '10.0', java.version: '1.8.0_362'
Driver info: driver.version: RemoteWebDriver
	at org.openqa.selenium.remote.HttpCommandExecutor.execute(HttpCommandExecutor.java:125)
	at org.openqa.selenium.remote.service.DriverCommandExecutor.execute(DriverCommandExecutor.java:83)
	at org.openqa.selenium.remote.RemoteWebDriver.execute(RemoteWebDriver.java:552)
	at com.kms.katalon.selenium.driver.CChromeDriver.execute(CChromeDriver.java:19)
	at org.openqa.selenium.remote.RemoteWebDriver.findElements(RemoteWebDriver.java:353)
	at org.openqa.selenium.remote.RemoteWebDriver.findElementsByXPath(RemoteWebDriver.java:432)
	at org.openqa.selenium.By$ByXPath.findElements(By.java:348)
	at org.openqa.selenium.remote.RemoteWebDriver.findElements(RemoteWebDriver.java:311)
	at com.kms.katalon.core.webui.common.WebUiCommonHelper.findElementByNormalMethods(WebUiCommonHelper.java:1027)
	at com.kms.katalon.core.webui.common.WebUiCommonHelper.findElementsBySelectedMethod(WebUiCommonHelper.java:913)
	at com.kms.katalon.core.webui.common.WebUiCommonHelper.findElementsBySelectedMethod(WebUiCommonHelper.java:901)
	at com.kms.katalon.core.webui.common.WebUiCommonHelper.findElementsBySelectedMethod(WebUiCommonHelper.java:896)
	at com.kms.katalon.core.webui.common.WebUiCommonHelper.findElementsByDefault(WebUiCommonHelper.java:892)
	at com.kms.katalon.core.webui.common.WebUiCommonHelper.findWebElements(WebUiCommonHelper.java:720)
	at com.kms.katalon.core.webui.common.WebUiCommonHelper.findWebElement(WebUiCommonHelper.java:1376)
	at com.kms.katalon.core.webui.keyword.internal.WebUIAbstractKeyword.findWebElement(WebUIAbstractKeyword.groovy:27)
	at com.kms.katalon.core.webui.keyword.builtin.ClickKeyword$_click_closure1.doCall(ClickKeyword.groovy:65)
	at com.kms.katalon.core.webui.keyword.builtin.ClickKeyword$_click_closure1.call(ClickKeyword.groovy)
	at com.kms.katalon.core.webui.keyword.internal.WebUIKeywordMain.runKeyword(WebUIKeywordMain.groovy:20)
	at com.kms.katalon.core.webui.keyword.builtin.ClickKeyword.click(ClickKeyword.groovy:74)
	at com.kms.katalon.core.webui.keyword.builtin.ClickKeyword.execute(ClickKeyword.groovy:40)
	at com.kms.katalon.core.keyword.internal.KeywordExecutor.executeKeywordForPlatform(KeywordExecutor.groovy:74)
	at com.kms.katalon.core.webui.keyword.WebUiBuiltInKeywords.click(WebUiBuiltInKeywords.groovy:608)
	at com.kms.katalon.core.webui.keyword.WebUiBuiltInKeywords$click$0.call(Unknown Source)
	at Script1700848348801.run(Script1700848348801.groovy:24)
	... 13 more
)

2023-11-29 11:59:39 - [MESSAGE][WARNING] - Cannot take screenshot

2023-11-29 11:59:39 - [MESSAGE][FAILED] - Unable to click on object 'Object Repository/CDT01 - CDT02/Page_Login/button_Login' (Root cause: com.kms.katalon.core.exception.StepFailedException: Unable to click on object 'Object Repository/CDT01 - CDT02/Page_Login/button_Login'
	at com.kms.katalon.core.webui.keyword.internal.WebUIKeywordMain.stepFailed(WebUIKeywordMain.groovy:64)
	at com.kms.katalon.core.webui.keyword.internal.WebUIKeywordMain.runKeyword(WebUIKeywordMain.groovy:26)
	at com.kms.katalon.core.webui.keyword.builtin.ClickKeyword.click(ClickKeyword.groovy:74)
	at com.kms.katalon.core.webui.keyword.builtin.ClickKeyword.execute(ClickKeyword.groovy:40)
	at com.kms.katalon.core.keyword.internal.KeywordExecutor.executeKeywordForPlatform(KeywordExecutor.groovy:74)
	at com.kms.katalon.core.webui.keyword.WebUiBuiltInKeywords.click(WebUiBuiltInKeywords.groovy:608)
	at com.kms.katalon.core.webui.keyword.WebUiBuiltInKeywords$click$0.call(Unknown Source)
	at CDT02 - login simple.run(CDT02 - login simple:24)
	at com.kms.katalon.core.main.ScriptEngine.run(ScriptEngine.java:194)
	at com.kms.katalon.core.main.ScriptEngine.runScriptAsRawText(ScriptEngine.java:119)
	at com.kms.katalon.core.main.TestCaseExecutor.runScript(TestCaseExecutor.java:448)
	at com.kms.katalon.core.main.TestCaseExecutor.doExecute(TestCaseExecutor.java:439)
	at com.kms.katalon.core.main.TestCaseExecutor.processExecutionPhase(TestCaseExecutor.java:418)
	at com.kms.katalon.core.main.TestCaseExecutor.accessMainPhase(TestCaseExecutor.java:410)
	at com.kms.katalon.core.main.TestCaseExecutor.execute(TestCaseExecutor.java:285)
	at com.kms.katalon.core.common.CommonExecutor.accessTestCaseMainPhase(CommonExecutor.java:65)
	at com.kms.katalon.core.main.TestSuiteExecutor.accessTestSuiteMainPhase(TestSuiteExecutor.java:148)
	at com.kms.katalon.core.main.TestSuiteExecutor.execute(TestSuiteExecutor.java:106)
	at com.kms.katalon.core.main.TestCaseMain.startTestSuite(TestCaseMain.java:187)
	at com.kms.katalon.core.main.TestCaseMain$startTestSuite$0.call(Unknown Source)
	at TempTestSuite1701269945786.run(TempTestSuite1701269945786.groovy:36)
Caused by: org.openqa.selenium.NoSuchSessionException: Session ID is null. Using WebDriver after calling quit()?
Build info: version: '3.141.59', revision: 'e82be7d358', time: '2018-11-14T08:25:53'
System info: host: 'LAPTOP-EU75EJ55', ip: '192.168.56.1', os.name: 'Windows 10', os.arch: 'amd64', os.version: '10.0', java.version: '1.8.0_362'
Driver info: driver.version: RemoteWebDriver
	at org.openqa.selenium.remote.HttpCommandExecutor.execute(HttpCommandExecutor.java:125)
	at org.openqa.selenium.remote.service.DriverCommandExecutor.execute(DriverCommandExecutor.java:83)
	at org.openqa.selenium.remote.RemoteWebDriver.execute(RemoteWebDriver.java:552)
	at com.kms.katalon.selenium.driver.CChromeDriver.execute(CChromeDriver.java:19)
	at org.openqa.selenium.remote.RemoteWebDriver.findElements(RemoteWebDriver.java:353)
	at org.openqa.selenium.remote.RemoteWebDriver.findElementsByXPath(RemoteWebDriver.java:432)
	at org.openqa.selenium.By$ByXPath.findElements(By.java:348)
	at org.openqa.selenium.remote.RemoteWebDriver.findElements(RemoteWebDriver.java:311)
	at com.kms.katalon.core.webui.common.WebUiCommonHelper.findElementByNormalMethods(WebUiCommonHelper.java:1027)
	at com.kms.katalon.core.webui.common.WebUiCommonHelper.findElementsBySelectedMethod(WebUiCommonHelper.java:913)
	at com.kms.katalon.core.webui.common.WebUiCommonHelper.findElementsBySelectedMethod(WebUiCommonHelper.java:901)
	at com.kms.katalon.core.webui.common.WebUiCommonHelper.findElementsBySelectedMethod(WebUiCommonHelper.java:896)
	at com.kms.katalon.core.webui.common.WebUiCommonHelper.findElementsByDefault(WebUiCommonHelper.java:892)
	at com.kms.katalon.core.webui.common.WebUiCommonHelper.findWebElements(WebUiCommonHelper.java:720)
	at com.kms.katalon.core.webui.common.WebUiCommonHelper.findWebElement(WebUiCommonHelper.java:1376)
	at com.kms.katalon.core.webui.keyword.internal.WebUIAbstractKeyword.findWebElement(WebUIAbstractKeyword.groovy:27)
	at com.kms.katalon.core.webui.keyword.builtin.ClickKeyword$_click_closure1.doCall(ClickKeyword.groovy:65)
	at com.kms.katalon.core.webui.keyword.builtin.ClickKeyword$_click_closure1.call(ClickKeyword.groovy)
	at com.kms.katalon.core.webui.keyword.internal.WebUIKeywordMain.runKeyword(WebUIKeywordMain.groovy:20)
	at com.kms.katalon.core.webui.keyword.builtin.ClickKeyword.click(ClickKeyword.groovy:74)
	at com.kms.katalon.core.webui.keyword.builtin.ClickKeyword.execute(ClickKeyword.groovy:40)
	at com.kms.katalon.core.keyword.internal.KeywordExecutor.executeKeywordForPlatform(KeywordExecutor.groovy:74)
	at com.kms.katalon.core.webui.keyword.WebUiBuiltInKeywords.click(WebUiBuiltInKeywords.groovy:608)
	at com.kms.katalon.core.webui.keyword.WebUiBuiltInKeywords$click$0.call(Unknown Source)
	at Script1700848348801.run(Script1700848348801.groovy:24)
	... 13 more
)]]></system-out>
         <system-err><![CDATA[2023-11-29 11:59:39 - [TEST_CASE][FAILED] - Test Cases/CDT02 - login simple: Test Cases/CDT02 - login simple FAILED.
Reason:
com.kms.katalon.core.exception.StepFailedException: Unable to set text 'marco' of object 'Object Repository/CDT01 - CDT02/Page_Login/input_Entrar_login' (Root cause: com.kms.katalon.core.exception.StepFailedException: Unable to set text 'marco' of object 'Object Repository/CDT01 - CDT02/Page_Login/input_Entrar_login'
	at com.kms.katalon.core.webui.keyword.internal.WebUIKeywordMain.stepFailed(WebUIKeywordMain.groovy:64)
	at com.kms.katalon.core.webui.keyword.internal.WebUIKeywordMain.runKeyword(WebUIKeywordMain.groovy:26)
	at com.kms.katalon.core.webui.keyword.builtin.SetTextKeyword.setText(SetTextKeyword.groovy:66)
	at com.kms.katalon.core.webui.keyword.builtin.SetTextKeyword.execute(SetTextKeyword.groovy:37)
	at com.kms.katalon.core.keyword.internal.KeywordExecutor.executeKeywordForPlatform(KeywordExecutor.groovy:74)
	at com.kms.katalon.core.webui.keyword.WebUiBuiltInKeywords.setText(WebUiBuiltInKeywords.groovy:966)
	at com.kms.katalon.core.webui.keyword.WebUiBuiltInKeywords$setText$1.call(Unknown Source)
	at CDT02 - login simple.run(CDT02 - login simple:20)
	at com.kms.katalon.core.main.ScriptEngine.run(ScriptEngine.java:194)
	at com.kms.katalon.core.main.ScriptEngine.runScriptAsRawText(ScriptEngine.java:119)
	at com.kms.katalon.core.main.TestCaseExecutor.runScript(TestCaseExecutor.java:448)
	at com.kms.katalon.core.main.TestCaseExecutor.doExecute(TestCaseExecutor.java:439)
	at com.kms.katalon.core.main.TestCaseExecutor.processExecutionPhase(TestCaseExecutor.java:418)
	at com.kms.katalon.core.main.TestCaseExecutor.accessMainPhase(TestCaseExecutor.java:410)
	at com.kms.katalon.core.main.TestCaseExecutor.execute(TestCaseExecutor.java:285)
	at com.kms.katalon.core.common.CommonExecutor.accessTestCaseMainPhase(CommonExecutor.java:65)
	at com.kms.katalon.core.main.TestSuiteExecutor.accessTestSuiteMainPhase(TestSuiteExecutor.java:148)
	at com.kms.katalon.core.main.TestSuiteExecutor.execute(TestSuiteExecutor.java:106)
	at com.kms.katalon.core.main.TestCaseMain.startTestSuite(TestCaseMain.java:187)
	at com.kms.katalon.core.main.TestCaseMain$startTestSuite$0.call(Unknown Source)
	at TempTestSuite1701269945786.run(TempTestSuite1701269945786.groovy:36)
Caused by: org.openqa.selenium.NoSuchSessionException: Session ID is null. Using WebDriver after calling quit()?
Build info: version: '3.141.59', revision: 'e82be7d358', time: '2018-11-14T08:25:53'
System info: host: 'LAPTOP-EU75EJ55', ip: '192.168.56.1', os.name: 'Windows 10', os.arch: 'amd64', os.version: '10.0', java.version: '1.8.0_362'
Driver info: driver.version: RemoteWebDriver
	at org.openqa.selenium.remote.HttpCommandExecutor.execute(HttpCommandExecutor.java:125)
	at org.openqa.selenium.remote.service.DriverCommandExecutor.execute(DriverCommandExecutor.java:83)
	at org.openqa.selenium.remote.RemoteWebDriver.execute(RemoteWebDriver.java:552)
	at com.kms.katalon.selenium.driver.CChromeDriver.execute(CChromeDriver.java:19)
	at org.openqa.selenium.remote.RemoteWebDriver.findElements(RemoteWebDriver.java:353)
	at org.openqa.selenium.remote.RemoteWebDriver.findElementsByXPath(RemoteWebDriver.java:432)
	at org.openqa.selenium.By$ByXPath.findElements(By.java:348)
	at org.openqa.selenium.remote.RemoteWebDriver.findElements(RemoteWebDriver.java:311)
	at com.kms.katalon.core.webui.common.WebUiCommonHelper.findElementByNormalMethods(WebUiCommonHelper.java:1027)
	at com.kms.katalon.core.webui.common.WebUiCommonHelper.findElementsBySelectedMethod(WebUiCommonHelper.java:913)
	at com.kms.katalon.core.webui.common.WebUiCommonHelper.findElementsBySelectedMethod(WebUiCommonHelper.java:901)
	at com.kms.katalon.core.webui.common.WebUiCommonHelper.findElementsBySelectedMethod(WebUiCommonHelper.java:896)
	at com.kms.katalon.core.webui.common.WebUiCommonHelper.findElementsByDefault(WebUiCommonHelper.java:892)
	at com.kms.katalon.core.webui.common.WebUiCommonHelper.findWebElements(WebUiCommonHelper.java:720)
	at com.kms.katalon.core.webui.common.WebUiCommonHelper.findWebElement(WebUiCommonHelper.java:1376)
	at com.kms.katalon.core.webui.keyword.internal.WebUIAbstractKeyword.findWebElement(WebUIAbstractKeyword.groovy:27)
	at com.kms.katalon.core.webui.keyword.internal.WebUIAbstractKeyword.findWebElement(WebUIAbstractKeyword.groovy:26)
	at com.kms.katalon.core.webui.keyword.builtin.SetTextKeyword$_setText_closure1.doCall(SetTextKeyword.groovy:51)
	at com.kms.katalon.core.webui.keyword.builtin.SetTextKeyword$_setText_closure1.call(SetTextKeyword.groovy)
	at com.kms.katalon.core.webui.keyword.internal.WebUIKeywordMain.runKeyword(WebUIKeywordMain.groovy:20)
	at com.kms.katalon.core.webui.keyword.builtin.SetTextKeyword.setText(SetTextKeyword.groovy:66)
	at com.kms.katalon.core.webui.keyword.builtin.SetTextKeyword.execute(SetTextKeyword.groovy:37)
	at com.kms.katalon.core.keyword.internal.KeywordExecutor.executeKeywordForPlatform(KeywordExecutor.groovy:74)
	at com.kms.katalon.core.webui.keyword.WebUiBuiltInKeywords.setText(WebUiBuiltInKeywords.groovy:966)
	at com.kms.katalon.core.webui.keyword.WebUiBuiltInKeywords$setText$1.call(Unknown Source)
	at Script1700848348801.run(Script1700848348801.groovy:20)
	... 13 more
)
	at com.kms.katalon.core.keyword.internal.KeywordMain.stepFailed(KeywordMain.groovy:39)
	at com.kms.katalon.core.webui.keyword.internal.WebUIKeywordMain.stepFailed(WebUIKeywordMain.groovy:64)
	at com.kms.katalon.core.webui.keyword.internal.WebUIKeywordMain.runKeyword(WebUIKeywordMain.groovy:26)
	at com.kms.katalon.core.webui.keyword.builtin.SetTextKeyword.setText(SetTextKeyword.groovy:66)
	at com.kms.katalon.core.webui.keyword.builtin.SetTextKeyword.execute(SetTextKeyword.groovy:37)
	at com.kms.katalon.core.keyword.internal.KeywordExecutor.executeKeywordForPlatform(KeywordExecutor.groovy:74)
	at com.kms.katalon.core.webui.keyword.WebUiBuiltInKeywords.setText(WebUiBuiltInKeywords.groovy:966)
	at com.kms.katalon.core.webui.keyword.WebUiBuiltInKeywords$setText$1.call(Unknown Source)
	at CDT02 - login simple.run(CDT02 - login simple:20)
	at com.kms.katalon.core.main.ScriptEngine.run(ScriptEngine.java:194)
	at com.kms.katalon.core.main.ScriptEngine.runScriptAsRawText(ScriptEngine.java:119)
	at com.kms.katalon.core.main.TestCaseExecutor.runScript(TestCaseExecutor.java:448)
	at com.kms.katalon.core.main.TestCaseExecutor.doExecute(TestCaseExecutor.java:439)
	at com.kms.katalon.core.main.TestCaseExecutor.processExecutionPhase(TestCaseExecutor.java:418)
	at com.kms.katalon.core.main.TestCaseExecutor.accessMainPhase(TestCaseExecutor.java:410)
	at com.kms.katalon.core.main.TestCaseExecutor.execute(TestCaseExecutor.java:285)
	at com.kms.katalon.core.common.CommonExecutor.accessTestCaseMainPhase(CommonExecutor.java:65)
	at com.kms.katalon.core.main.TestSuiteExecutor.accessTestSuiteMainPhase(TestSuiteExecutor.java:148)
	at com.kms.katalon.core.main.TestSuiteExecutor.execute(TestSuiteExecutor.java:106)
	at com.kms.katalon.core.main.TestCaseMain.startTestSuite(TestCaseMain.java:187)
	at com.kms.katalon.core.main.TestCaseMain$startTestSuite$0.call(Unknown Source)
	at TempTestSuite1701269945786.run(TempTestSuite1701269945786.groovy:36)
Caused by: com.kms.katalon.core.exception.StepFailedException: Unable to set text 'marco' of object 'Object Repository/CDT01 - CDT02/Page_Login/input_Entrar_login'
	... 21 more
Caused by: org.openqa.selenium.NoSuchSessionException: Session ID is null. Using WebDriver after calling quit()?
Build info: version: '3.141.59', revision: 'e82be7d358', time: '2018-11-14T08:25:53'
System info: host: 'LAPTOP-EU75EJ55', ip: '192.168.56.1', os.name: 'Windows 10', os.arch: 'amd64', os.version: '10.0', java.version: '1.8.0_362'
Driver info: driver.version: RemoteWebDriver
	at org.openqa.selenium.remote.HttpCommandExecutor.execute(HttpCommandExecutor.java:125)
	at org.openqa.selenium.remote.service.DriverCommandExecutor.execute(DriverCommandExecutor.java:83)
	at org.openqa.selenium.remote.RemoteWebDriver.execute(RemoteWebDriver.java:552)
	at com.kms.katalon.selenium.driver.CChromeDriver.execute(CChromeDriver.java:19)
	at org.openqa.selenium.remote.RemoteWebDriver.findElements(RemoteWebDriver.java:353)
	at org.openqa.selenium.remote.RemoteWebDriver.findElementsByXPath(RemoteWebDriver.java:432)
	at org.openqa.selenium.By$ByXPath.findElements(By.java:348)
	at org.openqa.selenium.remote.RemoteWebDriver.findElements(RemoteWebDriver.java:311)
	at com.kms.katalon.core.webui.common.WebUiCommonHelper.findElementByNormalMethods(WebUiCommonHelper.java:1027)
	at com.kms.katalon.core.webui.common.WebUiCommonHelper.findElementsBySelectedMethod(WebUiCommonHelper.java:913)
	at com.kms.katalon.core.webui.common.WebUiCommonHelper.findElementsBySelectedMethod(WebUiCommonHelper.java:901)
	at com.kms.katalon.core.webui.common.WebUiCommonHelper.findElementsBySelectedMethod(WebUiCommonHelper.java:896)
	at com.kms.katalon.core.webui.common.WebUiCommonHelper.findElementsByDefault(WebUiCommonHelper.java:892)
	at com.kms.katalon.core.webui.common.WebUiCommonHelper.findWebElements(WebUiCommonHelper.java:720)
	at com.kms.katalon.core.webui.common.WebUiCommonHelper.findWebElement(WebUiCommonHelper.java:1376)
	at com.kms.katalon.core.webui.keyword.internal.WebUIAbstractKeyword.findWebElement(WebUIAbstractKeyword.groovy:27)
	at com.kms.katalon.core.webui.keyword.internal.WebUIAbstractKeyword.findWebElement(WebUIAbstractKeyword.groovy:26)
	at com.kms.katalon.core.webui.keyword.builtin.SetTextKeyword$_setText_closure1.doCall(SetTextKeyword.groovy:51)
	at com.kms.katalon.core.webui.keyword.builtin.SetTextKeyword$_setText_closure1.call(SetTextKeyword.groovy)
	at com.kms.katalon.core.webui.keyword.internal.WebUIKeywordMain.runKeyword(WebUIKeywordMain.groovy:20)
	... 19 more]]></system-err>
      </testcase>
      <testcase name="Test Cases/CDT03 - cadastro simples" time="2.345" classname="Test Cases/CDT03 - cadastro simples" status="FAILED">
         <failure type="FAILED" message="Test Cases/CDT03 - cadastro simples FAILED.
Reason:
com.kms.katalon.core.exception.StepFailedException: Unable to set text 'teste' of object 'Object Repository/CDT03 - CDT04 - CDT05/Page_/input_Nome_nomeCadastro' (Root cause: com.kms.katalon.core.exception.StepFailedException: Unable to set text 'teste' of object 'Object Repository/CDT03 - CDT04 - CDT05/Page_/input_Nome_nomeCadastro'
	at com.kms.katalon.core.webui.keyword.internal.WebUIKeywordMain.stepFailed(WebUIKeywordMain.groovy:64)
	at com.kms.katalon.core.webui.keyword.internal.WebUIKeywordMain.runKeyword(WebUIKeywordMain.groovy:26)
	at com.kms.katalon.core.webui.keyword.builtin.SetTextKeyword.setText(SetTextKeyword.groovy:66)
	at com.kms.katalon.core.webui.keyword.builtin.SetTextKeyword.execute(SetTextKeyword.groovy:37)
	at com.kms.katalon.core.keyword.internal.KeywordExecutor.executeKeywordForPlatform(KeywordExecutor.groovy:74)
	at com.kms.katalon.core.webui.keyword.WebUiBuiltInKeywords.setText(WebUiBuiltInKeywords.groovy:966)
	at com.kms.katalon.core.webui.keyword.WebUiBuiltInKeywords$setText$1.call(Unknown Source)
	at CDT03 - cadastro simples.run(CDT03 - cadastro simples:20)
	at com.kms.katalon.core.main.ScriptEngine.run(ScriptEngine.java:194)
	at com.kms.katalon.core.main.ScriptEngine.runScriptAsRawText(ScriptEngine.java:119)
	at com.kms.katalon.core.main.TestCaseExecutor.runScript(TestCaseExecutor.java:448)
	at com.kms.katalon.core.main.TestCaseExecutor.doExecute(TestCaseExecutor.java:439)
	at com.kms.katalon.core.main.TestCaseExecutor.processExecutionPhase(TestCaseExecutor.java:418)
	at com.kms.katalon.core.main.TestCaseExecutor.accessMainPhase(TestCaseExecutor.java:410)
	at com.kms.katalon.core.main.TestCaseExecutor.execute(TestCaseExecutor.java:285)
	at com.kms.katalon.core.common.CommonExecutor.accessTestCaseMainPhase(CommonExecutor.java:65)
	at com.kms.katalon.core.main.TestSuiteExecutor.accessTestSuiteMainPhase(TestSuiteExecutor.java:148)
	at com.kms.katalon.core.main.TestSuiteExecutor.execute(TestSuiteExecutor.java:106)
	at com.kms.katalon.core.main.TestCaseMain.startTestSuite(TestCaseMain.java:187)
	at com.kms.katalon.core.main.TestCaseMain$startTestSuite$0.call(Unknown Source)
	at TempTestSuite1701269945786.run(TempTestSuite1701269945786.groovy:36)
Caused by: org.openqa.selenium.NoSuchSessionException: Session ID is null. Using WebDriver after calling quit()?
Build info: version: '3.141.59', revision: 'e82be7d358', time: '2018-11-14T08:25:53'
System info: host: 'LAPTOP-EU75EJ55', ip: '192.168.56.1', os.name: 'Windows 10', os.arch: 'amd64', os.version: '10.0', java.version: '1.8.0_362'
Driver info: driver.version: RemoteWebDriver
	at org.openqa.selenium.remote.HttpCommandExecutor.execute(HttpCommandExecutor.java:125)
	at org.openqa.selenium.remote.service.DriverCommandExecutor.execute(DriverCommandExecutor.java:83)
	at org.openqa.selenium.remote.RemoteWebDriver.execute(RemoteWebDriver.java:552)
	at com.kms.katalon.selenium.driver.CChromeDriver.execute(CChromeDriver.java:19)
	at org.openqa.selenium.remote.RemoteWebDriver.findElements(RemoteWebDriver.java:353)
	at org.openqa.selenium.remote.RemoteWebDriver.findElementsByXPath(RemoteWebDriver.java:432)
	at org.openqa.selenium.By$ByXPath.findElements(By.java:348)
	at org.openqa.selenium.remote.RemoteWebDriver.findElements(RemoteWebDriver.java:311)
	at com.kms.katalon.core.webui.common.WebUiCommonHelper.findElementByNormalMethods(WebUiCommonHelper.java:1027)
	at com.kms.katalon.core.webui.common.WebUiCommonHelper.findElementsBySelectedMethod(WebUiCommonHelper.java:919)
	at com.kms.katalon.core.webui.common.WebUiCommonHelper.findElementsBySelectedMethod(WebUiCommonHelper.java:901)
	at com.kms.katalon.core.webui.common.WebUiCommonHelper.findElementsBySelectedMethod(WebUiCommonHelper.java:896)
	at com.kms.katalon.core.webui.common.WebUiCommonHelper.findElementsByDefault(WebUiCommonHelper.java:892)
	at com.kms.katalon.core.webui.common.WebUiCommonHelper.findWebElements(WebUiCommonHelper.java:720)
	at com.kms.katalon.core.webui.common.WebUiCommonHelper.findWebElement(WebUiCommonHelper.java:1376)
	at com.kms.katalon.core.webui.keyword.internal.WebUIAbstractKeyword.findWebElement(WebUIAbstractKeyword.groovy:27)
	at com.kms.katalon.core.webui.keyword.internal.WebUIAbstractKeyword.findWebElement(WebUIAbstractKeyword.groovy:26)
	at com.kms.katalon.core.webui.keyword.builtin.SetTextKeyword$_setText_closure1.doCall(SetTextKeyword.groovy:51)
	at com.kms.katalon.core.webui.keyword.builtin.SetTextKeyword$_setText_closure1.call(SetTextKeyword.groovy)
	at com.kms.katalon.core.webui.keyword.internal.WebUIKeywordMain.runKeyword(WebUIKeywordMain.groovy:20)
	at com.kms.katalon.core.webui.keyword.builtin.SetTextKeyword.setText(SetTextKeyword.groovy:66)
	at com.kms.katalon.core.webui.keyword.builtin.SetTextKeyword.execute(SetTextKeyword.groovy:37)
	at com.kms.katalon.core.keyword.internal.KeywordExecutor.executeKeywordForPlatform(KeywordExecutor.groovy:74)
	at com.kms.katalon.core.webui.keyword.WebUiBuiltInKeywords.setText(WebUiBuiltInKeywords.groovy:966)
	at com.kms.katalon.core.webui.keyword.WebUiBuiltInKeywords$setText$1.call(Unknown Source)
	at Script1700848517241.run(Script1700848517241.groovy:20)
	... 13 more
)
	at com.kms.katalon.core.keyword.internal.KeywordMain.stepFailed(KeywordMain.groovy:39)
	at com.kms.katalon.core.webui.keyword.internal.WebUIKeywordMain.stepFailed(WebUIKeywordMain.groovy:64)
	at com.kms.katalon.core.webui.keyword.internal.WebUIKeywordMain.runKeyword(WebUIKeywordMain.groovy:26)
	at com.kms.katalon.core.webui.keyword.builtin.SetTextKeyword.setText(SetTextKeyword.groovy:66)
	at com.kms.katalon.core.webui.keyword.builtin.SetTextKeyword.execute(SetTextKeyword.groovy:37)
	at com.kms.katalon.core.keyword.internal.KeywordExecutor.executeKeywordForPlatform(KeywordExecutor.groovy:74)
	at com.kms.katalon.core.webui.keyword.WebUiBuiltInKeywords.setText(WebUiBuiltInKeywords.groovy:966)
	at com.kms.katalon.core.webui.keyword.WebUiBuiltInKeywords$setText$1.call(Unknown Source)
	at CDT03 - cadastro simples.run(CDT03 - cadastro simples:20)
	at com.kms.katalon.core.main.ScriptEngine.run(ScriptEngine.java:194)
	at com.kms.katalon.core.main.ScriptEngine.runScriptAsRawText(ScriptEngine.java:119)
	at com.kms.katalon.core.main.TestCaseExecutor.runScript(TestCaseExecutor.java:448)
	at com.kms.katalon.core.main.TestCaseExecutor.doExecute(TestCaseExecutor.java:439)
	at com.kms.katalon.core.main.TestCaseExecutor.processExecutionPhase(TestCaseExecutor.java:418)
	at com.kms.katalon.core.main.TestCaseExecutor.accessMainPhase(TestCaseExecutor.java:410)
	at com.kms.katalon.core.main.TestCaseExecutor.execute(TestCaseExecutor.java:285)
	at com.kms.katalon.core.common.CommonExecutor.accessTestCaseMainPhase(CommonExecutor.java:65)
	at com.kms.katalon.core.main.TestSuiteExecutor.accessTestSuiteMainPhase(TestSuiteExecutor.java:148)
	at com.kms.katalon.core.main.TestSuiteExecutor.execute(TestSuiteExecutor.java:106)
	at com.kms.katalon.core.main.TestCaseMain.startTestSuite(TestCaseMain.java:187)
	at com.kms.katalon.core.main.TestCaseMain$startTestSuite$0.call(Unknown Source)
	at TempTestSuite1701269945786.run(TempTestSuite1701269945786.groovy:36)
Caused by: com.kms.katalon.core.exception.StepFailedException: Unable to set text 'teste' of object 'Object Repository/CDT03 - CDT04 - CDT05/Page_/input_Nome_nomeCadastro'
	... 21 more
Caused by: org.openqa.selenium.NoSuchSessionException: Session ID is null. Using WebDriver after calling quit()?
Build info: version: '3.141.59', revision: 'e82be7d358', time: '2018-11-14T08:25:53'
System info: host: 'LAPTOP-EU75EJ55', ip: '192.168.56.1', os.name: 'Windows 10', os.arch: 'amd64', os.version: '10.0', java.version: '1.8.0_362'
Driver info: driver.version: RemoteWebDriver
	at org.openqa.selenium.remote.HttpCommandExecutor.execute(HttpCommandExecutor.java:125)
	at org.openqa.selenium.remote.service.DriverCommandExecutor.execute(DriverCommandExecutor.java:83)
	at org.openqa.selenium.remote.RemoteWebDriver.execute(RemoteWebDriver.java:552)
	at com.kms.katalon.selenium.driver.CChromeDriver.execute(CChromeDriver.java:19)
	at org.openqa.selenium.remote.RemoteWebDriver.findElements(RemoteWebDriver.java:353)
	at org.openqa.selenium.remote.RemoteWebDriver.findElementsByXPath(RemoteWebDriver.java:432)
	at org.openqa.selenium.By$ByXPath.findElements(By.java:348)
	at org.openqa.selenium.remote.RemoteWebDriver.findElements(RemoteWebDriver.java:311)
	at com.kms.katalon.core.webui.common.WebUiCommonHelper.findElementByNormalMethods(WebUiCommonHelper.java:1027)
	at com.kms.katalon.core.webui.common.WebUiCommonHelper.findElementsBySelectedMethod(WebUiCommonHelper.java:919)
	at com.kms.katalon.core.webui.common.WebUiCommonHelper.findElementsBySelectedMethod(WebUiCommonHelper.java:901)
	at com.kms.katalon.core.webui.common.WebUiCommonHelper.findElementsBySelectedMethod(WebUiCommonHelper.java:896)
	at com.kms.katalon.core.webui.common.WebUiCommonHelper.findElementsByDefault(WebUiCommonHelper.java:892)
	at com.kms.katalon.core.webui.common.WebUiCommonHelper.findWebElements(WebUiCommonHelper.java:720)
	at com.kms.katalon.core.webui.common.WebUiCommonHelper.findWebElement(WebUiCommonHelper.java:1376)
	at com.kms.katalon.core.webui.keyword.internal.WebUIAbstractKeyword.findWebElement(WebUIAbstractKeyword.groovy:27)
	at com.kms.katalon.core.webui.keyword.internal.WebUIAbstractKeyword.findWebElement(WebUIAbstractKeyword.groovy:26)
	at com.kms.katalon.core.webui.keyword.builtin.SetTextKeyword$_setText_closure1.doCall(SetTextKeyword.groovy:51)
	at com.kms.katalon.core.webui.keyword.builtin.SetTextKeyword$_setText_closure1.call(SetTextKeyword.groovy)
	at com.kms.katalon.core.webui.keyword.internal.WebUIKeywordMain.runKeyword(WebUIKeywordMain.groovy:20)
	... 19 more
"/>
         <system-out><![CDATA[2023-11-29 11:59:39 - [TEST_CASE][FAILED] - Test Cases/CDT03 - cadastro simples: Test Cases/CDT03 - cadastro simples FAILED.
Reason:
com.kms.katalon.core.exception.StepFailedException: Unable to set text 'teste' of object 'Object Repository/CDT03 - CDT04 - CDT05/Page_/input_Nome_nomeCadastro' (Root cause: com.kms.katalon.core.exception.StepFailedException: Unable to set text 'teste' of object 'Object Repository/CDT03 - CDT04 - CDT05/Page_/input_Nome_nomeCadastro'
	at com.kms.katalon.core.webui.keyword.internal.WebUIKeywordMain.stepFailed(WebUIKeywordMain.groovy:64)
	at com.kms.katalon.core.webui.keyword.internal.WebUIKeywordMain.runKeyword(WebUIKeywordMain.groovy:26)
	at com.kms.katalon.core.webui.keyword.builtin.SetTextKeyword.setText(SetTextKeyword.groovy:66)
	at com.kms.katalon.core.webui.keyword.builtin.SetTextKeyword.execute(SetTextKeyword.groovy:37)
	at com.kms.katalon.core.keyword.internal.KeywordExecutor.executeKeywordForPlatform(KeywordExecutor.groovy:74)
	at com.kms.katalon.core.webui.keyword.WebUiBuiltInKeywords.setText(WebUiBuiltInKeywords.groovy:966)
	at com.kms.katalon.core.webui.keyword.WebUiBuiltInKeywords$setText$1.call(Unknown Source)
	at CDT03 - cadastro simples.run(CDT03 - cadastro simples:20)
	at com.kms.katalon.core.main.ScriptEngine.run(ScriptEngine.java:194)
	at com.kms.katalon.core.main.ScriptEngine.runScriptAsRawText(ScriptEngine.java:119)
	at com.kms.katalon.core.main.TestCaseExecutor.runScript(TestCaseExecutor.java:448)
	at com.kms.katalon.core.main.TestCaseExecutor.doExecute(TestCaseExecutor.java:439)
	at com.kms.katalon.core.main.TestCaseExecutor.processExecutionPhase(TestCaseExecutor.java:418)
	at com.kms.katalon.core.main.TestCaseExecutor.accessMainPhase(TestCaseExecutor.java:410)
	at com.kms.katalon.core.main.TestCaseExecutor.execute(TestCaseExecutor.java:285)
	at com.kms.katalon.core.common.CommonExecutor.accessTestCaseMainPhase(CommonExecutor.java:65)
	at com.kms.katalon.core.main.TestSuiteExecutor.accessTestSuiteMainPhase(TestSuiteExecutor.java:148)
	at com.kms.katalon.core.main.TestSuiteExecutor.execute(TestSuiteExecutor.java:106)
	at com.kms.katalon.core.main.TestCaseMain.startTestSuite(TestCaseMain.java:187)
	at com.kms.katalon.core.main.TestCaseMain$startTestSuite$0.call(Unknown Source)
	at TempTestSuite1701269945786.run(TempTestSuite1701269945786.groovy:36)
Caused by: org.openqa.selenium.NoSuchSessionException: Session ID is null. Using WebDriver after calling quit()?
Build info: version: '3.141.59', revision: 'e82be7d358', time: '2018-11-14T08:25:53'
System info: host: 'LAPTOP-EU75EJ55', ip: '192.168.56.1', os.name: 'Windows 10', os.arch: 'amd64', os.version: '10.0', java.version: '1.8.0_362'
Driver info: driver.version: RemoteWebDriver
	at org.openqa.selenium.remote.HttpCommandExecutor.execute(HttpCommandExecutor.java:125)
	at org.openqa.selenium.remote.service.DriverCommandExecutor.execute(DriverCommandExecutor.java:83)
	at org.openqa.selenium.remote.RemoteWebDriver.execute(RemoteWebDriver.java:552)
	at com.kms.katalon.selenium.driver.CChromeDriver.execute(CChromeDriver.java:19)
	at org.openqa.selenium.remote.RemoteWebDriver.findElements(RemoteWebDriver.java:353)
	at org.openqa.selenium.remote.RemoteWebDriver.findElementsByXPath(RemoteWebDriver.java:432)
	at org.openqa.selenium.By$ByXPath.findElements(By.java:348)
	at org.openqa.selenium.remote.RemoteWebDriver.findElements(RemoteWebDriver.java:311)
	at com.kms.katalon.core.webui.common.WebUiCommonHelper.findElementByNormalMethods(WebUiCommonHelper.java:1027)
	at com.kms.katalon.core.webui.common.WebUiCommonHelper.findElementsBySelectedMethod(WebUiCommonHelper.java:919)
	at com.kms.katalon.core.webui.common.WebUiCommonHelper.findElementsBySelectedMethod(WebUiCommonHelper.java:901)
	at com.kms.katalon.core.webui.common.WebUiCommonHelper.findElementsBySelectedMethod(WebUiCommonHelper.java:896)
	at com.kms.katalon.core.webui.common.WebUiCommonHelper.findElementsByDefault(WebUiCommonHelper.java:892)
	at com.kms.katalon.core.webui.common.WebUiCommonHelper.findWebElements(WebUiCommonHelper.java:720)
	at com.kms.katalon.core.webui.common.WebUiCommonHelper.findWebElement(WebUiCommonHelper.java:1376)
	at com.kms.katalon.core.webui.keyword.internal.WebUIAbstractKeyword.findWebElement(WebUIAbstractKeyword.groovy:27)
	at com.kms.katalon.core.webui.keyword.internal.WebUIAbstractKeyword.findWebElement(WebUIAbstractKeyword.groovy:26)
	at com.kms.katalon.core.webui.keyword.builtin.SetTextKeyword$_setText_closure1.doCall(SetTextKeyword.groovy:51)
	at com.kms.katalon.core.webui.keyword.builtin.SetTextKeyword$_setText_closure1.call(SetTextKeyword.groovy)
	at com.kms.katalon.core.webui.keyword.internal.WebUIKeywordMain.runKeyword(WebUIKeywordMain.groovy:20)
	at com.kms.katalon.core.webui.keyword.builtin.SetTextKeyword.setText(SetTextKeyword.groovy:66)
	at com.kms.katalon.core.webui.keyword.builtin.SetTextKeyword.execute(SetTextKeyword.groovy:37)
	at com.kms.katalon.core.keyword.internal.KeywordExecutor.executeKeywordForPlatform(KeywordExecutor.groovy:74)
	at com.kms.katalon.core.webui.keyword.WebUiBuiltInKeywords.setText(WebUiBuiltInKeywords.groovy:966)
	at com.kms.katalon.core.webui.keyword.WebUiBuiltInKeywords$setText$1.call(Unknown Source)
	at Script1700848517241.run(Script1700848517241.groovy:20)
	... 13 more
)
	at com.kms.katalon.core.keyword.internal.KeywordMain.stepFailed(KeywordMain.groovy:39)
	at com.kms.katalon.core.webui.keyword.internal.WebUIKeywordMain.stepFailed(WebUIKeywordMain.groovy:64)
	at com.kms.katalon.core.webui.keyword.internal.WebUIKeywordMain.runKeyword(WebUIKeywordMain.groovy:26)
	at com.kms.katalon.core.webui.keyword.builtin.SetTextKeyword.setText(SetTextKeyword.groovy:66)
	at com.kms.katalon.core.webui.keyword.builtin.SetTextKeyword.execute(SetTextKeyword.groovy:37)
	at com.kms.katalon.core.keyword.internal.KeywordExecutor.executeKeywordForPlatform(KeywordExecutor.groovy:74)
	at com.kms.katalon.core.webui.keyword.WebUiBuiltInKeywords.setText(WebUiBuiltInKeywords.groovy:966)
	at com.kms.katalon.core.webui.keyword.WebUiBuiltInKeywords$setText$1.call(Unknown Source)
	at CDT03 - cadastro simples.run(CDT03 - cadastro simples:20)
	at com.kms.katalon.core.main.ScriptEngine.run(ScriptEngine.java:194)
	at com.kms.katalon.core.main.ScriptEngine.runScriptAsRawText(ScriptEngine.java:119)
	at com.kms.katalon.core.main.TestCaseExecutor.runScript(TestCaseExecutor.java:448)
	at com.kms.katalon.core.main.TestCaseExecutor.doExecute(TestCaseExecutor.java:439)
	at com.kms.katalon.core.main.TestCaseExecutor.processExecutionPhase(TestCaseExecutor.java:418)
	at com.kms.katalon.core.main.TestCaseExecutor.accessMainPhase(TestCaseExecutor.java:410)
	at com.kms.katalon.core.main.TestCaseExecutor.execute(TestCaseExecutor.java:285)
	at com.kms.katalon.core.common.CommonExecutor.accessTestCaseMainPhase(CommonExecutor.java:65)
	at com.kms.katalon.core.main.TestSuiteExecutor.accessTestSuiteMainPhase(TestSuiteExecutor.java:148)
	at com.kms.katalon.core.main.TestSuiteExecutor.execute(TestSuiteExecutor.java:106)
	at com.kms.katalon.core.main.TestCaseMain.startTestSuite(TestCaseMain.java:187)
	at com.kms.katalon.core.main.TestCaseMain$startTestSuite$0.call(Unknown Source)
	at TempTestSuite1701269945786.run(TempTestSuite1701269945786.groovy:36)
Caused by: com.kms.katalon.core.exception.StepFailedException: Unable to set text 'teste' of object 'Object Repository/CDT03 - CDT04 - CDT05/Page_/input_Nome_nomeCadastro'
	... 21 more
Caused by: org.openqa.selenium.NoSuchSessionException: Session ID is null. Using WebDriver after calling quit()?
Build info: version: '3.141.59', revision: 'e82be7d358', time: '2018-11-14T08:25:53'
System info: host: 'LAPTOP-EU75EJ55', ip: '192.168.56.1', os.name: 'Windows 10', os.arch: 'amd64', os.version: '10.0', java.version: '1.8.0_362'
Driver info: driver.version: RemoteWebDriver
	at org.openqa.selenium.remote.HttpCommandExecutor.execute(HttpCommandExecutor.java:125)
	at org.openqa.selenium.remote.service.DriverCommandExecutor.execute(DriverCommandExecutor.java:83)
	at org.openqa.selenium.remote.RemoteWebDriver.execute(RemoteWebDriver.java:552)
	at com.kms.katalon.selenium.driver.CChromeDriver.execute(CChromeDriver.java:19)
	at org.openqa.selenium.remote.RemoteWebDriver.findElements(RemoteWebDriver.java:353)
	at org.openqa.selenium.remote.RemoteWebDriver.findElementsByXPath(RemoteWebDriver.java:432)
	at org.openqa.selenium.By$ByXPath.findElements(By.java:348)
	at org.openqa.selenium.remote.RemoteWebDriver.findElements(RemoteWebDriver.java:311)
	at com.kms.katalon.core.webui.common.WebUiCommonHelper.findElementByNormalMethods(WebUiCommonHelper.java:1027)
	at com.kms.katalon.core.webui.common.WebUiCommonHelper.findElementsBySelectedMethod(WebUiCommonHelper.java:919)
	at com.kms.katalon.core.webui.common.WebUiCommonHelper.findElementsBySelectedMethod(WebUiCommonHelper.java:901)
	at com.kms.katalon.core.webui.common.WebUiCommonHelper.findElementsBySelectedMethod(WebUiCommonHelper.java:896)
	at com.kms.katalon.core.webui.common.WebUiCommonHelper.findElementsByDefault(WebUiCommonHelper.java:892)
	at com.kms.katalon.core.webui.common.WebUiCommonHelper.findWebElements(WebUiCommonHelper.java:720)
	at com.kms.katalon.core.webui.common.WebUiCommonHelper.findWebElement(WebUiCommonHelper.java:1376)
	at com.kms.katalon.core.webui.keyword.internal.WebUIAbstractKeyword.findWebElement(WebUIAbstractKeyword.groovy:27)
	at com.kms.katalon.core.webui.keyword.internal.WebUIAbstractKeyword.findWebElement(WebUIAbstractKeyword.groovy:26)
	at com.kms.katalon.core.webui.keyword.builtin.SetTextKeyword$_setText_closure1.doCall(SetTextKeyword.groovy:51)
	at com.kms.katalon.core.webui.keyword.builtin.SetTextKeyword$_setText_closure1.call(SetTextKeyword.groovy)
	at com.kms.katalon.core.webui.keyword.internal.WebUIKeywordMain.runKeyword(WebUIKeywordMain.groovy:20)
	... 19 more


2023-11-29 11:59:40 - [TEST_STEP][FAILED] - setText(findTestObject("Object Repository/CDT03 - CDT04 - CDT05/Page_/input_Nome_nomeCadastro"), nome, CONTINUE_ON_FAILURE): Unable to set text 'teste' of object 'Object Repository/CDT03 - CDT04 - CDT05/Page_/input_Nome_nomeCadastro' (Root cause: com.kms.katalon.core.exception.StepFailedException: Unable to set text 'teste' of object 'Object Repository/CDT03 - CDT04 - CDT05/Page_/input_Nome_nomeCadastro'
	at com.kms.katalon.core.webui.keyword.internal.WebUIKeywordMain.stepFailed(WebUIKeywordMain.groovy:64)
	at com.kms.katalon.core.webui.keyword.internal.WebUIKeywordMain.runKeyword(WebUIKeywordMain.groovy:26)
	at com.kms.katalon.core.webui.keyword.builtin.SetTextKeyword.setText(SetTextKeyword.groovy:66)
	at com.kms.katalon.core.webui.keyword.builtin.SetTextKeyword.execute(SetTextKeyword.groovy:37)
	at com.kms.katalon.core.keyword.internal.KeywordExecutor.executeKeywordForPlatform(KeywordExecutor.groovy:74)
	at com.kms.katalon.core.webui.keyword.WebUiBuiltInKeywords.setText(WebUiBuiltInKeywords.groovy:966)
	at com.kms.katalon.core.webui.keyword.WebUiBuiltInKeywords$setText$1.call(Unknown Source)
	at CDT03 - cadastro simples.run(CDT03 - cadastro simples:20)
	at com.kms.katalon.core.main.ScriptEngine.run(ScriptEngine.java:194)
	at com.kms.katalon.core.main.ScriptEngine.runScriptAsRawText(ScriptEngine.java:119)
	at com.kms.katalon.core.main.TestCaseExecutor.runScript(TestCaseExecutor.java:448)
	at com.kms.katalon.core.main.TestCaseExecutor.doExecute(TestCaseExecutor.java:439)
	at com.kms.katalon.core.main.TestCaseExecutor.processExecutionPhase(TestCaseExecutor.java:418)
	at com.kms.katalon.core.main.TestCaseExecutor.accessMainPhase(TestCaseExecutor.java:410)
	at com.kms.katalon.core.main.TestCaseExecutor.execute(TestCaseExecutor.java:285)
	at com.kms.katalon.core.common.CommonExecutor.accessTestCaseMainPhase(CommonExecutor.java:65)
	at com.kms.katalon.core.main.TestSuiteExecutor.accessTestSuiteMainPhase(TestSuiteExecutor.java:148)
	at com.kms.katalon.core.main.TestSuiteExecutor.execute(TestSuiteExecutor.java:106)
	at com.kms.katalon.core.main.TestCaseMain.startTestSuite(TestCaseMain.java:187)
	at com.kms.katalon.core.main.TestCaseMain$startTestSuite$0.call(Unknown Source)
	at TempTestSuite1701269945786.run(TempTestSuite1701269945786.groovy:36)
Caused by: org.openqa.selenium.NoSuchSessionException: Session ID is null. Using WebDriver after calling quit()?
Build info: version: '3.141.59', revision: 'e82be7d358', time: '2018-11-14T08:25:53'
System info: host: 'LAPTOP-EU75EJ55', ip: '192.168.56.1', os.name: 'Windows 10', os.arch: 'amd64', os.version: '10.0', java.version: '1.8.0_362'
Driver info: driver.version: RemoteWebDriver
	at org.openqa.selenium.remote.HttpCommandExecutor.execute(HttpCommandExecutor.java:125)
	at org.openqa.selenium.remote.service.DriverCommandExecutor.execute(DriverCommandExecutor.java:83)
	at org.openqa.selenium.remote.RemoteWebDriver.execute(RemoteWebDriver.java:552)
	at com.kms.katalon.selenium.driver.CChromeDriver.execute(CChromeDriver.java:19)
	at org.openqa.selenium.remote.RemoteWebDriver.findElements(RemoteWebDriver.java:353)
	at org.openqa.selenium.remote.RemoteWebDriver.findElementsByXPath(RemoteWebDriver.java:432)
	at org.openqa.selenium.By$ByXPath.findElements(By.java:348)
	at org.openqa.selenium.remote.RemoteWebDriver.findElements(RemoteWebDriver.java:311)
	at com.kms.katalon.core.webui.common.WebUiCommonHelper.findElementByNormalMethods(WebUiCommonHelper.java:1027)
	at com.kms.katalon.core.webui.common.WebUiCommonHelper.findElementsBySelectedMethod(WebUiCommonHelper.java:919)
	at com.kms.katalon.core.webui.common.WebUiCommonHelper.findElementsBySelectedMethod(WebUiCommonHelper.java:901)
	at com.kms.katalon.core.webui.common.WebUiCommonHelper.findElementsBySelectedMethod(WebUiCommonHelper.java:896)
	at com.kms.katalon.core.webui.common.WebUiCommonHelper.findElementsByDefault(WebUiCommonHelper.java:892)
	at com.kms.katalon.core.webui.common.WebUiCommonHelper.findWebElements(WebUiCommonHelper.java:720)
	at com.kms.katalon.core.webui.common.WebUiCommonHelper.findWebElement(WebUiCommonHelper.java:1376)
	at com.kms.katalon.core.webui.keyword.internal.WebUIAbstractKeyword.findWebElement(WebUIAbstractKeyword.groovy:27)
	at com.kms.katalon.core.webui.keyword.internal.WebUIAbstractKeyword.findWebElement(WebUIAbstractKeyword.groovy:26)
	at com.kms.katalon.core.webui.keyword.builtin.SetTextKeyword$_setText_closure1.doCall(SetTextKeyword.groovy:51)
	at com.kms.katalon.core.webui.keyword.builtin.SetTextKeyword$_setText_closure1.call(SetTextKeyword.groovy)
	at com.kms.katalon.core.webui.keyword.internal.WebUIKeywordMain.runKeyword(WebUIKeywordMain.groovy:20)
	at com.kms.katalon.core.webui.keyword.builtin.SetTextKeyword.setText(SetTextKeyword.groovy:66)
	at com.kms.katalon.core.webui.keyword.builtin.SetTextKeyword.execute(SetTextKeyword.groovy:37)
	at com.kms.katalon.core.keyword.internal.KeywordExecutor.executeKeywordForPlatform(KeywordExecutor.groovy:74)
	at com.kms.katalon.core.webui.keyword.WebUiBuiltInKeywords.setText(WebUiBuiltInKeywords.groovy:966)
	at com.kms.katalon.core.webui.keyword.WebUiBuiltInKeywords$setText$1.call(Unknown Source)
	at Script1700848517241.run(Script1700848517241.groovy:20)
	... 13 more
)

2023-11-29 11:59:40 - [MESSAGE][WARNING] - Cannot take screenshot

2023-11-29 11:59:40 - [MESSAGE][FAILED] - Unable to set text 'teste' of object 'Object Repository/CDT03 - CDT04 - CDT05/Page_/input_Nome_nomeCadastro' (Root cause: com.kms.katalon.core.exception.StepFailedException: Unable to set text 'teste' of object 'Object Repository/CDT03 - CDT04 - CDT05/Page_/input_Nome_nomeCadastro'
	at com.kms.katalon.core.webui.keyword.internal.WebUIKeywordMain.stepFailed(WebUIKeywordMain.groovy:64)
	at com.kms.katalon.core.webui.keyword.internal.WebUIKeywordMain.runKeyword(WebUIKeywordMain.groovy:26)
	at com.kms.katalon.core.webui.keyword.builtin.SetTextKeyword.setText(SetTextKeyword.groovy:66)
	at com.kms.katalon.core.webui.keyword.builtin.SetTextKeyword.execute(SetTextKeyword.groovy:37)
	at com.kms.katalon.core.keyword.internal.KeywordExecutor.executeKeywordForPlatform(KeywordExecutor.groovy:74)
	at com.kms.katalon.core.webui.keyword.WebUiBuiltInKeywords.setText(WebUiBuiltInKeywords.groovy:966)
	at com.kms.katalon.core.webui.keyword.WebUiBuiltInKeywords$setText$1.call(Unknown Source)
	at CDT03 - cadastro simples.run(CDT03 - cadastro simples:20)
	at com.kms.katalon.core.main.ScriptEngine.run(ScriptEngine.java:194)
	at com.kms.katalon.core.main.ScriptEngine.runScriptAsRawText(ScriptEngine.java:119)
	at com.kms.katalon.core.main.TestCaseExecutor.runScript(TestCaseExecutor.java:448)
	at com.kms.katalon.core.main.TestCaseExecutor.doExecute(TestCaseExecutor.java:439)
	at com.kms.katalon.core.main.TestCaseExecutor.processExecutionPhase(TestCaseExecutor.java:418)
	at com.kms.katalon.core.main.TestCaseExecutor.accessMainPhase(TestCaseExecutor.java:410)
	at com.kms.katalon.core.main.TestCaseExecutor.execute(TestCaseExecutor.java:285)
	at com.kms.katalon.core.common.CommonExecutor.accessTestCaseMainPhase(CommonExecutor.java:65)
	at com.kms.katalon.core.main.TestSuiteExecutor.accessTestSuiteMainPhase(TestSuiteExecutor.java:148)
	at com.kms.katalon.core.main.TestSuiteExecutor.execute(TestSuiteExecutor.java:106)
	at com.kms.katalon.core.main.TestCaseMain.startTestSuite(TestCaseMain.java:187)
	at com.kms.katalon.core.main.TestCaseMain$startTestSuite$0.call(Unknown Source)
	at TempTestSuite1701269945786.run(TempTestSuite1701269945786.groovy:36)
Caused by: org.openqa.selenium.NoSuchSessionException: Session ID is null. Using WebDriver after calling quit()?
Build info: version: '3.141.59', revision: 'e82be7d358', time: '2018-11-14T08:25:53'
System info: host: 'LAPTOP-EU75EJ55', ip: '192.168.56.1', os.name: 'Windows 10', os.arch: 'amd64', os.version: '10.0', java.version: '1.8.0_362'
Driver info: driver.version: RemoteWebDriver
	at org.openqa.selenium.remote.HttpCommandExecutor.execute(HttpCommandExecutor.java:125)
	at org.openqa.selenium.remote.service.DriverCommandExecutor.execute(DriverCommandExecutor.java:83)
	at org.openqa.selenium.remote.RemoteWebDriver.execute(RemoteWebDriver.java:552)
	at com.kms.katalon.selenium.driver.CChromeDriver.execute(CChromeDriver.java:19)
	at org.openqa.selenium.remote.RemoteWebDriver.findElements(RemoteWebDriver.java:353)
	at org.openqa.selenium.remote.RemoteWebDriver.findElementsByXPath(RemoteWebDriver.java:432)
	at org.openqa.selenium.By$ByXPath.findElements(By.java:348)
	at org.openqa.selenium.remote.RemoteWebDriver.findElements(RemoteWebDriver.java:311)
	at com.kms.katalon.core.webui.common.WebUiCommonHelper.findElementByNormalMethods(WebUiCommonHelper.java:1027)
	at com.kms.katalon.core.webui.common.WebUiCommonHelper.findElementsBySelectedMethod(WebUiCommonHelper.java:919)
	at com.kms.katalon.core.webui.common.WebUiCommonHelper.findElementsBySelectedMethod(WebUiCommonHelper.java:901)
	at com.kms.katalon.core.webui.common.WebUiCommonHelper.findElementsBySelectedMethod(WebUiCommonHelper.java:896)
	at com.kms.katalon.core.webui.common.WebUiCommonHelper.findElementsByDefault(WebUiCommonHelper.java:892)
	at com.kms.katalon.core.webui.common.WebUiCommonHelper.findWebElements(WebUiCommonHelper.java:720)
	at com.kms.katalon.core.webui.common.WebUiCommonHelper.findWebElement(WebUiCommonHelper.java:1376)
	at com.kms.katalon.core.webui.keyword.internal.WebUIAbstractKeyword.findWebElement(WebUIAbstractKeyword.groovy:27)
	at com.kms.katalon.core.webui.keyword.internal.WebUIAbstractKeyword.findWebElement(WebUIAbstractKeyword.groovy:26)
	at com.kms.katalon.core.webui.keyword.builtin.SetTextKeyword$_setText_closure1.doCall(SetTextKeyword.groovy:51)
	at com.kms.katalon.core.webui.keyword.builtin.SetTextKeyword$_setText_closure1.call(SetTextKeyword.groovy)
	at com.kms.katalon.core.webui.keyword.internal.WebUIKeywordMain.runKeyword(WebUIKeywordMain.groovy:20)
	at com.kms.katalon.core.webui.keyword.builtin.SetTextKeyword.setText(SetTextKeyword.groovy:66)
	at com.kms.katalon.core.webui.keyword.builtin.SetTextKeyword.execute(SetTextKeyword.groovy:37)
	at com.kms.katalon.core.keyword.internal.KeywordExecutor.executeKeywordForPlatform(KeywordExecutor.groovy:74)
	at com.kms.katalon.core.webui.keyword.WebUiBuiltInKeywords.setText(WebUiBuiltInKeywords.groovy:966)
	at com.kms.katalon.core.webui.keyword.WebUiBuiltInKeywords$setText$1.call(Unknown Source)
	at Script1700848517241.run(Script1700848517241.groovy:20)
	... 13 more
)

2023-11-29 11:59:40 - [TEST_STEP][FAILED] - setText(findTestObject("Object Repository/CDT03 - CDT04 - CDT05/Page_/input_E-mail_emailCadastro"), email, CONTINUE_ON_FAILURE): Unable to set text 'email@email.com' of object 'Object Repository/CDT03 - CDT04 - CDT05/Page_/input_E-mail_emailCadastro' (Root cause: com.kms.katalon.core.exception.StepFailedException: Unable to set text 'email@email.com' of object 'Object Repository/CDT03 - CDT04 - CDT05/Page_/input_E-mail_emailCadastro'
	at com.kms.katalon.core.webui.keyword.internal.WebUIKeywordMain.stepFailed(WebUIKeywordMain.groovy:64)
	at com.kms.katalon.core.webui.keyword.internal.WebUIKeywordMain.runKeyword(WebUIKeywordMain.groovy:26)
	at com.kms.katalon.core.webui.keyword.builtin.SetTextKeyword.setText(SetTextKeyword.groovy:66)
	at com.kms.katalon.core.webui.keyword.builtin.SetTextKeyword.execute(SetTextKeyword.groovy:37)
	at com.kms.katalon.core.keyword.internal.KeywordExecutor.executeKeywordForPlatform(KeywordExecutor.groovy:74)
	at com.kms.katalon.core.webui.keyword.WebUiBuiltInKeywords.setText(WebUiBuiltInKeywords.groovy:966)
	at com.kms.katalon.core.webui.keyword.WebUiBuiltInKeywords$setText$1.call(Unknown Source)
	at CDT03 - cadastro simples.run(CDT03 - cadastro simples:22)
	at com.kms.katalon.core.main.ScriptEngine.run(ScriptEngine.java:194)
	at com.kms.katalon.core.main.ScriptEngine.runScriptAsRawText(ScriptEngine.java:119)
	at com.kms.katalon.core.main.TestCaseExecutor.runScript(TestCaseExecutor.java:448)
	at com.kms.katalon.core.main.TestCaseExecutor.doExecute(TestCaseExecutor.java:439)
	at com.kms.katalon.core.main.TestCaseExecutor.processExecutionPhase(TestCaseExecutor.java:418)
	at com.kms.katalon.core.main.TestCaseExecutor.accessMainPhase(TestCaseExecutor.java:410)
	at com.kms.katalon.core.main.TestCaseExecutor.execute(TestCaseExecutor.java:285)
	at com.kms.katalon.core.common.CommonExecutor.accessTestCaseMainPhase(CommonExecutor.java:65)
	at com.kms.katalon.core.main.TestSuiteExecutor.accessTestSuiteMainPhase(TestSuiteExecutor.java:148)
	at com.kms.katalon.core.main.TestSuiteExecutor.execute(TestSuiteExecutor.java:106)
	at com.kms.katalon.core.main.TestCaseMain.startTestSuite(TestCaseMain.java:187)
	at com.kms.katalon.core.main.TestCaseMain$startTestSuite$0.call(Unknown Source)
	at TempTestSuite1701269945786.run(TempTestSuite1701269945786.groovy:36)
Caused by: org.openqa.selenium.NoSuchSessionException: Session ID is null. Using WebDriver after calling quit()?
Build info: version: '3.141.59', revision: 'e82be7d358', time: '2018-11-14T08:25:53'
System info: host: 'LAPTOP-EU75EJ55', ip: '192.168.56.1', os.name: 'Windows 10', os.arch: 'amd64', os.version: '10.0', java.version: '1.8.0_362'
Driver info: driver.version: RemoteWebDriver
	at org.openqa.selenium.remote.HttpCommandExecutor.execute(HttpCommandExecutor.java:125)
	at org.openqa.selenium.remote.service.DriverCommandExecutor.execute(DriverCommandExecutor.java:83)
	at org.openqa.selenium.remote.RemoteWebDriver.execute(RemoteWebDriver.java:552)
	at com.kms.katalon.selenium.driver.CChromeDriver.execute(CChromeDriver.java:19)
	at org.openqa.selenium.remote.RemoteWebDriver.findElements(RemoteWebDriver.java:353)
	at org.openqa.selenium.remote.RemoteWebDriver.findElementsByXPath(RemoteWebDriver.java:432)
	at org.openqa.selenium.By$ByXPath.findElements(By.java:348)
	at org.openqa.selenium.remote.RemoteWebDriver.findElements(RemoteWebDriver.java:311)
	at com.kms.katalon.core.webui.common.WebUiCommonHelper.findElementByNormalMethods(WebUiCommonHelper.java:1027)
	at com.kms.katalon.core.webui.common.WebUiCommonHelper.findElementsBySelectedMethod(WebUiCommonHelper.java:919)
	at com.kms.katalon.core.webui.common.WebUiCommonHelper.findElementsBySelectedMethod(WebUiCommonHelper.java:901)
	at com.kms.katalon.core.webui.common.WebUiCommonHelper.findElementsBySelectedMethod(WebUiCommonHelper.java:896)
	at com.kms.katalon.core.webui.common.WebUiCommonHelper.findElementsByDefault(WebUiCommonHelper.java:892)
	at com.kms.katalon.core.webui.common.WebUiCommonHelper.findWebElements(WebUiCommonHelper.java:720)
	at com.kms.katalon.core.webui.common.WebUiCommonHelper.findWebElement(WebUiCommonHelper.java:1376)
	at com.kms.katalon.core.webui.keyword.internal.WebUIAbstractKeyword.findWebElement(WebUIAbstractKeyword.groovy:27)
	at com.kms.katalon.core.webui.keyword.internal.WebUIAbstractKeyword.findWebElement(WebUIAbstractKeyword.groovy:26)
	at com.kms.katalon.core.webui.keyword.builtin.SetTextKeyword$_setText_closure1.doCall(SetTextKeyword.groovy:51)
	at com.kms.katalon.core.webui.keyword.builtin.SetTextKeyword$_setText_closure1.call(SetTextKeyword.groovy)
	at com.kms.katalon.core.webui.keyword.internal.WebUIKeywordMain.runKeyword(WebUIKeywordMain.groovy:20)
	at com.kms.katalon.core.webui.keyword.builtin.SetTextKeyword.setText(SetTextKeyword.groovy:66)
	at com.kms.katalon.core.webui.keyword.builtin.SetTextKeyword.execute(SetTextKeyword.groovy:37)
	at com.kms.katalon.core.keyword.internal.KeywordExecutor.executeKeywordForPlatform(KeywordExecutor.groovy:74)
	at com.kms.katalon.core.webui.keyword.WebUiBuiltInKeywords.setText(WebUiBuiltInKeywords.groovy:966)
	at com.kms.katalon.core.webui.keyword.WebUiBuiltInKeywords$setText$1.call(Unknown Source)
	at Script1700848517241.run(Script1700848517241.groovy:22)
	... 13 more
)

2023-11-29 11:59:40 - [MESSAGE][WARNING] - Cannot take screenshot

2023-11-29 11:59:40 - [MESSAGE][FAILED] - Unable to set text 'email@email.com' of object 'Object Repository/CDT03 - CDT04 - CDT05/Page_/input_E-mail_emailCadastro' (Root cause: com.kms.katalon.core.exception.StepFailedException: Unable to set text 'email@email.com' of object 'Object Repository/CDT03 - CDT04 - CDT05/Page_/input_E-mail_emailCadastro'
	at com.kms.katalon.core.webui.keyword.internal.WebUIKeywordMain.stepFailed(WebUIKeywordMain.groovy:64)
	at com.kms.katalon.core.webui.keyword.internal.WebUIKeywordMain.runKeyword(WebUIKeywordMain.groovy:26)
	at com.kms.katalon.core.webui.keyword.builtin.SetTextKeyword.setText(SetTextKeyword.groovy:66)
	at com.kms.katalon.core.webui.keyword.builtin.SetTextKeyword.execute(SetTextKeyword.groovy:37)
	at com.kms.katalon.core.keyword.internal.KeywordExecutor.executeKeywordForPlatform(KeywordExecutor.groovy:74)
	at com.kms.katalon.core.webui.keyword.WebUiBuiltInKeywords.setText(WebUiBuiltInKeywords.groovy:966)
	at com.kms.katalon.core.webui.keyword.WebUiBuiltInKeywords$setText$1.call(Unknown Source)
	at CDT03 - cadastro simples.run(CDT03 - cadastro simples:22)
	at com.kms.katalon.core.main.ScriptEngine.run(ScriptEngine.java:194)
	at com.kms.katalon.core.main.ScriptEngine.runScriptAsRawText(ScriptEngine.java:119)
	at com.kms.katalon.core.main.TestCaseExecutor.runScript(TestCaseExecutor.java:448)
	at com.kms.katalon.core.main.TestCaseExecutor.doExecute(TestCaseExecutor.java:439)
	at com.kms.katalon.core.main.TestCaseExecutor.processExecutionPhase(TestCaseExecutor.java:418)
	at com.kms.katalon.core.main.TestCaseExecutor.accessMainPhase(TestCaseExecutor.java:410)
	at com.kms.katalon.core.main.TestCaseExecutor.execute(TestCaseExecutor.java:285)
	at com.kms.katalon.core.common.CommonExecutor.accessTestCaseMainPhase(CommonExecutor.java:65)
	at com.kms.katalon.core.main.TestSuiteExecutor.accessTestSuiteMainPhase(TestSuiteExecutor.java:148)
	at com.kms.katalon.core.main.TestSuiteExecutor.execute(TestSuiteExecutor.java:106)
	at com.kms.katalon.core.main.TestCaseMain.startTestSuite(TestCaseMain.java:187)
	at com.kms.katalon.core.main.TestCaseMain$startTestSuite$0.call(Unknown Source)
	at TempTestSuite1701269945786.run(TempTestSuite1701269945786.groovy:36)
Caused by: org.openqa.selenium.NoSuchSessionException: Session ID is null. Using WebDriver after calling quit()?
Build info: version: '3.141.59', revision: 'e82be7d358', time: '2018-11-14T08:25:53'
System info: host: 'LAPTOP-EU75EJ55', ip: '192.168.56.1', os.name: 'Windows 10', os.arch: 'amd64', os.version: '10.0', java.version: '1.8.0_362'
Driver info: driver.version: RemoteWebDriver
	at org.openqa.selenium.remote.HttpCommandExecutor.execute(HttpCommandExecutor.java:125)
	at org.openqa.selenium.remote.service.DriverCommandExecutor.execute(DriverCommandExecutor.java:83)
	at org.openqa.selenium.remote.RemoteWebDriver.execute(RemoteWebDriver.java:552)
	at com.kms.katalon.selenium.driver.CChromeDriver.execute(CChromeDriver.java:19)
	at org.openqa.selenium.remote.RemoteWebDriver.findElements(RemoteWebDriver.java:353)
	at org.openqa.selenium.remote.RemoteWebDriver.findElementsByXPath(RemoteWebDriver.java:432)
	at org.openqa.selenium.By$ByXPath.findElements(By.java:348)
	at org.openqa.selenium.remote.RemoteWebDriver.findElements(RemoteWebDriver.java:311)
	at com.kms.katalon.core.webui.common.WebUiCommonHelper.findElementByNormalMethods(WebUiCommonHelper.java:1027)
	at com.kms.katalon.core.webui.common.WebUiCommonHelper.findElementsBySelectedMethod(WebUiCommonHelper.java:919)
	at com.kms.katalon.core.webui.common.WebUiCommonHelper.findElementsBySelectedMethod(WebUiCommonHelper.java:901)
	at com.kms.katalon.core.webui.common.WebUiCommonHelper.findElementsBySelectedMethod(WebUiCommonHelper.java:896)
	at com.kms.katalon.core.webui.common.WebUiCommonHelper.findElementsByDefault(WebUiCommonHelper.java:892)
	at com.kms.katalon.core.webui.common.WebUiCommonHelper.findWebElements(WebUiCommonHelper.java:720)
	at com.kms.katalon.core.webui.common.WebUiCommonHelper.findWebElement(WebUiCommonHelper.java:1376)
	at com.kms.katalon.core.webui.keyword.internal.WebUIAbstractKeyword.findWebElement(WebUIAbstractKeyword.groovy:27)
	at com.kms.katalon.core.webui.keyword.internal.WebUIAbstractKeyword.findWebElement(WebUIAbstractKeyword.groovy:26)
	at com.kms.katalon.core.webui.keyword.builtin.SetTextKeyword$_setText_closure1.doCall(SetTextKeyword.groovy:51)
	at com.kms.katalon.core.webui.keyword.builtin.SetTextKeyword$_setText_closure1.call(SetTextKeyword.groovy)
	at com.kms.katalon.core.webui.keyword.internal.WebUIKeywordMain.runKeyword(WebUIKeywordMain.groovy:20)
	at com.kms.katalon.core.webui.keyword.builtin.SetTextKeyword.setText(SetTextKeyword.groovy:66)
	at com.kms.katalon.core.webui.keyword.builtin.SetTextKeyword.execute(SetTextKeyword.groovy:37)
	at com.kms.katalon.core.keyword.internal.KeywordExecutor.executeKeywordForPlatform(KeywordExecutor.groovy:74)
	at com.kms.katalon.core.webui.keyword.WebUiBuiltInKeywords.setText(WebUiBuiltInKeywords.groovy:966)
	at com.kms.katalon.core.webui.keyword.WebUiBuiltInKeywords$setText$1.call(Unknown Source)
	at Script1700848517241.run(Script1700848517241.groovy:22)
	... 13 more
)

2023-11-29 11:59:40 - [TEST_STEP][FAILED] - setText(findTestObject("Object Repository/CDT03 - CDT04 - CDT05/Page_/input_DDD_dddTelCadastro"), ddd, CONTINUE_ON_FAILURE): Unable to set text '11' of object 'Object Repository/CDT03 - CDT04 - CDT05/Page_/input_DDD_dddTelCadastro' (Root cause: com.kms.katalon.core.exception.StepFailedException: Unable to set text '11' of object 'Object Repository/CDT03 - CDT04 - CDT05/Page_/input_DDD_dddTelCadastro'
	at com.kms.katalon.core.webui.keyword.internal.WebUIKeywordMain.stepFailed(WebUIKeywordMain.groovy:64)
	at com.kms.katalon.core.webui.keyword.internal.WebUIKeywordMain.runKeyword(WebUIKeywordMain.groovy:26)
	at com.kms.katalon.core.webui.keyword.builtin.SetTextKeyword.setText(SetTextKeyword.groovy:66)
	at com.kms.katalon.core.webui.keyword.builtin.SetTextKeyword.execute(SetTextKeyword.groovy:37)
	at com.kms.katalon.core.keyword.internal.KeywordExecutor.executeKeywordForPlatform(KeywordExecutor.groovy:74)
	at com.kms.katalon.core.webui.keyword.WebUiBuiltInKeywords.setText(WebUiBuiltInKeywords.groovy:966)
	at com.kms.katalon.core.webui.keyword.WebUiBuiltInKeywords$setText$1.call(Unknown Source)
	at CDT03 - cadastro simples.run(CDT03 - cadastro simples:24)
	at com.kms.katalon.core.main.ScriptEngine.run(ScriptEngine.java:194)
	at com.kms.katalon.core.main.ScriptEngine.runScriptAsRawText(ScriptEngine.java:119)
	at com.kms.katalon.core.main.TestCaseExecutor.runScript(TestCaseExecutor.java:448)
	at com.kms.katalon.core.main.TestCaseExecutor.doExecute(TestCaseExecutor.java:439)
	at com.kms.katalon.core.main.TestCaseExecutor.processExecutionPhase(TestCaseExecutor.java:418)
	at com.kms.katalon.core.main.TestCaseExecutor.accessMainPhase(TestCaseExecutor.java:410)
	at com.kms.katalon.core.main.TestCaseExecutor.execute(TestCaseExecutor.java:285)
	at com.kms.katalon.core.common.CommonExecutor.accessTestCaseMainPhase(CommonExecutor.java:65)
	at com.kms.katalon.core.main.TestSuiteExecutor.accessTestSuiteMainPhase(TestSuiteExecutor.java:148)
	at com.kms.katalon.core.main.TestSuiteExecutor.execute(TestSuiteExecutor.java:106)
	at com.kms.katalon.core.main.TestCaseMain.startTestSuite(TestCaseMain.java:187)
	at com.kms.katalon.core.main.TestCaseMain$startTestSuite$0.call(Unknown Source)
	at TempTestSuite1701269945786.run(TempTestSuite1701269945786.groovy:36)
Caused by: org.openqa.selenium.NoSuchSessionException: Session ID is null. Using WebDriver after calling quit()?
Build info: version: '3.141.59', revision: 'e82be7d358', time: '2018-11-14T08:25:53'
System info: host: 'LAPTOP-EU75EJ55', ip: '192.168.56.1', os.name: 'Windows 10', os.arch: 'amd64', os.version: '10.0', java.version: '1.8.0_362'
Driver info: driver.version: RemoteWebDriver
	at org.openqa.selenium.remote.HttpCommandExecutor.execute(HttpCommandExecutor.java:125)
	at org.openqa.selenium.remote.service.DriverCommandExecutor.execute(DriverCommandExecutor.java:83)
	at org.openqa.selenium.remote.RemoteWebDriver.execute(RemoteWebDriver.java:552)
	at com.kms.katalon.selenium.driver.CChromeDriver.execute(CChromeDriver.java:19)
	at org.openqa.selenium.remote.RemoteWebDriver.findElements(RemoteWebDriver.java:353)
	at org.openqa.selenium.remote.RemoteWebDriver.findElementsByXPath(RemoteWebDriver.java:432)
	at org.openqa.selenium.By$ByXPath.findElements(By.java:348)
	at org.openqa.selenium.remote.RemoteWebDriver.findElements(RemoteWebDriver.java:311)
	at com.kms.katalon.core.webui.common.WebUiCommonHelper.findElementByNormalMethods(WebUiCommonHelper.java:1027)
	at com.kms.katalon.core.webui.common.WebUiCommonHelper.findElementsBySelectedMethod(WebUiCommonHelper.java:919)
	at com.kms.katalon.core.webui.common.WebUiCommonHelper.findElementsBySelectedMethod(WebUiCommonHelper.java:901)
	at com.kms.katalon.core.webui.common.WebUiCommonHelper.findElementsBySelectedMethod(WebUiCommonHelper.java:896)
	at com.kms.katalon.core.webui.common.WebUiCommonHelper.findElementsByDefault(WebUiCommonHelper.java:892)
	at com.kms.katalon.core.webui.common.WebUiCommonHelper.findWebElements(WebUiCommonHelper.java:720)
	at com.kms.katalon.core.webui.common.WebUiCommonHelper.findWebElement(WebUiCommonHelper.java:1376)
	at com.kms.katalon.core.webui.keyword.internal.WebUIAbstractKeyword.findWebElement(WebUIAbstractKeyword.groovy:27)
	at com.kms.katalon.core.webui.keyword.internal.WebUIAbstractKeyword.findWebElement(WebUIAbstractKeyword.groovy:26)
	at com.kms.katalon.core.webui.keyword.builtin.SetTextKeyword$_setText_closure1.doCall(SetTextKeyword.groovy:51)
	at com.kms.katalon.core.webui.keyword.builtin.SetTextKeyword$_setText_closure1.call(SetTextKeyword.groovy)
	at com.kms.katalon.core.webui.keyword.internal.WebUIKeywordMain.runKeyword(WebUIKeywordMain.groovy:20)
	at com.kms.katalon.core.webui.keyword.builtin.SetTextKeyword.setText(SetTextKeyword.groovy:66)
	at com.kms.katalon.core.webui.keyword.builtin.SetTextKeyword.execute(SetTextKeyword.groovy:37)
	at com.kms.katalon.core.keyword.internal.KeywordExecutor.executeKeywordForPlatform(KeywordExecutor.groovy:74)
	at com.kms.katalon.core.webui.keyword.WebUiBuiltInKeywords.setText(WebUiBuiltInKeywords.groovy:966)
	at com.kms.katalon.core.webui.keyword.WebUiBuiltInKeywords$setText$1.call(Unknown Source)
	at Script1700848517241.run(Script1700848517241.groovy:24)
	... 13 more
)

2023-11-29 11:59:40 - [MESSAGE][WARNING] - Cannot take screenshot

2023-11-29 11:59:40 - [MESSAGE][FAILED] - Unable to set text '11' of object 'Object Repository/CDT03 - CDT04 - CDT05/Page_/input_DDD_dddTelCadastro' (Root cause: com.kms.katalon.core.exception.StepFailedException: Unable to set text '11' of object 'Object Repository/CDT03 - CDT04 - CDT05/Page_/input_DDD_dddTelCadastro'
	at com.kms.katalon.core.webui.keyword.internal.WebUIKeywordMain.stepFailed(WebUIKeywordMain.groovy:64)
	at com.kms.katalon.core.webui.keyword.internal.WebUIKeywordMain.runKeyword(WebUIKeywordMain.groovy:26)
	at com.kms.katalon.core.webui.keyword.builtin.SetTextKeyword.setText(SetTextKeyword.groovy:66)
	at com.kms.katalon.core.webui.keyword.builtin.SetTextKeyword.execute(SetTextKeyword.groovy:37)
	at com.kms.katalon.core.keyword.internal.KeywordExecutor.executeKeywordForPlatform(KeywordExecutor.groovy:74)
	at com.kms.katalon.core.webui.keyword.WebUiBuiltInKeywords.setText(WebUiBuiltInKeywords.groovy:966)
	at com.kms.katalon.core.webui.keyword.WebUiBuiltInKeywords$setText$1.call(Unknown Source)
	at CDT03 - cadastro simples.run(CDT03 - cadastro simples:24)
	at com.kms.katalon.core.main.ScriptEngine.run(ScriptEngine.java:194)
	at com.kms.katalon.core.main.ScriptEngine.runScriptAsRawText(ScriptEngine.java:119)
	at com.kms.katalon.core.main.TestCaseExecutor.runScript(TestCaseExecutor.java:448)
	at com.kms.katalon.core.main.TestCaseExecutor.doExecute(TestCaseExecutor.java:439)
	at com.kms.katalon.core.main.TestCaseExecutor.processExecutionPhase(TestCaseExecutor.java:418)
	at com.kms.katalon.core.main.TestCaseExecutor.accessMainPhase(TestCaseExecutor.java:410)
	at com.kms.katalon.core.main.TestCaseExecutor.execute(TestCaseExecutor.java:285)
	at com.kms.katalon.core.common.CommonExecutor.accessTestCaseMainPhase(CommonExecutor.java:65)
	at com.kms.katalon.core.main.TestSuiteExecutor.accessTestSuiteMainPhase(TestSuiteExecutor.java:148)
	at com.kms.katalon.core.main.TestSuiteExecutor.execute(TestSuiteExecutor.java:106)
	at com.kms.katalon.core.main.TestCaseMain.startTestSuite(TestCaseMain.java:187)
	at com.kms.katalon.core.main.TestCaseMain$startTestSuite$0.call(Unknown Source)
	at TempTestSuite1701269945786.run(TempTestSuite1701269945786.groovy:36)
Caused by: org.openqa.selenium.NoSuchSessionException: Session ID is null. Using WebDriver after calling quit()?
Build info: version: '3.141.59', revision: 'e82be7d358', time: '2018-11-14T08:25:53'
System info: host: 'LAPTOP-EU75EJ55', ip: '192.168.56.1', os.name: 'Windows 10', os.arch: 'amd64', os.version: '10.0', java.version: '1.8.0_362'
Driver info: driver.version: RemoteWebDriver
	at org.openqa.selenium.remote.HttpCommandExecutor.execute(HttpCommandExecutor.java:125)
	at org.openqa.selenium.remote.service.DriverCommandExecutor.execute(DriverCommandExecutor.java:83)
	at org.openqa.selenium.remote.RemoteWebDriver.execute(RemoteWebDriver.java:552)
	at com.kms.katalon.selenium.driver.CChromeDriver.execute(CChromeDriver.java:19)
	at org.openqa.selenium.remote.RemoteWebDriver.findElements(RemoteWebDriver.java:353)
	at org.openqa.selenium.remote.RemoteWebDriver.findElementsByXPath(RemoteWebDriver.java:432)
	at org.openqa.selenium.By$ByXPath.findElements(By.java:348)
	at org.openqa.selenium.remote.RemoteWebDriver.findElements(RemoteWebDriver.java:311)
	at com.kms.katalon.core.webui.common.WebUiCommonHelper.findElementByNormalMethods(WebUiCommonHelper.java:1027)
	at com.kms.katalon.core.webui.common.WebUiCommonHelper.findElementsBySelectedMethod(WebUiCommonHelper.java:919)
	at com.kms.katalon.core.webui.common.WebUiCommonHelper.findElementsBySelectedMethod(WebUiCommonHelper.java:901)
	at com.kms.katalon.core.webui.common.WebUiCommonHelper.findElementsBySelectedMethod(WebUiCommonHelper.java:896)
	at com.kms.katalon.core.webui.common.WebUiCommonHelper.findElementsByDefault(WebUiCommonHelper.java:892)
	at com.kms.katalon.core.webui.common.WebUiCommonHelper.findWebElements(WebUiCommonHelper.java:720)
	at com.kms.katalon.core.webui.common.WebUiCommonHelper.findWebElement(WebUiCommonHelper.java:1376)
	at com.kms.katalon.core.webui.keyword.internal.WebUIAbstractKeyword.findWebElement(WebUIAbstractKeyword.groovy:27)
	at com.kms.katalon.core.webui.keyword.internal.WebUIAbstractKeyword.findWebElement(WebUIAbstractKeyword.groovy:26)
	at com.kms.katalon.core.webui.keyword.builtin.SetTextKeyword$_setText_closure1.doCall(SetTextKeyword.groovy:51)
	at com.kms.katalon.core.webui.keyword.builtin.SetTextKeyword$_setText_closure1.call(SetTextKeyword.groovy)
	at com.kms.katalon.core.webui.keyword.internal.WebUIKeywordMain.runKeyword(WebUIKeywordMain.groovy:20)
	at com.kms.katalon.core.webui.keyword.builtin.SetTextKeyword.setText(SetTextKeyword.groovy:66)
	at com.kms.katalon.core.webui.keyword.builtin.SetTextKeyword.execute(SetTextKeyword.groovy:37)
	at com.kms.katalon.core.keyword.internal.KeywordExecutor.executeKeywordForPlatform(KeywordExecutor.groovy:74)
	at com.kms.katalon.core.webui.keyword.WebUiBuiltInKeywords.setText(WebUiBuiltInKeywords.groovy:966)
	at com.kms.katalon.core.webui.keyword.WebUiBuiltInKeywords$setText$1.call(Unknown Source)
	at Script1700848517241.run(Script1700848517241.groovy:24)
	... 13 more
)

2023-11-29 11:59:40 - [TEST_STEP][FAILED] - setText(findTestObject("Object Repository/CDT03 - CDT04 - CDT05/Page_/input_Telefone_telCadastro"), telefone, CONTINUE_ON_FAILURE): Unable to set text '222222222' of object 'Object Repository/CDT03 - CDT04 - CDT05/Page_/input_Telefone_telCadastro' (Root cause: com.kms.katalon.core.exception.StepFailedException: Unable to set text '222222222' of object 'Object Repository/CDT03 - CDT04 - CDT05/Page_/input_Telefone_telCadastro'
	at com.kms.katalon.core.webui.keyword.internal.WebUIKeywordMain.stepFailed(WebUIKeywordMain.groovy:64)
	at com.kms.katalon.core.webui.keyword.internal.WebUIKeywordMain.runKeyword(WebUIKeywordMain.groovy:26)
	at com.kms.katalon.core.webui.keyword.builtin.SetTextKeyword.setText(SetTextKeyword.groovy:66)
	at com.kms.katalon.core.webui.keyword.builtin.SetTextKeyword.execute(SetTextKeyword.groovy:37)
	at com.kms.katalon.core.keyword.internal.KeywordExecutor.executeKeywordForPlatform(KeywordExecutor.groovy:74)
	at com.kms.katalon.core.webui.keyword.WebUiBuiltInKeywords.setText(WebUiBuiltInKeywords.groovy:966)
	at com.kms.katalon.core.webui.keyword.WebUiBuiltInKeywords$setText$1.call(Unknown Source)
	at CDT03 - cadastro simples.run(CDT03 - cadastro simples:26)
	at com.kms.katalon.core.main.ScriptEngine.run(ScriptEngine.java:194)
	at com.kms.katalon.core.main.ScriptEngine.runScriptAsRawText(ScriptEngine.java:119)
	at com.kms.katalon.core.main.TestCaseExecutor.runScript(TestCaseExecutor.java:448)
	at com.kms.katalon.core.main.TestCaseExecutor.doExecute(TestCaseExecutor.java:439)
	at com.kms.katalon.core.main.TestCaseExecutor.processExecutionPhase(TestCaseExecutor.java:418)
	at com.kms.katalon.core.main.TestCaseExecutor.accessMainPhase(TestCaseExecutor.java:410)
	at com.kms.katalon.core.main.TestCaseExecutor.execute(TestCaseExecutor.java:285)
	at com.kms.katalon.core.common.CommonExecutor.accessTestCaseMainPhase(CommonExecutor.java:65)
	at com.kms.katalon.core.main.TestSuiteExecutor.accessTestSuiteMainPhase(TestSuiteExecutor.java:148)
	at com.kms.katalon.core.main.TestSuiteExecutor.execute(TestSuiteExecutor.java:106)
	at com.kms.katalon.core.main.TestCaseMain.startTestSuite(TestCaseMain.java:187)
	at com.kms.katalon.core.main.TestCaseMain$startTestSuite$0.call(Unknown Source)
	at TempTestSuite1701269945786.run(TempTestSuite1701269945786.groovy:36)
Caused by: org.openqa.selenium.NoSuchSessionException: Session ID is null. Using WebDriver after calling quit()?
Build info: version: '3.141.59', revision: 'e82be7d358', time: '2018-11-14T08:25:53'
System info: host: 'LAPTOP-EU75EJ55', ip: '192.168.56.1', os.name: 'Windows 10', os.arch: 'amd64', os.version: '10.0', java.version: '1.8.0_362'
Driver info: driver.version: RemoteWebDriver
	at org.openqa.selenium.remote.HttpCommandExecutor.execute(HttpCommandExecutor.java:125)
	at org.openqa.selenium.remote.service.DriverCommandExecutor.execute(DriverCommandExecutor.java:83)
	at org.openqa.selenium.remote.RemoteWebDriver.execute(RemoteWebDriver.java:552)
	at com.kms.katalon.selenium.driver.CChromeDriver.execute(CChromeDriver.java:19)
	at org.openqa.selenium.remote.RemoteWebDriver.findElements(RemoteWebDriver.java:353)
	at org.openqa.selenium.remote.RemoteWebDriver.findElementsByXPath(RemoteWebDriver.java:432)
	at org.openqa.selenium.By$ByXPath.findElements(By.java:348)
	at org.openqa.selenium.remote.RemoteWebDriver.findElements(RemoteWebDriver.java:311)
	at com.kms.katalon.core.webui.common.WebUiCommonHelper.findElementByNormalMethods(WebUiCommonHelper.java:1027)
	at com.kms.katalon.core.webui.common.WebUiCommonHelper.findElementsBySelectedMethod(WebUiCommonHelper.java:919)
	at com.kms.katalon.core.webui.common.WebUiCommonHelper.findElementsBySelectedMethod(WebUiCommonHelper.java:901)
	at com.kms.katalon.core.webui.common.WebUiCommonHelper.findElementsBySelectedMethod(WebUiCommonHelper.java:896)
	at com.kms.katalon.core.webui.common.WebUiCommonHelper.findElementsByDefault(WebUiCommonHelper.java:892)
	at com.kms.katalon.core.webui.common.WebUiCommonHelper.findWebElements(WebUiCommonHelper.java:720)
	at com.kms.katalon.core.webui.common.WebUiCommonHelper.findWebElement(WebUiCommonHelper.java:1376)
	at com.kms.katalon.core.webui.keyword.internal.WebUIAbstractKeyword.findWebElement(WebUIAbstractKeyword.groovy:27)
	at com.kms.katalon.core.webui.keyword.internal.WebUIAbstractKeyword.findWebElement(WebUIAbstractKeyword.groovy:26)
	at com.kms.katalon.core.webui.keyword.builtin.SetTextKeyword$_setText_closure1.doCall(SetTextKeyword.groovy:51)
	at com.kms.katalon.core.webui.keyword.builtin.SetTextKeyword$_setText_closure1.call(SetTextKeyword.groovy)
	at com.kms.katalon.core.webui.keyword.internal.WebUIKeywordMain.runKeyword(WebUIKeywordMain.groovy:20)
	at com.kms.katalon.core.webui.keyword.builtin.SetTextKeyword.setText(SetTextKeyword.groovy:66)
	at com.kms.katalon.core.webui.keyword.builtin.SetTextKeyword.execute(SetTextKeyword.groovy:37)
	at com.kms.katalon.core.keyword.internal.KeywordExecutor.executeKeywordForPlatform(KeywordExecutor.groovy:74)
	at com.kms.katalon.core.webui.keyword.WebUiBuiltInKeywords.setText(WebUiBuiltInKeywords.groovy:966)
	at com.kms.katalon.core.webui.keyword.WebUiBuiltInKeywords$setText$1.call(Unknown Source)
	at Script1700848517241.run(Script1700848517241.groovy:26)
	... 13 more
)

2023-11-29 11:59:40 - [MESSAGE][WARNING] - Cannot take screenshot

2023-11-29 11:59:40 - [MESSAGE][FAILED] - Unable to set text '222222222' of object 'Object Repository/CDT03 - CDT04 - CDT05/Page_/input_Telefone_telCadastro' (Root cause: com.kms.katalon.core.exception.StepFailedException: Unable to set text '222222222' of object 'Object Repository/CDT03 - CDT04 - CDT05/Page_/input_Telefone_telCadastro'
	at com.kms.katalon.core.webui.keyword.internal.WebUIKeywordMain.stepFailed(WebUIKeywordMain.groovy:64)
	at com.kms.katalon.core.webui.keyword.internal.WebUIKeywordMain.runKeyword(WebUIKeywordMain.groovy:26)
	at com.kms.katalon.core.webui.keyword.builtin.SetTextKeyword.setText(SetTextKeyword.groovy:66)
	at com.kms.katalon.core.webui.keyword.builtin.SetTextKeyword.execute(SetTextKeyword.groovy:37)
	at com.kms.katalon.core.keyword.internal.KeywordExecutor.executeKeywordForPlatform(KeywordExecutor.groovy:74)
	at com.kms.katalon.core.webui.keyword.WebUiBuiltInKeywords.setText(WebUiBuiltInKeywords.groovy:966)
	at com.kms.katalon.core.webui.keyword.WebUiBuiltInKeywords$setText$1.call(Unknown Source)
	at CDT03 - cadastro simples.run(CDT03 - cadastro simples:26)
	at com.kms.katalon.core.main.ScriptEngine.run(ScriptEngine.java:194)
	at com.kms.katalon.core.main.ScriptEngine.runScriptAsRawText(ScriptEngine.java:119)
	at com.kms.katalon.core.main.TestCaseExecutor.runScript(TestCaseExecutor.java:448)
	at com.kms.katalon.core.main.TestCaseExecutor.doExecute(TestCaseExecutor.java:439)
	at com.kms.katalon.core.main.TestCaseExecutor.processExecutionPhase(TestCaseExecutor.java:418)
	at com.kms.katalon.core.main.TestCaseExecutor.accessMainPhase(TestCaseExecutor.java:410)
	at com.kms.katalon.core.main.TestCaseExecutor.execute(TestCaseExecutor.java:285)
	at com.kms.katalon.core.common.CommonExecutor.accessTestCaseMainPhase(CommonExecutor.java:65)
	at com.kms.katalon.core.main.TestSuiteExecutor.accessTestSuiteMainPhase(TestSuiteExecutor.java:148)
	at com.kms.katalon.core.main.TestSuiteExecutor.execute(TestSuiteExecutor.java:106)
	at com.kms.katalon.core.main.TestCaseMain.startTestSuite(TestCaseMain.java:187)
	at com.kms.katalon.core.main.TestCaseMain$startTestSuite$0.call(Unknown Source)
	at TempTestSuite1701269945786.run(TempTestSuite1701269945786.groovy:36)
Caused by: org.openqa.selenium.NoSuchSessionException: Session ID is null. Using WebDriver after calling quit()?
Build info: version: '3.141.59', revision: 'e82be7d358', time: '2018-11-14T08:25:53'
System info: host: 'LAPTOP-EU75EJ55', ip: '192.168.56.1', os.name: 'Windows 10', os.arch: 'amd64', os.version: '10.0', java.version: '1.8.0_362'
Driver info: driver.version: RemoteWebDriver
	at org.openqa.selenium.remote.HttpCommandExecutor.execute(HttpCommandExecutor.java:125)
	at org.openqa.selenium.remote.service.DriverCommandExecutor.execute(DriverCommandExecutor.java:83)
	at org.openqa.selenium.remote.RemoteWebDriver.execute(RemoteWebDriver.java:552)
	at com.kms.katalon.selenium.driver.CChromeDriver.execute(CChromeDriver.java:19)
	at org.openqa.selenium.remote.RemoteWebDriver.findElements(RemoteWebDriver.java:353)
	at org.openqa.selenium.remote.RemoteWebDriver.findElementsByXPath(RemoteWebDriver.java:432)
	at org.openqa.selenium.By$ByXPath.findElements(By.java:348)
	at org.openqa.selenium.remote.RemoteWebDriver.findElements(RemoteWebDriver.java:311)
	at com.kms.katalon.core.webui.common.WebUiCommonHelper.findElementByNormalMethods(WebUiCommonHelper.java:1027)
	at com.kms.katalon.core.webui.common.WebUiCommonHelper.findElementsBySelectedMethod(WebUiCommonHelper.java:919)
	at com.kms.katalon.core.webui.common.WebUiCommonHelper.findElementsBySelectedMethod(WebUiCommonHelper.java:901)
	at com.kms.katalon.core.webui.common.WebUiCommonHelper.findElementsBySelectedMethod(WebUiCommonHelper.java:896)
	at com.kms.katalon.core.webui.common.WebUiCommonHelper.findElementsByDefault(WebUiCommonHelper.java:892)
	at com.kms.katalon.core.webui.common.WebUiCommonHelper.findWebElements(WebUiCommonHelper.java:720)
	at com.kms.katalon.core.webui.common.WebUiCommonHelper.findWebElement(WebUiCommonHelper.java:1376)
	at com.kms.katalon.core.webui.keyword.internal.WebUIAbstractKeyword.findWebElement(WebUIAbstractKeyword.groovy:27)
	at com.kms.katalon.core.webui.keyword.internal.WebUIAbstractKeyword.findWebElement(WebUIAbstractKeyword.groovy:26)
	at com.kms.katalon.core.webui.keyword.builtin.SetTextKeyword$_setText_closure1.doCall(SetTextKeyword.groovy:51)
	at com.kms.katalon.core.webui.keyword.builtin.SetTextKeyword$_setText_closure1.call(SetTextKeyword.groovy)
	at com.kms.katalon.core.webui.keyword.internal.WebUIKeywordMain.runKeyword(WebUIKeywordMain.groovy:20)
	at com.kms.katalon.core.webui.keyword.builtin.SetTextKeyword.setText(SetTextKeyword.groovy:66)
	at com.kms.katalon.core.webui.keyword.builtin.SetTextKeyword.execute(SetTextKeyword.groovy:37)
	at com.kms.katalon.core.keyword.internal.KeywordExecutor.executeKeywordForPlatform(KeywordExecutor.groovy:74)
	at com.kms.katalon.core.webui.keyword.WebUiBuiltInKeywords.setText(WebUiBuiltInKeywords.groovy:966)
	at com.kms.katalon.core.webui.keyword.WebUiBuiltInKeywords$setText$1.call(Unknown Source)
	at Script1700848517241.run(Script1700848517241.groovy:26)
	... 13 more
)

2023-11-29 11:59:40 - [TEST_STEP][FAILED] - setText(findTestObject("Object Repository/CDT03 - CDT04 - CDT05/Page_/input_Usurio_loginCadastro"), usuario, CONTINUE_ON_FAILURE): Unable to set text 'teste' of object 'Object Repository/CDT03 - CDT04 - CDT05/Page_/input_Usurio_loginCadastro' (Root cause: com.kms.katalon.core.exception.StepFailedException: Unable to set text 'teste' of object 'Object Repository/CDT03 - CDT04 - CDT05/Page_/input_Usurio_loginCadastro'
	at com.kms.katalon.core.webui.keyword.internal.WebUIKeywordMain.stepFailed(WebUIKeywordMain.groovy:64)
	at com.kms.katalon.core.webui.keyword.internal.WebUIKeywordMain.runKeyword(WebUIKeywordMain.groovy:26)
	at com.kms.katalon.core.webui.keyword.builtin.SetTextKeyword.setText(SetTextKeyword.groovy:66)
	at com.kms.katalon.core.webui.keyword.builtin.SetTextKeyword.execute(SetTextKeyword.groovy:37)
	at com.kms.katalon.core.keyword.internal.KeywordExecutor.executeKeywordForPlatform(KeywordExecutor.groovy:74)
	at com.kms.katalon.core.webui.keyword.WebUiBuiltInKeywords.setText(WebUiBuiltInKeywords.groovy:966)
	at com.kms.katalon.core.webui.keyword.WebUiBuiltInKeywords$setText$1.call(Unknown Source)
	at CDT03 - cadastro simples.run(CDT03 - cadastro simples:28)
	at com.kms.katalon.core.main.ScriptEngine.run(ScriptEngine.java:194)
	at com.kms.katalon.core.main.ScriptEngine.runScriptAsRawText(ScriptEngine.java:119)
	at com.kms.katalon.core.main.TestCaseExecutor.runScript(TestCaseExecutor.java:448)
	at com.kms.katalon.core.main.TestCaseExecutor.doExecute(TestCaseExecutor.java:439)
	at com.kms.katalon.core.main.TestCaseExecutor.processExecutionPhase(TestCaseExecutor.java:418)
	at com.kms.katalon.core.main.TestCaseExecutor.accessMainPhase(TestCaseExecutor.java:410)
	at com.kms.katalon.core.main.TestCaseExecutor.execute(TestCaseExecutor.java:285)
	at com.kms.katalon.core.common.CommonExecutor.accessTestCaseMainPhase(CommonExecutor.java:65)
	at com.kms.katalon.core.main.TestSuiteExecutor.accessTestSuiteMainPhase(TestSuiteExecutor.java:148)
	at com.kms.katalon.core.main.TestSuiteExecutor.execute(TestSuiteExecutor.java:106)
	at com.kms.katalon.core.main.TestCaseMain.startTestSuite(TestCaseMain.java:187)
	at com.kms.katalon.core.main.TestCaseMain$startTestSuite$0.call(Unknown Source)
	at TempTestSuite1701269945786.run(TempTestSuite1701269945786.groovy:36)
Caused by: org.openqa.selenium.NoSuchSessionException: Session ID is null. Using WebDriver after calling quit()?
Build info: version: '3.141.59', revision: 'e82be7d358', time: '2018-11-14T08:25:53'
System info: host: 'LAPTOP-EU75EJ55', ip: '192.168.56.1', os.name: 'Windows 10', os.arch: 'amd64', os.version: '10.0', java.version: '1.8.0_362'
Driver info: driver.version: RemoteWebDriver
	at org.openqa.selenium.remote.HttpCommandExecutor.execute(HttpCommandExecutor.java:125)
	at org.openqa.selenium.remote.service.DriverCommandExecutor.execute(DriverCommandExecutor.java:83)
	at org.openqa.selenium.remote.RemoteWebDriver.execute(RemoteWebDriver.java:552)
	at com.kms.katalon.selenium.driver.CChromeDriver.execute(CChromeDriver.java:19)
	at org.openqa.selenium.remote.RemoteWebDriver.findElements(RemoteWebDriver.java:353)
	at org.openqa.selenium.remote.RemoteWebDriver.findElementsByXPath(RemoteWebDriver.java:432)
	at org.openqa.selenium.By$ByXPath.findElements(By.java:348)
	at org.openqa.selenium.remote.RemoteWebDriver.findElements(RemoteWebDriver.java:311)
	at com.kms.katalon.core.webui.common.WebUiCommonHelper.findElementByNormalMethods(WebUiCommonHelper.java:1027)
	at com.kms.katalon.core.webui.common.WebUiCommonHelper.findElementsBySelectedMethod(WebUiCommonHelper.java:919)
	at com.kms.katalon.core.webui.common.WebUiCommonHelper.findElementsBySelectedMethod(WebUiCommonHelper.java:901)
	at com.kms.katalon.core.webui.common.WebUiCommonHelper.findElementsBySelectedMethod(WebUiCommonHelper.java:896)
	at com.kms.katalon.core.webui.common.WebUiCommonHelper.findElementsByDefault(WebUiCommonHelper.java:892)
	at com.kms.katalon.core.webui.common.WebUiCommonHelper.findWebElements(WebUiCommonHelper.java:720)
	at com.kms.katalon.core.webui.common.WebUiCommonHelper.findWebElement(WebUiCommonHelper.java:1376)
	at com.kms.katalon.core.webui.keyword.internal.WebUIAbstractKeyword.findWebElement(WebUIAbstractKeyword.groovy:27)
	at com.kms.katalon.core.webui.keyword.internal.WebUIAbstractKeyword.findWebElement(WebUIAbstractKeyword.groovy:26)
	at com.kms.katalon.core.webui.keyword.builtin.SetTextKeyword$_setText_closure1.doCall(SetTextKeyword.groovy:51)
	at com.kms.katalon.core.webui.keyword.builtin.SetTextKeyword$_setText_closure1.call(SetTextKeyword.groovy)
	at com.kms.katalon.core.webui.keyword.internal.WebUIKeywordMain.runKeyword(WebUIKeywordMain.groovy:20)
	at com.kms.katalon.core.webui.keyword.builtin.SetTextKeyword.setText(SetTextKeyword.groovy:66)
	at com.kms.katalon.core.webui.keyword.builtin.SetTextKeyword.execute(SetTextKeyword.groovy:37)
	at com.kms.katalon.core.keyword.internal.KeywordExecutor.executeKeywordForPlatform(KeywordExecutor.groovy:74)
	at com.kms.katalon.core.webui.keyword.WebUiBuiltInKeywords.setText(WebUiBuiltInKeywords.groovy:966)
	at com.kms.katalon.core.webui.keyword.WebUiBuiltInKeywords$setText$1.call(Unknown Source)
	at Script1700848517241.run(Script1700848517241.groovy:28)
	... 13 more
)

2023-11-29 11:59:41 - [MESSAGE][WARNING] - Cannot take screenshot

2023-11-29 11:59:41 - [MESSAGE][FAILED] - Unable to set text 'teste' of object 'Object Repository/CDT03 - CDT04 - CDT05/Page_/input_Usurio_loginCadastro' (Root cause: com.kms.katalon.core.exception.StepFailedException: Unable to set text 'teste' of object 'Object Repository/CDT03 - CDT04 - CDT05/Page_/input_Usurio_loginCadastro'
	at com.kms.katalon.core.webui.keyword.internal.WebUIKeywordMain.stepFailed(WebUIKeywordMain.groovy:64)
	at com.kms.katalon.core.webui.keyword.internal.WebUIKeywordMain.runKeyword(WebUIKeywordMain.groovy:26)
	at com.kms.katalon.core.webui.keyword.builtin.SetTextKeyword.setText(SetTextKeyword.groovy:66)
	at com.kms.katalon.core.webui.keyword.builtin.SetTextKeyword.execute(SetTextKeyword.groovy:37)
	at com.kms.katalon.core.keyword.internal.KeywordExecutor.executeKeywordForPlatform(KeywordExecutor.groovy:74)
	at com.kms.katalon.core.webui.keyword.WebUiBuiltInKeywords.setText(WebUiBuiltInKeywords.groovy:966)
	at com.kms.katalon.core.webui.keyword.WebUiBuiltInKeywords$setText$1.call(Unknown Source)
	at CDT03 - cadastro simples.run(CDT03 - cadastro simples:28)
	at com.kms.katalon.core.main.ScriptEngine.run(ScriptEngine.java:194)
	at com.kms.katalon.core.main.ScriptEngine.runScriptAsRawText(ScriptEngine.java:119)
	at com.kms.katalon.core.main.TestCaseExecutor.runScript(TestCaseExecutor.java:448)
	at com.kms.katalon.core.main.TestCaseExecutor.doExecute(TestCaseExecutor.java:439)
	at com.kms.katalon.core.main.TestCaseExecutor.processExecutionPhase(TestCaseExecutor.java:418)
	at com.kms.katalon.core.main.TestCaseExecutor.accessMainPhase(TestCaseExecutor.java:410)
	at com.kms.katalon.core.main.TestCaseExecutor.execute(TestCaseExecutor.java:285)
	at com.kms.katalon.core.common.CommonExecutor.accessTestCaseMainPhase(CommonExecutor.java:65)
	at com.kms.katalon.core.main.TestSuiteExecutor.accessTestSuiteMainPhase(TestSuiteExecutor.java:148)
	at com.kms.katalon.core.main.TestSuiteExecutor.execute(TestSuiteExecutor.java:106)
	at com.kms.katalon.core.main.TestCaseMain.startTestSuite(TestCaseMain.java:187)
	at com.kms.katalon.core.main.TestCaseMain$startTestSuite$0.call(Unknown Source)
	at TempTestSuite1701269945786.run(TempTestSuite1701269945786.groovy:36)
Caused by: org.openqa.selenium.NoSuchSessionException: Session ID is null. Using WebDriver after calling quit()?
Build info: version: '3.141.59', revision: 'e82be7d358', time: '2018-11-14T08:25:53'
System info: host: 'LAPTOP-EU75EJ55', ip: '192.168.56.1', os.name: 'Windows 10', os.arch: 'amd64', os.version: '10.0', java.version: '1.8.0_362'
Driver info: driver.version: RemoteWebDriver
	at org.openqa.selenium.remote.HttpCommandExecutor.execute(HttpCommandExecutor.java:125)
	at org.openqa.selenium.remote.service.DriverCommandExecutor.execute(DriverCommandExecutor.java:83)
	at org.openqa.selenium.remote.RemoteWebDriver.execute(RemoteWebDriver.java:552)
	at com.kms.katalon.selenium.driver.CChromeDriver.execute(CChromeDriver.java:19)
	at org.openqa.selenium.remote.RemoteWebDriver.findElements(RemoteWebDriver.java:353)
	at org.openqa.selenium.remote.RemoteWebDriver.findElementsByXPath(RemoteWebDriver.java:432)
	at org.openqa.selenium.By$ByXPath.findElements(By.java:348)
	at org.openqa.selenium.remote.RemoteWebDriver.findElements(RemoteWebDriver.java:311)
	at com.kms.katalon.core.webui.common.WebUiCommonHelper.findElementByNormalMethods(WebUiCommonHelper.java:1027)
	at com.kms.katalon.core.webui.common.WebUiCommonHelper.findElementsBySelectedMethod(WebUiCommonHelper.java:919)
	at com.kms.katalon.core.webui.common.WebUiCommonHelper.findElementsBySelectedMethod(WebUiCommonHelper.java:901)
	at com.kms.katalon.core.webui.common.WebUiCommonHelper.findElementsBySelectedMethod(WebUiCommonHelper.java:896)
	at com.kms.katalon.core.webui.common.WebUiCommonHelper.findElementsByDefault(WebUiCommonHelper.java:892)
	at com.kms.katalon.core.webui.common.WebUiCommonHelper.findWebElements(WebUiCommonHelper.java:720)
	at com.kms.katalon.core.webui.common.WebUiCommonHelper.findWebElement(WebUiCommonHelper.java:1376)
	at com.kms.katalon.core.webui.keyword.internal.WebUIAbstractKeyword.findWebElement(WebUIAbstractKeyword.groovy:27)
	at com.kms.katalon.core.webui.keyword.internal.WebUIAbstractKeyword.findWebElement(WebUIAbstractKeyword.groovy:26)
	at com.kms.katalon.core.webui.keyword.builtin.SetTextKeyword$_setText_closure1.doCall(SetTextKeyword.groovy:51)
	at com.kms.katalon.core.webui.keyword.builtin.SetTextKeyword$_setText_closure1.call(SetTextKeyword.groovy)
	at com.kms.katalon.core.webui.keyword.internal.WebUIKeywordMain.runKeyword(WebUIKeywordMain.groovy:20)
	at com.kms.katalon.core.webui.keyword.builtin.SetTextKeyword.setText(SetTextKeyword.groovy:66)
	at com.kms.katalon.core.webui.keyword.builtin.SetTextKeyword.execute(SetTextKeyword.groovy:37)
	at com.kms.katalon.core.keyword.internal.KeywordExecutor.executeKeywordForPlatform(KeywordExecutor.groovy:74)
	at com.kms.katalon.core.webui.keyword.WebUiBuiltInKeywords.setText(WebUiBuiltInKeywords.groovy:966)
	at com.kms.katalon.core.webui.keyword.WebUiBuiltInKeywords$setText$1.call(Unknown Source)
	at Script1700848517241.run(Script1700848517241.groovy:28)
	... 13 more
)

2023-11-29 11:59:41 - [TEST_STEP][FAILED] - setText(findTestObject("Object Repository/CDT03 - CDT04 - CDT05/Page_/input_Senha_senhaCadastro"), senha, CONTINUE_ON_FAILURE): Unable to set text 'teste' of object 'Object Repository/CDT03 - CDT04 - CDT05/Page_/input_Senha_senhaCadastro' (Root cause: com.kms.katalon.core.exception.StepFailedException: Unable to set text 'teste' of object 'Object Repository/CDT03 - CDT04 - CDT05/Page_/input_Senha_senhaCadastro'
	at com.kms.katalon.core.webui.keyword.internal.WebUIKeywordMain.stepFailed(WebUIKeywordMain.groovy:64)
	at com.kms.katalon.core.webui.keyword.internal.WebUIKeywordMain.runKeyword(WebUIKeywordMain.groovy:26)
	at com.kms.katalon.core.webui.keyword.builtin.SetTextKeyword.setText(SetTextKeyword.groovy:66)
	at com.kms.katalon.core.webui.keyword.builtin.SetTextKeyword.execute(SetTextKeyword.groovy:37)
	at com.kms.katalon.core.keyword.internal.KeywordExecutor.executeKeywordForPlatform(KeywordExecutor.groovy:74)
	at com.kms.katalon.core.webui.keyword.WebUiBuiltInKeywords.setText(WebUiBuiltInKeywords.groovy:966)
	at com.kms.katalon.core.webui.keyword.WebUiBuiltInKeywords$setText$1.call(Unknown Source)
	at CDT03 - cadastro simples.run(CDT03 - cadastro simples:30)
	at com.kms.katalon.core.main.ScriptEngine.run(ScriptEngine.java:194)
	at com.kms.katalon.core.main.ScriptEngine.runScriptAsRawText(ScriptEngine.java:119)
	at com.kms.katalon.core.main.TestCaseExecutor.runScript(TestCaseExecutor.java:448)
	at com.kms.katalon.core.main.TestCaseExecutor.doExecute(TestCaseExecutor.java:439)
	at com.kms.katalon.core.main.TestCaseExecutor.processExecutionPhase(TestCaseExecutor.java:418)
	at com.kms.katalon.core.main.TestCaseExecutor.accessMainPhase(TestCaseExecutor.java:410)
	at com.kms.katalon.core.main.TestCaseExecutor.execute(TestCaseExecutor.java:285)
	at com.kms.katalon.core.common.CommonExecutor.accessTestCaseMainPhase(CommonExecutor.java:65)
	at com.kms.katalon.core.main.TestSuiteExecutor.accessTestSuiteMainPhase(TestSuiteExecutor.java:148)
	at com.kms.katalon.core.main.TestSuiteExecutor.execute(TestSuiteExecutor.java:106)
	at com.kms.katalon.core.main.TestCaseMain.startTestSuite(TestCaseMain.java:187)
	at com.kms.katalon.core.main.TestCaseMain$startTestSuite$0.call(Unknown Source)
	at TempTestSuite1701269945786.run(TempTestSuite1701269945786.groovy:36)
Caused by: org.openqa.selenium.NoSuchSessionException: Session ID is null. Using WebDriver after calling quit()?
Build info: version: '3.141.59', revision: 'e82be7d358', time: '2018-11-14T08:25:53'
System info: host: 'LAPTOP-EU75EJ55', ip: '192.168.56.1', os.name: 'Windows 10', os.arch: 'amd64', os.version: '10.0', java.version: '1.8.0_362'
Driver info: driver.version: RemoteWebDriver
	at org.openqa.selenium.remote.HttpCommandExecutor.execute(HttpCommandExecutor.java:125)
	at org.openqa.selenium.remote.service.DriverCommandExecutor.execute(DriverCommandExecutor.java:83)
	at org.openqa.selenium.remote.RemoteWebDriver.execute(RemoteWebDriver.java:552)
	at com.kms.katalon.selenium.driver.CChromeDriver.execute(CChromeDriver.java:19)
	at org.openqa.selenium.remote.RemoteWebDriver.findElements(RemoteWebDriver.java:353)
	at org.openqa.selenium.remote.RemoteWebDriver.findElementsByXPath(RemoteWebDriver.java:432)
	at org.openqa.selenium.By$ByXPath.findElements(By.java:348)
	at org.openqa.selenium.remote.RemoteWebDriver.findElements(RemoteWebDriver.java:311)
	at com.kms.katalon.core.webui.common.WebUiCommonHelper.findElementByNormalMethods(WebUiCommonHelper.java:1027)
	at com.kms.katalon.core.webui.common.WebUiCommonHelper.findElementsBySelectedMethod(WebUiCommonHelper.java:919)
	at com.kms.katalon.core.webui.common.WebUiCommonHelper.findElementsBySelectedMethod(WebUiCommonHelper.java:901)
	at com.kms.katalon.core.webui.common.WebUiCommonHelper.findElementsBySelectedMethod(WebUiCommonHelper.java:896)
	at com.kms.katalon.core.webui.common.WebUiCommonHelper.findElementsByDefault(WebUiCommonHelper.java:892)
	at com.kms.katalon.core.webui.common.WebUiCommonHelper.findWebElements(WebUiCommonHelper.java:720)
	at com.kms.katalon.core.webui.common.WebUiCommonHelper.findWebElement(WebUiCommonHelper.java:1376)
	at com.kms.katalon.core.webui.keyword.internal.WebUIAbstractKeyword.findWebElement(WebUIAbstractKeyword.groovy:27)
	at com.kms.katalon.core.webui.keyword.internal.WebUIAbstractKeyword.findWebElement(WebUIAbstractKeyword.groovy:26)
	at com.kms.katalon.core.webui.keyword.builtin.SetTextKeyword$_setText_closure1.doCall(SetTextKeyword.groovy:51)
	at com.kms.katalon.core.webui.keyword.builtin.SetTextKeyword$_setText_closure1.call(SetTextKeyword.groovy)
	at com.kms.katalon.core.webui.keyword.internal.WebUIKeywordMain.runKeyword(WebUIKeywordMain.groovy:20)
	at com.kms.katalon.core.webui.keyword.builtin.SetTextKeyword.setText(SetTextKeyword.groovy:66)
	at com.kms.katalon.core.webui.keyword.builtin.SetTextKeyword.execute(SetTextKeyword.groovy:37)
	at com.kms.katalon.core.keyword.internal.KeywordExecutor.executeKeywordForPlatform(KeywordExecutor.groovy:74)
	at com.kms.katalon.core.webui.keyword.WebUiBuiltInKeywords.setText(WebUiBuiltInKeywords.groovy:966)
	at com.kms.katalon.core.webui.keyword.WebUiBuiltInKeywords$setText$1.call(Unknown Source)
	at Script1700848517241.run(Script1700848517241.groovy:30)
	... 13 more
)

2023-11-29 11:59:41 - [MESSAGE][WARNING] - Cannot take screenshot

2023-11-29 11:59:41 - [MESSAGE][FAILED] - Unable to set text 'teste' of object 'Object Repository/CDT03 - CDT04 - CDT05/Page_/input_Senha_senhaCadastro' (Root cause: com.kms.katalon.core.exception.StepFailedException: Unable to set text 'teste' of object 'Object Repository/CDT03 - CDT04 - CDT05/Page_/input_Senha_senhaCadastro'
	at com.kms.katalon.core.webui.keyword.internal.WebUIKeywordMain.stepFailed(WebUIKeywordMain.groovy:64)
	at com.kms.katalon.core.webui.keyword.internal.WebUIKeywordMain.runKeyword(WebUIKeywordMain.groovy:26)
	at com.kms.katalon.core.webui.keyword.builtin.SetTextKeyword.setText(SetTextKeyword.groovy:66)
	at com.kms.katalon.core.webui.keyword.builtin.SetTextKeyword.execute(SetTextKeyword.groovy:37)
	at com.kms.katalon.core.keyword.internal.KeywordExecutor.executeKeywordForPlatform(KeywordExecutor.groovy:74)
	at com.kms.katalon.core.webui.keyword.WebUiBuiltInKeywords.setText(WebUiBuiltInKeywords.groovy:966)
	at com.kms.katalon.core.webui.keyword.WebUiBuiltInKeywords$setText$1.call(Unknown Source)
	at CDT03 - cadastro simples.run(CDT03 - cadastro simples:30)
	at com.kms.katalon.core.main.ScriptEngine.run(ScriptEngine.java:194)
	at com.kms.katalon.core.main.ScriptEngine.runScriptAsRawText(ScriptEngine.java:119)
	at com.kms.katalon.core.main.TestCaseExecutor.runScript(TestCaseExecutor.java:448)
	at com.kms.katalon.core.main.TestCaseExecutor.doExecute(TestCaseExecutor.java:439)
	at com.kms.katalon.core.main.TestCaseExecutor.processExecutionPhase(TestCaseExecutor.java:418)
	at com.kms.katalon.core.main.TestCaseExecutor.accessMainPhase(TestCaseExecutor.java:410)
	at com.kms.katalon.core.main.TestCaseExecutor.execute(TestCaseExecutor.java:285)
	at com.kms.katalon.core.common.CommonExecutor.accessTestCaseMainPhase(CommonExecutor.java:65)
	at com.kms.katalon.core.main.TestSuiteExecutor.accessTestSuiteMainPhase(TestSuiteExecutor.java:148)
	at com.kms.katalon.core.main.TestSuiteExecutor.execute(TestSuiteExecutor.java:106)
	at com.kms.katalon.core.main.TestCaseMain.startTestSuite(TestCaseMain.java:187)
	at com.kms.katalon.core.main.TestCaseMain$startTestSuite$0.call(Unknown Source)
	at TempTestSuite1701269945786.run(TempTestSuite1701269945786.groovy:36)
Caused by: org.openqa.selenium.NoSuchSessionException: Session ID is null. Using WebDriver after calling quit()?
Build info: version: '3.141.59', revision: 'e82be7d358', time: '2018-11-14T08:25:53'
System info: host: 'LAPTOP-EU75EJ55', ip: '192.168.56.1', os.name: 'Windows 10', os.arch: 'amd64', os.version: '10.0', java.version: '1.8.0_362'
Driver info: driver.version: RemoteWebDriver
	at org.openqa.selenium.remote.HttpCommandExecutor.execute(HttpCommandExecutor.java:125)
	at org.openqa.selenium.remote.service.DriverCommandExecutor.execute(DriverCommandExecutor.java:83)
	at org.openqa.selenium.remote.RemoteWebDriver.execute(RemoteWebDriver.java:552)
	at com.kms.katalon.selenium.driver.CChromeDriver.execute(CChromeDriver.java:19)
	at org.openqa.selenium.remote.RemoteWebDriver.findElements(RemoteWebDriver.java:353)
	at org.openqa.selenium.remote.RemoteWebDriver.findElementsByXPath(RemoteWebDriver.java:432)
	at org.openqa.selenium.By$ByXPath.findElements(By.java:348)
	at org.openqa.selenium.remote.RemoteWebDriver.findElements(RemoteWebDriver.java:311)
	at com.kms.katalon.core.webui.common.WebUiCommonHelper.findElementByNormalMethods(WebUiCommonHelper.java:1027)
	at com.kms.katalon.core.webui.common.WebUiCommonHelper.findElementsBySelectedMethod(WebUiCommonHelper.java:919)
	at com.kms.katalon.core.webui.common.WebUiCommonHelper.findElementsBySelectedMethod(WebUiCommonHelper.java:901)
	at com.kms.katalon.core.webui.common.WebUiCommonHelper.findElementsBySelectedMethod(WebUiCommonHelper.java:896)
	at com.kms.katalon.core.webui.common.WebUiCommonHelper.findElementsByDefault(WebUiCommonHelper.java:892)
	at com.kms.katalon.core.webui.common.WebUiCommonHelper.findWebElements(WebUiCommonHelper.java:720)
	at com.kms.katalon.core.webui.common.WebUiCommonHelper.findWebElement(WebUiCommonHelper.java:1376)
	at com.kms.katalon.core.webui.keyword.internal.WebUIAbstractKeyword.findWebElement(WebUIAbstractKeyword.groovy:27)
	at com.kms.katalon.core.webui.keyword.internal.WebUIAbstractKeyword.findWebElement(WebUIAbstractKeyword.groovy:26)
	at com.kms.katalon.core.webui.keyword.builtin.SetTextKeyword$_setText_closure1.doCall(SetTextKeyword.groovy:51)
	at com.kms.katalon.core.webui.keyword.builtin.SetTextKeyword$_setText_closure1.call(SetTextKeyword.groovy)
	at com.kms.katalon.core.webui.keyword.internal.WebUIKeywordMain.runKeyword(WebUIKeywordMain.groovy:20)
	at com.kms.katalon.core.webui.keyword.builtin.SetTextKeyword.setText(SetTextKeyword.groovy:66)
	at com.kms.katalon.core.webui.keyword.builtin.SetTextKeyword.execute(SetTextKeyword.groovy:37)
	at com.kms.katalon.core.keyword.internal.KeywordExecutor.executeKeywordForPlatform(KeywordExecutor.groovy:74)
	at com.kms.katalon.core.webui.keyword.WebUiBuiltInKeywords.setText(WebUiBuiltInKeywords.groovy:966)
	at com.kms.katalon.core.webui.keyword.WebUiBuiltInKeywords$setText$1.call(Unknown Source)
	at Script1700848517241.run(Script1700848517241.groovy:30)
	... 13 more
)

2023-11-29 11:59:41 - [TEST_STEP][FAILED] - setText(findTestObject("Object Repository/CDT03 - CDT04 - CDT05/Page_/input_Repetir a senha_form-control"), repetir_senha, CONTINUE_ON_FAILURE): Unable to set text 'teste' of object 'Object Repository/CDT03 - CDT04 - CDT05/Page_/input_Repetir a senha_form-control' (Root cause: com.kms.katalon.core.exception.StepFailedException: Unable to set text 'teste' of object 'Object Repository/CDT03 - CDT04 - CDT05/Page_/input_Repetir a senha_form-control'
	at com.kms.katalon.core.webui.keyword.internal.WebUIKeywordMain.stepFailed(WebUIKeywordMain.groovy:64)
	at com.kms.katalon.core.webui.keyword.internal.WebUIKeywordMain.runKeyword(WebUIKeywordMain.groovy:26)
	at com.kms.katalon.core.webui.keyword.builtin.SetTextKeyword.setText(SetTextKeyword.groovy:66)
	at com.kms.katalon.core.webui.keyword.builtin.SetTextKeyword.execute(SetTextKeyword.groovy:37)
	at com.kms.katalon.core.keyword.internal.KeywordExecutor.executeKeywordForPlatform(KeywordExecutor.groovy:74)
	at com.kms.katalon.core.webui.keyword.WebUiBuiltInKeywords.setText(WebUiBuiltInKeywords.groovy:966)
	at com.kms.katalon.core.webui.keyword.WebUiBuiltInKeywords$setText$1.call(Unknown Source)
	at CDT03 - cadastro simples.run(CDT03 - cadastro simples:32)
	at com.kms.katalon.core.main.ScriptEngine.run(ScriptEngine.java:194)
	at com.kms.katalon.core.main.ScriptEngine.runScriptAsRawText(ScriptEngine.java:119)
	at com.kms.katalon.core.main.TestCaseExecutor.runScript(TestCaseExecutor.java:448)
	at com.kms.katalon.core.main.TestCaseExecutor.doExecute(TestCaseExecutor.java:439)
	at com.kms.katalon.core.main.TestCaseExecutor.processExecutionPhase(TestCaseExecutor.java:418)
	at com.kms.katalon.core.main.TestCaseExecutor.accessMainPhase(TestCaseExecutor.java:410)
	at com.kms.katalon.core.main.TestCaseExecutor.execute(TestCaseExecutor.java:285)
	at com.kms.katalon.core.common.CommonExecutor.accessTestCaseMainPhase(CommonExecutor.java:65)
	at com.kms.katalon.core.main.TestSuiteExecutor.accessTestSuiteMainPhase(TestSuiteExecutor.java:148)
	at com.kms.katalon.core.main.TestSuiteExecutor.execute(TestSuiteExecutor.java:106)
	at com.kms.katalon.core.main.TestCaseMain.startTestSuite(TestCaseMain.java:187)
	at com.kms.katalon.core.main.TestCaseMain$startTestSuite$0.call(Unknown Source)
	at TempTestSuite1701269945786.run(TempTestSuite1701269945786.groovy:36)
Caused by: org.openqa.selenium.NoSuchSessionException: Session ID is null. Using WebDriver after calling quit()?
Build info: version: '3.141.59', revision: 'e82be7d358', time: '2018-11-14T08:25:53'
System info: host: 'LAPTOP-EU75EJ55', ip: '192.168.56.1', os.name: 'Windows 10', os.arch: 'amd64', os.version: '10.0', java.version: '1.8.0_362'
Driver info: driver.version: RemoteWebDriver
	at org.openqa.selenium.remote.HttpCommandExecutor.execute(HttpCommandExecutor.java:125)
	at org.openqa.selenium.remote.service.DriverCommandExecutor.execute(DriverCommandExecutor.java:83)
	at org.openqa.selenium.remote.RemoteWebDriver.execute(RemoteWebDriver.java:552)
	at com.kms.katalon.selenium.driver.CChromeDriver.execute(CChromeDriver.java:19)
	at org.openqa.selenium.remote.RemoteWebDriver.findElements(RemoteWebDriver.java:353)
	at org.openqa.selenium.remote.RemoteWebDriver.findElementsByXPath(RemoteWebDriver.java:432)
	at org.openqa.selenium.By$ByXPath.findElements(By.java:348)
	at org.openqa.selenium.remote.RemoteWebDriver.findElements(RemoteWebDriver.java:311)
	at com.kms.katalon.core.webui.common.WebUiCommonHelper.findElementByNormalMethods(WebUiCommonHelper.java:1027)
	at com.kms.katalon.core.webui.common.WebUiCommonHelper.findElementsBySelectedMethod(WebUiCommonHelper.java:919)
	at com.kms.katalon.core.webui.common.WebUiCommonHelper.findElementsBySelectedMethod(WebUiCommonHelper.java:901)
	at com.kms.katalon.core.webui.common.WebUiCommonHelper.findElementsBySelectedMethod(WebUiCommonHelper.java:896)
	at com.kms.katalon.core.webui.common.WebUiCommonHelper.findElementsByDefault(WebUiCommonHelper.java:892)
	at com.kms.katalon.core.webui.common.WebUiCommonHelper.findWebElements(WebUiCommonHelper.java:720)
	at com.kms.katalon.core.webui.common.WebUiCommonHelper.findWebElement(WebUiCommonHelper.java:1376)
	at com.kms.katalon.core.webui.keyword.internal.WebUIAbstractKeyword.findWebElement(WebUIAbstractKeyword.groovy:27)
	at com.kms.katalon.core.webui.keyword.internal.WebUIAbstractKeyword.findWebElement(WebUIAbstractKeyword.groovy:26)
	at com.kms.katalon.core.webui.keyword.builtin.SetTextKeyword$_setText_closure1.doCall(SetTextKeyword.groovy:51)
	at com.kms.katalon.core.webui.keyword.builtin.SetTextKeyword$_setText_closure1.call(SetTextKeyword.groovy)
	at com.kms.katalon.core.webui.keyword.internal.WebUIKeywordMain.runKeyword(WebUIKeywordMain.groovy:20)
	at com.kms.katalon.core.webui.keyword.builtin.SetTextKeyword.setText(SetTextKeyword.groovy:66)
	at com.kms.katalon.core.webui.keyword.builtin.SetTextKeyword.execute(SetTextKeyword.groovy:37)
	at com.kms.katalon.core.keyword.internal.KeywordExecutor.executeKeywordForPlatform(KeywordExecutor.groovy:74)
	at com.kms.katalon.core.webui.keyword.WebUiBuiltInKeywords.setText(WebUiBuiltInKeywords.groovy:966)
	at com.kms.katalon.core.webui.keyword.WebUiBuiltInKeywords$setText$1.call(Unknown Source)
	at Script1700848517241.run(Script1700848517241.groovy:32)
	... 13 more
)

2023-11-29 11:59:41 - [MESSAGE][WARNING] - Cannot take screenshot

2023-11-29 11:59:41 - [MESSAGE][FAILED] - Unable to set text 'teste' of object 'Object Repository/CDT03 - CDT04 - CDT05/Page_/input_Repetir a senha_form-control' (Root cause: com.kms.katalon.core.exception.StepFailedException: Unable to set text 'teste' of object 'Object Repository/CDT03 - CDT04 - CDT05/Page_/input_Repetir a senha_form-control'
	at com.kms.katalon.core.webui.keyword.internal.WebUIKeywordMain.stepFailed(WebUIKeywordMain.groovy:64)
	at com.kms.katalon.core.webui.keyword.internal.WebUIKeywordMain.runKeyword(WebUIKeywordMain.groovy:26)
	at com.kms.katalon.core.webui.keyword.builtin.SetTextKeyword.setText(SetTextKeyword.groovy:66)
	at com.kms.katalon.core.webui.keyword.builtin.SetTextKeyword.execute(SetTextKeyword.groovy:37)
	at com.kms.katalon.core.keyword.internal.KeywordExecutor.executeKeywordForPlatform(KeywordExecutor.groovy:74)
	at com.kms.katalon.core.webui.keyword.WebUiBuiltInKeywords.setText(WebUiBuiltInKeywords.groovy:966)
	at com.kms.katalon.core.webui.keyword.WebUiBuiltInKeywords$setText$1.call(Unknown Source)
	at CDT03 - cadastro simples.run(CDT03 - cadastro simples:32)
	at com.kms.katalon.core.main.ScriptEngine.run(ScriptEngine.java:194)
	at com.kms.katalon.core.main.ScriptEngine.runScriptAsRawText(ScriptEngine.java:119)
	at com.kms.katalon.core.main.TestCaseExecutor.runScript(TestCaseExecutor.java:448)
	at com.kms.katalon.core.main.TestCaseExecutor.doExecute(TestCaseExecutor.java:439)
	at com.kms.katalon.core.main.TestCaseExecutor.processExecutionPhase(TestCaseExecutor.java:418)
	at com.kms.katalon.core.main.TestCaseExecutor.accessMainPhase(TestCaseExecutor.java:410)
	at com.kms.katalon.core.main.TestCaseExecutor.execute(TestCaseExecutor.java:285)
	at com.kms.katalon.core.common.CommonExecutor.accessTestCaseMainPhase(CommonExecutor.java:65)
	at com.kms.katalon.core.main.TestSuiteExecutor.accessTestSuiteMainPhase(TestSuiteExecutor.java:148)
	at com.kms.katalon.core.main.TestSuiteExecutor.execute(TestSuiteExecutor.java:106)
	at com.kms.katalon.core.main.TestCaseMain.startTestSuite(TestCaseMain.java:187)
	at com.kms.katalon.core.main.TestCaseMain$startTestSuite$0.call(Unknown Source)
	at TempTestSuite1701269945786.run(TempTestSuite1701269945786.groovy:36)
Caused by: org.openqa.selenium.NoSuchSessionException: Session ID is null. Using WebDriver after calling quit()?
Build info: version: '3.141.59', revision: 'e82be7d358', time: '2018-11-14T08:25:53'
System info: host: 'LAPTOP-EU75EJ55', ip: '192.168.56.1', os.name: 'Windows 10', os.arch: 'amd64', os.version: '10.0', java.version: '1.8.0_362'
Driver info: driver.version: RemoteWebDriver
	at org.openqa.selenium.remote.HttpCommandExecutor.execute(HttpCommandExecutor.java:125)
	at org.openqa.selenium.remote.service.DriverCommandExecutor.execute(DriverCommandExecutor.java:83)
	at org.openqa.selenium.remote.RemoteWebDriver.execute(RemoteWebDriver.java:552)
	at com.kms.katalon.selenium.driver.CChromeDriver.execute(CChromeDriver.java:19)
	at org.openqa.selenium.remote.RemoteWebDriver.findElements(RemoteWebDriver.java:353)
	at org.openqa.selenium.remote.RemoteWebDriver.findElementsByXPath(RemoteWebDriver.java:432)
	at org.openqa.selenium.By$ByXPath.findElements(By.java:348)
	at org.openqa.selenium.remote.RemoteWebDriver.findElements(RemoteWebDriver.java:311)
	at com.kms.katalon.core.webui.common.WebUiCommonHelper.findElementByNormalMethods(WebUiCommonHelper.java:1027)
	at com.kms.katalon.core.webui.common.WebUiCommonHelper.findElementsBySelectedMethod(WebUiCommonHelper.java:919)
	at com.kms.katalon.core.webui.common.WebUiCommonHelper.findElementsBySelectedMethod(WebUiCommonHelper.java:901)
	at com.kms.katalon.core.webui.common.WebUiCommonHelper.findElementsBySelectedMethod(WebUiCommonHelper.java:896)
	at com.kms.katalon.core.webui.common.WebUiCommonHelper.findElementsByDefault(WebUiCommonHelper.java:892)
	at com.kms.katalon.core.webui.common.WebUiCommonHelper.findWebElements(WebUiCommonHelper.java:720)
	at com.kms.katalon.core.webui.common.WebUiCommonHelper.findWebElement(WebUiCommonHelper.java:1376)
	at com.kms.katalon.core.webui.keyword.internal.WebUIAbstractKeyword.findWebElement(WebUIAbstractKeyword.groovy:27)
	at com.kms.katalon.core.webui.keyword.internal.WebUIAbstractKeyword.findWebElement(WebUIAbstractKeyword.groovy:26)
	at com.kms.katalon.core.webui.keyword.builtin.SetTextKeyword$_setText_closure1.doCall(SetTextKeyword.groovy:51)
	at com.kms.katalon.core.webui.keyword.builtin.SetTextKeyword$_setText_closure1.call(SetTextKeyword.groovy)
	at com.kms.katalon.core.webui.keyword.internal.WebUIKeywordMain.runKeyword(WebUIKeywordMain.groovy:20)
	at com.kms.katalon.core.webui.keyword.builtin.SetTextKeyword.setText(SetTextKeyword.groovy:66)
	at com.kms.katalon.core.webui.keyword.builtin.SetTextKeyword.execute(SetTextKeyword.groovy:37)
	at com.kms.katalon.core.keyword.internal.KeywordExecutor.executeKeywordForPlatform(KeywordExecutor.groovy:74)
	at com.kms.katalon.core.webui.keyword.WebUiBuiltInKeywords.setText(WebUiBuiltInKeywords.groovy:966)
	at com.kms.katalon.core.webui.keyword.WebUiBuiltInKeywords$setText$1.call(Unknown Source)
	at Script1700848517241.run(Script1700848517241.groovy:32)
	... 13 more
)

2023-11-29 11:59:41 - [TEST_STEP][FAILED] - setText(findTestObject("Object Repository/CDT03 - CDT04 - CDT05/Page_/input_RuaAv_ruaCadastro"), rua, CONTINUE_ON_FAILURE): Unable to set text 'rua ' of object 'Object Repository/CDT03 - CDT04 - CDT05/Page_/input_RuaAv_ruaCadastro' (Root cause: com.kms.katalon.core.exception.StepFailedException: Unable to set text 'rua ' of object 'Object Repository/CDT03 - CDT04 - CDT05/Page_/input_RuaAv_ruaCadastro'
	at com.kms.katalon.core.webui.keyword.internal.WebUIKeywordMain.stepFailed(WebUIKeywordMain.groovy:64)
	at com.kms.katalon.core.webui.keyword.internal.WebUIKeywordMain.runKeyword(WebUIKeywordMain.groovy:26)
	at com.kms.katalon.core.webui.keyword.builtin.SetTextKeyword.setText(SetTextKeyword.groovy:66)
	at com.kms.katalon.core.webui.keyword.builtin.SetTextKeyword.execute(SetTextKeyword.groovy:37)
	at com.kms.katalon.core.keyword.internal.KeywordExecutor.executeKeywordForPlatform(KeywordExecutor.groovy:74)
	at com.kms.katalon.core.webui.keyword.WebUiBuiltInKeywords.setText(WebUiBuiltInKeywords.groovy:966)
	at com.kms.katalon.core.webui.keyword.WebUiBuiltInKeywords$setText$1.call(Unknown Source)
	at CDT03 - cadastro simples.run(CDT03 - cadastro simples:35)
	at com.kms.katalon.core.main.ScriptEngine.run(ScriptEngine.java:194)
	at com.kms.katalon.core.main.ScriptEngine.runScriptAsRawText(ScriptEngine.java:119)
	at com.kms.katalon.core.main.TestCaseExecutor.runScript(TestCaseExecutor.java:448)
	at com.kms.katalon.core.main.TestCaseExecutor.doExecute(TestCaseExecutor.java:439)
	at com.kms.katalon.core.main.TestCaseExecutor.processExecutionPhase(TestCaseExecutor.java:418)
	at com.kms.katalon.core.main.TestCaseExecutor.accessMainPhase(TestCaseExecutor.java:410)
	at com.kms.katalon.core.main.TestCaseExecutor.execute(TestCaseExecutor.java:285)
	at com.kms.katalon.core.common.CommonExecutor.accessTestCaseMainPhase(CommonExecutor.java:65)
	at com.kms.katalon.core.main.TestSuiteExecutor.accessTestSuiteMainPhase(TestSuiteExecutor.java:148)
	at com.kms.katalon.core.main.TestSuiteExecutor.execute(TestSuiteExecutor.java:106)
	at com.kms.katalon.core.main.TestCaseMain.startTestSuite(TestCaseMain.java:187)
	at com.kms.katalon.core.main.TestCaseMain$startTestSuite$0.call(Unknown Source)
	at TempTestSuite1701269945786.run(TempTestSuite1701269945786.groovy:36)
Caused by: org.openqa.selenium.NoSuchSessionException: Session ID is null. Using WebDriver after calling quit()?
Build info: version: '3.141.59', revision: 'e82be7d358', time: '2018-11-14T08:25:53'
System info: host: 'LAPTOP-EU75EJ55', ip: '192.168.56.1', os.name: 'Windows 10', os.arch: 'amd64', os.version: '10.0', java.version: '1.8.0_362'
Driver info: driver.version: RemoteWebDriver
	at org.openqa.selenium.remote.HttpCommandExecutor.execute(HttpCommandExecutor.java:125)
	at org.openqa.selenium.remote.service.DriverCommandExecutor.execute(DriverCommandExecutor.java:83)
	at org.openqa.selenium.remote.RemoteWebDriver.execute(RemoteWebDriver.java:552)
	at com.kms.katalon.selenium.driver.CChromeDriver.execute(CChromeDriver.java:19)
	at org.openqa.selenium.remote.RemoteWebDriver.findElements(RemoteWebDriver.java:353)
	at org.openqa.selenium.remote.RemoteWebDriver.findElementsByXPath(RemoteWebDriver.java:432)
	at org.openqa.selenium.By$ByXPath.findElements(By.java:348)
	at org.openqa.selenium.remote.RemoteWebDriver.findElements(RemoteWebDriver.java:311)
	at com.kms.katalon.core.webui.common.WebUiCommonHelper.findElementByNormalMethods(WebUiCommonHelper.java:1027)
	at com.kms.katalon.core.webui.common.WebUiCommonHelper.findElementsBySelectedMethod(WebUiCommonHelper.java:919)
	at com.kms.katalon.core.webui.common.WebUiCommonHelper.findElementsBySelectedMethod(WebUiCommonHelper.java:901)
	at com.kms.katalon.core.webui.common.WebUiCommonHelper.findElementsBySelectedMethod(WebUiCommonHelper.java:896)
	at com.kms.katalon.core.webui.common.WebUiCommonHelper.findElementsByDefault(WebUiCommonHelper.java:892)
	at com.kms.katalon.core.webui.common.WebUiCommonHelper.findWebElements(WebUiCommonHelper.java:720)
	at com.kms.katalon.core.webui.common.WebUiCommonHelper.findWebElement(WebUiCommonHelper.java:1376)
	at com.kms.katalon.core.webui.keyword.internal.WebUIAbstractKeyword.findWebElement(WebUIAbstractKeyword.groovy:27)
	at com.kms.katalon.core.webui.keyword.internal.WebUIAbstractKeyword.findWebElement(WebUIAbstractKeyword.groovy:26)
	at com.kms.katalon.core.webui.keyword.builtin.SetTextKeyword$_setText_closure1.doCall(SetTextKeyword.groovy:51)
	at com.kms.katalon.core.webui.keyword.builtin.SetTextKeyword$_setText_closure1.call(SetTextKeyword.groovy)
	at com.kms.katalon.core.webui.keyword.internal.WebUIKeywordMain.runKeyword(WebUIKeywordMain.groovy:20)
	at com.kms.katalon.core.webui.keyword.builtin.SetTextKeyword.setText(SetTextKeyword.groovy:66)
	at com.kms.katalon.core.webui.keyword.builtin.SetTextKeyword.execute(SetTextKeyword.groovy:37)
	at com.kms.katalon.core.keyword.internal.KeywordExecutor.executeKeywordForPlatform(KeywordExecutor.groovy:74)
	at com.kms.katalon.core.webui.keyword.WebUiBuiltInKeywords.setText(WebUiBuiltInKeywords.groovy:966)
	at com.kms.katalon.core.webui.keyword.WebUiBuiltInKeywords$setText$1.call(Unknown Source)
	at Script1700848517241.run(Script1700848517241.groovy:35)
	... 13 more
)

2023-11-29 11:59:41 - [MESSAGE][WARNING] - Cannot take screenshot

2023-11-29 11:59:41 - [MESSAGE][FAILED] - Unable to set text 'rua ' of object 'Object Repository/CDT03 - CDT04 - CDT05/Page_/input_RuaAv_ruaCadastro' (Root cause: com.kms.katalon.core.exception.StepFailedException: Unable to set text 'rua ' of object 'Object Repository/CDT03 - CDT04 - CDT05/Page_/input_RuaAv_ruaCadastro'
	at com.kms.katalon.core.webui.keyword.internal.WebUIKeywordMain.stepFailed(WebUIKeywordMain.groovy:64)
	at com.kms.katalon.core.webui.keyword.internal.WebUIKeywordMain.runKeyword(WebUIKeywordMain.groovy:26)
	at com.kms.katalon.core.webui.keyword.builtin.SetTextKeyword.setText(SetTextKeyword.groovy:66)
	at com.kms.katalon.core.webui.keyword.builtin.SetTextKeyword.execute(SetTextKeyword.groovy:37)
	at com.kms.katalon.core.keyword.internal.KeywordExecutor.executeKeywordForPlatform(KeywordExecutor.groovy:74)
	at com.kms.katalon.core.webui.keyword.WebUiBuiltInKeywords.setText(WebUiBuiltInKeywords.groovy:966)
	at com.kms.katalon.core.webui.keyword.WebUiBuiltInKeywords$setText$1.call(Unknown Source)
	at CDT03 - cadastro simples.run(CDT03 - cadastro simples:35)
	at com.kms.katalon.core.main.ScriptEngine.run(ScriptEngine.java:194)
	at com.kms.katalon.core.main.ScriptEngine.runScriptAsRawText(ScriptEngine.java:119)
	at com.kms.katalon.core.main.TestCaseExecutor.runScript(TestCaseExecutor.java:448)
	at com.kms.katalon.core.main.TestCaseExecutor.doExecute(TestCaseExecutor.java:439)
	at com.kms.katalon.core.main.TestCaseExecutor.processExecutionPhase(TestCaseExecutor.java:418)
	at com.kms.katalon.core.main.TestCaseExecutor.accessMainPhase(TestCaseExecutor.java:410)
	at com.kms.katalon.core.main.TestCaseExecutor.execute(TestCaseExecutor.java:285)
	at com.kms.katalon.core.common.CommonExecutor.accessTestCaseMainPhase(CommonExecutor.java:65)
	at com.kms.katalon.core.main.TestSuiteExecutor.accessTestSuiteMainPhase(TestSuiteExecutor.java:148)
	at com.kms.katalon.core.main.TestSuiteExecutor.execute(TestSuiteExecutor.java:106)
	at com.kms.katalon.core.main.TestCaseMain.startTestSuite(TestCaseMain.java:187)
	at com.kms.katalon.core.main.TestCaseMain$startTestSuite$0.call(Unknown Source)
	at TempTestSuite1701269945786.run(TempTestSuite1701269945786.groovy:36)
Caused by: org.openqa.selenium.NoSuchSessionException: Session ID is null. Using WebDriver after calling quit()?
Build info: version: '3.141.59', revision: 'e82be7d358', time: '2018-11-14T08:25:53'
System info: host: 'LAPTOP-EU75EJ55', ip: '192.168.56.1', os.name: 'Windows 10', os.arch: 'amd64', os.version: '10.0', java.version: '1.8.0_362'
Driver info: driver.version: RemoteWebDriver
	at org.openqa.selenium.remote.HttpCommandExecutor.execute(HttpCommandExecutor.java:125)
	at org.openqa.selenium.remote.service.DriverCommandExecutor.execute(DriverCommandExecutor.java:83)
	at org.openqa.selenium.remote.RemoteWebDriver.execute(RemoteWebDriver.java:552)
	at com.kms.katalon.selenium.driver.CChromeDriver.execute(CChromeDriver.java:19)
	at org.openqa.selenium.remote.RemoteWebDriver.findElements(RemoteWebDriver.java:353)
	at org.openqa.selenium.remote.RemoteWebDriver.findElementsByXPath(RemoteWebDriver.java:432)
	at org.openqa.selenium.By$ByXPath.findElements(By.java:348)
	at org.openqa.selenium.remote.RemoteWebDriver.findElements(RemoteWebDriver.java:311)
	at com.kms.katalon.core.webui.common.WebUiCommonHelper.findElementByNormalMethods(WebUiCommonHelper.java:1027)
	at com.kms.katalon.core.webui.common.WebUiCommonHelper.findElementsBySelectedMethod(WebUiCommonHelper.java:919)
	at com.kms.katalon.core.webui.common.WebUiCommonHelper.findElementsBySelectedMethod(WebUiCommonHelper.java:901)
	at com.kms.katalon.core.webui.common.WebUiCommonHelper.findElementsBySelectedMethod(WebUiCommonHelper.java:896)
	at com.kms.katalon.core.webui.common.WebUiCommonHelper.findElementsByDefault(WebUiCommonHelper.java:892)
	at com.kms.katalon.core.webui.common.WebUiCommonHelper.findWebElements(WebUiCommonHelper.java:720)
	at com.kms.katalon.core.webui.common.WebUiCommonHelper.findWebElement(WebUiCommonHelper.java:1376)
	at com.kms.katalon.core.webui.keyword.internal.WebUIAbstractKeyword.findWebElement(WebUIAbstractKeyword.groovy:27)
	at com.kms.katalon.core.webui.keyword.internal.WebUIAbstractKeyword.findWebElement(WebUIAbstractKeyword.groovy:26)
	at com.kms.katalon.core.webui.keyword.builtin.SetTextKeyword$_setText_closure1.doCall(SetTextKeyword.groovy:51)
	at com.kms.katalon.core.webui.keyword.builtin.SetTextKeyword$_setText_closure1.call(SetTextKeyword.groovy)
	at com.kms.katalon.core.webui.keyword.internal.WebUIKeywordMain.runKeyword(WebUIKeywordMain.groovy:20)
	at com.kms.katalon.core.webui.keyword.builtin.SetTextKeyword.setText(SetTextKeyword.groovy:66)
	at com.kms.katalon.core.webui.keyword.builtin.SetTextKeyword.execute(SetTextKeyword.groovy:37)
	at com.kms.katalon.core.keyword.internal.KeywordExecutor.executeKeywordForPlatform(KeywordExecutor.groovy:74)
	at com.kms.katalon.core.webui.keyword.WebUiBuiltInKeywords.setText(WebUiBuiltInKeywords.groovy:966)
	at com.kms.katalon.core.webui.keyword.WebUiBuiltInKeywords$setText$1.call(Unknown Source)
	at Script1700848517241.run(Script1700848517241.groovy:35)
	... 13 more
)

2023-11-29 11:59:41 - [TEST_STEP][FAILED] - setText(findTestObject("Object Repository/CDT03 - CDT04 - CDT05/Page_/input_Nmero_numeroCadastro"), numero, CONTINUE_ON_FAILURE): Unable to set text '200' of object 'Object Repository/CDT03 - CDT04 - CDT05/Page_/input_Nmero_numeroCadastro' (Root cause: com.kms.katalon.core.exception.StepFailedException: Unable to set text '200' of object 'Object Repository/CDT03 - CDT04 - CDT05/Page_/input_Nmero_numeroCadastro'
	at com.kms.katalon.core.webui.keyword.internal.WebUIKeywordMain.stepFailed(WebUIKeywordMain.groovy:64)
	at com.kms.katalon.core.webui.keyword.internal.WebUIKeywordMain.runKeyword(WebUIKeywordMain.groovy:26)
	at com.kms.katalon.core.webui.keyword.builtin.SetTextKeyword.setText(SetTextKeyword.groovy:66)
	at com.kms.katalon.core.webui.keyword.builtin.SetTextKeyword.execute(SetTextKeyword.groovy:37)
	at com.kms.katalon.core.keyword.internal.KeywordExecutor.executeKeywordForPlatform(KeywordExecutor.groovy:74)
	at com.kms.katalon.core.webui.keyword.WebUiBuiltInKeywords.setText(WebUiBuiltInKeywords.groovy:966)
	at com.kms.katalon.core.webui.keyword.WebUiBuiltInKeywords$setText$1.call(Unknown Source)
	at CDT03 - cadastro simples.run(CDT03 - cadastro simples:37)
	at com.kms.katalon.core.main.ScriptEngine.run(ScriptEngine.java:194)
	at com.kms.katalon.core.main.ScriptEngine.runScriptAsRawText(ScriptEngine.java:119)
	at com.kms.katalon.core.main.TestCaseExecutor.runScript(TestCaseExecutor.java:448)
	at com.kms.katalon.core.main.TestCaseExecutor.doExecute(TestCaseExecutor.java:439)
	at com.kms.katalon.core.main.TestCaseExecutor.processExecutionPhase(TestCaseExecutor.java:418)
	at com.kms.katalon.core.main.TestCaseExecutor.accessMainPhase(TestCaseExecutor.java:410)
	at com.kms.katalon.core.main.TestCaseExecutor.execute(TestCaseExecutor.java:285)
	at com.kms.katalon.core.common.CommonExecutor.accessTestCaseMainPhase(CommonExecutor.java:65)
	at com.kms.katalon.core.main.TestSuiteExecutor.accessTestSuiteMainPhase(TestSuiteExecutor.java:148)
	at com.kms.katalon.core.main.TestSuiteExecutor.execute(TestSuiteExecutor.java:106)
	at com.kms.katalon.core.main.TestCaseMain.startTestSuite(TestCaseMain.java:187)
	at com.kms.katalon.core.main.TestCaseMain$startTestSuite$0.call(Unknown Source)
	at TempTestSuite1701269945786.run(TempTestSuite1701269945786.groovy:36)
Caused by: org.openqa.selenium.NoSuchSessionException: Session ID is null. Using WebDriver after calling quit()?
Build info: version: '3.141.59', revision: 'e82be7d358', time: '2018-11-14T08:25:53'
System info: host: 'LAPTOP-EU75EJ55', ip: '192.168.56.1', os.name: 'Windows 10', os.arch: 'amd64', os.version: '10.0', java.version: '1.8.0_362'
Driver info: driver.version: RemoteWebDriver
	at org.openqa.selenium.remote.HttpCommandExecutor.execute(HttpCommandExecutor.java:125)
	at org.openqa.selenium.remote.service.DriverCommandExecutor.execute(DriverCommandExecutor.java:83)
	at org.openqa.selenium.remote.RemoteWebDriver.execute(RemoteWebDriver.java:552)
	at com.kms.katalon.selenium.driver.CChromeDriver.execute(CChromeDriver.java:19)
	at org.openqa.selenium.remote.RemoteWebDriver.findElements(RemoteWebDriver.java:353)
	at org.openqa.selenium.remote.RemoteWebDriver.findElementsByXPath(RemoteWebDriver.java:432)
	at org.openqa.selenium.By$ByXPath.findElements(By.java:348)
	at org.openqa.selenium.remote.RemoteWebDriver.findElements(RemoteWebDriver.java:311)
	at com.kms.katalon.core.webui.common.WebUiCommonHelper.findElementByNormalMethods(WebUiCommonHelper.java:1027)
	at com.kms.katalon.core.webui.common.WebUiCommonHelper.findElementsBySelectedMethod(WebUiCommonHelper.java:919)
	at com.kms.katalon.core.webui.common.WebUiCommonHelper.findElementsBySelectedMethod(WebUiCommonHelper.java:901)
	at com.kms.katalon.core.webui.common.WebUiCommonHelper.findElementsBySelectedMethod(WebUiCommonHelper.java:896)
	at com.kms.katalon.core.webui.common.WebUiCommonHelper.findElementsByDefault(WebUiCommonHelper.java:892)
	at com.kms.katalon.core.webui.common.WebUiCommonHelper.findWebElements(WebUiCommonHelper.java:720)
	at com.kms.katalon.core.webui.common.WebUiCommonHelper.findWebElement(WebUiCommonHelper.java:1376)
	at com.kms.katalon.core.webui.keyword.internal.WebUIAbstractKeyword.findWebElement(WebUIAbstractKeyword.groovy:27)
	at com.kms.katalon.core.webui.keyword.internal.WebUIAbstractKeyword.findWebElement(WebUIAbstractKeyword.groovy:26)
	at com.kms.katalon.core.webui.keyword.builtin.SetTextKeyword$_setText_closure1.doCall(SetTextKeyword.groovy:51)
	at com.kms.katalon.core.webui.keyword.builtin.SetTextKeyword$_setText_closure1.call(SetTextKeyword.groovy)
	at com.kms.katalon.core.webui.keyword.internal.WebUIKeywordMain.runKeyword(WebUIKeywordMain.groovy:20)
	at com.kms.katalon.core.webui.keyword.builtin.SetTextKeyword.setText(SetTextKeyword.groovy:66)
	at com.kms.katalon.core.webui.keyword.builtin.SetTextKeyword.execute(SetTextKeyword.groovy:37)
	at com.kms.katalon.core.keyword.internal.KeywordExecutor.executeKeywordForPlatform(KeywordExecutor.groovy:74)
	at com.kms.katalon.core.webui.keyword.WebUiBuiltInKeywords.setText(WebUiBuiltInKeywords.groovy:966)
	at com.kms.katalon.core.webui.keyword.WebUiBuiltInKeywords$setText$1.call(Unknown Source)
	at Script1700848517241.run(Script1700848517241.groovy:37)
	... 13 more
)

2023-11-29 11:59:41 - [MESSAGE][WARNING] - Cannot take screenshot

2023-11-29 11:59:41 - [MESSAGE][FAILED] - Unable to set text '200' of object 'Object Repository/CDT03 - CDT04 - CDT05/Page_/input_Nmero_numeroCadastro' (Root cause: com.kms.katalon.core.exception.StepFailedException: Unable to set text '200' of object 'Object Repository/CDT03 - CDT04 - CDT05/Page_/input_Nmero_numeroCadastro'
	at com.kms.katalon.core.webui.keyword.internal.WebUIKeywordMain.stepFailed(WebUIKeywordMain.groovy:64)
	at com.kms.katalon.core.webui.keyword.internal.WebUIKeywordMain.runKeyword(WebUIKeywordMain.groovy:26)
	at com.kms.katalon.core.webui.keyword.builtin.SetTextKeyword.setText(SetTextKeyword.groovy:66)
	at com.kms.katalon.core.webui.keyword.builtin.SetTextKeyword.execute(SetTextKeyword.groovy:37)
	at com.kms.katalon.core.keyword.internal.KeywordExecutor.executeKeywordForPlatform(KeywordExecutor.groovy:74)
	at com.kms.katalon.core.webui.keyword.WebUiBuiltInKeywords.setText(WebUiBuiltInKeywords.groovy:966)
	at com.kms.katalon.core.webui.keyword.WebUiBuiltInKeywords$setText$1.call(Unknown Source)
	at CDT03 - cadastro simples.run(CDT03 - cadastro simples:37)
	at com.kms.katalon.core.main.ScriptEngine.run(ScriptEngine.java:194)
	at com.kms.katalon.core.main.ScriptEngine.runScriptAsRawText(ScriptEngine.java:119)
	at com.kms.katalon.core.main.TestCaseExecutor.runScript(TestCaseExecutor.java:448)
	at com.kms.katalon.core.main.TestCaseExecutor.doExecute(TestCaseExecutor.java:439)
	at com.kms.katalon.core.main.TestCaseExecutor.processExecutionPhase(TestCaseExecutor.java:418)
	at com.kms.katalon.core.main.TestCaseExecutor.accessMainPhase(TestCaseExecutor.java:410)
	at com.kms.katalon.core.main.TestCaseExecutor.execute(TestCaseExecutor.java:285)
	at com.kms.katalon.core.common.CommonExecutor.accessTestCaseMainPhase(CommonExecutor.java:65)
	at com.kms.katalon.core.main.TestSuiteExecutor.accessTestSuiteMainPhase(TestSuiteExecutor.java:148)
	at com.kms.katalon.core.main.TestSuiteExecutor.execute(TestSuiteExecutor.java:106)
	at com.kms.katalon.core.main.TestCaseMain.startTestSuite(TestCaseMain.java:187)
	at com.kms.katalon.core.main.TestCaseMain$startTestSuite$0.call(Unknown Source)
	at TempTestSuite1701269945786.run(TempTestSuite1701269945786.groovy:36)
Caused by: org.openqa.selenium.NoSuchSessionException: Session ID is null. Using WebDriver after calling quit()?
Build info: version: '3.141.59', revision: 'e82be7d358', time: '2018-11-14T08:25:53'
System info: host: 'LAPTOP-EU75EJ55', ip: '192.168.56.1', os.name: 'Windows 10', os.arch: 'amd64', os.version: '10.0', java.version: '1.8.0_362'
Driver info: driver.version: RemoteWebDriver
	at org.openqa.selenium.remote.HttpCommandExecutor.execute(HttpCommandExecutor.java:125)
	at org.openqa.selenium.remote.service.DriverCommandExecutor.execute(DriverCommandExecutor.java:83)
	at org.openqa.selenium.remote.RemoteWebDriver.execute(RemoteWebDriver.java:552)
	at com.kms.katalon.selenium.driver.CChromeDriver.execute(CChromeDriver.java:19)
	at org.openqa.selenium.remote.RemoteWebDriver.findElements(RemoteWebDriver.java:353)
	at org.openqa.selenium.remote.RemoteWebDriver.findElementsByXPath(RemoteWebDriver.java:432)
	at org.openqa.selenium.By$ByXPath.findElements(By.java:348)
	at org.openqa.selenium.remote.RemoteWebDriver.findElements(RemoteWebDriver.java:311)
	at com.kms.katalon.core.webui.common.WebUiCommonHelper.findElementByNormalMethods(WebUiCommonHelper.java:1027)
	at com.kms.katalon.core.webui.common.WebUiCommonHelper.findElementsBySelectedMethod(WebUiCommonHelper.java:919)
	at com.kms.katalon.core.webui.common.WebUiCommonHelper.findElementsBySelectedMethod(WebUiCommonHelper.java:901)
	at com.kms.katalon.core.webui.common.WebUiCommonHelper.findElementsBySelectedMethod(WebUiCommonHelper.java:896)
	at com.kms.katalon.core.webui.common.WebUiCommonHelper.findElementsByDefault(WebUiCommonHelper.java:892)
	at com.kms.katalon.core.webui.common.WebUiCommonHelper.findWebElements(WebUiCommonHelper.java:720)
	at com.kms.katalon.core.webui.common.WebUiCommonHelper.findWebElement(WebUiCommonHelper.java:1376)
	at com.kms.katalon.core.webui.keyword.internal.WebUIAbstractKeyword.findWebElement(WebUIAbstractKeyword.groovy:27)
	at com.kms.katalon.core.webui.keyword.internal.WebUIAbstractKeyword.findWebElement(WebUIAbstractKeyword.groovy:26)
	at com.kms.katalon.core.webui.keyword.builtin.SetTextKeyword$_setText_closure1.doCall(SetTextKeyword.groovy:51)
	at com.kms.katalon.core.webui.keyword.builtin.SetTextKeyword$_setText_closure1.call(SetTextKeyword.groovy)
	at com.kms.katalon.core.webui.keyword.internal.WebUIKeywordMain.runKeyword(WebUIKeywordMain.groovy:20)
	at com.kms.katalon.core.webui.keyword.builtin.SetTextKeyword.setText(SetTextKeyword.groovy:66)
	at com.kms.katalon.core.webui.keyword.builtin.SetTextKeyword.execute(SetTextKeyword.groovy:37)
	at com.kms.katalon.core.keyword.internal.KeywordExecutor.executeKeywordForPlatform(KeywordExecutor.groovy:74)
	at com.kms.katalon.core.webui.keyword.WebUiBuiltInKeywords.setText(WebUiBuiltInKeywords.groovy:966)
	at com.kms.katalon.core.webui.keyword.WebUiBuiltInKeywords$setText$1.call(Unknown Source)
	at Script1700848517241.run(Script1700848517241.groovy:37)
	... 13 more
)

2023-11-29 11:59:41 - [TEST_STEP][FAILED] - setText(findTestObject("Object Repository/CDT03 - CDT04 - CDT05/Page_/input_Bairro_bairroCadastro"), bairro, CONTINUE_ON_FAILURE): Unable to set text 'bairro' of object 'Object Repository/CDT03 - CDT04 - CDT05/Page_/input_Bairro_bairroCadastro' (Root cause: com.kms.katalon.core.exception.StepFailedException: Unable to set text 'bairro' of object 'Object Repository/CDT03 - CDT04 - CDT05/Page_/input_Bairro_bairroCadastro'
	at com.kms.katalon.core.webui.keyword.internal.WebUIKeywordMain.stepFailed(WebUIKeywordMain.groovy:64)
	at com.kms.katalon.core.webui.keyword.internal.WebUIKeywordMain.runKeyword(WebUIKeywordMain.groovy:26)
	at com.kms.katalon.core.webui.keyword.builtin.SetTextKeyword.setText(SetTextKeyword.groovy:66)
	at com.kms.katalon.core.webui.keyword.builtin.SetTextKeyword.execute(SetTextKeyword.groovy:37)
	at com.kms.katalon.core.keyword.internal.KeywordExecutor.executeKeywordForPlatform(KeywordExecutor.groovy:74)
	at com.kms.katalon.core.webui.keyword.WebUiBuiltInKeywords.setText(WebUiBuiltInKeywords.groovy:966)
	at com.kms.katalon.core.webui.keyword.WebUiBuiltInKeywords$setText$1.call(Unknown Source)
	at CDT03 - cadastro simples.run(CDT03 - cadastro simples:39)
	at com.kms.katalon.core.main.ScriptEngine.run(ScriptEngine.java:194)
	at com.kms.katalon.core.main.ScriptEngine.runScriptAsRawText(ScriptEngine.java:119)
	at com.kms.katalon.core.main.TestCaseExecutor.runScript(TestCaseExecutor.java:448)
	at com.kms.katalon.core.main.TestCaseExecutor.doExecute(TestCaseExecutor.java:439)
	at com.kms.katalon.core.main.TestCaseExecutor.processExecutionPhase(TestCaseExecutor.java:418)
	at com.kms.katalon.core.main.TestCaseExecutor.accessMainPhase(TestCaseExecutor.java:410)
	at com.kms.katalon.core.main.TestCaseExecutor.execute(TestCaseExecutor.java:285)
	at com.kms.katalon.core.common.CommonExecutor.accessTestCaseMainPhase(CommonExecutor.java:65)
	at com.kms.katalon.core.main.TestSuiteExecutor.accessTestSuiteMainPhase(TestSuiteExecutor.java:148)
	at com.kms.katalon.core.main.TestSuiteExecutor.execute(TestSuiteExecutor.java:106)
	at com.kms.katalon.core.main.TestCaseMain.startTestSuite(TestCaseMain.java:187)
	at com.kms.katalon.core.main.TestCaseMain$startTestSuite$0.call(Unknown Source)
	at TempTestSuite1701269945786.run(TempTestSuite1701269945786.groovy:36)
Caused by: org.openqa.selenium.NoSuchSessionException: Session ID is null. Using WebDriver after calling quit()?
Build info: version: '3.141.59', revision: 'e82be7d358', time: '2018-11-14T08:25:53'
System info: host: 'LAPTOP-EU75EJ55', ip: '192.168.56.1', os.name: 'Windows 10', os.arch: 'amd64', os.version: '10.0', java.version: '1.8.0_362'
Driver info: driver.version: RemoteWebDriver
	at org.openqa.selenium.remote.HttpCommandExecutor.execute(HttpCommandExecutor.java:125)
	at org.openqa.selenium.remote.service.DriverCommandExecutor.execute(DriverCommandExecutor.java:83)
	at org.openqa.selenium.remote.RemoteWebDriver.execute(RemoteWebDriver.java:552)
	at com.kms.katalon.selenium.driver.CChromeDriver.execute(CChromeDriver.java:19)
	at org.openqa.selenium.remote.RemoteWebDriver.findElements(RemoteWebDriver.java:353)
	at org.openqa.selenium.remote.RemoteWebDriver.findElementsByXPath(RemoteWebDriver.java:432)
	at org.openqa.selenium.By$ByXPath.findElements(By.java:348)
	at org.openqa.selenium.remote.RemoteWebDriver.findElements(RemoteWebDriver.java:311)
	at com.kms.katalon.core.webui.common.WebUiCommonHelper.findElementByNormalMethods(WebUiCommonHelper.java:1027)
	at com.kms.katalon.core.webui.common.WebUiCommonHelper.findElementsBySelectedMethod(WebUiCommonHelper.java:919)
	at com.kms.katalon.core.webui.common.WebUiCommonHelper.findElementsBySelectedMethod(WebUiCommonHelper.java:901)
	at com.kms.katalon.core.webui.common.WebUiCommonHelper.findElementsBySelectedMethod(WebUiCommonHelper.java:896)
	at com.kms.katalon.core.webui.common.WebUiCommonHelper.findElementsByDefault(WebUiCommonHelper.java:892)
	at com.kms.katalon.core.webui.common.WebUiCommonHelper.findWebElements(WebUiCommonHelper.java:720)
	at com.kms.katalon.core.webui.common.WebUiCommonHelper.findWebElement(WebUiCommonHelper.java:1376)
	at com.kms.katalon.core.webui.keyword.internal.WebUIAbstractKeyword.findWebElement(WebUIAbstractKeyword.groovy:27)
	at com.kms.katalon.core.webui.keyword.internal.WebUIAbstractKeyword.findWebElement(WebUIAbstractKeyword.groovy:26)
	at com.kms.katalon.core.webui.keyword.builtin.SetTextKeyword$_setText_closure1.doCall(SetTextKeyword.groovy:51)
	at com.kms.katalon.core.webui.keyword.builtin.SetTextKeyword$_setText_closure1.call(SetTextKeyword.groovy)
	at com.kms.katalon.core.webui.keyword.internal.WebUIKeywordMain.runKeyword(WebUIKeywordMain.groovy:20)
	at com.kms.katalon.core.webui.keyword.builtin.SetTextKeyword.setText(SetTextKeyword.groovy:66)
	at com.kms.katalon.core.webui.keyword.builtin.SetTextKeyword.execute(SetTextKeyword.groovy:37)
	at com.kms.katalon.core.keyword.internal.KeywordExecutor.executeKeywordForPlatform(KeywordExecutor.groovy:74)
	at com.kms.katalon.core.webui.keyword.WebUiBuiltInKeywords.setText(WebUiBuiltInKeywords.groovy:966)
	at com.kms.katalon.core.webui.keyword.WebUiBuiltInKeywords$setText$1.call(Unknown Source)
	at Script1700848517241.run(Script1700848517241.groovy:39)
	... 13 more
)

2023-11-29 11:59:41 - [MESSAGE][WARNING] - Cannot take screenshot

2023-11-29 11:59:41 - [MESSAGE][FAILED] - Unable to set text 'bairro' of object 'Object Repository/CDT03 - CDT04 - CDT05/Page_/input_Bairro_bairroCadastro' (Root cause: com.kms.katalon.core.exception.StepFailedException: Unable to set text 'bairro' of object 'Object Repository/CDT03 - CDT04 - CDT05/Page_/input_Bairro_bairroCadastro'
	at com.kms.katalon.core.webui.keyword.internal.WebUIKeywordMain.stepFailed(WebUIKeywordMain.groovy:64)
	at com.kms.katalon.core.webui.keyword.internal.WebUIKeywordMain.runKeyword(WebUIKeywordMain.groovy:26)
	at com.kms.katalon.core.webui.keyword.builtin.SetTextKeyword.setText(SetTextKeyword.groovy:66)
	at com.kms.katalon.core.webui.keyword.builtin.SetTextKeyword.execute(SetTextKeyword.groovy:37)
	at com.kms.katalon.core.keyword.internal.KeywordExecutor.executeKeywordForPlatform(KeywordExecutor.groovy:74)
	at com.kms.katalon.core.webui.keyword.WebUiBuiltInKeywords.setText(WebUiBuiltInKeywords.groovy:966)
	at com.kms.katalon.core.webui.keyword.WebUiBuiltInKeywords$setText$1.call(Unknown Source)
	at CDT03 - cadastro simples.run(CDT03 - cadastro simples:39)
	at com.kms.katalon.core.main.ScriptEngine.run(ScriptEngine.java:194)
	at com.kms.katalon.core.main.ScriptEngine.runScriptAsRawText(ScriptEngine.java:119)
	at com.kms.katalon.core.main.TestCaseExecutor.runScript(TestCaseExecutor.java:448)
	at com.kms.katalon.core.main.TestCaseExecutor.doExecute(TestCaseExecutor.java:439)
	at com.kms.katalon.core.main.TestCaseExecutor.processExecutionPhase(TestCaseExecutor.java:418)
	at com.kms.katalon.core.main.TestCaseExecutor.accessMainPhase(TestCaseExecutor.java:410)
	at com.kms.katalon.core.main.TestCaseExecutor.execute(TestCaseExecutor.java:285)
	at com.kms.katalon.core.common.CommonExecutor.accessTestCaseMainPhase(CommonExecutor.java:65)
	at com.kms.katalon.core.main.TestSuiteExecutor.accessTestSuiteMainPhase(TestSuiteExecutor.java:148)
	at com.kms.katalon.core.main.TestSuiteExecutor.execute(TestSuiteExecutor.java:106)
	at com.kms.katalon.core.main.TestCaseMain.startTestSuite(TestCaseMain.java:187)
	at com.kms.katalon.core.main.TestCaseMain$startTestSuite$0.call(Unknown Source)
	at TempTestSuite1701269945786.run(TempTestSuite1701269945786.groovy:36)
Caused by: org.openqa.selenium.NoSuchSessionException: Session ID is null. Using WebDriver after calling quit()?
Build info: version: '3.141.59', revision: 'e82be7d358', time: '2018-11-14T08:25:53'
System info: host: 'LAPTOP-EU75EJ55', ip: '192.168.56.1', os.name: 'Windows 10', os.arch: 'amd64', os.version: '10.0', java.version: '1.8.0_362'
Driver info: driver.version: RemoteWebDriver
	at org.openqa.selenium.remote.HttpCommandExecutor.execute(HttpCommandExecutor.java:125)
	at org.openqa.selenium.remote.service.DriverCommandExecutor.execute(DriverCommandExecutor.java:83)
	at org.openqa.selenium.remote.RemoteWebDriver.execute(RemoteWebDriver.java:552)
	at com.kms.katalon.selenium.driver.CChromeDriver.execute(CChromeDriver.java:19)
	at org.openqa.selenium.remote.RemoteWebDriver.findElements(RemoteWebDriver.java:353)
	at org.openqa.selenium.remote.RemoteWebDriver.findElementsByXPath(RemoteWebDriver.java:432)
	at org.openqa.selenium.By$ByXPath.findElements(By.java:348)
	at org.openqa.selenium.remote.RemoteWebDriver.findElements(RemoteWebDriver.java:311)
	at com.kms.katalon.core.webui.common.WebUiCommonHelper.findElementByNormalMethods(WebUiCommonHelper.java:1027)
	at com.kms.katalon.core.webui.common.WebUiCommonHelper.findElementsBySelectedMethod(WebUiCommonHelper.java:919)
	at com.kms.katalon.core.webui.common.WebUiCommonHelper.findElementsBySelectedMethod(WebUiCommonHelper.java:901)
	at com.kms.katalon.core.webui.common.WebUiCommonHelper.findElementsBySelectedMethod(WebUiCommonHelper.java:896)
	at com.kms.katalon.core.webui.common.WebUiCommonHelper.findElementsByDefault(WebUiCommonHelper.java:892)
	at com.kms.katalon.core.webui.common.WebUiCommonHelper.findWebElements(WebUiCommonHelper.java:720)
	at com.kms.katalon.core.webui.common.WebUiCommonHelper.findWebElement(WebUiCommonHelper.java:1376)
	at com.kms.katalon.core.webui.keyword.internal.WebUIAbstractKeyword.findWebElement(WebUIAbstractKeyword.groovy:27)
	at com.kms.katalon.core.webui.keyword.internal.WebUIAbstractKeyword.findWebElement(WebUIAbstractKeyword.groovy:26)
	at com.kms.katalon.core.webui.keyword.builtin.SetTextKeyword$_setText_closure1.doCall(SetTextKeyword.groovy:51)
	at com.kms.katalon.core.webui.keyword.builtin.SetTextKeyword$_setText_closure1.call(SetTextKeyword.groovy)
	at com.kms.katalon.core.webui.keyword.internal.WebUIKeywordMain.runKeyword(WebUIKeywordMain.groovy:20)
	at com.kms.katalon.core.webui.keyword.builtin.SetTextKeyword.setText(SetTextKeyword.groovy:66)
	at com.kms.katalon.core.webui.keyword.builtin.SetTextKeyword.execute(SetTextKeyword.groovy:37)
	at com.kms.katalon.core.keyword.internal.KeywordExecutor.executeKeywordForPlatform(KeywordExecutor.groovy:74)
	at com.kms.katalon.core.webui.keyword.WebUiBuiltInKeywords.setText(WebUiBuiltInKeywords.groovy:966)
	at com.kms.katalon.core.webui.keyword.WebUiBuiltInKeywords$setText$1.call(Unknown Source)
	at Script1700848517241.run(Script1700848517241.groovy:39)
	... 13 more
)

2023-11-29 11:59:41 - [TEST_STEP][FAILED] - setText(findTestObject("Object Repository/CDT03 - CDT04 - CDT05/Page_/input_Complemento_complementoCadastro"), complemento, CONTINUE_ON_FAILURE): Unable to set text 'complemento' of object 'Object Repository/CDT03 - CDT04 - CDT05/Page_/input_Complemento_complementoCadastro' (Root cause: com.kms.katalon.core.exception.StepFailedException: Unable to set text 'complemento' of object 'Object Repository/CDT03 - CDT04 - CDT05/Page_/input_Complemento_complementoCadastro'
	at com.kms.katalon.core.webui.keyword.internal.WebUIKeywordMain.stepFailed(WebUIKeywordMain.groovy:64)
	at com.kms.katalon.core.webui.keyword.internal.WebUIKeywordMain.runKeyword(WebUIKeywordMain.groovy:26)
	at com.kms.katalon.core.webui.keyword.builtin.SetTextKeyword.setText(SetTextKeyword.groovy:66)
	at com.kms.katalon.core.webui.keyword.builtin.SetTextKeyword.execute(SetTextKeyword.groovy:37)
	at com.kms.katalon.core.keyword.internal.KeywordExecutor.executeKeywordForPlatform(KeywordExecutor.groovy:74)
	at com.kms.katalon.core.webui.keyword.WebUiBuiltInKeywords.setText(WebUiBuiltInKeywords.groovy:966)
	at com.kms.katalon.core.webui.keyword.WebUiBuiltInKeywords$setText$1.call(Unknown Source)
	at CDT03 - cadastro simples.run(CDT03 - cadastro simples:41)
	at com.kms.katalon.core.main.ScriptEngine.run(ScriptEngine.java:194)
	at com.kms.katalon.core.main.ScriptEngine.runScriptAsRawText(ScriptEngine.java:119)
	at com.kms.katalon.core.main.TestCaseExecutor.runScript(TestCaseExecutor.java:448)
	at com.kms.katalon.core.main.TestCaseExecutor.doExecute(TestCaseExecutor.java:439)
	at com.kms.katalon.core.main.TestCaseExecutor.processExecutionPhase(TestCaseExecutor.java:418)
	at com.kms.katalon.core.main.TestCaseExecutor.accessMainPhase(TestCaseExecutor.java:410)
	at com.kms.katalon.core.main.TestCaseExecutor.execute(TestCaseExecutor.java:285)
	at com.kms.katalon.core.common.CommonExecutor.accessTestCaseMainPhase(CommonExecutor.java:65)
	at com.kms.katalon.core.main.TestSuiteExecutor.accessTestSuiteMainPhase(TestSuiteExecutor.java:148)
	at com.kms.katalon.core.main.TestSuiteExecutor.execute(TestSuiteExecutor.java:106)
	at com.kms.katalon.core.main.TestCaseMain.startTestSuite(TestCaseMain.java:187)
	at com.kms.katalon.core.main.TestCaseMain$startTestSuite$0.call(Unknown Source)
	at TempTestSuite1701269945786.run(TempTestSuite1701269945786.groovy:36)
Caused by: org.openqa.selenium.NoSuchSessionException: Session ID is null. Using WebDriver after calling quit()?
Build info: version: '3.141.59', revision: 'e82be7d358', time: '2018-11-14T08:25:53'
System info: host: 'LAPTOP-EU75EJ55', ip: '192.168.56.1', os.name: 'Windows 10', os.arch: 'amd64', os.version: '10.0', java.version: '1.8.0_362'
Driver info: driver.version: RemoteWebDriver
	at org.openqa.selenium.remote.HttpCommandExecutor.execute(HttpCommandExecutor.java:125)
	at org.openqa.selenium.remote.service.DriverCommandExecutor.execute(DriverCommandExecutor.java:83)
	at org.openqa.selenium.remote.RemoteWebDriver.execute(RemoteWebDriver.java:552)
	at com.kms.katalon.selenium.driver.CChromeDriver.execute(CChromeDriver.java:19)
	at org.openqa.selenium.remote.RemoteWebDriver.findElements(RemoteWebDriver.java:353)
	at org.openqa.selenium.remote.RemoteWebDriver.findElementsByXPath(RemoteWebDriver.java:432)
	at org.openqa.selenium.By$ByXPath.findElements(By.java:348)
	at org.openqa.selenium.remote.RemoteWebDriver.findElements(RemoteWebDriver.java:311)
	at com.kms.katalon.core.webui.common.WebUiCommonHelper.findElementByNormalMethods(WebUiCommonHelper.java:1027)
	at com.kms.katalon.core.webui.common.WebUiCommonHelper.findElementsBySelectedMethod(WebUiCommonHelper.java:919)
	at com.kms.katalon.core.webui.common.WebUiCommonHelper.findElementsBySelectedMethod(WebUiCommonHelper.java:901)
	at com.kms.katalon.core.webui.common.WebUiCommonHelper.findElementsBySelectedMethod(WebUiCommonHelper.java:896)
	at com.kms.katalon.core.webui.common.WebUiCommonHelper.findElementsByDefault(WebUiCommonHelper.java:892)
	at com.kms.katalon.core.webui.common.WebUiCommonHelper.findWebElements(WebUiCommonHelper.java:720)
	at com.kms.katalon.core.webui.common.WebUiCommonHelper.findWebElement(WebUiCommonHelper.java:1376)
	at com.kms.katalon.core.webui.keyword.internal.WebUIAbstractKeyword.findWebElement(WebUIAbstractKeyword.groovy:27)
	at com.kms.katalon.core.webui.keyword.internal.WebUIAbstractKeyword.findWebElement(WebUIAbstractKeyword.groovy:26)
	at com.kms.katalon.core.webui.keyword.builtin.SetTextKeyword$_setText_closure1.doCall(SetTextKeyword.groovy:51)
	at com.kms.katalon.core.webui.keyword.builtin.SetTextKeyword$_setText_closure1.call(SetTextKeyword.groovy)
	at com.kms.katalon.core.webui.keyword.internal.WebUIKeywordMain.runKeyword(WebUIKeywordMain.groovy:20)
	at com.kms.katalon.core.webui.keyword.builtin.SetTextKeyword.setText(SetTextKeyword.groovy:66)
	at com.kms.katalon.core.webui.keyword.builtin.SetTextKeyword.execute(SetTextKeyword.groovy:37)
	at com.kms.katalon.core.keyword.internal.KeywordExecutor.executeKeywordForPlatform(KeywordExecutor.groovy:74)
	at com.kms.katalon.core.webui.keyword.WebUiBuiltInKeywords.setText(WebUiBuiltInKeywords.groovy:966)
	at com.kms.katalon.core.webui.keyword.WebUiBuiltInKeywords$setText$1.call(Unknown Source)
	at Script1700848517241.run(Script1700848517241.groovy:41)
	... 13 more
)

2023-11-29 11:59:41 - [MESSAGE][WARNING] - Cannot take screenshot

2023-11-29 11:59:41 - [MESSAGE][FAILED] - Unable to set text 'complemento' of object 'Object Repository/CDT03 - CDT04 - CDT05/Page_/input_Complemento_complementoCadastro' (Root cause: com.kms.katalon.core.exception.StepFailedException: Unable to set text 'complemento' of object 'Object Repository/CDT03 - CDT04 - CDT05/Page_/input_Complemento_complementoCadastro'
	at com.kms.katalon.core.webui.keyword.internal.WebUIKeywordMain.stepFailed(WebUIKeywordMain.groovy:64)
	at com.kms.katalon.core.webui.keyword.internal.WebUIKeywordMain.runKeyword(WebUIKeywordMain.groovy:26)
	at com.kms.katalon.core.webui.keyword.builtin.SetTextKeyword.setText(SetTextKeyword.groovy:66)
	at com.kms.katalon.core.webui.keyword.builtin.SetTextKeyword.execute(SetTextKeyword.groovy:37)
	at com.kms.katalon.core.keyword.internal.KeywordExecutor.executeKeywordForPlatform(KeywordExecutor.groovy:74)
	at com.kms.katalon.core.webui.keyword.WebUiBuiltInKeywords.setText(WebUiBuiltInKeywords.groovy:966)
	at com.kms.katalon.core.webui.keyword.WebUiBuiltInKeywords$setText$1.call(Unknown Source)
	at CDT03 - cadastro simples.run(CDT03 - cadastro simples:41)
	at com.kms.katalon.core.main.ScriptEngine.run(ScriptEngine.java:194)
	at com.kms.katalon.core.main.ScriptEngine.runScriptAsRawText(ScriptEngine.java:119)
	at com.kms.katalon.core.main.TestCaseExecutor.runScript(TestCaseExecutor.java:448)
	at com.kms.katalon.core.main.TestCaseExecutor.doExecute(TestCaseExecutor.java:439)
	at com.kms.katalon.core.main.TestCaseExecutor.processExecutionPhase(TestCaseExecutor.java:418)
	at com.kms.katalon.core.main.TestCaseExecutor.accessMainPhase(TestCaseExecutor.java:410)
	at com.kms.katalon.core.main.TestCaseExecutor.execute(TestCaseExecutor.java:285)
	at com.kms.katalon.core.common.CommonExecutor.accessTestCaseMainPhase(CommonExecutor.java:65)
	at com.kms.katalon.core.main.TestSuiteExecutor.accessTestSuiteMainPhase(TestSuiteExecutor.java:148)
	at com.kms.katalon.core.main.TestSuiteExecutor.execute(TestSuiteExecutor.java:106)
	at com.kms.katalon.core.main.TestCaseMain.startTestSuite(TestCaseMain.java:187)
	at com.kms.katalon.core.main.TestCaseMain$startTestSuite$0.call(Unknown Source)
	at TempTestSuite1701269945786.run(TempTestSuite1701269945786.groovy:36)
Caused by: org.openqa.selenium.NoSuchSessionException: Session ID is null. Using WebDriver after calling quit()?
Build info: version: '3.141.59', revision: 'e82be7d358', time: '2018-11-14T08:25:53'
System info: host: 'LAPTOP-EU75EJ55', ip: '192.168.56.1', os.name: 'Windows 10', os.arch: 'amd64', os.version: '10.0', java.version: '1.8.0_362'
Driver info: driver.version: RemoteWebDriver
	at org.openqa.selenium.remote.HttpCommandExecutor.execute(HttpCommandExecutor.java:125)
	at org.openqa.selenium.remote.service.DriverCommandExecutor.execute(DriverCommandExecutor.java:83)
	at org.openqa.selenium.remote.RemoteWebDriver.execute(RemoteWebDriver.java:552)
	at com.kms.katalon.selenium.driver.CChromeDriver.execute(CChromeDriver.java:19)
	at org.openqa.selenium.remote.RemoteWebDriver.findElements(RemoteWebDriver.java:353)
	at org.openqa.selenium.remote.RemoteWebDriver.findElementsByXPath(RemoteWebDriver.java:432)
	at org.openqa.selenium.By$ByXPath.findElements(By.java:348)
	at org.openqa.selenium.remote.RemoteWebDriver.findElements(RemoteWebDriver.java:311)
	at com.kms.katalon.core.webui.common.WebUiCommonHelper.findElementByNormalMethods(WebUiCommonHelper.java:1027)
	at com.kms.katalon.core.webui.common.WebUiCommonHelper.findElementsBySelectedMethod(WebUiCommonHelper.java:919)
	at com.kms.katalon.core.webui.common.WebUiCommonHelper.findElementsBySelectedMethod(WebUiCommonHelper.java:901)
	at com.kms.katalon.core.webui.common.WebUiCommonHelper.findElementsBySelectedMethod(WebUiCommonHelper.java:896)
	at com.kms.katalon.core.webui.common.WebUiCommonHelper.findElementsByDefault(WebUiCommonHelper.java:892)
	at com.kms.katalon.core.webui.common.WebUiCommonHelper.findWebElements(WebUiCommonHelper.java:720)
	at com.kms.katalon.core.webui.common.WebUiCommonHelper.findWebElement(WebUiCommonHelper.java:1376)
	at com.kms.katalon.core.webui.keyword.internal.WebUIAbstractKeyword.findWebElement(WebUIAbstractKeyword.groovy:27)
	at com.kms.katalon.core.webui.keyword.internal.WebUIAbstractKeyword.findWebElement(WebUIAbstractKeyword.groovy:26)
	at com.kms.katalon.core.webui.keyword.builtin.SetTextKeyword$_setText_closure1.doCall(SetTextKeyword.groovy:51)
	at com.kms.katalon.core.webui.keyword.builtin.SetTextKeyword$_setText_closure1.call(SetTextKeyword.groovy)
	at com.kms.katalon.core.webui.keyword.internal.WebUIKeywordMain.runKeyword(WebUIKeywordMain.groovy:20)
	at com.kms.katalon.core.webui.keyword.builtin.SetTextKeyword.setText(SetTextKeyword.groovy:66)
	at com.kms.katalon.core.webui.keyword.builtin.SetTextKeyword.execute(SetTextKeyword.groovy:37)
	at com.kms.katalon.core.keyword.internal.KeywordExecutor.executeKeywordForPlatform(KeywordExecutor.groovy:74)
	at com.kms.katalon.core.webui.keyword.WebUiBuiltInKeywords.setText(WebUiBuiltInKeywords.groovy:966)
	at com.kms.katalon.core.webui.keyword.WebUiBuiltInKeywords$setText$1.call(Unknown Source)
	at Script1700848517241.run(Script1700848517241.groovy:41)
	... 13 more
)

2023-11-29 11:59:41 - [TEST_STEP][FAILED] - setText(findTestObject("Object Repository/CDT03 - CDT04 - CDT05/Page_/input_Cidade_cidadeCadastro"), cidade, CONTINUE_ON_FAILURE): Unable to set text 'Rio de Janeiro' of object 'Object Repository/CDT03 - CDT04 - CDT05/Page_/input_Cidade_cidadeCadastro' (Root cause: com.kms.katalon.core.exception.StepFailedException: Unable to set text 'Rio de Janeiro' of object 'Object Repository/CDT03 - CDT04 - CDT05/Page_/input_Cidade_cidadeCadastro'
	at com.kms.katalon.core.webui.keyword.internal.WebUIKeywordMain.stepFailed(WebUIKeywordMain.groovy:64)
	at com.kms.katalon.core.webui.keyword.internal.WebUIKeywordMain.runKeyword(WebUIKeywordMain.groovy:26)
	at com.kms.katalon.core.webui.keyword.builtin.SetTextKeyword.setText(SetTextKeyword.groovy:66)
	at com.kms.katalon.core.webui.keyword.builtin.SetTextKeyword.execute(SetTextKeyword.groovy:37)
	at com.kms.katalon.core.keyword.internal.KeywordExecutor.executeKeywordForPlatform(KeywordExecutor.groovy:74)
	at com.kms.katalon.core.webui.keyword.WebUiBuiltInKeywords.setText(WebUiBuiltInKeywords.groovy:966)
	at com.kms.katalon.core.webui.keyword.WebUiBuiltInKeywords$setText$1.call(Unknown Source)
	at CDT03 - cadastro simples.run(CDT03 - cadastro simples:44)
	at com.kms.katalon.core.main.ScriptEngine.run(ScriptEngine.java:194)
	at com.kms.katalon.core.main.ScriptEngine.runScriptAsRawText(ScriptEngine.java:119)
	at com.kms.katalon.core.main.TestCaseExecutor.runScript(TestCaseExecutor.java:448)
	at com.kms.katalon.core.main.TestCaseExecutor.doExecute(TestCaseExecutor.java:439)
	at com.kms.katalon.core.main.TestCaseExecutor.processExecutionPhase(TestCaseExecutor.java:418)
	at com.kms.katalon.core.main.TestCaseExecutor.accessMainPhase(TestCaseExecutor.java:410)
	at com.kms.katalon.core.main.TestCaseExecutor.execute(TestCaseExecutor.java:285)
	at com.kms.katalon.core.common.CommonExecutor.accessTestCaseMainPhase(CommonExecutor.java:65)
	at com.kms.katalon.core.main.TestSuiteExecutor.accessTestSuiteMainPhase(TestSuiteExecutor.java:148)
	at com.kms.katalon.core.main.TestSuiteExecutor.execute(TestSuiteExecutor.java:106)
	at com.kms.katalon.core.main.TestCaseMain.startTestSuite(TestCaseMain.java:187)
	at com.kms.katalon.core.main.TestCaseMain$startTestSuite$0.call(Unknown Source)
	at TempTestSuite1701269945786.run(TempTestSuite1701269945786.groovy:36)
Caused by: org.openqa.selenium.NoSuchSessionException: Session ID is null. Using WebDriver after calling quit()?
Build info: version: '3.141.59', revision: 'e82be7d358', time: '2018-11-14T08:25:53'
System info: host: 'LAPTOP-EU75EJ55', ip: '192.168.56.1', os.name: 'Windows 10', os.arch: 'amd64', os.version: '10.0', java.version: '1.8.0_362'
Driver info: driver.version: RemoteWebDriver
	at org.openqa.selenium.remote.HttpCommandExecutor.execute(HttpCommandExecutor.java:125)
	at org.openqa.selenium.remote.service.DriverCommandExecutor.execute(DriverCommandExecutor.java:83)
	at org.openqa.selenium.remote.RemoteWebDriver.execute(RemoteWebDriver.java:552)
	at com.kms.katalon.selenium.driver.CChromeDriver.execute(CChromeDriver.java:19)
	at org.openqa.selenium.remote.RemoteWebDriver.findElements(RemoteWebDriver.java:353)
	at org.openqa.selenium.remote.RemoteWebDriver.findElementsByXPath(RemoteWebDriver.java:432)
	at org.openqa.selenium.By$ByXPath.findElements(By.java:348)
	at org.openqa.selenium.remote.RemoteWebDriver.findElements(RemoteWebDriver.java:311)
	at com.kms.katalon.core.webui.common.WebUiCommonHelper.findElementByNormalMethods(WebUiCommonHelper.java:1027)
	at com.kms.katalon.core.webui.common.WebUiCommonHelper.findElementsBySelectedMethod(WebUiCommonHelper.java:919)
	at com.kms.katalon.core.webui.common.WebUiCommonHelper.findElementsBySelectedMethod(WebUiCommonHelper.java:901)
	at com.kms.katalon.core.webui.common.WebUiCommonHelper.findElementsBySelectedMethod(WebUiCommonHelper.java:896)
	at com.kms.katalon.core.webui.common.WebUiCommonHelper.findElementsByDefault(WebUiCommonHelper.java:892)
	at com.kms.katalon.core.webui.common.WebUiCommonHelper.findWebElements(WebUiCommonHelper.java:720)
	at com.kms.katalon.core.webui.common.WebUiCommonHelper.findWebElement(WebUiCommonHelper.java:1376)
	at com.kms.katalon.core.webui.keyword.internal.WebUIAbstractKeyword.findWebElement(WebUIAbstractKeyword.groovy:27)
	at com.kms.katalon.core.webui.keyword.internal.WebUIAbstractKeyword.findWebElement(WebUIAbstractKeyword.groovy:26)
	at com.kms.katalon.core.webui.keyword.builtin.SetTextKeyword$_setText_closure1.doCall(SetTextKeyword.groovy:51)
	at com.kms.katalon.core.webui.keyword.builtin.SetTextKeyword$_setText_closure1.call(SetTextKeyword.groovy)
	at com.kms.katalon.core.webui.keyword.internal.WebUIKeywordMain.runKeyword(WebUIKeywordMain.groovy:20)
	at com.kms.katalon.core.webui.keyword.builtin.SetTextKeyword.setText(SetTextKeyword.groovy:66)
	at com.kms.katalon.core.webui.keyword.builtin.SetTextKeyword.execute(SetTextKeyword.groovy:37)
	at com.kms.katalon.core.keyword.internal.KeywordExecutor.executeKeywordForPlatform(KeywordExecutor.groovy:74)
	at com.kms.katalon.core.webui.keyword.WebUiBuiltInKeywords.setText(WebUiBuiltInKeywords.groovy:966)
	at com.kms.katalon.core.webui.keyword.WebUiBuiltInKeywords$setText$1.call(Unknown Source)
	at Script1700848517241.run(Script1700848517241.groovy:44)
	... 13 more
)

2023-11-29 11:59:41 - [MESSAGE][WARNING] - Cannot take screenshot

2023-11-29 11:59:41 - [MESSAGE][FAILED] - Unable to set text 'Rio de Janeiro' of object 'Object Repository/CDT03 - CDT04 - CDT05/Page_/input_Cidade_cidadeCadastro' (Root cause: com.kms.katalon.core.exception.StepFailedException: Unable to set text 'Rio de Janeiro' of object 'Object Repository/CDT03 - CDT04 - CDT05/Page_/input_Cidade_cidadeCadastro'
	at com.kms.katalon.core.webui.keyword.internal.WebUIKeywordMain.stepFailed(WebUIKeywordMain.groovy:64)
	at com.kms.katalon.core.webui.keyword.internal.WebUIKeywordMain.runKeyword(WebUIKeywordMain.groovy:26)
	at com.kms.katalon.core.webui.keyword.builtin.SetTextKeyword.setText(SetTextKeyword.groovy:66)
	at com.kms.katalon.core.webui.keyword.builtin.SetTextKeyword.execute(SetTextKeyword.groovy:37)
	at com.kms.katalon.core.keyword.internal.KeywordExecutor.executeKeywordForPlatform(KeywordExecutor.groovy:74)
	at com.kms.katalon.core.webui.keyword.WebUiBuiltInKeywords.setText(WebUiBuiltInKeywords.groovy:966)
	at com.kms.katalon.core.webui.keyword.WebUiBuiltInKeywords$setText$1.call(Unknown Source)
	at CDT03 - cadastro simples.run(CDT03 - cadastro simples:44)
	at com.kms.katalon.core.main.ScriptEngine.run(ScriptEngine.java:194)
	at com.kms.katalon.core.main.ScriptEngine.runScriptAsRawText(ScriptEngine.java:119)
	at com.kms.katalon.core.main.TestCaseExecutor.runScript(TestCaseExecutor.java:448)
	at com.kms.katalon.core.main.TestCaseExecutor.doExecute(TestCaseExecutor.java:439)
	at com.kms.katalon.core.main.TestCaseExecutor.processExecutionPhase(TestCaseExecutor.java:418)
	at com.kms.katalon.core.main.TestCaseExecutor.accessMainPhase(TestCaseExecutor.java:410)
	at com.kms.katalon.core.main.TestCaseExecutor.execute(TestCaseExecutor.java:285)
	at com.kms.katalon.core.common.CommonExecutor.accessTestCaseMainPhase(CommonExecutor.java:65)
	at com.kms.katalon.core.main.TestSuiteExecutor.accessTestSuiteMainPhase(TestSuiteExecutor.java:148)
	at com.kms.katalon.core.main.TestSuiteExecutor.execute(TestSuiteExecutor.java:106)
	at com.kms.katalon.core.main.TestCaseMain.startTestSuite(TestCaseMain.java:187)
	at com.kms.katalon.core.main.TestCaseMain$startTestSuite$0.call(Unknown Source)
	at TempTestSuite1701269945786.run(TempTestSuite1701269945786.groovy:36)
Caused by: org.openqa.selenium.NoSuchSessionException: Session ID is null. Using WebDriver after calling quit()?
Build info: version: '3.141.59', revision: 'e82be7d358', time: '2018-11-14T08:25:53'
System info: host: 'LAPTOP-EU75EJ55', ip: '192.168.56.1', os.name: 'Windows 10', os.arch: 'amd64', os.version: '10.0', java.version: '1.8.0_362'
Driver info: driver.version: RemoteWebDriver
	at org.openqa.selenium.remote.HttpCommandExecutor.execute(HttpCommandExecutor.java:125)
	at org.openqa.selenium.remote.service.DriverCommandExecutor.execute(DriverCommandExecutor.java:83)
	at org.openqa.selenium.remote.RemoteWebDriver.execute(RemoteWebDriver.java:552)
	at com.kms.katalon.selenium.driver.CChromeDriver.execute(CChromeDriver.java:19)
	at org.openqa.selenium.remote.RemoteWebDriver.findElements(RemoteWebDriver.java:353)
	at org.openqa.selenium.remote.RemoteWebDriver.findElementsByXPath(RemoteWebDriver.java:432)
	at org.openqa.selenium.By$ByXPath.findElements(By.java:348)
	at org.openqa.selenium.remote.RemoteWebDriver.findElements(RemoteWebDriver.java:311)
	at com.kms.katalon.core.webui.common.WebUiCommonHelper.findElementByNormalMethods(WebUiCommonHelper.java:1027)
	at com.kms.katalon.core.webui.common.WebUiCommonHelper.findElementsBySelectedMethod(WebUiCommonHelper.java:919)
	at com.kms.katalon.core.webui.common.WebUiCommonHelper.findElementsBySelectedMethod(WebUiCommonHelper.java:901)
	at com.kms.katalon.core.webui.common.WebUiCommonHelper.findElementsBySelectedMethod(WebUiCommonHelper.java:896)
	at com.kms.katalon.core.webui.common.WebUiCommonHelper.findElementsByDefault(WebUiCommonHelper.java:892)
	at com.kms.katalon.core.webui.common.WebUiCommonHelper.findWebElements(WebUiCommonHelper.java:720)
	at com.kms.katalon.core.webui.common.WebUiCommonHelper.findWebElement(WebUiCommonHelper.java:1376)
	at com.kms.katalon.core.webui.keyword.internal.WebUIAbstractKeyword.findWebElement(WebUIAbstractKeyword.groovy:27)
	at com.kms.katalon.core.webui.keyword.internal.WebUIAbstractKeyword.findWebElement(WebUIAbstractKeyword.groovy:26)
	at com.kms.katalon.core.webui.keyword.builtin.SetTextKeyword$_setText_closure1.doCall(SetTextKeyword.groovy:51)
	at com.kms.katalon.core.webui.keyword.builtin.SetTextKeyword$_setText_closure1.call(SetTextKeyword.groovy)
	at com.kms.katalon.core.webui.keyword.internal.WebUIKeywordMain.runKeyword(WebUIKeywordMain.groovy:20)
	at com.kms.katalon.core.webui.keyword.builtin.SetTextKeyword.setText(SetTextKeyword.groovy:66)
	at com.kms.katalon.core.webui.keyword.builtin.SetTextKeyword.execute(SetTextKeyword.groovy:37)
	at com.kms.katalon.core.keyword.internal.KeywordExecutor.executeKeywordForPlatform(KeywordExecutor.groovy:74)
	at com.kms.katalon.core.webui.keyword.WebUiBuiltInKeywords.setText(WebUiBuiltInKeywords.groovy:966)
	at com.kms.katalon.core.webui.keyword.WebUiBuiltInKeywords$setText$1.call(Unknown Source)
	at Script1700848517241.run(Script1700848517241.groovy:44)
	... 13 more
)

2023-11-29 11:59:41 - [TEST_STEP][FAILED] - selectOptionByValue(findTestObject("Object Repository/CDT03 - CDT04 - CDT05/Page_/select_ALAPAMBACEDFESGOMAMTMSMGPAPBPRPEPIRR_4d941d"), uf, true, CONTINUE_ON_FAILURE): Unable to select option by value 'MG' of object 'Object Repository/CDT03 - CDT04 - CDT05/Page_/select_ALAPAMBACEDFESGOMAMTMSMGPAPBPRPEPIRR_4d941d'  using regular expression (Root cause: com.kms.katalon.core.exception.StepFailedException: Unable to select option by value 'MG' of object 'Object Repository/CDT03 - CDT04 - CDT05/Page_/select_ALAPAMBACEDFESGOMAMTMSMGPAPBPRPEPIRR_4d941d'  using regular expression
	at com.kms.katalon.core.webui.keyword.internal.WebUIKeywordMain.stepFailed(WebUIKeywordMain.groovy:64)
	at com.kms.katalon.core.webui.keyword.internal.WebUIKeywordMain.runKeyword(WebUIKeywordMain.groovy:26)
	at com.kms.katalon.core.webui.keyword.builtin.SelectOptionByValueKeyword.selectOptionByValue(SelectOptionByValueKeyword.groovy:99)
	at com.kms.katalon.core.webui.keyword.builtin.SelectOptionByValueKeyword.execute(SelectOptionByValueKeyword.groovy:71)
	at com.kms.katalon.core.keyword.internal.KeywordExecutor.executeKeywordForPlatform(KeywordExecutor.groovy:74)
	at com.kms.katalon.core.webui.keyword.WebUiBuiltInKeywords.selectOptionByValue(WebUiBuiltInKeywords.groovy:1151)
	at com.kms.katalon.core.webui.keyword.WebUiBuiltInKeywords$selectOptionByValue$4.call(Unknown Source)
	at CDT03 - cadastro simples.run(CDT03 - cadastro simples:46)
	at com.kms.katalon.core.main.ScriptEngine.run(ScriptEngine.java:194)
	at com.kms.katalon.core.main.ScriptEngine.runScriptAsRawText(ScriptEngine.java:119)
	at com.kms.katalon.core.main.TestCaseExecutor.runScript(TestCaseExecutor.java:448)
	at com.kms.katalon.core.main.TestCaseExecutor.doExecute(TestCaseExecutor.java:439)
	at com.kms.katalon.core.main.TestCaseExecutor.processExecutionPhase(TestCaseExecutor.java:418)
	at com.kms.katalon.core.main.TestCaseExecutor.accessMainPhase(TestCaseExecutor.java:410)
	at com.kms.katalon.core.main.TestCaseExecutor.execute(TestCaseExecutor.java:285)
	at com.kms.katalon.core.common.CommonExecutor.accessTestCaseMainPhase(CommonExecutor.java:65)
	at com.kms.katalon.core.main.TestSuiteExecutor.accessTestSuiteMainPhase(TestSuiteExecutor.java:148)
	at com.kms.katalon.core.main.TestSuiteExecutor.execute(TestSuiteExecutor.java:106)
	at com.kms.katalon.core.main.TestCaseMain.startTestSuite(TestCaseMain.java:187)
	at com.kms.katalon.core.main.TestCaseMain$startTestSuite$0.call(Unknown Source)
	at TempTestSuite1701269945786.run(TempTestSuite1701269945786.groovy:36)
Caused by: org.openqa.selenium.NoSuchSessionException: Session ID is null. Using WebDriver after calling quit()?
Build info: version: '3.141.59', revision: 'e82be7d358', time: '2018-11-14T08:25:53'
System info: host: 'LAPTOP-EU75EJ55', ip: '192.168.56.1', os.name: 'Windows 10', os.arch: 'amd64', os.version: '10.0', java.version: '1.8.0_362'
Driver info: driver.version: RemoteWebDriver
	at org.openqa.selenium.remote.HttpCommandExecutor.execute(HttpCommandExecutor.java:125)
	at org.openqa.selenium.remote.service.DriverCommandExecutor.execute(DriverCommandExecutor.java:83)
	at org.openqa.selenium.remote.RemoteWebDriver.execute(RemoteWebDriver.java:552)
	at com.kms.katalon.selenium.driver.CChromeDriver.execute(CChromeDriver.java:19)
	at org.openqa.selenium.remote.RemoteWebDriver.findElements(RemoteWebDriver.java:353)
	at org.openqa.selenium.remote.RemoteWebDriver.findElementsByXPath(RemoteWebDriver.java:432)
	at org.openqa.selenium.By$ByXPath.findElements(By.java:348)
	at org.openqa.selenium.remote.RemoteWebDriver.findElements(RemoteWebDriver.java:311)
	at com.kms.katalon.core.webui.common.WebUiCommonHelper.findElementByNormalMethods(WebUiCommonHelper.java:1027)
	at com.kms.katalon.core.webui.common.WebUiCommonHelper.findElementsBySelectedMethod(WebUiCommonHelper.java:919)
	at com.kms.katalon.core.webui.common.WebUiCommonHelper.findElementsBySelectedMethod(WebUiCommonHelper.java:901)
	at com.kms.katalon.core.webui.common.WebUiCommonHelper.findElementsBySelectedMethod(WebUiCommonHelper.java:896)
	at com.kms.katalon.core.webui.common.WebUiCommonHelper.findElementsByDefault(WebUiCommonHelper.java:892)
	at com.kms.katalon.core.webui.common.WebUiCommonHelper.findWebElements(WebUiCommonHelper.java:720)
	at com.kms.katalon.core.webui.common.WebUiCommonHelper.findWebElement(WebUiCommonHelper.java:1376)
	at com.kms.katalon.core.webui.keyword.internal.WebUIAbstractKeyword.findWebElement(WebUIAbstractKeyword.groovy:27)
	at com.kms.katalon.core.webui.keyword.internal.WebUIAbstractKeyword.findWebElement(WebUIAbstractKeyword.groovy:26)
	at com.kms.katalon.core.webui.keyword.builtin.SelectOptionByValueKeyword$_selectOptionByValue_closure1.doCall(SelectOptionByValueKeyword.groovy:86)
	at com.kms.katalon.core.webui.keyword.builtin.SelectOptionByValueKeyword$_selectOptionByValue_closure1.call(SelectOptionByValueKeyword.groovy)
	at com.kms.katalon.core.webui.keyword.internal.WebUIKeywordMain.runKeyword(WebUIKeywordMain.groovy:20)
	at com.kms.katalon.core.webui.keyword.builtin.SelectOptionByValueKeyword.selectOptionByValue(SelectOptionByValueKeyword.groovy:99)
	at com.kms.katalon.core.webui.keyword.builtin.SelectOptionByValueKeyword.execute(SelectOptionByValueKeyword.groovy:71)
	at com.kms.katalon.core.keyword.internal.KeywordExecutor.executeKeywordForPlatform(KeywordExecutor.groovy:74)
	at com.kms.katalon.core.webui.keyword.WebUiBuiltInKeywords.selectOptionByValue(WebUiBuiltInKeywords.groovy:1151)
	at com.kms.katalon.core.webui.keyword.WebUiBuiltInKeywords$selectOptionByValue$4.call(Unknown Source)
	at Script1700848517241.run(Script1700848517241.groovy:46)
	... 13 more
)

2023-11-29 11:59:41 - [MESSAGE][WARNING] - Cannot take screenshot

2023-11-29 11:59:41 - [MESSAGE][FAILED] - Unable to select option by value 'MG' of object 'Object Repository/CDT03 - CDT04 - CDT05/Page_/select_ALAPAMBACEDFESGOMAMTMSMGPAPBPRPEPIRR_4d941d'  using regular expression (Root cause: com.kms.katalon.core.exception.StepFailedException: Unable to select option by value 'MG' of object 'Object Repository/CDT03 - CDT04 - CDT05/Page_/select_ALAPAMBACEDFESGOMAMTMSMGPAPBPRPEPIRR_4d941d'  using regular expression
	at com.kms.katalon.core.webui.keyword.internal.WebUIKeywordMain.stepFailed(WebUIKeywordMain.groovy:64)
	at com.kms.katalon.core.webui.keyword.internal.WebUIKeywordMain.runKeyword(WebUIKeywordMain.groovy:26)
	at com.kms.katalon.core.webui.keyword.builtin.SelectOptionByValueKeyword.selectOptionByValue(SelectOptionByValueKeyword.groovy:99)
	at com.kms.katalon.core.webui.keyword.builtin.SelectOptionByValueKeyword.execute(SelectOptionByValueKeyword.groovy:71)
	at com.kms.katalon.core.keyword.internal.KeywordExecutor.executeKeywordForPlatform(KeywordExecutor.groovy:74)
	at com.kms.katalon.core.webui.keyword.WebUiBuiltInKeywords.selectOptionByValue(WebUiBuiltInKeywords.groovy:1151)
	at com.kms.katalon.core.webui.keyword.WebUiBuiltInKeywords$selectOptionByValue$4.call(Unknown Source)
	at CDT03 - cadastro simples.run(CDT03 - cadastro simples:46)
	at com.kms.katalon.core.main.ScriptEngine.run(ScriptEngine.java:194)
	at com.kms.katalon.core.main.ScriptEngine.runScriptAsRawText(ScriptEngine.java:119)
	at com.kms.katalon.core.main.TestCaseExecutor.runScript(TestCaseExecutor.java:448)
	at com.kms.katalon.core.main.TestCaseExecutor.doExecute(TestCaseExecutor.java:439)
	at com.kms.katalon.core.main.TestCaseExecutor.processExecutionPhase(TestCaseExecutor.java:418)
	at com.kms.katalon.core.main.TestCaseExecutor.accessMainPhase(TestCaseExecutor.java:410)
	at com.kms.katalon.core.main.TestCaseExecutor.execute(TestCaseExecutor.java:285)
	at com.kms.katalon.core.common.CommonExecutor.accessTestCaseMainPhase(CommonExecutor.java:65)
	at com.kms.katalon.core.main.TestSuiteExecutor.accessTestSuiteMainPhase(TestSuiteExecutor.java:148)
	at com.kms.katalon.core.main.TestSuiteExecutor.execute(TestSuiteExecutor.java:106)
	at com.kms.katalon.core.main.TestCaseMain.startTestSuite(TestCaseMain.java:187)
	at com.kms.katalon.core.main.TestCaseMain$startTestSuite$0.call(Unknown Source)
	at TempTestSuite1701269945786.run(TempTestSuite1701269945786.groovy:36)
Caused by: org.openqa.selenium.NoSuchSessionException: Session ID is null. Using WebDriver after calling quit()?
Build info: version: '3.141.59', revision: 'e82be7d358', time: '2018-11-14T08:25:53'
System info: host: 'LAPTOP-EU75EJ55', ip: '192.168.56.1', os.name: 'Windows 10', os.arch: 'amd64', os.version: '10.0', java.version: '1.8.0_362'
Driver info: driver.version: RemoteWebDriver
	at org.openqa.selenium.remote.HttpCommandExecutor.execute(HttpCommandExecutor.java:125)
	at org.openqa.selenium.remote.service.DriverCommandExecutor.execute(DriverCommandExecutor.java:83)
	at org.openqa.selenium.remote.RemoteWebDriver.execute(RemoteWebDriver.java:552)
	at com.kms.katalon.selenium.driver.CChromeDriver.execute(CChromeDriver.java:19)
	at org.openqa.selenium.remote.RemoteWebDriver.findElements(RemoteWebDriver.java:353)
	at org.openqa.selenium.remote.RemoteWebDriver.findElementsByXPath(RemoteWebDriver.java:432)
	at org.openqa.selenium.By$ByXPath.findElements(By.java:348)
	at org.openqa.selenium.remote.RemoteWebDriver.findElements(RemoteWebDriver.java:311)
	at com.kms.katalon.core.webui.common.WebUiCommonHelper.findElementByNormalMethods(WebUiCommonHelper.java:1027)
	at com.kms.katalon.core.webui.common.WebUiCommonHelper.findElementsBySelectedMethod(WebUiCommonHelper.java:919)
	at com.kms.katalon.core.webui.common.WebUiCommonHelper.findElementsBySelectedMethod(WebUiCommonHelper.java:901)
	at com.kms.katalon.core.webui.common.WebUiCommonHelper.findElementsBySelectedMethod(WebUiCommonHelper.java:896)
	at com.kms.katalon.core.webui.common.WebUiCommonHelper.findElementsByDefault(WebUiCommonHelper.java:892)
	at com.kms.katalon.core.webui.common.WebUiCommonHelper.findWebElements(WebUiCommonHelper.java:720)
	at com.kms.katalon.core.webui.common.WebUiCommonHelper.findWebElement(WebUiCommonHelper.java:1376)
	at com.kms.katalon.core.webui.keyword.internal.WebUIAbstractKeyword.findWebElement(WebUIAbstractKeyword.groovy:27)
	at com.kms.katalon.core.webui.keyword.internal.WebUIAbstractKeyword.findWebElement(WebUIAbstractKeyword.groovy:26)
	at com.kms.katalon.core.webui.keyword.builtin.SelectOptionByValueKeyword$_selectOptionByValue_closure1.doCall(SelectOptionByValueKeyword.groovy:86)
	at com.kms.katalon.core.webui.keyword.builtin.SelectOptionByValueKeyword$_selectOptionByValue_closure1.call(SelectOptionByValueKeyword.groovy)
	at com.kms.katalon.core.webui.keyword.internal.WebUIKeywordMain.runKeyword(WebUIKeywordMain.groovy:20)
	at com.kms.katalon.core.webui.keyword.builtin.SelectOptionByValueKeyword.selectOptionByValue(SelectOptionByValueKeyword.groovy:99)
	at com.kms.katalon.core.webui.keyword.builtin.SelectOptionByValueKeyword.execute(SelectOptionByValueKeyword.groovy:71)
	at com.kms.katalon.core.keyword.internal.KeywordExecutor.executeKeywordForPlatform(KeywordExecutor.groovy:74)
	at com.kms.katalon.core.webui.keyword.WebUiBuiltInKeywords.selectOptionByValue(WebUiBuiltInKeywords.groovy:1151)
	at com.kms.katalon.core.webui.keyword.WebUiBuiltInKeywords$selectOptionByValue$4.call(Unknown Source)
	at Script1700848517241.run(Script1700848517241.groovy:46)
	... 13 more
)]]></system-out>
         <system-err><![CDATA[2023-11-29 11:59:39 - [TEST_CASE][FAILED] - Test Cases/CDT03 - cadastro simples: Test Cases/CDT03 - cadastro simples FAILED.
Reason:
com.kms.katalon.core.exception.StepFailedException: Unable to set text 'teste' of object 'Object Repository/CDT03 - CDT04 - CDT05/Page_/input_Nome_nomeCadastro' (Root cause: com.kms.katalon.core.exception.StepFailedException: Unable to set text 'teste' of object 'Object Repository/CDT03 - CDT04 - CDT05/Page_/input_Nome_nomeCadastro'
	at com.kms.katalon.core.webui.keyword.internal.WebUIKeywordMain.stepFailed(WebUIKeywordMain.groovy:64)
	at com.kms.katalon.core.webui.keyword.internal.WebUIKeywordMain.runKeyword(WebUIKeywordMain.groovy:26)
	at com.kms.katalon.core.webui.keyword.builtin.SetTextKeyword.setText(SetTextKeyword.groovy:66)
	at com.kms.katalon.core.webui.keyword.builtin.SetTextKeyword.execute(SetTextKeyword.groovy:37)
	at com.kms.katalon.core.keyword.internal.KeywordExecutor.executeKeywordForPlatform(KeywordExecutor.groovy:74)
	at com.kms.katalon.core.webui.keyword.WebUiBuiltInKeywords.setText(WebUiBuiltInKeywords.groovy:966)
	at com.kms.katalon.core.webui.keyword.WebUiBuiltInKeywords$setText$1.call(Unknown Source)
	at CDT03 - cadastro simples.run(CDT03 - cadastro simples:20)
	at com.kms.katalon.core.main.ScriptEngine.run(ScriptEngine.java:194)
	at com.kms.katalon.core.main.ScriptEngine.runScriptAsRawText(ScriptEngine.java:119)
	at com.kms.katalon.core.main.TestCaseExecutor.runScript(TestCaseExecutor.java:448)
	at com.kms.katalon.core.main.TestCaseExecutor.doExecute(TestCaseExecutor.java:439)
	at com.kms.katalon.core.main.TestCaseExecutor.processExecutionPhase(TestCaseExecutor.java:418)
	at com.kms.katalon.core.main.TestCaseExecutor.accessMainPhase(TestCaseExecutor.java:410)
	at com.kms.katalon.core.main.TestCaseExecutor.execute(TestCaseExecutor.java:285)
	at com.kms.katalon.core.common.CommonExecutor.accessTestCaseMainPhase(CommonExecutor.java:65)
	at com.kms.katalon.core.main.TestSuiteExecutor.accessTestSuiteMainPhase(TestSuiteExecutor.java:148)
	at com.kms.katalon.core.main.TestSuiteExecutor.execute(TestSuiteExecutor.java:106)
	at com.kms.katalon.core.main.TestCaseMain.startTestSuite(TestCaseMain.java:187)
	at com.kms.katalon.core.main.TestCaseMain$startTestSuite$0.call(Unknown Source)
	at TempTestSuite1701269945786.run(TempTestSuite1701269945786.groovy:36)
Caused by: org.openqa.selenium.NoSuchSessionException: Session ID is null. Using WebDriver after calling quit()?
Build info: version: '3.141.59', revision: 'e82be7d358', time: '2018-11-14T08:25:53'
System info: host: 'LAPTOP-EU75EJ55', ip: '192.168.56.1', os.name: 'Windows 10', os.arch: 'amd64', os.version: '10.0', java.version: '1.8.0_362'
Driver info: driver.version: RemoteWebDriver
	at org.openqa.selenium.remote.HttpCommandExecutor.execute(HttpCommandExecutor.java:125)
	at org.openqa.selenium.remote.service.DriverCommandExecutor.execute(DriverCommandExecutor.java:83)
	at org.openqa.selenium.remote.RemoteWebDriver.execute(RemoteWebDriver.java:552)
	at com.kms.katalon.selenium.driver.CChromeDriver.execute(CChromeDriver.java:19)
	at org.openqa.selenium.remote.RemoteWebDriver.findElements(RemoteWebDriver.java:353)
	at org.openqa.selenium.remote.RemoteWebDriver.findElementsByXPath(RemoteWebDriver.java:432)
	at org.openqa.selenium.By$ByXPath.findElements(By.java:348)
	at org.openqa.selenium.remote.RemoteWebDriver.findElements(RemoteWebDriver.java:311)
	at com.kms.katalon.core.webui.common.WebUiCommonHelper.findElementByNormalMethods(WebUiCommonHelper.java:1027)
	at com.kms.katalon.core.webui.common.WebUiCommonHelper.findElementsBySelectedMethod(WebUiCommonHelper.java:919)
	at com.kms.katalon.core.webui.common.WebUiCommonHelper.findElementsBySelectedMethod(WebUiCommonHelper.java:901)
	at com.kms.katalon.core.webui.common.WebUiCommonHelper.findElementsBySelectedMethod(WebUiCommonHelper.java:896)
	at com.kms.katalon.core.webui.common.WebUiCommonHelper.findElementsByDefault(WebUiCommonHelper.java:892)
	at com.kms.katalon.core.webui.common.WebUiCommonHelper.findWebElements(WebUiCommonHelper.java:720)
	at com.kms.katalon.core.webui.common.WebUiCommonHelper.findWebElement(WebUiCommonHelper.java:1376)
	at com.kms.katalon.core.webui.keyword.internal.WebUIAbstractKeyword.findWebElement(WebUIAbstractKeyword.groovy:27)
	at com.kms.katalon.core.webui.keyword.internal.WebUIAbstractKeyword.findWebElement(WebUIAbstractKeyword.groovy:26)
	at com.kms.katalon.core.webui.keyword.builtin.SetTextKeyword$_setText_closure1.doCall(SetTextKeyword.groovy:51)
	at com.kms.katalon.core.webui.keyword.builtin.SetTextKeyword$_setText_closure1.call(SetTextKeyword.groovy)
	at com.kms.katalon.core.webui.keyword.internal.WebUIKeywordMain.runKeyword(WebUIKeywordMain.groovy:20)
	at com.kms.katalon.core.webui.keyword.builtin.SetTextKeyword.setText(SetTextKeyword.groovy:66)
	at com.kms.katalon.core.webui.keyword.builtin.SetTextKeyword.execute(SetTextKeyword.groovy:37)
	at com.kms.katalon.core.keyword.internal.KeywordExecutor.executeKeywordForPlatform(KeywordExecutor.groovy:74)
	at com.kms.katalon.core.webui.keyword.WebUiBuiltInKeywords.setText(WebUiBuiltInKeywords.groovy:966)
	at com.kms.katalon.core.webui.keyword.WebUiBuiltInKeywords$setText$1.call(Unknown Source)
	at Script1700848517241.run(Script1700848517241.groovy:20)
	... 13 more
)
	at com.kms.katalon.core.keyword.internal.KeywordMain.stepFailed(KeywordMain.groovy:39)
	at com.kms.katalon.core.webui.keyword.internal.WebUIKeywordMain.stepFailed(WebUIKeywordMain.groovy:64)
	at com.kms.katalon.core.webui.keyword.internal.WebUIKeywordMain.runKeyword(WebUIKeywordMain.groovy:26)
	at com.kms.katalon.core.webui.keyword.builtin.SetTextKeyword.setText(SetTextKeyword.groovy:66)
	at com.kms.katalon.core.webui.keyword.builtin.SetTextKeyword.execute(SetTextKeyword.groovy:37)
	at com.kms.katalon.core.keyword.internal.KeywordExecutor.executeKeywordForPlatform(KeywordExecutor.groovy:74)
	at com.kms.katalon.core.webui.keyword.WebUiBuiltInKeywords.setText(WebUiBuiltInKeywords.groovy:966)
	at com.kms.katalon.core.webui.keyword.WebUiBuiltInKeywords$setText$1.call(Unknown Source)
	at CDT03 - cadastro simples.run(CDT03 - cadastro simples:20)
	at com.kms.katalon.core.main.ScriptEngine.run(ScriptEngine.java:194)
	at com.kms.katalon.core.main.ScriptEngine.runScriptAsRawText(ScriptEngine.java:119)
	at com.kms.katalon.core.main.TestCaseExecutor.runScript(TestCaseExecutor.java:448)
	at com.kms.katalon.core.main.TestCaseExecutor.doExecute(TestCaseExecutor.java:439)
	at com.kms.katalon.core.main.TestCaseExecutor.processExecutionPhase(TestCaseExecutor.java:418)
	at com.kms.katalon.core.main.TestCaseExecutor.accessMainPhase(TestCaseExecutor.java:410)
	at com.kms.katalon.core.main.TestCaseExecutor.execute(TestCaseExecutor.java:285)
	at com.kms.katalon.core.common.CommonExecutor.accessTestCaseMainPhase(CommonExecutor.java:65)
	at com.kms.katalon.core.main.TestSuiteExecutor.accessTestSuiteMainPhase(TestSuiteExecutor.java:148)
	at com.kms.katalon.core.main.TestSuiteExecutor.execute(TestSuiteExecutor.java:106)
	at com.kms.katalon.core.main.TestCaseMain.startTestSuite(TestCaseMain.java:187)
	at com.kms.katalon.core.main.TestCaseMain$startTestSuite$0.call(Unknown Source)
	at TempTestSuite1701269945786.run(TempTestSuite1701269945786.groovy:36)
Caused by: com.kms.katalon.core.exception.StepFailedException: Unable to set text 'teste' of object 'Object Repository/CDT03 - CDT04 - CDT05/Page_/input_Nome_nomeCadastro'
	... 21 more
Caused by: org.openqa.selenium.NoSuchSessionException: Session ID is null. Using WebDriver after calling quit()?
Build info: version: '3.141.59', revision: 'e82be7d358', time: '2018-11-14T08:25:53'
System info: host: 'LAPTOP-EU75EJ55', ip: '192.168.56.1', os.name: 'Windows 10', os.arch: 'amd64', os.version: '10.0', java.version: '1.8.0_362'
Driver info: driver.version: RemoteWebDriver
	at org.openqa.selenium.remote.HttpCommandExecutor.execute(HttpCommandExecutor.java:125)
	at org.openqa.selenium.remote.service.DriverCommandExecutor.execute(DriverCommandExecutor.java:83)
	at org.openqa.selenium.remote.RemoteWebDriver.execute(RemoteWebDriver.java:552)
	at com.kms.katalon.selenium.driver.CChromeDriver.execute(CChromeDriver.java:19)
	at org.openqa.selenium.remote.RemoteWebDriver.findElements(RemoteWebDriver.java:353)
	at org.openqa.selenium.remote.RemoteWebDriver.findElementsByXPath(RemoteWebDriver.java:432)
	at org.openqa.selenium.By$ByXPath.findElements(By.java:348)
	at org.openqa.selenium.remote.RemoteWebDriver.findElements(RemoteWebDriver.java:311)
	at com.kms.katalon.core.webui.common.WebUiCommonHelper.findElementByNormalMethods(WebUiCommonHelper.java:1027)
	at com.kms.katalon.core.webui.common.WebUiCommonHelper.findElementsBySelectedMethod(WebUiCommonHelper.java:919)
	at com.kms.katalon.core.webui.common.WebUiCommonHelper.findElementsBySelectedMethod(WebUiCommonHelper.java:901)
	at com.kms.katalon.core.webui.common.WebUiCommonHelper.findElementsBySelectedMethod(WebUiCommonHelper.java:896)
	at com.kms.katalon.core.webui.common.WebUiCommonHelper.findElementsByDefault(WebUiCommonHelper.java:892)
	at com.kms.katalon.core.webui.common.WebUiCommonHelper.findWebElements(WebUiCommonHelper.java:720)
	at com.kms.katalon.core.webui.common.WebUiCommonHelper.findWebElement(WebUiCommonHelper.java:1376)
	at com.kms.katalon.core.webui.keyword.internal.WebUIAbstractKeyword.findWebElement(WebUIAbstractKeyword.groovy:27)
	at com.kms.katalon.core.webui.keyword.internal.WebUIAbstractKeyword.findWebElement(WebUIAbstractKeyword.groovy:26)
	at com.kms.katalon.core.webui.keyword.builtin.SetTextKeyword$_setText_closure1.doCall(SetTextKeyword.groovy:51)
	at com.kms.katalon.core.webui.keyword.builtin.SetTextKeyword$_setText_closure1.call(SetTextKeyword.groovy)
	at com.kms.katalon.core.webui.keyword.internal.WebUIKeywordMain.runKeyword(WebUIKeywordMain.groovy:20)
	... 19 more]]></system-err>
      </testcase>
      <testcase name="Test Cases/CDT04 - RF01 - cadastro cliente - Verificar erros de preenchimento" time="58.265" classname="Test Cases/CDT04 - RF01 - cadastro cliente - Verificar erros de preenchimento" status="FAILED">
         <failure type="FAILED" message="Test Cases/CDT04 - RF01 - cadastro cliente - Verificar erros de preenchimento FAILED.
Reason:
com.kms.katalon.core.exception.StepFailedException: Text 'Cadastro' is not present on page  (Root cause: com.kms.katalon.core.exception.StepFailedException: Text 'Cadastro' is not present on page 
	at com.kms.katalon.core.webui.keyword.internal.WebUIKeywordMain.stepFailed(WebUIKeywordMain.groovy:64)
	at com.kms.katalon.core.webui.keyword.builtin.VerifyTextPresentKeyword$_verifyTextPresent_closure1.doCall(VerifyTextPresentKeyword.groovy:79)
	at com.kms.katalon.core.webui.keyword.builtin.VerifyTextPresentKeyword$_verifyTextPresent_closure1.call(VerifyTextPresentKeyword.groovy)
	at com.kms.katalon.core.webui.keyword.internal.WebUIKeywordMain.runKeyword(WebUIKeywordMain.groovy:20)
	at com.kms.katalon.core.webui.keyword.builtin.VerifyTextPresentKeyword.verifyTextPresent(VerifyTextPresentKeyword.groovy:83)
	at com.kms.katalon.core.webui.keyword.builtin.VerifyTextPresentKeyword.execute(VerifyTextPresentKeyword.groovy:68)
	at com.kms.katalon.core.keyword.internal.KeywordExecutor.executeKeywordForPlatform(KeywordExecutor.groovy:74)
	at com.kms.katalon.core.webui.keyword.WebUiBuiltInKeywords.verifyTextPresent(WebUiBuiltInKeywords.groovy:1707)
	at com.kms.katalon.core.webui.keyword.WebUiBuiltInKeywords$verifyTextPresent$6.call(Unknown Source)
	at CDT04 - RF01 - cadastro cliente - Verificar erros de preenchimento.run(CDT04 - RF01 - cadastro cliente - Verificar erros de preenchimento:56)
	at com.kms.katalon.core.main.ScriptEngine.run(ScriptEngine.java:194)
	at com.kms.katalon.core.main.ScriptEngine.runScriptAsRawText(ScriptEngine.java:119)
	at com.kms.katalon.core.main.TestCaseExecutor.runScript(TestCaseExecutor.java:448)
	at com.kms.katalon.core.main.TestCaseExecutor.doExecute(TestCaseExecutor.java:439)
	at com.kms.katalon.core.main.TestCaseExecutor.processExecutionPhase(TestCaseExecutor.java:418)
	at com.kms.katalon.core.main.TestCaseExecutor.accessMainPhase(TestCaseExecutor.java:410)
	at com.kms.katalon.core.main.TestCaseExecutor.execute(TestCaseExecutor.java:285)
	at com.kms.katalon.core.common.CommonExecutor.accessTestCaseMainPhase(CommonExecutor.java:65)
	at com.kms.katalon.core.main.TestSuiteExecutor.accessTestSuiteMainPhase(TestSuiteExecutor.java:148)
	at com.kms.katalon.core.main.TestSuiteExecutor.execute(TestSuiteExecutor.java:106)
	at com.kms.katalon.core.main.TestCaseMain.startTestSuite(TestCaseMain.java:187)
	at com.kms.katalon.core.main.TestCaseMain$startTestSuite$0.call(Unknown Source)
	at TempTestSuite1701269945786.run(TempTestSuite1701269945786.groovy:36)
)
	at com.kms.katalon.core.keyword.internal.KeywordMain.stepFailed(KeywordMain.groovy:39)
	at com.kms.katalon.core.webui.keyword.internal.WebUIKeywordMain.stepFailed(WebUIKeywordMain.groovy:64)
	at com.kms.katalon.core.webui.keyword.builtin.VerifyTextPresentKeyword$_verifyTextPresent_closure1.doCall(VerifyTextPresentKeyword.groovy:79)
	at com.kms.katalon.core.webui.keyword.builtin.VerifyTextPresentKeyword$_verifyTextPresent_closure1.call(VerifyTextPresentKeyword.groovy)
	at com.kms.katalon.core.webui.keyword.internal.WebUIKeywordMain.runKeyword(WebUIKeywordMain.groovy:20)
	at com.kms.katalon.core.webui.keyword.builtin.VerifyTextPresentKeyword.verifyTextPresent(VerifyTextPresentKeyword.groovy:83)
	at com.kms.katalon.core.webui.keyword.builtin.VerifyTextPresentKeyword.execute(VerifyTextPresentKeyword.groovy:68)
	at com.kms.katalon.core.keyword.internal.KeywordExecutor.executeKeywordForPlatform(KeywordExecutor.groovy:74)
	at com.kms.katalon.core.webui.keyword.WebUiBuiltInKeywords.verifyTextPresent(WebUiBuiltInKeywords.groovy:1707)
	at com.kms.katalon.core.webui.keyword.WebUiBuiltInKeywords$verifyTextPresent$6.call(Unknown Source)
	at CDT04 - RF01 - cadastro cliente - Verificar erros de preenchimento.run(CDT04 - RF01 - cadastro cliente - Verificar erros de preenchimento:56)
	at com.kms.katalon.core.main.ScriptEngine.run(ScriptEngine.java:194)
	at com.kms.katalon.core.main.ScriptEngine.runScriptAsRawText(ScriptEngine.java:119)
	at com.kms.katalon.core.main.TestCaseExecutor.runScript(TestCaseExecutor.java:448)
	at com.kms.katalon.core.main.TestCaseExecutor.doExecute(TestCaseExecutor.java:439)
	at com.kms.katalon.core.main.TestCaseExecutor.processExecutionPhase(TestCaseExecutor.java:418)
	at com.kms.katalon.core.main.TestCaseExecutor.accessMainPhase(TestCaseExecutor.java:410)
	at com.kms.katalon.core.main.TestCaseExecutor.execute(TestCaseExecutor.java:285)
	at com.kms.katalon.core.common.CommonExecutor.accessTestCaseMainPhase(CommonExecutor.java:65)
	at com.kms.katalon.core.main.TestSuiteExecutor.accessTestSuiteMainPhase(TestSuiteExecutor.java:148)
	at com.kms.katalon.core.main.TestSuiteExecutor.execute(TestSuiteExecutor.java:106)
	at com.kms.katalon.core.main.TestCaseMain.startTestSuite(TestCaseMain.java:187)
	at com.kms.katalon.core.main.TestCaseMain$startTestSuite$0.call(Unknown Source)
	at TempTestSuite1701269945786.run(TempTestSuite1701269945786.groovy:36)
Caused by: com.kms.katalon.core.exception.StepFailedException: Text 'Cadastro' is not present on page 
	... 23 more
"/>
         <system-out><![CDATA[2023-11-29 11:59:41 - [TEST_CASE][FAILED] - Test Cases/CDT04 - RF01 - cadastro cliente - Verificar erros de preenchimento: Test Cases/CDT04 - RF01 - cadastro cliente - Verificar erros de preenchimento FAILED.
Reason:
com.kms.katalon.core.exception.StepFailedException: Text 'Cadastro' is not present on page  (Root cause: com.kms.katalon.core.exception.StepFailedException: Text 'Cadastro' is not present on page 
	at com.kms.katalon.core.webui.keyword.internal.WebUIKeywordMain.stepFailed(WebUIKeywordMain.groovy:64)
	at com.kms.katalon.core.webui.keyword.builtin.VerifyTextPresentKeyword$_verifyTextPresent_closure1.doCall(VerifyTextPresentKeyword.groovy:79)
	at com.kms.katalon.core.webui.keyword.builtin.VerifyTextPresentKeyword$_verifyTextPresent_closure1.call(VerifyTextPresentKeyword.groovy)
	at com.kms.katalon.core.webui.keyword.internal.WebUIKeywordMain.runKeyword(WebUIKeywordMain.groovy:20)
	at com.kms.katalon.core.webui.keyword.builtin.VerifyTextPresentKeyword.verifyTextPresent(VerifyTextPresentKeyword.groovy:83)
	at com.kms.katalon.core.webui.keyword.builtin.VerifyTextPresentKeyword.execute(VerifyTextPresentKeyword.groovy:68)
	at com.kms.katalon.core.keyword.internal.KeywordExecutor.executeKeywordForPlatform(KeywordExecutor.groovy:74)
	at com.kms.katalon.core.webui.keyword.WebUiBuiltInKeywords.verifyTextPresent(WebUiBuiltInKeywords.groovy:1707)
	at com.kms.katalon.core.webui.keyword.WebUiBuiltInKeywords$verifyTextPresent$6.call(Unknown Source)
	at CDT04 - RF01 - cadastro cliente - Verificar erros de preenchimento.run(CDT04 - RF01 - cadastro cliente - Verificar erros de preenchimento:56)
	at com.kms.katalon.core.main.ScriptEngine.run(ScriptEngine.java:194)
	at com.kms.katalon.core.main.ScriptEngine.runScriptAsRawText(ScriptEngine.java:119)
	at com.kms.katalon.core.main.TestCaseExecutor.runScript(TestCaseExecutor.java:448)
	at com.kms.katalon.core.main.TestCaseExecutor.doExecute(TestCaseExecutor.java:439)
	at com.kms.katalon.core.main.TestCaseExecutor.processExecutionPhase(TestCaseExecutor.java:418)
	at com.kms.katalon.core.main.TestCaseExecutor.accessMainPhase(TestCaseExecutor.java:410)
	at com.kms.katalon.core.main.TestCaseExecutor.execute(TestCaseExecutor.java:285)
	at com.kms.katalon.core.common.CommonExecutor.accessTestCaseMainPhase(CommonExecutor.java:65)
	at com.kms.katalon.core.main.TestSuiteExecutor.accessTestSuiteMainPhase(TestSuiteExecutor.java:148)
	at com.kms.katalon.core.main.TestSuiteExecutor.execute(TestSuiteExecutor.java:106)
	at com.kms.katalon.core.main.TestCaseMain.startTestSuite(TestCaseMain.java:187)
	at com.kms.katalon.core.main.TestCaseMain$startTestSuite$0.call(Unknown Source)
	at TempTestSuite1701269945786.run(TempTestSuite1701269945786.groovy:36)
)
	at com.kms.katalon.core.keyword.internal.KeywordMain.stepFailed(KeywordMain.groovy:39)
	at com.kms.katalon.core.webui.keyword.internal.WebUIKeywordMain.stepFailed(WebUIKeywordMain.groovy:64)
	at com.kms.katalon.core.webui.keyword.builtin.VerifyTextPresentKeyword$_verifyTextPresent_closure1.doCall(VerifyTextPresentKeyword.groovy:79)
	at com.kms.katalon.core.webui.keyword.builtin.VerifyTextPresentKeyword$_verifyTextPresent_closure1.call(VerifyTextPresentKeyword.groovy)
	at com.kms.katalon.core.webui.keyword.internal.WebUIKeywordMain.runKeyword(WebUIKeywordMain.groovy:20)
	at com.kms.katalon.core.webui.keyword.builtin.VerifyTextPresentKeyword.verifyTextPresent(VerifyTextPresentKeyword.groovy:83)
	at com.kms.katalon.core.webui.keyword.builtin.VerifyTextPresentKeyword.execute(VerifyTextPresentKeyword.groovy:68)
	at com.kms.katalon.core.keyword.internal.KeywordExecutor.executeKeywordForPlatform(KeywordExecutor.groovy:74)
	at com.kms.katalon.core.webui.keyword.WebUiBuiltInKeywords.verifyTextPresent(WebUiBuiltInKeywords.groovy:1707)
	at com.kms.katalon.core.webui.keyword.WebUiBuiltInKeywords$verifyTextPresent$6.call(Unknown Source)
	at CDT04 - RF01 - cadastro cliente - Verificar erros de preenchimento.run(CDT04 - RF01 - cadastro cliente - Verificar erros de preenchimento:56)
	at com.kms.katalon.core.main.ScriptEngine.run(ScriptEngine.java:194)
	at com.kms.katalon.core.main.ScriptEngine.runScriptAsRawText(ScriptEngine.java:119)
	at com.kms.katalon.core.main.TestCaseExecutor.runScript(TestCaseExecutor.java:448)
	at com.kms.katalon.core.main.TestCaseExecutor.doExecute(TestCaseExecutor.java:439)
	at com.kms.katalon.core.main.TestCaseExecutor.processExecutionPhase(TestCaseExecutor.java:418)
	at com.kms.katalon.core.main.TestCaseExecutor.accessMainPhase(TestCaseExecutor.java:410)
	at com.kms.katalon.core.main.TestCaseExecutor.execute(TestCaseExecutor.java:285)
	at com.kms.katalon.core.common.CommonExecutor.accessTestCaseMainPhase(CommonExecutor.java:65)
	at com.kms.katalon.core.main.TestSuiteExecutor.accessTestSuiteMainPhase(TestSuiteExecutor.java:148)
	at com.kms.katalon.core.main.TestSuiteExecutor.execute(TestSuiteExecutor.java:106)
	at com.kms.katalon.core.main.TestCaseMain.startTestSuite(TestCaseMain.java:187)
	at com.kms.katalon.core.main.TestCaseMain$startTestSuite$0.call(Unknown Source)
	at TempTestSuite1701269945786.run(TempTestSuite1701269945786.groovy:36)
Caused by: com.kms.katalon.core.exception.StepFailedException: Text 'Cadastro' is not present on page 
	... 23 more


2023-11-29 11:59:42 - [TEST_STEP][PASSED] - openBrowser("", CONTINUE_ON_FAILURE): Browser is opened with url: ''

2023-11-29 11:59:42 - [MESSAGE][INFO] - Starting 'Chrome' driver

2023-11-29 11:59:42 - [MESSAGE][INFO] - Action delay is set to 0 milliseconds

2023-11-29 11:59:44 - [MESSAGE][PASSED] - Browser is opened with url: ''

2023-11-29 11:59:44 - [TEST_STEP][PASSED] - navigateToUrl("http://localhost/pizzaWeb2.0/site/index.php", CONTINUE_ON_FAILURE): Navigate to 'http://localhost/pizzaWeb2.0/site/index.php' successfully

2023-11-29 11:59:49 - [MESSAGE][PASSED] - Navigate to 'http://localhost/pizzaWeb2.0/site/index.php' successfully

2023-11-29 11:59:49 - [TEST_STEP][PASSED] - click(findTestObject("Object Repository/CDT03 - CDT04 - CDT05/Page_PizzaWeb/a_Cadastre-se"), CONTINUE_ON_FAILURE): Object: 'Object Repository/CDT03 - CDT04 - CDT05/Page_PizzaWeb/a_Cadastre-se' is clicked on

2023-11-29 11:59:50 - [MESSAGE][PASSED] - Object: 'Object Repository/CDT03 - CDT04 - CDT05/Page_PizzaWeb/a_Cadastre-se' is clicked on

2023-11-29 11:59:50 - [TEST_STEP][PASSED] - callTestCase(findTestCase("CDT03 - cadastro simples"), ["nome":"teste", "email":"", "ddd":"11", "telefone":"222222222", "usuario":"", "senha":"teste", "repetir_senha":"teste", "rua":"rua ", ... ], CONTINUE_ON_FAILURE): Call Test Case 'Test Cases/CDT03 - cadastro simples' successfully

2023-11-29 11:59:50 - [TEST_CASE][PASSED] - Test Cases/CDT03 - cadastro simples: Test Cases/CDT03 - cadastro simples

2023-11-29 11:59:50 - [TEST_STEP][PASSED] - setText(findTestObject("Object Repository/CDT03 - CDT04 - CDT05/Page_/input_Nome_nomeCadastro"), nome, CONTINUE_ON_FAILURE): Text 'teste' is set on object 'Object Repository/CDT03 - CDT04 - CDT05/Page_/input_Nome_nomeCadastro'

2023-11-29 11:59:51 - [MESSAGE][PASSED] - Text 'teste' is set on object 'Object Repository/CDT03 - CDT04 - CDT05/Page_/input_Nome_nomeCadastro'

2023-11-29 11:59:51 - [TEST_STEP][PASSED] - setText(findTestObject("Object Repository/CDT03 - CDT04 - CDT05/Page_/input_E-mail_emailCadastro"), email, CONTINUE_ON_FAILURE): Text '' is set on object 'Object Repository/CDT03 - CDT04 - CDT05/Page_/input_E-mail_emailCadastro'

2023-11-29 11:59:52 - [MESSAGE][PASSED] - Text '' is set on object 'Object Repository/CDT03 - CDT04 - CDT05/Page_/input_E-mail_emailCadastro'

2023-11-29 11:59:52 - [TEST_STEP][PASSED] - setText(findTestObject("Object Repository/CDT03 - CDT04 - CDT05/Page_/input_DDD_dddTelCadastro"), ddd, CONTINUE_ON_FAILURE): Text '11' is set on object 'Object Repository/CDT03 - CDT04 - CDT05/Page_/input_DDD_dddTelCadastro'

2023-11-29 11:59:53 - [MESSAGE][PASSED] - Text '11' is set on object 'Object Repository/CDT03 - CDT04 - CDT05/Page_/input_DDD_dddTelCadastro'

2023-11-29 11:59:53 - [TEST_STEP][PASSED] - setText(findTestObject("Object Repository/CDT03 - CDT04 - CDT05/Page_/input_Telefone_telCadastro"), telefone, CONTINUE_ON_FAILURE): Text '222222222' is set on object 'Object Repository/CDT03 - CDT04 - CDT05/Page_/input_Telefone_telCadastro'

2023-11-29 11:59:54 - [MESSAGE][PASSED] - Text '222222222' is set on object 'Object Repository/CDT03 - CDT04 - CDT05/Page_/input_Telefone_telCadastro'

2023-11-29 11:59:54 - [TEST_STEP][PASSED] - setText(findTestObject("Object Repository/CDT03 - CDT04 - CDT05/Page_/input_Usurio_loginCadastro"), usuario, CONTINUE_ON_FAILURE): Text '' is set on object 'Object Repository/CDT03 - CDT04 - CDT05/Page_/input_Usurio_loginCadastro'

2023-11-29 11:59:55 - [MESSAGE][PASSED] - Text '' is set on object 'Object Repository/CDT03 - CDT04 - CDT05/Page_/input_Usurio_loginCadastro'

2023-11-29 11:59:55 - [TEST_STEP][PASSED] - setText(findTestObject("Object Repository/CDT03 - CDT04 - CDT05/Page_/input_Senha_senhaCadastro"), senha, CONTINUE_ON_FAILURE): Text 'teste' is set on object 'Object Repository/CDT03 - CDT04 - CDT05/Page_/input_Senha_senhaCadastro'

2023-11-29 11:59:56 - [MESSAGE][PASSED] - Text 'teste' is set on object 'Object Repository/CDT03 - CDT04 - CDT05/Page_/input_Senha_senhaCadastro'

2023-11-29 11:59:56 - [TEST_STEP][PASSED] - setText(findTestObject("Object Repository/CDT03 - CDT04 - CDT05/Page_/input_Repetir a senha_form-control"), repetir_senha, CONTINUE_ON_FAILURE): Text 'teste' is set on object 'Object Repository/CDT03 - CDT04 - CDT05/Page_/input_Repetir a senha_form-control'

2023-11-29 11:59:57 - [MESSAGE][PASSED] - Text 'teste' is set on object 'Object Repository/CDT03 - CDT04 - CDT05/Page_/input_Repetir a senha_form-control'

2023-11-29 11:59:57 - [TEST_STEP][PASSED] - setText(findTestObject("Object Repository/CDT03 - CDT04 - CDT05/Page_/input_RuaAv_ruaCadastro"), rua, CONTINUE_ON_FAILURE): Text 'rua ' is set on object 'Object Repository/CDT03 - CDT04 - CDT05/Page_/input_RuaAv_ruaCadastro'

2023-11-29 11:59:58 - [MESSAGE][PASSED] - Text 'rua ' is set on object 'Object Repository/CDT03 - CDT04 - CDT05/Page_/input_RuaAv_ruaCadastro'

2023-11-29 11:59:58 - [TEST_STEP][PASSED] - setText(findTestObject("Object Repository/CDT03 - CDT04 - CDT05/Page_/input_Nmero_numeroCadastro"), numero, CONTINUE_ON_FAILURE): Text '200' is set on object 'Object Repository/CDT03 - CDT04 - CDT05/Page_/input_Nmero_numeroCadastro'

2023-11-29 11:59:59 - [MESSAGE][PASSED] - Text '200' is set on object 'Object Repository/CDT03 - CDT04 - CDT05/Page_/input_Nmero_numeroCadastro'

2023-11-29 11:59:59 - [TEST_STEP][PASSED] - setText(findTestObject("Object Repository/CDT03 - CDT04 - CDT05/Page_/input_Bairro_bairroCadastro"), bairro, CONTINUE_ON_FAILURE): Text 'bairro' is set on object 'Object Repository/CDT03 - CDT04 - CDT05/Page_/input_Bairro_bairroCadastro'

2023-11-29 12:00:00 - [MESSAGE][PASSED] - Text 'bairro' is set on object 'Object Repository/CDT03 - CDT04 - CDT05/Page_/input_Bairro_bairroCadastro'

2023-11-29 12:00:00 - [TEST_STEP][PASSED] - setText(findTestObject("Object Repository/CDT03 - CDT04 - CDT05/Page_/input_Complemento_complementoCadastro"), complemento, CONTINUE_ON_FAILURE): Text 'complemento' is set on object 'Object Repository/CDT03 - CDT04 - CDT05/Page_/input_Complemento_complementoCadastro'

2023-11-29 12:00:01 - [MESSAGE][PASSED] - Text 'complemento' is set on object 'Object Repository/CDT03 - CDT04 - CDT05/Page_/input_Complemento_complementoCadastro'

2023-11-29 12:00:01 - [TEST_STEP][PASSED] - setText(findTestObject("Object Repository/CDT03 - CDT04 - CDT05/Page_/input_Cidade_cidadeCadastro"), cidade, CONTINUE_ON_FAILURE): Text 'Rio de Janeiro' is set on object 'Object Repository/CDT03 - CDT04 - CDT05/Page_/input_Cidade_cidadeCadastro'

2023-11-29 12:00:02 - [MESSAGE][PASSED] - Text 'Rio de Janeiro' is set on object 'Object Repository/CDT03 - CDT04 - CDT05/Page_/input_Cidade_cidadeCadastro'

2023-11-29 12:00:02 - [TEST_STEP][PASSED] - selectOptionByValue(findTestObject("Object Repository/CDT03 - CDT04 - CDT05/Page_/select_ALAPAMBACEDFESGOMAMTMSMGPAPBPRPEPIRR_4d941d"), uf, true, CONTINUE_ON_FAILURE): All options with value 'MG' are selected in object 'Object Repository/CDT03 - CDT04 - CDT05/Page_/select_ALAPAMBACEDFESGOMAMTMSMGPAPBPRPEPIRR_4d941d'  using regular expression

2023-11-29 12:00:04 - [MESSAGE][PASSED] - All options with value 'MG' are selected in object 'Object Repository/CDT03 - CDT04 - CDT05/Page_/select_ALAPAMBACEDFESGOMAMTMSMGPAPBPRPEPIRR_4d941d'  using regular expression

2023-11-29 12:00:04 - [MESSAGE][PASSED] - Call Test Case 'Test Cases/CDT03 - cadastro simples' successfully

2023-11-29 12:00:04 - [TEST_STEP][PASSED] - click(findTestObject("Object Repository/CDT03 - CDT04 - CDT05/Page_/button_Cadastrar"), CONTINUE_ON_FAILURE): Object: 'Object Repository/CDT03 - CDT04 - CDT05/Page_/button_Cadastrar' is clicked on

2023-11-29 12:00:04 - [MESSAGE][PASSED] - Object: 'Object Repository/CDT03 - CDT04 - CDT05/Page_/button_Cadastrar' is clicked on

2023-11-29 12:00:04 - [TEST_STEP][PASSED] - verifyTextPresent("Cadastro", false, CONTINUE_ON_FAILURE): Text 'Cadastro' is present on page 

2023-11-29 12:00:05 - [MESSAGE][PASSED] - Text 'Cadastro' is present on page 

2023-11-29 12:00:05 - [TEST_STEP][PASSED] - callTestCase(findTestCase("CDT03 - cadastro simples"), ["nome":"teste", "email":"email@email.com", "ddd":"11", "telefone":"222222222", "usuario":"admin", "senha":"teste", "repetir_senha":"teste", ... ], CONTINUE_ON_FAILURE): Call Test Case 'Test Cases/CDT03 - cadastro simples' successfully

2023-11-29 12:00:05 - [TEST_CASE][PASSED] - Test Cases/CDT03 - cadastro simples: Test Cases/CDT03 - cadastro simples

2023-11-29 12:00:05 - [TEST_STEP][PASSED] - setText(findTestObject("Object Repository/CDT03 - CDT04 - CDT05/Page_/input_Nome_nomeCadastro"), nome, CONTINUE_ON_FAILURE): Text 'teste' is set on object 'Object Repository/CDT03 - CDT04 - CDT05/Page_/input_Nome_nomeCadastro'

2023-11-29 12:00:06 - [MESSAGE][PASSED] - Text 'teste' is set on object 'Object Repository/CDT03 - CDT04 - CDT05/Page_/input_Nome_nomeCadastro'

2023-11-29 12:00:06 - [TEST_STEP][PASSED] - setText(findTestObject("Object Repository/CDT03 - CDT04 - CDT05/Page_/input_E-mail_emailCadastro"), email, CONTINUE_ON_FAILURE): Text 'email@email.com' is set on object 'Object Repository/CDT03 - CDT04 - CDT05/Page_/input_E-mail_emailCadastro'

2023-11-29 12:00:07 - [MESSAGE][PASSED] - Text 'email@email.com' is set on object 'Object Repository/CDT03 - CDT04 - CDT05/Page_/input_E-mail_emailCadastro'

2023-11-29 12:00:07 - [TEST_STEP][PASSED] - setText(findTestObject("Object Repository/CDT03 - CDT04 - CDT05/Page_/input_DDD_dddTelCadastro"), ddd, CONTINUE_ON_FAILURE): Text '11' is set on object 'Object Repository/CDT03 - CDT04 - CDT05/Page_/input_DDD_dddTelCadastro'

2023-11-29 12:00:09 - [MESSAGE][PASSED] - Text '11' is set on object 'Object Repository/CDT03 - CDT04 - CDT05/Page_/input_DDD_dddTelCadastro'

2023-11-29 12:00:09 - [TEST_STEP][PASSED] - setText(findTestObject("Object Repository/CDT03 - CDT04 - CDT05/Page_/input_Telefone_telCadastro"), telefone, CONTINUE_ON_FAILURE): Text '222222222' is set on object 'Object Repository/CDT03 - CDT04 - CDT05/Page_/input_Telefone_telCadastro'

2023-11-29 12:00:10 - [MESSAGE][PASSED] - Text '222222222' is set on object 'Object Repository/CDT03 - CDT04 - CDT05/Page_/input_Telefone_telCadastro'

2023-11-29 12:00:10 - [TEST_STEP][PASSED] - setText(findTestObject("Object Repository/CDT03 - CDT04 - CDT05/Page_/input_Usurio_loginCadastro"), usuario, CONTINUE_ON_FAILURE): Text 'admin' is set on object 'Object Repository/CDT03 - CDT04 - CDT05/Page_/input_Usurio_loginCadastro'

2023-11-29 12:00:11 - [MESSAGE][PASSED] - Text 'admin' is set on object 'Object Repository/CDT03 - CDT04 - CDT05/Page_/input_Usurio_loginCadastro'

2023-11-29 12:00:11 - [TEST_STEP][PASSED] - setText(findTestObject("Object Repository/CDT03 - CDT04 - CDT05/Page_/input_Senha_senhaCadastro"), senha, CONTINUE_ON_FAILURE): Text 'teste' is set on object 'Object Repository/CDT03 - CDT04 - CDT05/Page_/input_Senha_senhaCadastro'

2023-11-29 12:00:12 - [MESSAGE][PASSED] - Text 'teste' is set on object 'Object Repository/CDT03 - CDT04 - CDT05/Page_/input_Senha_senhaCadastro'

2023-11-29 12:00:12 - [TEST_STEP][PASSED] - setText(findTestObject("Object Repository/CDT03 - CDT04 - CDT05/Page_/input_Repetir a senha_form-control"), repetir_senha, CONTINUE_ON_FAILURE): Text 'teste' is set on object 'Object Repository/CDT03 - CDT04 - CDT05/Page_/input_Repetir a senha_form-control'

2023-11-29 12:00:13 - [MESSAGE][PASSED] - Text 'teste' is set on object 'Object Repository/CDT03 - CDT04 - CDT05/Page_/input_Repetir a senha_form-control'

2023-11-29 12:00:13 - [TEST_STEP][PASSED] - setText(findTestObject("Object Repository/CDT03 - CDT04 - CDT05/Page_/input_RuaAv_ruaCadastro"), rua, CONTINUE_ON_FAILURE): Text 'rua ' is set on object 'Object Repository/CDT03 - CDT04 - CDT05/Page_/input_RuaAv_ruaCadastro'

2023-11-29 12:00:14 - [MESSAGE][PASSED] - Text 'rua ' is set on object 'Object Repository/CDT03 - CDT04 - CDT05/Page_/input_RuaAv_ruaCadastro'

2023-11-29 12:00:14 - [TEST_STEP][PASSED] - setText(findTestObject("Object Repository/CDT03 - CDT04 - CDT05/Page_/input_Nmero_numeroCadastro"), numero, CONTINUE_ON_FAILURE): Text '200' is set on object 'Object Repository/CDT03 - CDT04 - CDT05/Page_/input_Nmero_numeroCadastro'

2023-11-29 12:00:15 - [MESSAGE][PASSED] - Text '200' is set on object 'Object Repository/CDT03 - CDT04 - CDT05/Page_/input_Nmero_numeroCadastro'

2023-11-29 12:00:15 - [TEST_STEP][PASSED] - setText(findTestObject("Object Repository/CDT03 - CDT04 - CDT05/Page_/input_Bairro_bairroCadastro"), bairro, CONTINUE_ON_FAILURE): Text 'bairro' is set on object 'Object Repository/CDT03 - CDT04 - CDT05/Page_/input_Bairro_bairroCadastro'

2023-11-29 12:00:16 - [MESSAGE][PASSED] - Text 'bairro' is set on object 'Object Repository/CDT03 - CDT04 - CDT05/Page_/input_Bairro_bairroCadastro'

2023-11-29 12:00:16 - [TEST_STEP][PASSED] - setText(findTestObject("Object Repository/CDT03 - CDT04 - CDT05/Page_/input_Complemento_complementoCadastro"), complemento, CONTINUE_ON_FAILURE): Text 'complemento' is set on object 'Object Repository/CDT03 - CDT04 - CDT05/Page_/input_Complemento_complementoCadastro'

2023-11-29 12:00:17 - [MESSAGE][PASSED] - Text 'complemento' is set on object 'Object Repository/CDT03 - CDT04 - CDT05/Page_/input_Complemento_complementoCadastro'

2023-11-29 12:00:17 - [TEST_STEP][PASSED] - setText(findTestObject("Object Repository/CDT03 - CDT04 - CDT05/Page_/input_Cidade_cidadeCadastro"), cidade, CONTINUE_ON_FAILURE): Text 'Rio de Janeiro' is set on object 'Object Repository/CDT03 - CDT04 - CDT05/Page_/input_Cidade_cidadeCadastro'

2023-11-29 12:00:18 - [MESSAGE][PASSED] - Text 'Rio de Janeiro' is set on object 'Object Repository/CDT03 - CDT04 - CDT05/Page_/input_Cidade_cidadeCadastro'

2023-11-29 12:00:18 - [TEST_STEP][PASSED] - selectOptionByValue(findTestObject("Object Repository/CDT03 - CDT04 - CDT05/Page_/select_ALAPAMBACEDFESGOMAMTMSMGPAPBPRPEPIRR_4d941d"), uf, true, CONTINUE_ON_FAILURE): All options with value 'MG' are selected in object 'Object Repository/CDT03 - CDT04 - CDT05/Page_/select_ALAPAMBACEDFESGOMAMTMSMGPAPBPRPEPIRR_4d941d'  using regular expression

2023-11-29 12:00:20 - [MESSAGE][PASSED] - All options with value 'MG' are selected in object 'Object Repository/CDT03 - CDT04 - CDT05/Page_/select_ALAPAMBACEDFESGOMAMTMSMGPAPBPRPEPIRR_4d941d'  using regular expression

2023-11-29 12:00:20 - [MESSAGE][PASSED] - Call Test Case 'Test Cases/CDT03 - cadastro simples' successfully

2023-11-29 12:00:20 - [TEST_STEP][PASSED] - click(findTestObject("Object Repository/CDT03 - CDT04 - CDT05/Page_/button_Cadastrar"), CONTINUE_ON_FAILURE): Object: 'Object Repository/CDT03 - CDT04 - CDT05/Page_/button_Cadastrar' is clicked on

2023-11-29 12:00:20 - [MESSAGE][PASSED] - Object: 'Object Repository/CDT03 - CDT04 - CDT05/Page_/button_Cadastrar' is clicked on

2023-11-29 12:00:20 - [TEST_STEP][PASSED] - verifyTextPresent("Nome de usuário reservado!", false, CONTINUE_ON_FAILURE): Text 'Nome de usuário reservado!' is present on page 

2023-11-29 12:00:21 - [MESSAGE][PASSED] - Text 'Nome de usuário reservado!' is present on page 

2023-11-29 12:00:21 - [TEST_STEP][PASSED] - click(findTestObject("Object Repository/CDT03 - CDT04 - CDT05/Page_/button_OK"), CONTINUE_ON_FAILURE): Object: 'Object Repository/CDT03 - CDT04 - CDT05/Page_/button_OK' is clicked on

2023-11-29 12:00:21 - [MESSAGE][PASSED] - Object: 'Object Repository/CDT03 - CDT04 - CDT05/Page_/button_OK' is clicked on

2023-11-29 12:00:21 - [TEST_STEP][PASSED] - callTestCase(findTestCase("CDT03 - cadastro simples"), ["nome":"teste", "email":"teste@gmail.com", "ddd":"11", "telefone":"222222222", "usuario":"teste", "senha":"teste", "repetir_senha":"diferente", ... ], CONTINUE_ON_FAILURE): Call Test Case 'Test Cases/CDT03 - cadastro simples' successfully

2023-11-29 12:00:22 - [TEST_CASE][PASSED] - Test Cases/CDT03 - cadastro simples: Test Cases/CDT03 - cadastro simples

2023-11-29 12:00:22 - [TEST_STEP][PASSED] - setText(findTestObject("Object Repository/CDT03 - CDT04 - CDT05/Page_/input_Nome_nomeCadastro"), nome, CONTINUE_ON_FAILURE): Text 'teste' is set on object 'Object Repository/CDT03 - CDT04 - CDT05/Page_/input_Nome_nomeCadastro'

2023-11-29 12:00:23 - [MESSAGE][PASSED] - Text 'teste' is set on object 'Object Repository/CDT03 - CDT04 - CDT05/Page_/input_Nome_nomeCadastro'

2023-11-29 12:00:23 - [TEST_STEP][PASSED] - setText(findTestObject("Object Repository/CDT03 - CDT04 - CDT05/Page_/input_E-mail_emailCadastro"), email, CONTINUE_ON_FAILURE): Text 'teste@gmail.com' is set on object 'Object Repository/CDT03 - CDT04 - CDT05/Page_/input_E-mail_emailCadastro'

2023-11-29 12:00:25 - [MESSAGE][PASSED] - Text 'teste@gmail.com' is set on object 'Object Repository/CDT03 - CDT04 - CDT05/Page_/input_E-mail_emailCadastro'

2023-11-29 12:00:25 - [TEST_STEP][PASSED] - setText(findTestObject("Object Repository/CDT03 - CDT04 - CDT05/Page_/input_DDD_dddTelCadastro"), ddd, CONTINUE_ON_FAILURE): Text '11' is set on object 'Object Repository/CDT03 - CDT04 - CDT05/Page_/input_DDD_dddTelCadastro'

2023-11-29 12:00:26 - [MESSAGE][PASSED] - Text '11' is set on object 'Object Repository/CDT03 - CDT04 - CDT05/Page_/input_DDD_dddTelCadastro'

2023-11-29 12:00:26 - [TEST_STEP][PASSED] - setText(findTestObject("Object Repository/CDT03 - CDT04 - CDT05/Page_/input_Telefone_telCadastro"), telefone, CONTINUE_ON_FAILURE): Text '222222222' is set on object 'Object Repository/CDT03 - CDT04 - CDT05/Page_/input_Telefone_telCadastro'

2023-11-29 12:00:27 - [MESSAGE][PASSED] - Text '222222222' is set on object 'Object Repository/CDT03 - CDT04 - CDT05/Page_/input_Telefone_telCadastro'

2023-11-29 12:00:27 - [TEST_STEP][PASSED] - setText(findTestObject("Object Repository/CDT03 - CDT04 - CDT05/Page_/input_Usurio_loginCadastro"), usuario, CONTINUE_ON_FAILURE): Text 'teste' is set on object 'Object Repository/CDT03 - CDT04 - CDT05/Page_/input_Usurio_loginCadastro'

2023-11-29 12:00:28 - [MESSAGE][PASSED] - Text 'teste' is set on object 'Object Repository/CDT03 - CDT04 - CDT05/Page_/input_Usurio_loginCadastro'

2023-11-29 12:00:28 - [TEST_STEP][PASSED] - setText(findTestObject("Object Repository/CDT03 - CDT04 - CDT05/Page_/input_Senha_senhaCadastro"), senha, CONTINUE_ON_FAILURE): Text 'teste' is set on object 'Object Repository/CDT03 - CDT04 - CDT05/Page_/input_Senha_senhaCadastro'

2023-11-29 12:00:29 - [MESSAGE][PASSED] - Text 'teste' is set on object 'Object Repository/CDT03 - CDT04 - CDT05/Page_/input_Senha_senhaCadastro'

2023-11-29 12:00:29 - [TEST_STEP][PASSED] - setText(findTestObject("Object Repository/CDT03 - CDT04 - CDT05/Page_/input_Repetir a senha_form-control"), repetir_senha, CONTINUE_ON_FAILURE): Text 'diferente' is set on object 'Object Repository/CDT03 - CDT04 - CDT05/Page_/input_Repetir a senha_form-control'

2023-11-29 12:00:30 - [MESSAGE][PASSED] - Text 'diferente' is set on object 'Object Repository/CDT03 - CDT04 - CDT05/Page_/input_Repetir a senha_form-control'

2023-11-29 12:00:30 - [TEST_STEP][PASSED] - setText(findTestObject("Object Repository/CDT03 - CDT04 - CDT05/Page_/input_RuaAv_ruaCadastro"), rua, CONTINUE_ON_FAILURE): Text 'rua ' is set on object 'Object Repository/CDT03 - CDT04 - CDT05/Page_/input_RuaAv_ruaCadastro'

2023-11-29 12:00:31 - [MESSAGE][PASSED] - Text 'rua ' is set on object 'Object Repository/CDT03 - CDT04 - CDT05/Page_/input_RuaAv_ruaCadastro'

2023-11-29 12:00:31 - [TEST_STEP][PASSED] - setText(findTestObject("Object Repository/CDT03 - CDT04 - CDT05/Page_/input_Nmero_numeroCadastro"), numero, CONTINUE_ON_FAILURE): Text '200' is set on object 'Object Repository/CDT03 - CDT04 - CDT05/Page_/input_Nmero_numeroCadastro'

2023-11-29 12:00:32 - [MESSAGE][PASSED] - Text '200' is set on object 'Object Repository/CDT03 - CDT04 - CDT05/Page_/input_Nmero_numeroCadastro'

2023-11-29 12:00:32 - [TEST_STEP][PASSED] - setText(findTestObject("Object Repository/CDT03 - CDT04 - CDT05/Page_/input_Bairro_bairroCadastro"), bairro, CONTINUE_ON_FAILURE): Text 'bairro' is set on object 'Object Repository/CDT03 - CDT04 - CDT05/Page_/input_Bairro_bairroCadastro'

2023-11-29 12:00:33 - [MESSAGE][PASSED] - Text 'bairro' is set on object 'Object Repository/CDT03 - CDT04 - CDT05/Page_/input_Bairro_bairroCadastro'

2023-11-29 12:00:33 - [TEST_STEP][PASSED] - setText(findTestObject("Object Repository/CDT03 - CDT04 - CDT05/Page_/input_Complemento_complementoCadastro"), complemento, CONTINUE_ON_FAILURE): Text 'complemento' is set on object 'Object Repository/CDT03 - CDT04 - CDT05/Page_/input_Complemento_complementoCadastro'

2023-11-29 12:00:34 - [MESSAGE][PASSED] - Text 'complemento' is set on object 'Object Repository/CDT03 - CDT04 - CDT05/Page_/input_Complemento_complementoCadastro'

2023-11-29 12:00:34 - [TEST_STEP][PASSED] - setText(findTestObject("Object Repository/CDT03 - CDT04 - CDT05/Page_/input_Cidade_cidadeCadastro"), cidade, CONTINUE_ON_FAILURE): Text 'Rio de Janeiro' is set on object 'Object Repository/CDT03 - CDT04 - CDT05/Page_/input_Cidade_cidadeCadastro'

2023-11-29 12:00:35 - [MESSAGE][PASSED] - Text 'Rio de Janeiro' is set on object 'Object Repository/CDT03 - CDT04 - CDT05/Page_/input_Cidade_cidadeCadastro'

2023-11-29 12:00:35 - [TEST_STEP][PASSED] - selectOptionByValue(findTestObject("Object Repository/CDT03 - CDT04 - CDT05/Page_/select_ALAPAMBACEDFESGOMAMTMSMGPAPBPRPEPIRR_4d941d"), uf, true, CONTINUE_ON_FAILURE): All options with value 'MG' are selected in object 'Object Repository/CDT03 - CDT04 - CDT05/Page_/select_ALAPAMBACEDFESGOMAMTMSMGPAPBPRPEPIRR_4d941d'  using regular expression

2023-11-29 12:00:37 - [MESSAGE][PASSED] - All options with value 'MG' are selected in object 'Object Repository/CDT03 - CDT04 - CDT05/Page_/select_ALAPAMBACEDFESGOMAMTMSMGPAPBPRPEPIRR_4d941d'  using regular expression

2023-11-29 12:00:37 - [MESSAGE][PASSED] - Call Test Case 'Test Cases/CDT03 - cadastro simples' successfully

2023-11-29 12:00:37 - [TEST_STEP][PASSED] - click(findTestObject("Object Repository/CDT03 - CDT04 - CDT05/Page_/button_Cadastrar"), CONTINUE_ON_FAILURE): Object: 'Object Repository/CDT03 - CDT04 - CDT05/Page_/button_Cadastrar' is clicked on

2023-11-29 12:00:38 - [MESSAGE][PASSED] - Object: 'Object Repository/CDT03 - CDT04 - CDT05/Page_/button_Cadastrar' is clicked on

2023-11-29 12:00:38 - [TEST_STEP][FAILED] - verifyTextPresent("Cadastro", false, CONTINUE_ON_FAILURE): Text 'Cadastro' is not present on page  (Root cause: com.kms.katalon.core.exception.StepFailedException: Text 'Cadastro' is not present on page 
	at com.kms.katalon.core.webui.keyword.internal.WebUIKeywordMain.stepFailed(WebUIKeywordMain.groovy:64)
	at com.kms.katalon.core.webui.keyword.builtin.VerifyTextPresentKeyword$_verifyTextPresent_closure1.doCall(VerifyTextPresentKeyword.groovy:79)
	at com.kms.katalon.core.webui.keyword.builtin.VerifyTextPresentKeyword$_verifyTextPresent_closure1.call(VerifyTextPresentKeyword.groovy)
	at com.kms.katalon.core.webui.keyword.internal.WebUIKeywordMain.runKeyword(WebUIKeywordMain.groovy:20)
	at com.kms.katalon.core.webui.keyword.builtin.VerifyTextPresentKeyword.verifyTextPresent(VerifyTextPresentKeyword.groovy:83)
	at com.kms.katalon.core.webui.keyword.builtin.VerifyTextPresentKeyword.execute(VerifyTextPresentKeyword.groovy:68)
	at com.kms.katalon.core.keyword.internal.KeywordExecutor.executeKeywordForPlatform(KeywordExecutor.groovy:74)
	at com.kms.katalon.core.webui.keyword.WebUiBuiltInKeywords.verifyTextPresent(WebUiBuiltInKeywords.groovy:1707)
	at com.kms.katalon.core.webui.keyword.WebUiBuiltInKeywords$verifyTextPresent$6.call(Unknown Source)
	at CDT04 - RF01 - cadastro cliente - Verificar erros de preenchimento.run(CDT04 - RF01 - cadastro cliente - Verificar erros de preenchimento:56)
	at com.kms.katalon.core.main.ScriptEngine.run(ScriptEngine.java:194)
	at com.kms.katalon.core.main.ScriptEngine.runScriptAsRawText(ScriptEngine.java:119)
	at com.kms.katalon.core.main.TestCaseExecutor.runScript(TestCaseExecutor.java:448)
	at com.kms.katalon.core.main.TestCaseExecutor.doExecute(TestCaseExecutor.java:439)
	at com.kms.katalon.core.main.TestCaseExecutor.processExecutionPhase(TestCaseExecutor.java:418)
	at com.kms.katalon.core.main.TestCaseExecutor.accessMainPhase(TestCaseExecutor.java:410)
	at com.kms.katalon.core.main.TestCaseExecutor.execute(TestCaseExecutor.java:285)
	at com.kms.katalon.core.common.CommonExecutor.accessTestCaseMainPhase(CommonExecutor.java:65)
	at com.kms.katalon.core.main.TestSuiteExecutor.accessTestSuiteMainPhase(TestSuiteExecutor.java:148)
	at com.kms.katalon.core.main.TestSuiteExecutor.execute(TestSuiteExecutor.java:106)
	at com.kms.katalon.core.main.TestCaseMain.startTestSuite(TestCaseMain.java:187)
	at com.kms.katalon.core.main.TestCaseMain$startTestSuite$0.call(Unknown Source)
	at TempTestSuite1701269945786.run(TempTestSuite1701269945786.groovy:36)
)

2023-11-29 12:00:38 - [MESSAGE][FAILED] - Text 'Cadastro' is not present on page  (Root cause: com.kms.katalon.core.exception.StepFailedException: Text 'Cadastro' is not present on page 
	at com.kms.katalon.core.webui.keyword.internal.WebUIKeywordMain.stepFailed(WebUIKeywordMain.groovy:64)
	at com.kms.katalon.core.webui.keyword.builtin.VerifyTextPresentKeyword$_verifyTextPresent_closure1.doCall(VerifyTextPresentKeyword.groovy:79)
	at com.kms.katalon.core.webui.keyword.builtin.VerifyTextPresentKeyword$_verifyTextPresent_closure1.call(VerifyTextPresentKeyword.groovy)
	at com.kms.katalon.core.webui.keyword.internal.WebUIKeywordMain.runKeyword(WebUIKeywordMain.groovy:20)
	at com.kms.katalon.core.webui.keyword.builtin.VerifyTextPresentKeyword.verifyTextPresent(VerifyTextPresentKeyword.groovy:83)
	at com.kms.katalon.core.webui.keyword.builtin.VerifyTextPresentKeyword.execute(VerifyTextPresentKeyword.groovy:68)
	at com.kms.katalon.core.keyword.internal.KeywordExecutor.executeKeywordForPlatform(KeywordExecutor.groovy:74)
	at com.kms.katalon.core.webui.keyword.WebUiBuiltInKeywords.verifyTextPresent(WebUiBuiltInKeywords.groovy:1707)
	at com.kms.katalon.core.webui.keyword.WebUiBuiltInKeywords$verifyTextPresent$6.call(Unknown Source)
	at CDT04 - RF01 - cadastro cliente - Verificar erros de preenchimento.run(CDT04 - RF01 - cadastro cliente - Verificar erros de preenchimento:56)
	at com.kms.katalon.core.main.ScriptEngine.run(ScriptEngine.java:194)
	at com.kms.katalon.core.main.ScriptEngine.runScriptAsRawText(ScriptEngine.java:119)
	at com.kms.katalon.core.main.TestCaseExecutor.runScript(TestCaseExecutor.java:448)
	at com.kms.katalon.core.main.TestCaseExecutor.doExecute(TestCaseExecutor.java:439)
	at com.kms.katalon.core.main.TestCaseExecutor.processExecutionPhase(TestCaseExecutor.java:418)
	at com.kms.katalon.core.main.TestCaseExecutor.accessMainPhase(TestCaseExecutor.java:410)
	at com.kms.katalon.core.main.TestCaseExecutor.execute(TestCaseExecutor.java:285)
	at com.kms.katalon.core.common.CommonExecutor.accessTestCaseMainPhase(CommonExecutor.java:65)
	at com.kms.katalon.core.main.TestSuiteExecutor.accessTestSuiteMainPhase(TestSuiteExecutor.java:148)
	at com.kms.katalon.core.main.TestSuiteExecutor.execute(TestSuiteExecutor.java:106)
	at com.kms.katalon.core.main.TestCaseMain.startTestSuite(TestCaseMain.java:187)
	at com.kms.katalon.core.main.TestCaseMain$startTestSuite$0.call(Unknown Source)
	at TempTestSuite1701269945786.run(TempTestSuite1701269945786.groovy:36)
)

2023-11-29 12:00:38 - [TEST_STEP][PASSED] - closeBrowser(CONTINUE_ON_FAILURE): Browser is closed

2023-11-29 12:00:40 - [MESSAGE][PASSED] - Browser is closed]]></system-out>
         <system-err><![CDATA[2023-11-29 11:59:41 - [TEST_CASE][FAILED] - Test Cases/CDT04 - RF01 - cadastro cliente - Verificar erros de preenchimento: Test Cases/CDT04 - RF01 - cadastro cliente - Verificar erros de preenchimento FAILED.
Reason:
com.kms.katalon.core.exception.StepFailedException: Text 'Cadastro' is not present on page  (Root cause: com.kms.katalon.core.exception.StepFailedException: Text 'Cadastro' is not present on page 
	at com.kms.katalon.core.webui.keyword.internal.WebUIKeywordMain.stepFailed(WebUIKeywordMain.groovy:64)
	at com.kms.katalon.core.webui.keyword.builtin.VerifyTextPresentKeyword$_verifyTextPresent_closure1.doCall(VerifyTextPresentKeyword.groovy:79)
	at com.kms.katalon.core.webui.keyword.builtin.VerifyTextPresentKeyword$_verifyTextPresent_closure1.call(VerifyTextPresentKeyword.groovy)
	at com.kms.katalon.core.webui.keyword.internal.WebUIKeywordMain.runKeyword(WebUIKeywordMain.groovy:20)
	at com.kms.katalon.core.webui.keyword.builtin.VerifyTextPresentKeyword.verifyTextPresent(VerifyTextPresentKeyword.groovy:83)
	at com.kms.katalon.core.webui.keyword.builtin.VerifyTextPresentKeyword.execute(VerifyTextPresentKeyword.groovy:68)
	at com.kms.katalon.core.keyword.internal.KeywordExecutor.executeKeywordForPlatform(KeywordExecutor.groovy:74)
	at com.kms.katalon.core.webui.keyword.WebUiBuiltInKeywords.verifyTextPresent(WebUiBuiltInKeywords.groovy:1707)
	at com.kms.katalon.core.webui.keyword.WebUiBuiltInKeywords$verifyTextPresent$6.call(Unknown Source)
	at CDT04 - RF01 - cadastro cliente - Verificar erros de preenchimento.run(CDT04 - RF01 - cadastro cliente - Verificar erros de preenchimento:56)
	at com.kms.katalon.core.main.ScriptEngine.run(ScriptEngine.java:194)
	at com.kms.katalon.core.main.ScriptEngine.runScriptAsRawText(ScriptEngine.java:119)
	at com.kms.katalon.core.main.TestCaseExecutor.runScript(TestCaseExecutor.java:448)
	at com.kms.katalon.core.main.TestCaseExecutor.doExecute(TestCaseExecutor.java:439)
	at com.kms.katalon.core.main.TestCaseExecutor.processExecutionPhase(TestCaseExecutor.java:418)
	at com.kms.katalon.core.main.TestCaseExecutor.accessMainPhase(TestCaseExecutor.java:410)
	at com.kms.katalon.core.main.TestCaseExecutor.execute(TestCaseExecutor.java:285)
	at com.kms.katalon.core.common.CommonExecutor.accessTestCaseMainPhase(CommonExecutor.java:65)
	at com.kms.katalon.core.main.TestSuiteExecutor.accessTestSuiteMainPhase(TestSuiteExecutor.java:148)
	at com.kms.katalon.core.main.TestSuiteExecutor.execute(TestSuiteExecutor.java:106)
	at com.kms.katalon.core.main.TestCaseMain.startTestSuite(TestCaseMain.java:187)
	at com.kms.katalon.core.main.TestCaseMain$startTestSuite$0.call(Unknown Source)
	at TempTestSuite1701269945786.run(TempTestSuite1701269945786.groovy:36)
)
	at com.kms.katalon.core.keyword.internal.KeywordMain.stepFailed(KeywordMain.groovy:39)
	at com.kms.katalon.core.webui.keyword.internal.WebUIKeywordMain.stepFailed(WebUIKeywordMain.groovy:64)
	at com.kms.katalon.core.webui.keyword.builtin.VerifyTextPresentKeyword$_verifyTextPresent_closure1.doCall(VerifyTextPresentKeyword.groovy:79)
	at com.kms.katalon.core.webui.keyword.builtin.VerifyTextPresentKeyword$_verifyTextPresent_closure1.call(VerifyTextPresentKeyword.groovy)
	at com.kms.katalon.core.webui.keyword.internal.WebUIKeywordMain.runKeyword(WebUIKeywordMain.groovy:20)
	at com.kms.katalon.core.webui.keyword.builtin.VerifyTextPresentKeyword.verifyTextPresent(VerifyTextPresentKeyword.groovy:83)
	at com.kms.katalon.core.webui.keyword.builtin.VerifyTextPresentKeyword.execute(VerifyTextPresentKeyword.groovy:68)
	at com.kms.katalon.core.keyword.internal.KeywordExecutor.executeKeywordForPlatform(KeywordExecutor.groovy:74)
	at com.kms.katalon.core.webui.keyword.WebUiBuiltInKeywords.verifyTextPresent(WebUiBuiltInKeywords.groovy:1707)
	at com.kms.katalon.core.webui.keyword.WebUiBuiltInKeywords$verifyTextPresent$6.call(Unknown Source)
	at CDT04 - RF01 - cadastro cliente - Verificar erros de preenchimento.run(CDT04 - RF01 - cadastro cliente - Verificar erros de preenchimento:56)
	at com.kms.katalon.core.main.ScriptEngine.run(ScriptEngine.java:194)
	at com.kms.katalon.core.main.ScriptEngine.runScriptAsRawText(ScriptEngine.java:119)
	at com.kms.katalon.core.main.TestCaseExecutor.runScript(TestCaseExecutor.java:448)
	at com.kms.katalon.core.main.TestCaseExecutor.doExecute(TestCaseExecutor.java:439)
	at com.kms.katalon.core.main.TestCaseExecutor.processExecutionPhase(TestCaseExecutor.java:418)
	at com.kms.katalon.core.main.TestCaseExecutor.accessMainPhase(TestCaseExecutor.java:410)
	at com.kms.katalon.core.main.TestCaseExecutor.execute(TestCaseExecutor.java:285)
	at com.kms.katalon.core.common.CommonExecutor.accessTestCaseMainPhase(CommonExecutor.java:65)
	at com.kms.katalon.core.main.TestSuiteExecutor.accessTestSuiteMainPhase(TestSuiteExecutor.java:148)
	at com.kms.katalon.core.main.TestSuiteExecutor.execute(TestSuiteExecutor.java:106)
	at com.kms.katalon.core.main.TestCaseMain.startTestSuite(TestCaseMain.java:187)
	at com.kms.katalon.core.main.TestCaseMain$startTestSuite$0.call(Unknown Source)
	at TempTestSuite1701269945786.run(TempTestSuite1701269945786.groovy:36)
Caused by: com.kms.katalon.core.exception.StepFailedException: Text 'Cadastro' is not present on page 
	... 23 more]]></system-err>
      </testcase>
      <testcase name="Test Cases/CDT05 - RF01 - cadastro cliente - Verificar sucesso e usuarios repetidos" time="41.792" classname="Test Cases/CDT05 - RF01 - cadastro cliente - Verificar sucesso e usuarios repetidos" status="FAILED">
         <failure type="FAILED" message="Test Cases/CDT05 - RF01 - cadastro cliente - Verificar sucesso e usuarios repetidos FAILED.
Reason:
com.kms.katalon.core.exception.StepFailedException: Text 'Cadastro' is not present on page  (Root cause: com.kms.katalon.core.exception.StepFailedException: Text 'Cadastro' is not present on page 
	at com.kms.katalon.core.webui.keyword.internal.WebUIKeywordMain.stepFailed(WebUIKeywordMain.groovy:64)
	at com.kms.katalon.core.webui.keyword.builtin.VerifyTextPresentKeyword$_verifyTextPresent_closure1.doCall(VerifyTextPresentKeyword.groovy:79)
	at com.kms.katalon.core.webui.keyword.builtin.VerifyTextPresentKeyword$_verifyTextPresent_closure1.call(VerifyTextPresentKeyword.groovy)
	at com.kms.katalon.core.webui.keyword.internal.WebUIKeywordMain.runKeyword(WebUIKeywordMain.groovy:20)
	at com.kms.katalon.core.webui.keyword.builtin.VerifyTextPresentKeyword.verifyTextPresent(VerifyTextPresentKeyword.groovy:83)
	at com.kms.katalon.core.webui.keyword.builtin.VerifyTextPresentKeyword.execute(VerifyTextPresentKeyword.groovy:68)
	at com.kms.katalon.core.keyword.internal.KeywordExecutor.executeKeywordForPlatform(KeywordExecutor.groovy:74)
	at com.kms.katalon.core.webui.keyword.WebUiBuiltInKeywords.verifyTextPresent(WebUiBuiltInKeywords.groovy:1707)
	at com.kms.katalon.core.webui.keyword.WebUiBuiltInKeywords$verifyTextPresent$6.call(Unknown Source)
	at CDT05 - RF01 - cadastro cliente - Verificar sucesso e usuarios repetidos.run(CDT05 - RF01 - cadastro cliente - Verificar sucesso e usuarios repetidos:53)
	at com.kms.katalon.core.main.ScriptEngine.run(ScriptEngine.java:194)
	at com.kms.katalon.core.main.ScriptEngine.runScriptAsRawText(ScriptEngine.java:119)
	at com.kms.katalon.core.main.TestCaseExecutor.runScript(TestCaseExecutor.java:448)
	at com.kms.katalon.core.main.TestCaseExecutor.doExecute(TestCaseExecutor.java:439)
	at com.kms.katalon.core.main.TestCaseExecutor.processExecutionPhase(TestCaseExecutor.java:418)
	at com.kms.katalon.core.main.TestCaseExecutor.accessMainPhase(TestCaseExecutor.java:410)
	at com.kms.katalon.core.main.TestCaseExecutor.execute(TestCaseExecutor.java:285)
	at com.kms.katalon.core.common.CommonExecutor.accessTestCaseMainPhase(CommonExecutor.java:65)
	at com.kms.katalon.core.main.TestSuiteExecutor.accessTestSuiteMainPhase(TestSuiteExecutor.java:148)
	at com.kms.katalon.core.main.TestSuiteExecutor.execute(TestSuiteExecutor.java:106)
	at com.kms.katalon.core.main.TestCaseMain.startTestSuite(TestCaseMain.java:187)
	at com.kms.katalon.core.main.TestCaseMain$startTestSuite$0.call(Unknown Source)
	at TempTestSuite1701269945786.run(TempTestSuite1701269945786.groovy:36)
)
	at com.kms.katalon.core.keyword.internal.KeywordMain.stepFailed(KeywordMain.groovy:39)
	at com.kms.katalon.core.webui.keyword.internal.WebUIKeywordMain.stepFailed(WebUIKeywordMain.groovy:64)
	at com.kms.katalon.core.webui.keyword.builtin.VerifyTextPresentKeyword$_verifyTextPresent_closure1.doCall(VerifyTextPresentKeyword.groovy:79)
	at com.kms.katalon.core.webui.keyword.builtin.VerifyTextPresentKeyword$_verifyTextPresent_closure1.call(VerifyTextPresentKeyword.groovy)
	at com.kms.katalon.core.webui.keyword.internal.WebUIKeywordMain.runKeyword(WebUIKeywordMain.groovy:20)
	at com.kms.katalon.core.webui.keyword.builtin.VerifyTextPresentKeyword.verifyTextPresent(VerifyTextPresentKeyword.groovy:83)
	at com.kms.katalon.core.webui.keyword.builtin.VerifyTextPresentKeyword.execute(VerifyTextPresentKeyword.groovy:68)
	at com.kms.katalon.core.keyword.internal.KeywordExecutor.executeKeywordForPlatform(KeywordExecutor.groovy:74)
	at com.kms.katalon.core.webui.keyword.WebUiBuiltInKeywords.verifyTextPresent(WebUiBuiltInKeywords.groovy:1707)
	at com.kms.katalon.core.webui.keyword.WebUiBuiltInKeywords$verifyTextPresent$6.call(Unknown Source)
	at CDT05 - RF01 - cadastro cliente - Verificar sucesso e usuarios repetidos.run(CDT05 - RF01 - cadastro cliente - Verificar sucesso e usuarios repetidos:53)
	at com.kms.katalon.core.main.ScriptEngine.run(ScriptEngine.java:194)
	at com.kms.katalon.core.main.ScriptEngine.runScriptAsRawText(ScriptEngine.java:119)
	at com.kms.katalon.core.main.TestCaseExecutor.runScript(TestCaseExecutor.java:448)
	at com.kms.katalon.core.main.TestCaseExecutor.doExecute(TestCaseExecutor.java:439)
	at com.kms.katalon.core.main.TestCaseExecutor.processExecutionPhase(TestCaseExecutor.java:418)
	at com.kms.katalon.core.main.TestCaseExecutor.accessMainPhase(TestCaseExecutor.java:410)
	at com.kms.katalon.core.main.TestCaseExecutor.execute(TestCaseExecutor.java:285)
	at com.kms.katalon.core.common.CommonExecutor.accessTestCaseMainPhase(CommonExecutor.java:65)
	at com.kms.katalon.core.main.TestSuiteExecutor.accessTestSuiteMainPhase(TestSuiteExecutor.java:148)
	at com.kms.katalon.core.main.TestSuiteExecutor.execute(TestSuiteExecutor.java:106)
	at com.kms.katalon.core.main.TestCaseMain.startTestSuite(TestCaseMain.java:187)
	at com.kms.katalon.core.main.TestCaseMain$startTestSuite$0.call(Unknown Source)
	at TempTestSuite1701269945786.run(TempTestSuite1701269945786.groovy:36)
Caused by: com.kms.katalon.core.exception.StepFailedException: Text 'Cadastro' is not present on page 
	... 23 more
"/>
         <system-out><![CDATA[2023-11-29 12:00:40 - [TEST_CASE][FAILED] - Test Cases/CDT05 - RF01 - cadastro cliente - Verificar sucesso e usuarios repetidos: Test Cases/CDT05 - RF01 - cadastro cliente - Verificar sucesso e usuarios repetidos FAILED.
Reason:
com.kms.katalon.core.exception.StepFailedException: Text 'Cadastro' is not present on page  (Root cause: com.kms.katalon.core.exception.StepFailedException: Text 'Cadastro' is not present on page 
	at com.kms.katalon.core.webui.keyword.internal.WebUIKeywordMain.stepFailed(WebUIKeywordMain.groovy:64)
	at com.kms.katalon.core.webui.keyword.builtin.VerifyTextPresentKeyword$_verifyTextPresent_closure1.doCall(VerifyTextPresentKeyword.groovy:79)
	at com.kms.katalon.core.webui.keyword.builtin.VerifyTextPresentKeyword$_verifyTextPresent_closure1.call(VerifyTextPresentKeyword.groovy)
	at com.kms.katalon.core.webui.keyword.internal.WebUIKeywordMain.runKeyword(WebUIKeywordMain.groovy:20)
	at com.kms.katalon.core.webui.keyword.builtin.VerifyTextPresentKeyword.verifyTextPresent(VerifyTextPresentKeyword.groovy:83)
	at com.kms.katalon.core.webui.keyword.builtin.VerifyTextPresentKeyword.execute(VerifyTextPresentKeyword.groovy:68)
	at com.kms.katalon.core.keyword.internal.KeywordExecutor.executeKeywordForPlatform(KeywordExecutor.groovy:74)
	at com.kms.katalon.core.webui.keyword.WebUiBuiltInKeywords.verifyTextPresent(WebUiBuiltInKeywords.groovy:1707)
	at com.kms.katalon.core.webui.keyword.WebUiBuiltInKeywords$verifyTextPresent$6.call(Unknown Source)
	at CDT05 - RF01 - cadastro cliente - Verificar sucesso e usuarios repetidos.run(CDT05 - RF01 - cadastro cliente - Verificar sucesso e usuarios repetidos:53)
	at com.kms.katalon.core.main.ScriptEngine.run(ScriptEngine.java:194)
	at com.kms.katalon.core.main.ScriptEngine.runScriptAsRawText(ScriptEngine.java:119)
	at com.kms.katalon.core.main.TestCaseExecutor.runScript(TestCaseExecutor.java:448)
	at com.kms.katalon.core.main.TestCaseExecutor.doExecute(TestCaseExecutor.java:439)
	at com.kms.katalon.core.main.TestCaseExecutor.processExecutionPhase(TestCaseExecutor.java:418)
	at com.kms.katalon.core.main.TestCaseExecutor.accessMainPhase(TestCaseExecutor.java:410)
	at com.kms.katalon.core.main.TestCaseExecutor.execute(TestCaseExecutor.java:285)
	at com.kms.katalon.core.common.CommonExecutor.accessTestCaseMainPhase(CommonExecutor.java:65)
	at com.kms.katalon.core.main.TestSuiteExecutor.accessTestSuiteMainPhase(TestSuiteExecutor.java:148)
	at com.kms.katalon.core.main.TestSuiteExecutor.execute(TestSuiteExecutor.java:106)
	at com.kms.katalon.core.main.TestCaseMain.startTestSuite(TestCaseMain.java:187)
	at com.kms.katalon.core.main.TestCaseMain$startTestSuite$0.call(Unknown Source)
	at TempTestSuite1701269945786.run(TempTestSuite1701269945786.groovy:36)
)
	at com.kms.katalon.core.keyword.internal.KeywordMain.stepFailed(KeywordMain.groovy:39)
	at com.kms.katalon.core.webui.keyword.internal.WebUIKeywordMain.stepFailed(WebUIKeywordMain.groovy:64)
	at com.kms.katalon.core.webui.keyword.builtin.VerifyTextPresentKeyword$_verifyTextPresent_closure1.doCall(VerifyTextPresentKeyword.groovy:79)
	at com.kms.katalon.core.webui.keyword.builtin.VerifyTextPresentKeyword$_verifyTextPresent_closure1.call(VerifyTextPresentKeyword.groovy)
	at com.kms.katalon.core.webui.keyword.internal.WebUIKeywordMain.runKeyword(WebUIKeywordMain.groovy:20)
	at com.kms.katalon.core.webui.keyword.builtin.VerifyTextPresentKeyword.verifyTextPresent(VerifyTextPresentKeyword.groovy:83)
	at com.kms.katalon.core.webui.keyword.builtin.VerifyTextPresentKeyword.execute(VerifyTextPresentKeyword.groovy:68)
	at com.kms.katalon.core.keyword.internal.KeywordExecutor.executeKeywordForPlatform(KeywordExecutor.groovy:74)
	at com.kms.katalon.core.webui.keyword.WebUiBuiltInKeywords.verifyTextPresent(WebUiBuiltInKeywords.groovy:1707)
	at com.kms.katalon.core.webui.keyword.WebUiBuiltInKeywords$verifyTextPresent$6.call(Unknown Source)
	at CDT05 - RF01 - cadastro cliente - Verificar sucesso e usuarios repetidos.run(CDT05 - RF01 - cadastro cliente - Verificar sucesso e usuarios repetidos:53)
	at com.kms.katalon.core.main.ScriptEngine.run(ScriptEngine.java:194)
	at com.kms.katalon.core.main.ScriptEngine.runScriptAsRawText(ScriptEngine.java:119)
	at com.kms.katalon.core.main.TestCaseExecutor.runScript(TestCaseExecutor.java:448)
	at com.kms.katalon.core.main.TestCaseExecutor.doExecute(TestCaseExecutor.java:439)
	at com.kms.katalon.core.main.TestCaseExecutor.processExecutionPhase(TestCaseExecutor.java:418)
	at com.kms.katalon.core.main.TestCaseExecutor.accessMainPhase(TestCaseExecutor.java:410)
	at com.kms.katalon.core.main.TestCaseExecutor.execute(TestCaseExecutor.java:285)
	at com.kms.katalon.core.common.CommonExecutor.accessTestCaseMainPhase(CommonExecutor.java:65)
	at com.kms.katalon.core.main.TestSuiteExecutor.accessTestSuiteMainPhase(TestSuiteExecutor.java:148)
	at com.kms.katalon.core.main.TestSuiteExecutor.execute(TestSuiteExecutor.java:106)
	at com.kms.katalon.core.main.TestCaseMain.startTestSuite(TestCaseMain.java:187)
	at com.kms.katalon.core.main.TestCaseMain$startTestSuite$0.call(Unknown Source)
	at TempTestSuite1701269945786.run(TempTestSuite1701269945786.groovy:36)
Caused by: com.kms.katalon.core.exception.StepFailedException: Text 'Cadastro' is not present on page 
	... 23 more


2023-11-29 12:00:40 - [TEST_STEP][PASSED] - openBrowser("", CONTINUE_ON_FAILURE): Browser is opened with url: ''

2023-11-29 12:00:40 - [MESSAGE][INFO] - Starting 'Chrome' driver

2023-11-29 12:00:40 - [MESSAGE][INFO] - Action delay is set to 0 milliseconds

2023-11-29 12:00:42 - [MESSAGE][PASSED] - Browser is opened with url: ''

2023-11-29 12:00:42 - [TEST_STEP][PASSED] - navigateToUrl("http://localhost/pizzaWeb2.0/site/index.php", CONTINUE_ON_FAILURE): Navigate to 'http://localhost/pizzaWeb2.0/site/index.php' successfully

2023-11-29 12:00:50 - [MESSAGE][PASSED] - Navigate to 'http://localhost/pizzaWeb2.0/site/index.php' successfully

2023-11-29 12:00:50 - [TEST_STEP][PASSED] - click(findTestObject("Object Repository/CDT03 - CDT04 - CDT05/Page_PizzaWeb/a_Cadastre-se"), CONTINUE_ON_FAILURE): Object: 'Object Repository/CDT03 - CDT04 - CDT05/Page_PizzaWeb/a_Cadastre-se' is clicked on

2023-11-29 12:00:51 - [MESSAGE][PASSED] - Object: 'Object Repository/CDT03 - CDT04 - CDT05/Page_PizzaWeb/a_Cadastre-se' is clicked on

2023-11-29 12:00:51 - [TEST_STEP][PASSED] - callTestCase(findTestCase("CDT03 - cadastro simples"), ["nome":"teste", "email":"email@email.com", "ddd":"11", "telefone":"222222222", "usuario":"teste", "senha":"teste", "repetir_senha":"teste", ... ], CONTINUE_ON_FAILURE): Call Test Case 'Test Cases/CDT03 - cadastro simples' successfully

2023-11-29 12:00:51 - [TEST_CASE][PASSED] - Test Cases/CDT03 - cadastro simples: Test Cases/CDT03 - cadastro simples

2023-11-29 12:00:51 - [TEST_STEP][PASSED] - setText(findTestObject("Object Repository/CDT03 - CDT04 - CDT05/Page_/input_Nome_nomeCadastro"), nome, CONTINUE_ON_FAILURE): Text 'teste' is set on object 'Object Repository/CDT03 - CDT04 - CDT05/Page_/input_Nome_nomeCadastro'

2023-11-29 12:00:52 - [MESSAGE][PASSED] - Text 'teste' is set on object 'Object Repository/CDT03 - CDT04 - CDT05/Page_/input_Nome_nomeCadastro'

2023-11-29 12:00:52 - [TEST_STEP][PASSED] - setText(findTestObject("Object Repository/CDT03 - CDT04 - CDT05/Page_/input_E-mail_emailCadastro"), email, CONTINUE_ON_FAILURE): Text 'email@email.com' is set on object 'Object Repository/CDT03 - CDT04 - CDT05/Page_/input_E-mail_emailCadastro'

2023-11-29 12:00:53 - [MESSAGE][PASSED] - Text 'email@email.com' is set on object 'Object Repository/CDT03 - CDT04 - CDT05/Page_/input_E-mail_emailCadastro'

2023-11-29 12:00:53 - [TEST_STEP][PASSED] - setText(findTestObject("Object Repository/CDT03 - CDT04 - CDT05/Page_/input_DDD_dddTelCadastro"), ddd, CONTINUE_ON_FAILURE): Text '11' is set on object 'Object Repository/CDT03 - CDT04 - CDT05/Page_/input_DDD_dddTelCadastro'

2023-11-29 12:00:54 - [MESSAGE][PASSED] - Text '11' is set on object 'Object Repository/CDT03 - CDT04 - CDT05/Page_/input_DDD_dddTelCadastro'

2023-11-29 12:00:54 - [TEST_STEP][PASSED] - setText(findTestObject("Object Repository/CDT03 - CDT04 - CDT05/Page_/input_Telefone_telCadastro"), telefone, CONTINUE_ON_FAILURE): Text '222222222' is set on object 'Object Repository/CDT03 - CDT04 - CDT05/Page_/input_Telefone_telCadastro'

2023-11-29 12:00:54 - [MESSAGE][PASSED] - Text '222222222' is set on object 'Object Repository/CDT03 - CDT04 - CDT05/Page_/input_Telefone_telCadastro'

2023-11-29 12:00:54 - [TEST_STEP][PASSED] - setText(findTestObject("Object Repository/CDT03 - CDT04 - CDT05/Page_/input_Usurio_loginCadastro"), usuario, CONTINUE_ON_FAILURE): Text 'teste' is set on object 'Object Repository/CDT03 - CDT04 - CDT05/Page_/input_Usurio_loginCadastro'

2023-11-29 12:00:55 - [MESSAGE][PASSED] - Text 'teste' is set on object 'Object Repository/CDT03 - CDT04 - CDT05/Page_/input_Usurio_loginCadastro'

2023-11-29 12:00:55 - [TEST_STEP][PASSED] - setText(findTestObject("Object Repository/CDT03 - CDT04 - CDT05/Page_/input_Senha_senhaCadastro"), senha, CONTINUE_ON_FAILURE): Text 'teste' is set on object 'Object Repository/CDT03 - CDT04 - CDT05/Page_/input_Senha_senhaCadastro'

2023-11-29 12:00:56 - [MESSAGE][PASSED] - Text 'teste' is set on object 'Object Repository/CDT03 - CDT04 - CDT05/Page_/input_Senha_senhaCadastro'

2023-11-29 12:00:56 - [TEST_STEP][PASSED] - setText(findTestObject("Object Repository/CDT03 - CDT04 - CDT05/Page_/input_Repetir a senha_form-control"), repetir_senha, CONTINUE_ON_FAILURE): Text 'teste' is set on object 'Object Repository/CDT03 - CDT04 - CDT05/Page_/input_Repetir a senha_form-control'

2023-11-29 12:00:57 - [MESSAGE][PASSED] - Text 'teste' is set on object 'Object Repository/CDT03 - CDT04 - CDT05/Page_/input_Repetir a senha_form-control'

2023-11-29 12:00:57 - [TEST_STEP][PASSED] - setText(findTestObject("Object Repository/CDT03 - CDT04 - CDT05/Page_/input_RuaAv_ruaCadastro"), rua, CONTINUE_ON_FAILURE): Text 'rua ' is set on object 'Object Repository/CDT03 - CDT04 - CDT05/Page_/input_RuaAv_ruaCadastro'

2023-11-29 12:00:58 - [MESSAGE][PASSED] - Text 'rua ' is set on object 'Object Repository/CDT03 - CDT04 - CDT05/Page_/input_RuaAv_ruaCadastro'

2023-11-29 12:00:58 - [TEST_STEP][PASSED] - setText(findTestObject("Object Repository/CDT03 - CDT04 - CDT05/Page_/input_Nmero_numeroCadastro"), numero, CONTINUE_ON_FAILURE): Text '200' is set on object 'Object Repository/CDT03 - CDT04 - CDT05/Page_/input_Nmero_numeroCadastro'

2023-11-29 12:00:59 - [MESSAGE][PASSED] - Text '200' is set on object 'Object Repository/CDT03 - CDT04 - CDT05/Page_/input_Nmero_numeroCadastro'

2023-11-29 12:00:59 - [TEST_STEP][PASSED] - setText(findTestObject("Object Repository/CDT03 - CDT04 - CDT05/Page_/input_Bairro_bairroCadastro"), bairro, CONTINUE_ON_FAILURE): Text 'bairro' is set on object 'Object Repository/CDT03 - CDT04 - CDT05/Page_/input_Bairro_bairroCadastro'

2023-11-29 12:01:00 - [MESSAGE][PASSED] - Text 'bairro' is set on object 'Object Repository/CDT03 - CDT04 - CDT05/Page_/input_Bairro_bairroCadastro'

2023-11-29 12:01:00 - [TEST_STEP][PASSED] - setText(findTestObject("Object Repository/CDT03 - CDT04 - CDT05/Page_/input_Complemento_complementoCadastro"), complemento, CONTINUE_ON_FAILURE): Text 'complemento' is set on object 'Object Repository/CDT03 - CDT04 - CDT05/Page_/input_Complemento_complementoCadastro'

2023-11-29 12:01:01 - [MESSAGE][PASSED] - Text 'complemento' is set on object 'Object Repository/CDT03 - CDT04 - CDT05/Page_/input_Complemento_complementoCadastro'

2023-11-29 12:01:01 - [TEST_STEP][PASSED] - setText(findTestObject("Object Repository/CDT03 - CDT04 - CDT05/Page_/input_Cidade_cidadeCadastro"), cidade, CONTINUE_ON_FAILURE): Text 'Rio de Janeiro' is set on object 'Object Repository/CDT03 - CDT04 - CDT05/Page_/input_Cidade_cidadeCadastro'

2023-11-29 12:01:01 - [MESSAGE][PASSED] - Text 'Rio de Janeiro' is set on object 'Object Repository/CDT03 - CDT04 - CDT05/Page_/input_Cidade_cidadeCadastro'

2023-11-29 12:01:01 - [TEST_STEP][PASSED] - selectOptionByValue(findTestObject("Object Repository/CDT03 - CDT04 - CDT05/Page_/select_ALAPAMBACEDFESGOMAMTMSMGPAPBPRPEPIRR_4d941d"), uf, true, CONTINUE_ON_FAILURE): All options with value 'MG' are selected in object 'Object Repository/CDT03 - CDT04 - CDT05/Page_/select_ALAPAMBACEDFESGOMAMTMSMGPAPBPRPEPIRR_4d941d'  using regular expression

2023-11-29 12:01:03 - [MESSAGE][PASSED] - All options with value 'MG' are selected in object 'Object Repository/CDT03 - CDT04 - CDT05/Page_/select_ALAPAMBACEDFESGOMAMTMSMGPAPBPRPEPIRR_4d941d'  using regular expression

2023-11-29 12:01:03 - [MESSAGE][PASSED] - Call Test Case 'Test Cases/CDT03 - cadastro simples' successfully

2023-11-29 12:01:03 - [TEST_STEP][PASSED] - click(findTestObject("Object Repository/CDT03 - CDT04 - CDT05/Page_/button_Cadastrar"), CONTINUE_ON_FAILURE): Object: 'Object Repository/CDT03 - CDT04 - CDT05/Page_/button_Cadastrar' is clicked on

2023-11-29 12:01:04 - [MESSAGE][PASSED] - Object: 'Object Repository/CDT03 - CDT04 - CDT05/Page_/button_Cadastrar' is clicked on

2023-11-29 12:01:04 - [TEST_STEP][PASSED] - verifyTextPresent("Cadastrado com Sucesso!", false, CONTINUE_ON_FAILURE): Text 'Cadastrado com Sucesso!' is present on page 

2023-11-29 12:01:04 - [MESSAGE][PASSED] - Text 'Cadastrado com Sucesso!' is present on page 

2023-11-29 12:01:04 - [TEST_STEP][PASSED] - click(findTestObject("Object Repository/CDT03 - CDT04 - CDT05/Page_/button_OK"), CONTINUE_ON_FAILURE): Object: 'Object Repository/CDT03 - CDT04 - CDT05/Page_/button_OK' is clicked on

2023-11-29 12:01:05 - [MESSAGE][PASSED] - Object: 'Object Repository/CDT03 - CDT04 - CDT05/Page_/button_OK' is clicked on

2023-11-29 12:01:05 - [TEST_STEP][PASSED] - verifyElementText(findTestObject("CDT03 - CDT04 - CDT05/Page_PizzaWeb/a_ola_usuario"), "Olá, teste!", CONTINUE_ON_FAILURE): Actual text and expected text of test object 'Object Repository/CDT03 - CDT04 - CDT05/Page_PizzaWeb/a_ola_usuario' are matched.

2023-11-29 12:01:05 - [MESSAGE][PASSED] - Actual text and expected text of test object 'Object Repository/CDT03 - CDT04 - CDT05/Page_PizzaWeb/a_ola_usuario' are matched.

2023-11-29 12:01:05 - [TEST_STEP][PASSED] - click(findTestObject("Object Repository/CDT03 - CDT04 - CDT05/Page_PizzaWeb/a_Sair"), CONTINUE_ON_FAILURE): Object: 'Object Repository/CDT03 - CDT04 - CDT05/Page_PizzaWeb/a_Sair' is clicked on

2023-11-29 12:01:06 - [MESSAGE][PASSED] - Object: 'Object Repository/CDT03 - CDT04 - CDT05/Page_PizzaWeb/a_Sair' is clicked on

2023-11-29 12:01:06 - [TEST_STEP][PASSED] - click(findTestObject("Object Repository/CDT03 - CDT04 - CDT05/Page_PizzaWeb/a_Cadastre-se"), CONTINUE_ON_FAILURE): Object: 'Object Repository/CDT03 - CDT04 - CDT05/Page_PizzaWeb/a_Cadastre-se' is clicked on

2023-11-29 12:01:07 - [MESSAGE][PASSED] - Object: 'Object Repository/CDT03 - CDT04 - CDT05/Page_PizzaWeb/a_Cadastre-se' is clicked on

2023-11-29 12:01:07 - [TEST_STEP][PASSED] - callTestCase(findTestCase("CDT03 - cadastro simples"), ["nome":"marco", "email":"teste@gmail.com", "ddd":"11", "telefone":"222222222", "usuario":"marco", "senha":"teste", "repetir_senha":"teste", ... ], CONTINUE_ON_FAILURE): Call Test Case 'Test Cases/CDT03 - cadastro simples' successfully

2023-11-29 12:01:07 - [TEST_CASE][PASSED] - Test Cases/CDT03 - cadastro simples: Test Cases/CDT03 - cadastro simples

2023-11-29 12:01:07 - [TEST_STEP][PASSED] - setText(findTestObject("Object Repository/CDT03 - CDT04 - CDT05/Page_/input_Nome_nomeCadastro"), nome, CONTINUE_ON_FAILURE): Text 'marco' is set on object 'Object Repository/CDT03 - CDT04 - CDT05/Page_/input_Nome_nomeCadastro'

2023-11-29 12:01:08 - [MESSAGE][PASSED] - Text 'marco' is set on object 'Object Repository/CDT03 - CDT04 - CDT05/Page_/input_Nome_nomeCadastro'

2023-11-29 12:01:08 - [TEST_STEP][PASSED] - setText(findTestObject("Object Repository/CDT03 - CDT04 - CDT05/Page_/input_E-mail_emailCadastro"), email, CONTINUE_ON_FAILURE): Text 'teste@gmail.com' is set on object 'Object Repository/CDT03 - CDT04 - CDT05/Page_/input_E-mail_emailCadastro'

2023-11-29 12:01:08 - [MESSAGE][PASSED] - Text 'teste@gmail.com' is set on object 'Object Repository/CDT03 - CDT04 - CDT05/Page_/input_E-mail_emailCadastro'

2023-11-29 12:01:08 - [TEST_STEP][PASSED] - setText(findTestObject("Object Repository/CDT03 - CDT04 - CDT05/Page_/input_DDD_dddTelCadastro"), ddd, CONTINUE_ON_FAILURE): Text '11' is set on object 'Object Repository/CDT03 - CDT04 - CDT05/Page_/input_DDD_dddTelCadastro'

2023-11-29 12:01:09 - [MESSAGE][PASSED] - Text '11' is set on object 'Object Repository/CDT03 - CDT04 - CDT05/Page_/input_DDD_dddTelCadastro'

2023-11-29 12:01:09 - [TEST_STEP][PASSED] - setText(findTestObject("Object Repository/CDT03 - CDT04 - CDT05/Page_/input_Telefone_telCadastro"), telefone, CONTINUE_ON_FAILURE): Text '222222222' is set on object 'Object Repository/CDT03 - CDT04 - CDT05/Page_/input_Telefone_telCadastro'

2023-11-29 12:01:10 - [MESSAGE][PASSED] - Text '222222222' is set on object 'Object Repository/CDT03 - CDT04 - CDT05/Page_/input_Telefone_telCadastro'

2023-11-29 12:01:10 - [TEST_STEP][PASSED] - setText(findTestObject("Object Repository/CDT03 - CDT04 - CDT05/Page_/input_Usurio_loginCadastro"), usuario, CONTINUE_ON_FAILURE): Text 'marco' is set on object 'Object Repository/CDT03 - CDT04 - CDT05/Page_/input_Usurio_loginCadastro'

2023-11-29 12:01:11 - [MESSAGE][PASSED] - Text 'marco' is set on object 'Object Repository/CDT03 - CDT04 - CDT05/Page_/input_Usurio_loginCadastro'

2023-11-29 12:01:11 - [TEST_STEP][PASSED] - setText(findTestObject("Object Repository/CDT03 - CDT04 - CDT05/Page_/input_Senha_senhaCadastro"), senha, CONTINUE_ON_FAILURE): Text 'teste' is set on object 'Object Repository/CDT03 - CDT04 - CDT05/Page_/input_Senha_senhaCadastro'

2023-11-29 12:01:12 - [MESSAGE][PASSED] - Text 'teste' is set on object 'Object Repository/CDT03 - CDT04 - CDT05/Page_/input_Senha_senhaCadastro'

2023-11-29 12:01:12 - [TEST_STEP][PASSED] - setText(findTestObject("Object Repository/CDT03 - CDT04 - CDT05/Page_/input_Repetir a senha_form-control"), repetir_senha, CONTINUE_ON_FAILURE): Text 'teste' is set on object 'Object Repository/CDT03 - CDT04 - CDT05/Page_/input_Repetir a senha_form-control'

2023-11-29 12:01:13 - [MESSAGE][PASSED] - Text 'teste' is set on object 'Object Repository/CDT03 - CDT04 - CDT05/Page_/input_Repetir a senha_form-control'

2023-11-29 12:01:13 - [TEST_STEP][PASSED] - setText(findTestObject("Object Repository/CDT03 - CDT04 - CDT05/Page_/input_RuaAv_ruaCadastro"), rua, CONTINUE_ON_FAILURE): Text 'rua ' is set on object 'Object Repository/CDT03 - CDT04 - CDT05/Page_/input_RuaAv_ruaCadastro'

2023-11-29 12:01:14 - [MESSAGE][PASSED] - Text 'rua ' is set on object 'Object Repository/CDT03 - CDT04 - CDT05/Page_/input_RuaAv_ruaCadastro'

2023-11-29 12:01:14 - [TEST_STEP][PASSED] - setText(findTestObject("Object Repository/CDT03 - CDT04 - CDT05/Page_/input_Nmero_numeroCadastro"), numero, CONTINUE_ON_FAILURE): Text '200' is set on object 'Object Repository/CDT03 - CDT04 - CDT05/Page_/input_Nmero_numeroCadastro'

2023-11-29 12:01:15 - [MESSAGE][PASSED] - Text '200' is set on object 'Object Repository/CDT03 - CDT04 - CDT05/Page_/input_Nmero_numeroCadastro'

2023-11-29 12:01:15 - [TEST_STEP][PASSED] - setText(findTestObject("Object Repository/CDT03 - CDT04 - CDT05/Page_/input_Bairro_bairroCadastro"), bairro, CONTINUE_ON_FAILURE): Text 'bairro' is set on object 'Object Repository/CDT03 - CDT04 - CDT05/Page_/input_Bairro_bairroCadastro'

2023-11-29 12:01:16 - [MESSAGE][PASSED] - Text 'bairro' is set on object 'Object Repository/CDT03 - CDT04 - CDT05/Page_/input_Bairro_bairroCadastro'

2023-11-29 12:01:16 - [TEST_STEP][PASSED] - setText(findTestObject("Object Repository/CDT03 - CDT04 - CDT05/Page_/input_Complemento_complementoCadastro"), complemento, CONTINUE_ON_FAILURE): Text 'complemento' is set on object 'Object Repository/CDT03 - CDT04 - CDT05/Page_/input_Complemento_complementoCadastro'

2023-11-29 12:01:17 - [MESSAGE][PASSED] - Text 'complemento' is set on object 'Object Repository/CDT03 - CDT04 - CDT05/Page_/input_Complemento_complementoCadastro'

2023-11-29 12:01:17 - [TEST_STEP][PASSED] - setText(findTestObject("Object Repository/CDT03 - CDT04 - CDT05/Page_/input_Cidade_cidadeCadastro"), cidade, CONTINUE_ON_FAILURE): Text 'Rio de Janeiro' is set on object 'Object Repository/CDT03 - CDT04 - CDT05/Page_/input_Cidade_cidadeCadastro'

2023-11-29 12:01:17 - [MESSAGE][PASSED] - Text 'Rio de Janeiro' is set on object 'Object Repository/CDT03 - CDT04 - CDT05/Page_/input_Cidade_cidadeCadastro'

2023-11-29 12:01:17 - [TEST_STEP][PASSED] - selectOptionByValue(findTestObject("Object Repository/CDT03 - CDT04 - CDT05/Page_/select_ALAPAMBACEDFESGOMAMTMSMGPAPBPRPEPIRR_4d941d"), uf, true, CONTINUE_ON_FAILURE): All options with value 'MG' are selected in object 'Object Repository/CDT03 - CDT04 - CDT05/Page_/select_ALAPAMBACEDFESGOMAMTMSMGPAPBPRPEPIRR_4d941d'  using regular expression

2023-11-29 12:01:19 - [MESSAGE][PASSED] - All options with value 'MG' are selected in object 'Object Repository/CDT03 - CDT04 - CDT05/Page_/select_ALAPAMBACEDFESGOMAMTMSMGPAPBPRPEPIRR_4d941d'  using regular expression

2023-11-29 12:01:19 - [MESSAGE][PASSED] - Call Test Case 'Test Cases/CDT03 - cadastro simples' successfully

2023-11-29 12:01:19 - [TEST_STEP][PASSED] - click(findTestObject("Object Repository/CDT03 - CDT04 - CDT05/Page_/button_Cadastrar"), CONTINUE_ON_FAILURE): Object: 'Object Repository/CDT03 - CDT04 - CDT05/Page_/button_Cadastrar' is clicked on

2023-11-29 12:01:20 - [MESSAGE][PASSED] - Object: 'Object Repository/CDT03 - CDT04 - CDT05/Page_/button_Cadastrar' is clicked on

2023-11-29 12:01:20 - [TEST_STEP][FAILED] - verifyTextPresent("Cadastro", false, CONTINUE_ON_FAILURE): Text 'Cadastro' is not present on page  (Root cause: com.kms.katalon.core.exception.StepFailedException: Text 'Cadastro' is not present on page 
	at com.kms.katalon.core.webui.keyword.internal.WebUIKeywordMain.stepFailed(WebUIKeywordMain.groovy:64)
	at com.kms.katalon.core.webui.keyword.builtin.VerifyTextPresentKeyword$_verifyTextPresent_closure1.doCall(VerifyTextPresentKeyword.groovy:79)
	at com.kms.katalon.core.webui.keyword.builtin.VerifyTextPresentKeyword$_verifyTextPresent_closure1.call(VerifyTextPresentKeyword.groovy)
	at com.kms.katalon.core.webui.keyword.internal.WebUIKeywordMain.runKeyword(WebUIKeywordMain.groovy:20)
	at com.kms.katalon.core.webui.keyword.builtin.VerifyTextPresentKeyword.verifyTextPresent(VerifyTextPresentKeyword.groovy:83)
	at com.kms.katalon.core.webui.keyword.builtin.VerifyTextPresentKeyword.execute(VerifyTextPresentKeyword.groovy:68)
	at com.kms.katalon.core.keyword.internal.KeywordExecutor.executeKeywordForPlatform(KeywordExecutor.groovy:74)
	at com.kms.katalon.core.webui.keyword.WebUiBuiltInKeywords.verifyTextPresent(WebUiBuiltInKeywords.groovy:1707)
	at com.kms.katalon.core.webui.keyword.WebUiBuiltInKeywords$verifyTextPresent$6.call(Unknown Source)
	at CDT05 - RF01 - cadastro cliente - Verificar sucesso e usuarios repetidos.run(CDT05 - RF01 - cadastro cliente - Verificar sucesso e usuarios repetidos:53)
	at com.kms.katalon.core.main.ScriptEngine.run(ScriptEngine.java:194)
	at com.kms.katalon.core.main.ScriptEngine.runScriptAsRawText(ScriptEngine.java:119)
	at com.kms.katalon.core.main.TestCaseExecutor.runScript(TestCaseExecutor.java:448)
	at com.kms.katalon.core.main.TestCaseExecutor.doExecute(TestCaseExecutor.java:439)
	at com.kms.katalon.core.main.TestCaseExecutor.processExecutionPhase(TestCaseExecutor.java:418)
	at com.kms.katalon.core.main.TestCaseExecutor.accessMainPhase(TestCaseExecutor.java:410)
	at com.kms.katalon.core.main.TestCaseExecutor.execute(TestCaseExecutor.java:285)
	at com.kms.katalon.core.common.CommonExecutor.accessTestCaseMainPhase(CommonExecutor.java:65)
	at com.kms.katalon.core.main.TestSuiteExecutor.accessTestSuiteMainPhase(TestSuiteExecutor.java:148)
	at com.kms.katalon.core.main.TestSuiteExecutor.execute(TestSuiteExecutor.java:106)
	at com.kms.katalon.core.main.TestCaseMain.startTestSuite(TestCaseMain.java:187)
	at com.kms.katalon.core.main.TestCaseMain$startTestSuite$0.call(Unknown Source)
	at TempTestSuite1701269945786.run(TempTestSuite1701269945786.groovy:36)
)

2023-11-29 12:01:20 - [MESSAGE][FAILED] - Text 'Cadastro' is not present on page  (Root cause: com.kms.katalon.core.exception.StepFailedException: Text 'Cadastro' is not present on page 
	at com.kms.katalon.core.webui.keyword.internal.WebUIKeywordMain.stepFailed(WebUIKeywordMain.groovy:64)
	at com.kms.katalon.core.webui.keyword.builtin.VerifyTextPresentKeyword$_verifyTextPresent_closure1.doCall(VerifyTextPresentKeyword.groovy:79)
	at com.kms.katalon.core.webui.keyword.builtin.VerifyTextPresentKeyword$_verifyTextPresent_closure1.call(VerifyTextPresentKeyword.groovy)
	at com.kms.katalon.core.webui.keyword.internal.WebUIKeywordMain.runKeyword(WebUIKeywordMain.groovy:20)
	at com.kms.katalon.core.webui.keyword.builtin.VerifyTextPresentKeyword.verifyTextPresent(VerifyTextPresentKeyword.groovy:83)
	at com.kms.katalon.core.webui.keyword.builtin.VerifyTextPresentKeyword.execute(VerifyTextPresentKeyword.groovy:68)
	at com.kms.katalon.core.keyword.internal.KeywordExecutor.executeKeywordForPlatform(KeywordExecutor.groovy:74)
	at com.kms.katalon.core.webui.keyword.WebUiBuiltInKeywords.verifyTextPresent(WebUiBuiltInKeywords.groovy:1707)
	at com.kms.katalon.core.webui.keyword.WebUiBuiltInKeywords$verifyTextPresent$6.call(Unknown Source)
	at CDT05 - RF01 - cadastro cliente - Verificar sucesso e usuarios repetidos.run(CDT05 - RF01 - cadastro cliente - Verificar sucesso e usuarios repetidos:53)
	at com.kms.katalon.core.main.ScriptEngine.run(ScriptEngine.java:194)
	at com.kms.katalon.core.main.ScriptEngine.runScriptAsRawText(ScriptEngine.java:119)
	at com.kms.katalon.core.main.TestCaseExecutor.runScript(TestCaseExecutor.java:448)
	at com.kms.katalon.core.main.TestCaseExecutor.doExecute(TestCaseExecutor.java:439)
	at com.kms.katalon.core.main.TestCaseExecutor.processExecutionPhase(TestCaseExecutor.java:418)
	at com.kms.katalon.core.main.TestCaseExecutor.accessMainPhase(TestCaseExecutor.java:410)
	at com.kms.katalon.core.main.TestCaseExecutor.execute(TestCaseExecutor.java:285)
	at com.kms.katalon.core.common.CommonExecutor.accessTestCaseMainPhase(CommonExecutor.java:65)
	at com.kms.katalon.core.main.TestSuiteExecutor.accessTestSuiteMainPhase(TestSuiteExecutor.java:148)
	at com.kms.katalon.core.main.TestSuiteExecutor.execute(TestSuiteExecutor.java:106)
	at com.kms.katalon.core.main.TestCaseMain.startTestSuite(TestCaseMain.java:187)
	at com.kms.katalon.core.main.TestCaseMain$startTestSuite$0.call(Unknown Source)
	at TempTestSuite1701269945786.run(TempTestSuite1701269945786.groovy:36)
)

2023-11-29 12:01:20 - [TEST_STEP][PASSED] - closeBrowser(CONTINUE_ON_FAILURE): Browser is closed

2023-11-29 12:01:22 - [MESSAGE][PASSED] - Browser is closed]]></system-out>
         <system-err><![CDATA[2023-11-29 12:00:40 - [TEST_CASE][FAILED] - Test Cases/CDT05 - RF01 - cadastro cliente - Verificar sucesso e usuarios repetidos: Test Cases/CDT05 - RF01 - cadastro cliente - Verificar sucesso e usuarios repetidos FAILED.
Reason:
com.kms.katalon.core.exception.StepFailedException: Text 'Cadastro' is not present on page  (Root cause: com.kms.katalon.core.exception.StepFailedException: Text 'Cadastro' is not present on page 
	at com.kms.katalon.core.webui.keyword.internal.WebUIKeywordMain.stepFailed(WebUIKeywordMain.groovy:64)
	at com.kms.katalon.core.webui.keyword.builtin.VerifyTextPresentKeyword$_verifyTextPresent_closure1.doCall(VerifyTextPresentKeyword.groovy:79)
	at com.kms.katalon.core.webui.keyword.builtin.VerifyTextPresentKeyword$_verifyTextPresent_closure1.call(VerifyTextPresentKeyword.groovy)
	at com.kms.katalon.core.webui.keyword.internal.WebUIKeywordMain.runKeyword(WebUIKeywordMain.groovy:20)
	at com.kms.katalon.core.webui.keyword.builtin.VerifyTextPresentKeyword.verifyTextPresent(VerifyTextPresentKeyword.groovy:83)
	at com.kms.katalon.core.webui.keyword.builtin.VerifyTextPresentKeyword.execute(VerifyTextPresentKeyword.groovy:68)
	at com.kms.katalon.core.keyword.internal.KeywordExecutor.executeKeywordForPlatform(KeywordExecutor.groovy:74)
	at com.kms.katalon.core.webui.keyword.WebUiBuiltInKeywords.verifyTextPresent(WebUiBuiltInKeywords.groovy:1707)
	at com.kms.katalon.core.webui.keyword.WebUiBuiltInKeywords$verifyTextPresent$6.call(Unknown Source)
	at CDT05 - RF01 - cadastro cliente - Verificar sucesso e usuarios repetidos.run(CDT05 - RF01 - cadastro cliente - Verificar sucesso e usuarios repetidos:53)
	at com.kms.katalon.core.main.ScriptEngine.run(ScriptEngine.java:194)
	at com.kms.katalon.core.main.ScriptEngine.runScriptAsRawText(ScriptEngine.java:119)
	at com.kms.katalon.core.main.TestCaseExecutor.runScript(TestCaseExecutor.java:448)
	at com.kms.katalon.core.main.TestCaseExecutor.doExecute(TestCaseExecutor.java:439)
	at com.kms.katalon.core.main.TestCaseExecutor.processExecutionPhase(TestCaseExecutor.java:418)
	at com.kms.katalon.core.main.TestCaseExecutor.accessMainPhase(TestCaseExecutor.java:410)
	at com.kms.katalon.core.main.TestCaseExecutor.execute(TestCaseExecutor.java:285)
	at com.kms.katalon.core.common.CommonExecutor.accessTestCaseMainPhase(CommonExecutor.java:65)
	at com.kms.katalon.core.main.TestSuiteExecutor.accessTestSuiteMainPhase(TestSuiteExecutor.java:148)
	at com.kms.katalon.core.main.TestSuiteExecutor.execute(TestSuiteExecutor.java:106)
	at com.kms.katalon.core.main.TestCaseMain.startTestSuite(TestCaseMain.java:187)
	at com.kms.katalon.core.main.TestCaseMain$startTestSuite$0.call(Unknown Source)
	at TempTestSuite1701269945786.run(TempTestSuite1701269945786.groovy:36)
)
	at com.kms.katalon.core.keyword.internal.KeywordMain.stepFailed(KeywordMain.groovy:39)
	at com.kms.katalon.core.webui.keyword.internal.WebUIKeywordMain.stepFailed(WebUIKeywordMain.groovy:64)
	at com.kms.katalon.core.webui.keyword.builtin.VerifyTextPresentKeyword$_verifyTextPresent_closure1.doCall(VerifyTextPresentKeyword.groovy:79)
	at com.kms.katalon.core.webui.keyword.builtin.VerifyTextPresentKeyword$_verifyTextPresent_closure1.call(VerifyTextPresentKeyword.groovy)
	at com.kms.katalon.core.webui.keyword.internal.WebUIKeywordMain.runKeyword(WebUIKeywordMain.groovy:20)
	at com.kms.katalon.core.webui.keyword.builtin.VerifyTextPresentKeyword.verifyTextPresent(VerifyTextPresentKeyword.groovy:83)
	at com.kms.katalon.core.webui.keyword.builtin.VerifyTextPresentKeyword.execute(VerifyTextPresentKeyword.groovy:68)
	at com.kms.katalon.core.keyword.internal.KeywordExecutor.executeKeywordForPlatform(KeywordExecutor.groovy:74)
	at com.kms.katalon.core.webui.keyword.WebUiBuiltInKeywords.verifyTextPresent(WebUiBuiltInKeywords.groovy:1707)
	at com.kms.katalon.core.webui.keyword.WebUiBuiltInKeywords$verifyTextPresent$6.call(Unknown Source)
	at CDT05 - RF01 - cadastro cliente - Verificar sucesso e usuarios repetidos.run(CDT05 - RF01 - cadastro cliente - Verificar sucesso e usuarios repetidos:53)
	at com.kms.katalon.core.main.ScriptEngine.run(ScriptEngine.java:194)
	at com.kms.katalon.core.main.ScriptEngine.runScriptAsRawText(ScriptEngine.java:119)
	at com.kms.katalon.core.main.TestCaseExecutor.runScript(TestCaseExecutor.java:448)
	at com.kms.katalon.core.main.TestCaseExecutor.doExecute(TestCaseExecutor.java:439)
	at com.kms.katalon.core.main.TestCaseExecutor.processExecutionPhase(TestCaseExecutor.java:418)
	at com.kms.katalon.core.main.TestCaseExecutor.accessMainPhase(TestCaseExecutor.java:410)
	at com.kms.katalon.core.main.TestCaseExecutor.execute(TestCaseExecutor.java:285)
	at com.kms.katalon.core.common.CommonExecutor.accessTestCaseMainPhase(CommonExecutor.java:65)
	at com.kms.katalon.core.main.TestSuiteExecutor.accessTestSuiteMainPhase(TestSuiteExecutor.java:148)
	at com.kms.katalon.core.main.TestSuiteExecutor.execute(TestSuiteExecutor.java:106)
	at com.kms.katalon.core.main.TestCaseMain.startTestSuite(TestCaseMain.java:187)
	at com.kms.katalon.core.main.TestCaseMain$startTestSuite$0.call(Unknown Source)
	at TempTestSuite1701269945786.run(TempTestSuite1701269945786.groovy:36)
Caused by: com.kms.katalon.core.exception.StepFailedException: Text 'Cadastro' is not present on page 
	... 23 more]]></system-err>
      </testcase>
      <testcase name="Test Cases/CDT06 - RF02 - realizar pedido" time="26.57" classname="Test Cases/CDT06 - RF02 - realizar pedido" status="PASSED">
         <system-out><![CDATA[2023-11-29 12:01:22 - [TEST_CASE][PASSED] - Test Cases/CDT06 - RF02 - realizar pedido: Test Cases/CDT06 - RF02 - realizar pedido

2023-11-29 12:01:22 - [TEST_STEP][PASSED] - openBrowser("http://localhost/pizzaWeb2.0/site/index.php", CONTINUE_ON_FAILURE): Browser is opened with url: 'http://localhost/pizzaWeb2.0/site/index.php'

2023-11-29 12:01:22 - [MESSAGE][INFO] - Starting 'Chrome' driver

2023-11-29 12:01:22 - [MESSAGE][INFO] - Action delay is set to 0 milliseconds

2023-11-29 12:01:28 - [MESSAGE][PASSED] - Browser is opened with url: 'http://localhost/pizzaWeb2.0/site/index.php'

2023-11-29 12:01:28 - [TEST_STEP][PASSED] - click(findTestObject("Object Repository/CDT06 - CDT07/Page_PizzaWeb/a_Entrar"), CONTINUE_ON_FAILURE): Object: 'Object Repository/CDT06 - CDT07/Page_PizzaWeb/a_Entrar' is clicked on

2023-11-29 12:01:30 - [MESSAGE][PASSED] - Object: 'Object Repository/CDT06 - CDT07/Page_PizzaWeb/a_Entrar' is clicked on

2023-11-29 12:01:30 - [TEST_STEP][PASSED] - callTestCase(findTestCase("CDT02 - login simple"), ["usuario":"marco", "senha":"marco"], CONTINUE_ON_FAILURE): Call Test Case 'Test Cases/CDT02 - login simple' successfully

2023-11-29 12:01:30 - [TEST_CASE][PASSED] - Test Cases/CDT02 - login simple: Test Cases/CDT02 - login simple

2023-11-29 12:01:30 - [TEST_STEP][PASSED] - setText(findTestObject("Object Repository/CDT01 - CDT02/Page_Login/input_Entrar_login"), usuario, CONTINUE_ON_FAILURE): Text 'marco' is set on object 'Object Repository/CDT01 - CDT02/Page_Login/input_Entrar_login'

2023-11-29 12:01:31 - [MESSAGE][PASSED] - Text 'marco' is set on object 'Object Repository/CDT01 - CDT02/Page_Login/input_Entrar_login'

2023-11-29 12:01:31 - [TEST_STEP][PASSED] - setText(findTestObject("Object Repository/CDT01 - CDT02/Page_Login/input_Entrar_senha"), senha, CONTINUE_ON_FAILURE): Text 'marco' is set on object 'Object Repository/CDT01 - CDT02/Page_Login/input_Entrar_senha'

2023-11-29 12:01:32 - [MESSAGE][PASSED] - Text 'marco' is set on object 'Object Repository/CDT01 - CDT02/Page_Login/input_Entrar_senha'

2023-11-29 12:01:32 - [TEST_STEP][PASSED] - click(findTestObject("Object Repository/CDT01 - CDT02/Page_Login/button_Login"), CONTINUE_ON_FAILURE): Object: 'Object Repository/CDT01 - CDT02/Page_Login/button_Login' is clicked on

2023-11-29 12:01:34 - [MESSAGE][PASSED] - Object: 'Object Repository/CDT01 - CDT02/Page_Login/button_Login' is clicked on

2023-11-29 12:01:34 - [MESSAGE][PASSED] - Call Test Case 'Test Cases/CDT02 - login simple' successfully

2023-11-29 12:01:34 - [TEST_STEP][PASSED] - click(findTestObject("Object Repository/CDT06 - CDT07/Page_PizzaWeb/a_California"), CONTINUE_ON_FAILURE): Object: 'Object Repository/CDT06 - CDT07/Page_PizzaWeb/a_California' is clicked on

2023-11-29 12:01:35 - [MESSAGE][PASSED] - Object: 'Object Repository/CDT06 - CDT07/Page_PizzaWeb/a_California' is clicked on

2023-11-29 12:01:35 - [TEST_STEP][PASSED] - click(findTestObject("Object Repository/CDT06 - CDT07/Page_PizzaWeb/input_Mdia_tamanhos"), CONTINUE_ON_FAILURE): Object: 'Object Repository/CDT06 - CDT07/Page_PizzaWeb/input_Mdia_tamanhos' is clicked on

2023-11-29 12:01:35 - [MESSAGE][PASSED] - Object: 'Object Repository/CDT06 - CDT07/Page_PizzaWeb/input_Mdia_tamanhos' is clicked on

2023-11-29 12:01:35 - [TEST_STEP][PASSED] - click(findTestObject("Object Repository/CDT06 - CDT07/Page_PizzaWeb/input_Mdia_tamanhos_1"), CONTINUE_ON_FAILURE): Object: 'Object Repository/CDT06 - CDT07/Page_PizzaWeb/input_Mdia_tamanhos_1' is clicked on

2023-11-29 12:01:36 - [MESSAGE][PASSED] - Object: 'Object Repository/CDT06 - CDT07/Page_PizzaWeb/input_Mdia_tamanhos_1' is clicked on

2023-11-29 12:01:36 - [TEST_STEP][PASSED] - click(findTestObject("Object Repository/CDT06 - CDT07/Page_PizzaWeb/input_Mdia_tamanhos_1_2"), CONTINUE_ON_FAILURE): Object: 'Object Repository/CDT06 - CDT07/Page_PizzaWeb/input_Mdia_tamanhos_1_2' is clicked on

2023-11-29 12:01:36 - [MESSAGE][PASSED] - Object: 'Object Repository/CDT06 - CDT07/Page_PizzaWeb/input_Mdia_tamanhos_1_2' is clicked on

2023-11-29 12:01:36 - [TEST_STEP][PASSED] - click(findTestObject("Object Repository/CDT06 - CDT07/Page_PizzaWeb/input_R 4,00_enviar"), CONTINUE_ON_FAILURE): Object: 'Object Repository/CDT06 - CDT07/Page_PizzaWeb/input_R 4,00_enviar' is clicked on

2023-11-29 12:01:37 - [MESSAGE][PASSED] - Object: 'Object Repository/CDT06 - CDT07/Page_PizzaWeb/input_R 4,00_enviar' is clicked on

2023-11-29 12:01:37 - [TEST_STEP][PASSED] - verifyElementText(findTestObject("Object Repository/CDT06 - CDT07/Page_PizzaWeb/b_R 37,00"), "R$ 37,00", CONTINUE_ON_FAILURE): Actual text and expected text of test object 'Object Repository/CDT06 - CDT07/Page_PizzaWeb/b_R 37,00' are matched.

2023-11-29 12:01:38 - [MESSAGE][PASSED] - Actual text and expected text of test object 'Object Repository/CDT06 - CDT07/Page_PizzaWeb/b_R 37,00' are matched.

2023-11-29 12:01:38 - [TEST_STEP][PASSED] - click(findTestObject("Object Repository/CDT06 - CDT07/Page_PizzaWeb/a_Remover Item"), CONTINUE_ON_FAILURE): Object: 'Object Repository/CDT06 - CDT07/Page_PizzaWeb/a_Remover Item' is clicked on

2023-11-29 12:01:39 - [MESSAGE][PASSED] - Object: 'Object Repository/CDT06 - CDT07/Page_PizzaWeb/a_Remover Item' is clicked on

2023-11-29 12:01:39 - [TEST_STEP][PASSED] - verifyElementNotPresent(findTestObject("Object Repository/CDT06 - CDT07/Page_PizzaWeb/td_Calabresa  Mdia"), 0, CONTINUE_ON_FAILURE): Web element with id: 'Object Repository/CDT06 - CDT07/Page_PizzaWeb/td_Calabresa  Mdia' located by 'By.xpath: //table[@id='tabelaResumoPedidoUsuario']/tbody/tr[3]/td' is not present after '30' second(s)

2023-11-29 12:01:39 - [MESSAGE][WARNING] - Timeout '0' is invalid. Using default page load timeout: '30'

2023-11-29 12:01:40 - [MESSAGE][PASSED] - Web element with id: 'Object Repository/CDT06 - CDT07/Page_PizzaWeb/td_Calabresa  Mdia' located by 'By.xpath: //table[@id='tabelaResumoPedidoUsuario']/tbody/tr[3]/td' is not present after '30' second(s)

2023-11-29 12:01:40 - [TEST_STEP][PASSED] - verifyElementText(findTestObject("Object Repository/CDT06 - CDT07/Page_PizzaWeb/b_R 27,00"), "R$ 27,00", CONTINUE_ON_FAILURE): Actual text and expected text of test object 'Object Repository/CDT06 - CDT07/Page_PizzaWeb/b_R 27,00' are matched.

2023-11-29 12:01:40 - [MESSAGE][PASSED] - Actual text and expected text of test object 'Object Repository/CDT06 - CDT07/Page_PizzaWeb/b_R 27,00' are matched.

2023-11-29 12:01:40 - [TEST_STEP][PASSED] - click(findTestObject("Object Repository/CDT06 - CDT07/Page_PizzaWeb/a_Confirmar Pedido"), CONTINUE_ON_FAILURE): Object: 'Object Repository/CDT06 - CDT07/Page_PizzaWeb/a_Confirmar Pedido' is clicked on

2023-11-29 12:01:41 - [MESSAGE][PASSED] - Object: 'Object Repository/CDT06 - CDT07/Page_PizzaWeb/a_Confirmar Pedido' is clicked on

2023-11-29 12:01:41 - [TEST_STEP][PASSED] - click(findTestObject("CDT06 - CDT07/Page_/input_finalizar_pedido"), CONTINUE_ON_FAILURE): Object: 'Object Repository/CDT06 - CDT07/Page_/input_finalizar_pedido' is clicked on

2023-11-29 12:01:41 - [MESSAGE][PASSED] - Object: 'Object Repository/CDT06 - CDT07/Page_/input_finalizar_pedido' is clicked on

2023-11-29 12:01:41 - [TEST_STEP][PASSED] - click(findTestObject("Object Repository/CDT06 - CDT07/Page_/input_R 0,00_btn btn-outline-success"), CONTINUE_ON_FAILURE): Object: 'Object Repository/CDT06 - CDT07/Page_/input_R 0,00_btn btn-outline-success' is clicked on

2023-11-29 12:01:42 - [MESSAGE][PASSED] - Object: 'Object Repository/CDT06 - CDT07/Page_/input_R 0,00_btn btn-outline-success' is clicked on

2023-11-29 12:01:42 - [TEST_STEP][PASSED] - verifyElementText(findTestObject("Object Repository/CDT06 - CDT07/Page_/h2_R 27,00"), "R$ 27,00", CONTINUE_ON_FAILURE): Actual text and expected text of test object 'Object Repository/CDT06 - CDT07/Page_/h2_R 27,00' are matched.

2023-11-29 12:01:42 - [MESSAGE][PASSED] - Actual text and expected text of test object 'Object Repository/CDT06 - CDT07/Page_/h2_R 27,00' are matched.

2023-11-29 12:01:42 - [TEST_STEP][PASSED] - click(findTestObject("CDT06 - CDT07/Page_/input_CartoDinheiro na entrega_btn btn-success"), CONTINUE_ON_FAILURE): Object: 'Object Repository/CDT06 - CDT07/Page_/input_CartoDinheiro na entrega_btn btn-success' is clicked on

2023-11-29 12:01:43 - [MESSAGE][PASSED] - Object: 'Object Repository/CDT06 - CDT07/Page_/input_CartoDinheiro na entrega_btn btn-success' is clicked on

2023-11-29 12:01:43 - [TEST_STEP][PASSED] - verifyElementText(findTestObject("Object Repository/CDT06 - CDT07/Page_/div_Pedido realizado com Sucesso"), "Pedido realizado com Sucesso!", CONTINUE_ON_FAILURE): Actual text and expected text of test object 'Object Repository/CDT06 - CDT07/Page_/div_Pedido realizado com Sucesso' are matched.

2023-11-29 12:01:44 - [MESSAGE][PASSED] - Actual text and expected text of test object 'Object Repository/CDT06 - CDT07/Page_/div_Pedido realizado com Sucesso' are matched.

2023-11-29 12:01:44 - [TEST_STEP][PASSED] - click(findTestObject("Object Repository/CDT06 - CDT07/Page_/button_OK"), CONTINUE_ON_FAILURE): Object: 'Object Repository/CDT06 - CDT07/Page_/button_OK' is clicked on

2023-11-29 12:01:44 - [MESSAGE][PASSED] - Object: 'Object Repository/CDT06 - CDT07/Page_/button_OK' is clicked on

2023-11-29 12:01:44 - [TEST_STEP][PASSED] - closeBrowser(CONTINUE_ON_FAILURE): Browser is closed

2023-11-29 12:01:48 - [MESSAGE][PASSED] - Browser is closed]]></system-out>
         <system-err><![CDATA[]]></system-err>
      </testcase>
      <testcase name="Test Cases/CDT07 - RF02 - realizar pedido fora do horario" time="12.153" classname="Test Cases/CDT07 - RF02 - realizar pedido fora do horario" status="PASSED">
         <system-out><![CDATA[2023-11-29 12:01:48 - [TEST_CASE][PASSED] - Test Cases/CDT07 - RF02 - realizar pedido fora do horario: Test Cases/CDT07 - RF02 - realizar pedido fora do horario

2023-11-29 12:01:49 - [TEST_STEP][PASSED] - openBrowser("", CONTINUE_ON_FAILURE): Browser is opened with url: ''

2023-11-29 12:01:49 - [MESSAGE][INFO] - Starting 'Chrome' driver

2023-11-29 12:01:49 - [MESSAGE][INFO] - Action delay is set to 0 milliseconds

2023-11-29 12:01:52 - [MESSAGE][PASSED] - Browser is opened with url: ''

2023-11-29 12:01:52 - [TEST_STEP][PASSED] - navigateToUrl("http://localhost/pizzaWeb2.0/site/index.php", CONTINUE_ON_FAILURE): Navigate to 'http://localhost/pizzaWeb2.0/site/index.php' successfully

2023-11-29 12:01:58 - [MESSAGE][PASSED] - Navigate to 'http://localhost/pizzaWeb2.0/site/index.php' successfully

2023-11-29 12:01:58 - [TEST_STEP][PASSED] - click(findTestObject("Object Repository/CDT06 - CDT07/Page_PizzaWeb/a_Pizzaria Quadratta"), CONTINUE_ON_FAILURE): Object: 'Object Repository/CDT06 - CDT07/Page_PizzaWeb/a_Pizzaria Quadratta' is clicked on

2023-11-29 12:01:59 - [MESSAGE][PASSED] - Object: 'Object Repository/CDT06 - CDT07/Page_PizzaWeb/a_Pizzaria Quadratta' is clicked on

2023-11-29 12:01:59 - [TEST_STEP][PASSED] - verifyElementPresent(findTestObject("Object Repository/CDT06 - CDT07/Page_PizzaWeb/p_Estamos fora do horrio de atendimento"), 0, CONTINUE_ON_FAILURE): Object 'Object Repository/CDT06 - CDT07/Page_PizzaWeb/p_Estamos fora do horrio de atendimento' is present

2023-11-29 12:01:59 - [MESSAGE][WARNING] - Timeout '0' is invalid. Using default page load timeout: '30'

2023-11-29 12:01:59 - [MESSAGE][PASSED] - Object 'Object Repository/CDT06 - CDT07/Page_PizzaWeb/p_Estamos fora do horrio de atendimento' is present

2023-11-29 12:01:59 - [TEST_STEP][PASSED] - verifyElementText(findTestObject("Object Repository/CDT06 - CDT07/Page_PizzaWeb/p_Estamos fora do horrio de atendimento"), "Estamos fora do horário de atendimento!", CONTINUE_ON_FAILURE): Actual text and expected text of test object 'Object Repository/CDT06 - CDT07/Page_PizzaWeb/p_Estamos fora do horrio de atendimento' are matched.

2023-11-29 12:02:00 - [MESSAGE][PASSED] - Actual text and expected text of test object 'Object Repository/CDT06 - CDT07/Page_PizzaWeb/p_Estamos fora do horrio de atendimento' are matched.

2023-11-29 12:02:00 - [TEST_STEP][PASSED] - closeBrowser(CONTINUE_ON_FAILURE): Browser is closed

2023-11-29 12:02:00 - [MESSAGE][PASSED] - Browser is closed]]></system-out>
         <system-err><![CDATA[]]></system-err>
      </testcase>
      <testcase name="Test Cases/CDT08 - RF04 - cadastrar restaurante com campos em branco" time="28.743" classname="Test Cases/CDT08 - RF04 - cadastrar restaurante com campos em branco" status="FAILED">
         <failure type="FAILED" message="Test Cases/CDT08 - RF04 - cadastrar restaurante com campos em branco FAILED.
Reason:
com.kms.katalon.core.exception.StepFailedException: Text '(erro|vazio|branco|obrigatorio)' is not present on page  using regular expression (Root cause: com.kms.katalon.core.exception.StepFailedException: Text '(erro|vazio|branco|obrigatorio)' is not present on page  using regular expression
	at com.kms.katalon.core.webui.keyword.internal.WebUIKeywordMain.stepFailed(WebUIKeywordMain.groovy:64)
	at com.kms.katalon.core.webui.keyword.builtin.VerifyTextPresentKeyword$_verifyTextPresent_closure1.doCall(VerifyTextPresentKeyword.groovy:79)
	at com.kms.katalon.core.webui.keyword.builtin.VerifyTextPresentKeyword$_verifyTextPresent_closure1.call(VerifyTextPresentKeyword.groovy)
	at com.kms.katalon.core.webui.keyword.internal.WebUIKeywordMain.runKeyword(WebUIKeywordMain.groovy:20)
	at com.kms.katalon.core.webui.keyword.builtin.VerifyTextPresentKeyword.verifyTextPresent(VerifyTextPresentKeyword.groovy:83)
	at com.kms.katalon.core.webui.keyword.builtin.VerifyTextPresentKeyword.execute(VerifyTextPresentKeyword.groovy:68)
	at com.kms.katalon.core.keyword.internal.KeywordExecutor.executeKeywordForPlatform(KeywordExecutor.groovy:74)
	at com.kms.katalon.core.webui.keyword.WebUiBuiltInKeywords.verifyTextPresent(WebUiBuiltInKeywords.groovy:1707)
	at com.kms.katalon.core.webui.keyword.WebUiBuiltInKeywords$verifyTextPresent$6.call(Unknown Source)
	at CDT08 - RF04 - cadastrar restaurante com campos em branco.run(CDT08 - RF04 - cadastrar restaurante com campos em branco:66)
	at com.kms.katalon.core.main.ScriptEngine.run(ScriptEngine.java:194)
	at com.kms.katalon.core.main.ScriptEngine.runScriptAsRawText(ScriptEngine.java:119)
	at com.kms.katalon.core.main.TestCaseExecutor.runScript(TestCaseExecutor.java:448)
	at com.kms.katalon.core.main.TestCaseExecutor.doExecute(TestCaseExecutor.java:439)
	at com.kms.katalon.core.main.TestCaseExecutor.processExecutionPhase(TestCaseExecutor.java:418)
	at com.kms.katalon.core.main.TestCaseExecutor.accessMainPhase(TestCaseExecutor.java:410)
	at com.kms.katalon.core.main.TestCaseExecutor.execute(TestCaseExecutor.java:285)
	at com.kms.katalon.core.common.CommonExecutor.accessTestCaseMainPhase(CommonExecutor.java:65)
	at com.kms.katalon.core.main.TestSuiteExecutor.accessTestSuiteMainPhase(TestSuiteExecutor.java:148)
	at com.kms.katalon.core.main.TestSuiteExecutor.execute(TestSuiteExecutor.java:106)
	at com.kms.katalon.core.main.TestCaseMain.startTestSuite(TestCaseMain.java:187)
	at com.kms.katalon.core.main.TestCaseMain$startTestSuite$0.call(Unknown Source)
	at TempTestSuite1701269945786.run(TempTestSuite1701269945786.groovy:36)
)
	at com.kms.katalon.core.keyword.internal.KeywordMain.stepFailed(KeywordMain.groovy:39)
	at com.kms.katalon.core.webui.keyword.internal.WebUIKeywordMain.stepFailed(WebUIKeywordMain.groovy:64)
	at com.kms.katalon.core.webui.keyword.builtin.VerifyTextPresentKeyword$_verifyTextPresent_closure1.doCall(VerifyTextPresentKeyword.groovy:79)
	at com.kms.katalon.core.webui.keyword.builtin.VerifyTextPresentKeyword$_verifyTextPresent_closure1.call(VerifyTextPresentKeyword.groovy)
	at com.kms.katalon.core.webui.keyword.internal.WebUIKeywordMain.runKeyword(WebUIKeywordMain.groovy:20)
	at com.kms.katalon.core.webui.keyword.builtin.VerifyTextPresentKeyword.verifyTextPresent(VerifyTextPresentKeyword.groovy:83)
	at com.kms.katalon.core.webui.keyword.builtin.VerifyTextPresentKeyword.execute(VerifyTextPresentKeyword.groovy:68)
	at com.kms.katalon.core.keyword.internal.KeywordExecutor.executeKeywordForPlatform(KeywordExecutor.groovy:74)
	at com.kms.katalon.core.webui.keyword.WebUiBuiltInKeywords.verifyTextPresent(WebUiBuiltInKeywords.groovy:1707)
	at com.kms.katalon.core.webui.keyword.WebUiBuiltInKeywords$verifyTextPresent$6.call(Unknown Source)
	at CDT08 - RF04 - cadastrar restaurante com campos em branco.run(CDT08 - RF04 - cadastrar restaurante com campos em branco:66)
	at com.kms.katalon.core.main.ScriptEngine.run(ScriptEngine.java:194)
	at com.kms.katalon.core.main.ScriptEngine.runScriptAsRawText(ScriptEngine.java:119)
	at com.kms.katalon.core.main.TestCaseExecutor.runScript(TestCaseExecutor.java:448)
	at com.kms.katalon.core.main.TestCaseExecutor.doExecute(TestCaseExecutor.java:439)
	at com.kms.katalon.core.main.TestCaseExecutor.processExecutionPhase(TestCaseExecutor.java:418)
	at com.kms.katalon.core.main.TestCaseExecutor.accessMainPhase(TestCaseExecutor.java:410)
	at com.kms.katalon.core.main.TestCaseExecutor.execute(TestCaseExecutor.java:285)
	at com.kms.katalon.core.common.CommonExecutor.accessTestCaseMainPhase(CommonExecutor.java:65)
	at com.kms.katalon.core.main.TestSuiteExecutor.accessTestSuiteMainPhase(TestSuiteExecutor.java:148)
	at com.kms.katalon.core.main.TestSuiteExecutor.execute(TestSuiteExecutor.java:106)
	at com.kms.katalon.core.main.TestCaseMain.startTestSuite(TestCaseMain.java:187)
	at com.kms.katalon.core.main.TestCaseMain$startTestSuite$0.call(Unknown Source)
	at TempTestSuite1701269945786.run(TempTestSuite1701269945786.groovy:36)
Caused by: com.kms.katalon.core.exception.StepFailedException: Text '(erro|vazio|branco|obrigatorio)' is not present on page  using regular expression
	... 23 more
"/>
         <system-out><![CDATA[2023-11-29 12:02:00 - [TEST_CASE][FAILED] - Test Cases/CDT08 - RF04 - cadastrar restaurante com campos em branco: Test Cases/CDT08 - RF04 - cadastrar restaurante com campos em branco FAILED.
Reason:
com.kms.katalon.core.exception.StepFailedException: Text '(erro|vazio|branco|obrigatorio)' is not present on page  using regular expression (Root cause: com.kms.katalon.core.exception.StepFailedException: Text '(erro|vazio|branco|obrigatorio)' is not present on page  using regular expression
	at com.kms.katalon.core.webui.keyword.internal.WebUIKeywordMain.stepFailed(WebUIKeywordMain.groovy:64)
	at com.kms.katalon.core.webui.keyword.builtin.VerifyTextPresentKeyword$_verifyTextPresent_closure1.doCall(VerifyTextPresentKeyword.groovy:79)
	at com.kms.katalon.core.webui.keyword.builtin.VerifyTextPresentKeyword$_verifyTextPresent_closure1.call(VerifyTextPresentKeyword.groovy)
	at com.kms.katalon.core.webui.keyword.internal.WebUIKeywordMain.runKeyword(WebUIKeywordMain.groovy:20)
	at com.kms.katalon.core.webui.keyword.builtin.VerifyTextPresentKeyword.verifyTextPresent(VerifyTextPresentKeyword.groovy:83)
	at com.kms.katalon.core.webui.keyword.builtin.VerifyTextPresentKeyword.execute(VerifyTextPresentKeyword.groovy:68)
	at com.kms.katalon.core.keyword.internal.KeywordExecutor.executeKeywordForPlatform(KeywordExecutor.groovy:74)
	at com.kms.katalon.core.webui.keyword.WebUiBuiltInKeywords.verifyTextPresent(WebUiBuiltInKeywords.groovy:1707)
	at com.kms.katalon.core.webui.keyword.WebUiBuiltInKeywords$verifyTextPresent$6.call(Unknown Source)
	at CDT08 - RF04 - cadastrar restaurante com campos em branco.run(CDT08 - RF04 - cadastrar restaurante com campos em branco:66)
	at com.kms.katalon.core.main.ScriptEngine.run(ScriptEngine.java:194)
	at com.kms.katalon.core.main.ScriptEngine.runScriptAsRawText(ScriptEngine.java:119)
	at com.kms.katalon.core.main.TestCaseExecutor.runScript(TestCaseExecutor.java:448)
	at com.kms.katalon.core.main.TestCaseExecutor.doExecute(TestCaseExecutor.java:439)
	at com.kms.katalon.core.main.TestCaseExecutor.processExecutionPhase(TestCaseExecutor.java:418)
	at com.kms.katalon.core.main.TestCaseExecutor.accessMainPhase(TestCaseExecutor.java:410)
	at com.kms.katalon.core.main.TestCaseExecutor.execute(TestCaseExecutor.java:285)
	at com.kms.katalon.core.common.CommonExecutor.accessTestCaseMainPhase(CommonExecutor.java:65)
	at com.kms.katalon.core.main.TestSuiteExecutor.accessTestSuiteMainPhase(TestSuiteExecutor.java:148)
	at com.kms.katalon.core.main.TestSuiteExecutor.execute(TestSuiteExecutor.java:106)
	at com.kms.katalon.core.main.TestCaseMain.startTestSuite(TestCaseMain.java:187)
	at com.kms.katalon.core.main.TestCaseMain$startTestSuite$0.call(Unknown Source)
	at TempTestSuite1701269945786.run(TempTestSuite1701269945786.groovy:36)
)
	at com.kms.katalon.core.keyword.internal.KeywordMain.stepFailed(KeywordMain.groovy:39)
	at com.kms.katalon.core.webui.keyword.internal.WebUIKeywordMain.stepFailed(WebUIKeywordMain.groovy:64)
	at com.kms.katalon.core.webui.keyword.builtin.VerifyTextPresentKeyword$_verifyTextPresent_closure1.doCall(VerifyTextPresentKeyword.groovy:79)
	at com.kms.katalon.core.webui.keyword.builtin.VerifyTextPresentKeyword$_verifyTextPresent_closure1.call(VerifyTextPresentKeyword.groovy)
	at com.kms.katalon.core.webui.keyword.internal.WebUIKeywordMain.runKeyword(WebUIKeywordMain.groovy:20)
	at com.kms.katalon.core.webui.keyword.builtin.VerifyTextPresentKeyword.verifyTextPresent(VerifyTextPresentKeyword.groovy:83)
	at com.kms.katalon.core.webui.keyword.builtin.VerifyTextPresentKeyword.execute(VerifyTextPresentKeyword.groovy:68)
	at com.kms.katalon.core.keyword.internal.KeywordExecutor.executeKeywordForPlatform(KeywordExecutor.groovy:74)
	at com.kms.katalon.core.webui.keyword.WebUiBuiltInKeywords.verifyTextPresent(WebUiBuiltInKeywords.groovy:1707)
	at com.kms.katalon.core.webui.keyword.WebUiBuiltInKeywords$verifyTextPresent$6.call(Unknown Source)
	at CDT08 - RF04 - cadastrar restaurante com campos em branco.run(CDT08 - RF04 - cadastrar restaurante com campos em branco:66)
	at com.kms.katalon.core.main.ScriptEngine.run(ScriptEngine.java:194)
	at com.kms.katalon.core.main.ScriptEngine.runScriptAsRawText(ScriptEngine.java:119)
	at com.kms.katalon.core.main.TestCaseExecutor.runScript(TestCaseExecutor.java:448)
	at com.kms.katalon.core.main.TestCaseExecutor.doExecute(TestCaseExecutor.java:439)
	at com.kms.katalon.core.main.TestCaseExecutor.processExecutionPhase(TestCaseExecutor.java:418)
	at com.kms.katalon.core.main.TestCaseExecutor.accessMainPhase(TestCaseExecutor.java:410)
	at com.kms.katalon.core.main.TestCaseExecutor.execute(TestCaseExecutor.java:285)
	at com.kms.katalon.core.common.CommonExecutor.accessTestCaseMainPhase(CommonExecutor.java:65)
	at com.kms.katalon.core.main.TestSuiteExecutor.accessTestSuiteMainPhase(TestSuiteExecutor.java:148)
	at com.kms.katalon.core.main.TestSuiteExecutor.execute(TestSuiteExecutor.java:106)
	at com.kms.katalon.core.main.TestCaseMain.startTestSuite(TestCaseMain.java:187)
	at com.kms.katalon.core.main.TestCaseMain$startTestSuite$0.call(Unknown Source)
	at TempTestSuite1701269945786.run(TempTestSuite1701269945786.groovy:36)
Caused by: com.kms.katalon.core.exception.StepFailedException: Text '(erro|vazio|branco|obrigatorio)' is not present on page  using regular expression
	... 23 more


2023-11-29 12:02:01 - [TEST_STEP][PASSED] - openBrowser("", CONTINUE_ON_FAILURE): Browser is opened with url: ''

2023-11-29 12:02:01 - [MESSAGE][INFO] - Starting 'Chrome' driver

2023-11-29 12:02:01 - [MESSAGE][INFO] - Action delay is set to 0 milliseconds

2023-11-29 12:02:03 - [MESSAGE][PASSED] - Browser is opened with url: ''

2023-11-29 12:02:03 - [TEST_STEP][PASSED] - navigateToUrl("http://localhost/pizzaWeb2.0/site/index.php", CONTINUE_ON_FAILURE): Navigate to 'http://localhost/pizzaWeb2.0/site/index.php' successfully

2023-11-29 12:02:06 - [MESSAGE][PASSED] - Navigate to 'http://localhost/pizzaWeb2.0/site/index.php' successfully

2023-11-29 12:02:06 - [TEST_STEP][PASSED] - click(findTestObject("Object Repository/CDT08 - CDT09/Page_PizzaWeb/a_Entrar"), CONTINUE_ON_FAILURE): Object: 'Object Repository/CDT08 - CDT09/Page_PizzaWeb/a_Entrar' is clicked on

2023-11-29 12:02:08 - [MESSAGE][PASSED] - Object: 'Object Repository/CDT08 - CDT09/Page_PizzaWeb/a_Entrar' is clicked on

2023-11-29 12:02:08 - [TEST_STEP][PASSED] - callTestCase(findTestCase("CDT02 - login simple"), ["usuario":"admin", "senha":"admin"], CONTINUE_ON_FAILURE): Call Test Case 'Test Cases/CDT02 - login simple' successfully

2023-11-29 12:02:08 - [TEST_CASE][PASSED] - Test Cases/CDT02 - login simple: Test Cases/CDT02 - login simple

2023-11-29 12:02:08 - [TEST_STEP][PASSED] - setText(findTestObject("Object Repository/CDT01 - CDT02/Page_Login/input_Entrar_login"), usuario, CONTINUE_ON_FAILURE): Text 'admin' is set on object 'Object Repository/CDT01 - CDT02/Page_Login/input_Entrar_login'

2023-11-29 12:02:09 - [MESSAGE][PASSED] - Text 'admin' is set on object 'Object Repository/CDT01 - CDT02/Page_Login/input_Entrar_login'

2023-11-29 12:02:09 - [TEST_STEP][PASSED] - setText(findTestObject("Object Repository/CDT01 - CDT02/Page_Login/input_Entrar_senha"), senha, CONTINUE_ON_FAILURE): Text 'admin' is set on object 'Object Repository/CDT01 - CDT02/Page_Login/input_Entrar_senha'

2023-11-29 12:02:10 - [MESSAGE][PASSED] - Text 'admin' is set on object 'Object Repository/CDT01 - CDT02/Page_Login/input_Entrar_senha'

2023-11-29 12:02:10 - [TEST_STEP][PASSED] - click(findTestObject("Object Repository/CDT01 - CDT02/Page_Login/button_Login"), CONTINUE_ON_FAILURE): Object: 'Object Repository/CDT01 - CDT02/Page_Login/button_Login' is clicked on

2023-11-29 12:02:11 - [MESSAGE][PASSED] - Object: 'Object Repository/CDT01 - CDT02/Page_Login/button_Login' is clicked on

2023-11-29 12:02:11 - [MESSAGE][PASSED] - Call Test Case 'Test Cases/CDT02 - login simple' successfully

2023-11-29 12:02:11 - [TEST_STEP][PASSED] - click(findTestObject("Object Repository/CDT08 - CDT09/Page_PizzaWeb/a_Gerenciar"), CONTINUE_ON_FAILURE): Object: 'Object Repository/CDT08 - CDT09/Page_PizzaWeb/a_Gerenciar' is clicked on

2023-11-29 12:02:12 - [MESSAGE][PASSED] - Object: 'Object Repository/CDT08 - CDT09/Page_PizzaWeb/a_Gerenciar' is clicked on

2023-11-29 12:02:12 - [TEST_STEP][PASSED] - click(findTestObject("Object Repository/CDT08 - CDT09/Page_/a_Cadastro de Restaurantes"), CONTINUE_ON_FAILURE): Object: 'Object Repository/CDT08 - CDT09/Page_/a_Cadastro de Restaurantes' is clicked on

2023-11-29 12:02:12 - [MESSAGE][PASSED] - Object: 'Object Repository/CDT08 - CDT09/Page_/a_Cadastro de Restaurantes' is clicked on

2023-11-29 12:02:12 - [TEST_STEP][PASSED] - setText(findTestObject("Object Repository/CDT08 - CDT09/Page_/input_RuaAv_ruaCadastro"), "rua", CONTINUE_ON_FAILURE): Text 'rua' is set on object 'Object Repository/CDT08 - CDT09/Page_/input_RuaAv_ruaCadastro'

2023-11-29 12:02:13 - [MESSAGE][PASSED] - Text 'rua' is set on object 'Object Repository/CDT08 - CDT09/Page_/input_RuaAv_ruaCadastro'

2023-11-29 12:02:13 - [TEST_STEP][PASSED] - setText(findTestObject("Object Repository/CDT08 - CDT09/Page_/input_Nmero_numeroCadastro"), "200", CONTINUE_ON_FAILURE): Text '200' is set on object 'Object Repository/CDT08 - CDT09/Page_/input_Nmero_numeroCadastro'

2023-11-29 12:02:14 - [MESSAGE][PASSED] - Text '200' is set on object 'Object Repository/CDT08 - CDT09/Page_/input_Nmero_numeroCadastro'

2023-11-29 12:02:14 - [TEST_STEP][PASSED] - setText(findTestObject("Object Repository/CDT08 - CDT09/Page_/input_Complemento_complementoCadastro"), "complemento", CONTINUE_ON_FAILURE): Text 'complemento' is set on object 'Object Repository/CDT08 - CDT09/Page_/input_Complemento_complementoCadastro'

2023-11-29 12:02:15 - [MESSAGE][PASSED] - Text 'complemento' is set on object 'Object Repository/CDT08 - CDT09/Page_/input_Complemento_complementoCadastro'

2023-11-29 12:02:15 - [TEST_STEP][PASSED] - setText(findTestObject("Object Repository/CDT08 - CDT09/Page_/input_Bairro_bairroCadastro"), "bairro", CONTINUE_ON_FAILURE): Text 'bairro' is set on object 'Object Repository/CDT08 - CDT09/Page_/input_Bairro_bairroCadastro'

2023-11-29 12:02:16 - [MESSAGE][PASSED] - Text 'bairro' is set on object 'Object Repository/CDT08 - CDT09/Page_/input_Bairro_bairroCadastro'

2023-11-29 12:02:16 - [TEST_STEP][PASSED] - setText(findTestObject("Object Repository/CDT08 - CDT09/Page_/input_Cidade_cidadeCadastro"), "Rio de Janeiro", CONTINUE_ON_FAILURE): Text 'Rio de Janeiro' is set on object 'Object Repository/CDT08 - CDT09/Page_/input_Cidade_cidadeCadastro'

2023-11-29 12:02:17 - [MESSAGE][PASSED] - Text 'Rio de Janeiro' is set on object 'Object Repository/CDT08 - CDT09/Page_/input_Cidade_cidadeCadastro'

2023-11-29 12:02:17 - [TEST_STEP][PASSED] - selectOptionByValue(findTestObject("Object Repository/CDT08 - CDT09/Page_/select_ALAPAMBACEDFESGOMAMTMSMGPAPBPRPEPIRR_4d941d"), "AL", true, CONTINUE_ON_FAILURE): All options with value 'AL' are selected in object 'Object Repository/CDT08 - CDT09/Page_/select_ALAPAMBACEDFESGOMAMTMSMGPAPBPRPEPIRR_4d941d'  using regular expression

2023-11-29 12:02:19 - [MESSAGE][PASSED] - All options with value 'AL' are selected in object 'Object Repository/CDT08 - CDT09/Page_/select_ALAPAMBACEDFESGOMAMTMSMGPAPBPRPEPIRR_4d941d'  using regular expression

2023-11-29 12:02:19 - [TEST_STEP][PASSED] - selectOptionByValue(findTestObject("Object Repository/CDT08 - CDT09/Page_/select_ALAPAMBACEDFESGOMAMTMSMGPAPBPRPEPIRR_4d941d"), "RJ", true, CONTINUE_ON_FAILURE): All options with value 'RJ' are selected in object 'Object Repository/CDT08 - CDT09/Page_/select_ALAPAMBACEDFESGOMAMTMSMGPAPBPRPEPIRR_4d941d'  using regular expression

2023-11-29 12:02:21 - [MESSAGE][PASSED] - All options with value 'RJ' are selected in object 'Object Repository/CDT08 - CDT09/Page_/select_ALAPAMBACEDFESGOMAMTMSMGPAPBPRPEPIRR_4d941d'  using regular expression

2023-11-29 12:02:21 - [TEST_STEP][PASSED] - setText(findTestObject("Object Repository/CDT08 - CDT09/Page_/input_Telefone_dddTelCadastro"), "22", CONTINUE_ON_FAILURE): Text '22' is set on object 'Object Repository/CDT08 - CDT09/Page_/input_Telefone_dddTelCadastro'

2023-11-29 12:02:22 - [MESSAGE][PASSED] - Text '22' is set on object 'Object Repository/CDT08 - CDT09/Page_/input_Telefone_dddTelCadastro'

2023-11-29 12:02:22 - [TEST_STEP][PASSED] - setText(findTestObject("Object Repository/CDT08 - CDT09/Page_/input_Telefone_telCadastro"), "11111111", CONTINUE_ON_FAILURE): Text '11111111' is set on object 'Object Repository/CDT08 - CDT09/Page_/input_Telefone_telCadastro'

2023-11-29 12:02:22 - [MESSAGE][PASSED] - Text '11111111' is set on object 'Object Repository/CDT08 - CDT09/Page_/input_Telefone_telCadastro'

2023-11-29 12:02:22 - [TEST_STEP][PASSED] - setText(findTestObject("Object Repository/CDT08 - CDT09/Page_/input_Horrio de Funcionamento_horaInicio"), "18:00:00", CONTINUE_ON_FAILURE): Text '18:00:00' is set on object 'Object Repository/CDT08 - CDT09/Page_/input_Horrio de Funcionamento_horaInicio'

2023-11-29 12:02:23 - [MESSAGE][PASSED] - Text '18:00:00' is set on object 'Object Repository/CDT08 - CDT09/Page_/input_Horrio de Funcionamento_horaInicio'

2023-11-29 12:02:23 - [TEST_STEP][PASSED] - setText(findTestObject("Object Repository/CDT08 - CDT09/Page_/input_Horrio de Funcionamento_horaFim"), "23:59:00", CONTINUE_ON_FAILURE): Text '23:59:00' is set on object 'Object Repository/CDT08 - CDT09/Page_/input_Horrio de Funcionamento_horaFim'

2023-11-29 12:02:24 - [MESSAGE][PASSED] - Text '23:59:00' is set on object 'Object Repository/CDT08 - CDT09/Page_/input_Horrio de Funcionamento_horaFim'

2023-11-29 12:02:24 - [TEST_STEP][PASSED] - selectOptionByValue(findTestObject("Object Repository/CDT08 - CDT09/Page_/select_SegundaTeraQuartaQuintaSextaSbadoDomingo"), "1", true, CONTINUE_ON_FAILURE): All options with value '1' are selected in object 'Object Repository/CDT08 - CDT09/Page_/select_SegundaTeraQuartaQuintaSextaSbadoDomingo'  using regular expression

2023-11-29 12:02:25 - [MESSAGE][PASSED] - All options with value '1' are selected in object 'Object Repository/CDT08 - CDT09/Page_/select_SegundaTeraQuartaQuintaSextaSbadoDomingo'  using regular expression

2023-11-29 12:02:25 - [TEST_STEP][PASSED] - selectOptionByValue(findTestObject("Object Repository/CDT08 - CDT09/Page_/select_SegundaTeraQuartaQuintaSextaSbadoDomingo"), "6", true, CONTINUE_ON_FAILURE): All options with value '6' are selected in object 'Object Repository/CDT08 - CDT09/Page_/select_SegundaTeraQuartaQuintaSextaSbadoDomingo'  using regular expression

2023-11-29 12:02:27 - [MESSAGE][PASSED] - All options with value '6' are selected in object 'Object Repository/CDT08 - CDT09/Page_/select_SegundaTeraQuartaQuintaSextaSbadoDomingo'  using regular expression

2023-11-29 12:02:27 - [TEST_STEP][PASSED] - click(findTestObject("Object Repository/CDT08 - CDT09/Page_/input_submit"), CONTINUE_ON_FAILURE): Object: 'Object Repository/CDT08 - CDT09/Page_/input_submit' is clicked on

2023-11-29 12:02:28 - [MESSAGE][PASSED] - Object: 'Object Repository/CDT08 - CDT09/Page_/input_submit' is clicked on

2023-11-29 12:02:28 - [TEST_STEP][FAILED] - verifyTextPresent("(erro|vazio|branco|obrigatorio)", true, CONTINUE_ON_FAILURE): Text '(erro|vazio|branco|obrigatorio)' is not present on page  using regular expression (Root cause: com.kms.katalon.core.exception.StepFailedException: Text '(erro|vazio|branco|obrigatorio)' is not present on page  using regular expression
	at com.kms.katalon.core.webui.keyword.internal.WebUIKeywordMain.stepFailed(WebUIKeywordMain.groovy:64)
	at com.kms.katalon.core.webui.keyword.builtin.VerifyTextPresentKeyword$_verifyTextPresent_closure1.doCall(VerifyTextPresentKeyword.groovy:79)
	at com.kms.katalon.core.webui.keyword.builtin.VerifyTextPresentKeyword$_verifyTextPresent_closure1.call(VerifyTextPresentKeyword.groovy)
	at com.kms.katalon.core.webui.keyword.internal.WebUIKeywordMain.runKeyword(WebUIKeywordMain.groovy:20)
	at com.kms.katalon.core.webui.keyword.builtin.VerifyTextPresentKeyword.verifyTextPresent(VerifyTextPresentKeyword.groovy:83)
	at com.kms.katalon.core.webui.keyword.builtin.VerifyTextPresentKeyword.execute(VerifyTextPresentKeyword.groovy:68)
	at com.kms.katalon.core.keyword.internal.KeywordExecutor.executeKeywordForPlatform(KeywordExecutor.groovy:74)
	at com.kms.katalon.core.webui.keyword.WebUiBuiltInKeywords.verifyTextPresent(WebUiBuiltInKeywords.groovy:1707)
	at com.kms.katalon.core.webui.keyword.WebUiBuiltInKeywords$verifyTextPresent$6.call(Unknown Source)
	at CDT08 - RF04 - cadastrar restaurante com campos em branco.run(CDT08 - RF04 - cadastrar restaurante com campos em branco:66)
	at com.kms.katalon.core.main.ScriptEngine.run(ScriptEngine.java:194)
	at com.kms.katalon.core.main.ScriptEngine.runScriptAsRawText(ScriptEngine.java:119)
	at com.kms.katalon.core.main.TestCaseExecutor.runScript(TestCaseExecutor.java:448)
	at com.kms.katalon.core.main.TestCaseExecutor.doExecute(TestCaseExecutor.java:439)
	at com.kms.katalon.core.main.TestCaseExecutor.processExecutionPhase(TestCaseExecutor.java:418)
	at com.kms.katalon.core.main.TestCaseExecutor.accessMainPhase(TestCaseExecutor.java:410)
	at com.kms.katalon.core.main.TestCaseExecutor.execute(TestCaseExecutor.java:285)
	at com.kms.katalon.core.common.CommonExecutor.accessTestCaseMainPhase(CommonExecutor.java:65)
	at com.kms.katalon.core.main.TestSuiteExecutor.accessTestSuiteMainPhase(TestSuiteExecutor.java:148)
	at com.kms.katalon.core.main.TestSuiteExecutor.execute(TestSuiteExecutor.java:106)
	at com.kms.katalon.core.main.TestCaseMain.startTestSuite(TestCaseMain.java:187)
	at com.kms.katalon.core.main.TestCaseMain$startTestSuite$0.call(Unknown Source)
	at TempTestSuite1701269945786.run(TempTestSuite1701269945786.groovy:36)
)

2023-11-29 12:02:28 - [MESSAGE][FAILED] - Text '(erro|vazio|branco|obrigatorio)' is not present on page  using regular expression (Root cause: com.kms.katalon.core.exception.StepFailedException: Text '(erro|vazio|branco|obrigatorio)' is not present on page  using regular expression
	at com.kms.katalon.core.webui.keyword.internal.WebUIKeywordMain.stepFailed(WebUIKeywordMain.groovy:64)
	at com.kms.katalon.core.webui.keyword.builtin.VerifyTextPresentKeyword$_verifyTextPresent_closure1.doCall(VerifyTextPresentKeyword.groovy:79)
	at com.kms.katalon.core.webui.keyword.builtin.VerifyTextPresentKeyword$_verifyTextPresent_closure1.call(VerifyTextPresentKeyword.groovy)
	at com.kms.katalon.core.webui.keyword.internal.WebUIKeywordMain.runKeyword(WebUIKeywordMain.groovy:20)
	at com.kms.katalon.core.webui.keyword.builtin.VerifyTextPresentKeyword.verifyTextPresent(VerifyTextPresentKeyword.groovy:83)
	at com.kms.katalon.core.webui.keyword.builtin.VerifyTextPresentKeyword.execute(VerifyTextPresentKeyword.groovy:68)
	at com.kms.katalon.core.keyword.internal.KeywordExecutor.executeKeywordForPlatform(KeywordExecutor.groovy:74)
	at com.kms.katalon.core.webui.keyword.WebUiBuiltInKeywords.verifyTextPresent(WebUiBuiltInKeywords.groovy:1707)
	at com.kms.katalon.core.webui.keyword.WebUiBuiltInKeywords$verifyTextPresent$6.call(Unknown Source)
	at CDT08 - RF04 - cadastrar restaurante com campos em branco.run(CDT08 - RF04 - cadastrar restaurante com campos em branco:66)
	at com.kms.katalon.core.main.ScriptEngine.run(ScriptEngine.java:194)
	at com.kms.katalon.core.main.ScriptEngine.runScriptAsRawText(ScriptEngine.java:119)
	at com.kms.katalon.core.main.TestCaseExecutor.runScript(TestCaseExecutor.java:448)
	at com.kms.katalon.core.main.TestCaseExecutor.doExecute(TestCaseExecutor.java:439)
	at com.kms.katalon.core.main.TestCaseExecutor.processExecutionPhase(TestCaseExecutor.java:418)
	at com.kms.katalon.core.main.TestCaseExecutor.accessMainPhase(TestCaseExecutor.java:410)
	at com.kms.katalon.core.main.TestCaseExecutor.execute(TestCaseExecutor.java:285)
	at com.kms.katalon.core.common.CommonExecutor.accessTestCaseMainPhase(CommonExecutor.java:65)
	at com.kms.katalon.core.main.TestSuiteExecutor.accessTestSuiteMainPhase(TestSuiteExecutor.java:148)
	at com.kms.katalon.core.main.TestSuiteExecutor.execute(TestSuiteExecutor.java:106)
	at com.kms.katalon.core.main.TestCaseMain.startTestSuite(TestCaseMain.java:187)
	at com.kms.katalon.core.main.TestCaseMain$startTestSuite$0.call(Unknown Source)
	at TempTestSuite1701269945786.run(TempTestSuite1701269945786.groovy:36)
)

2023-11-29 12:02:28 - [TEST_STEP][PASSED] - closeBrowser(CONTINUE_ON_FAILURE): Browser is closed

2023-11-29 12:02:29 - [MESSAGE][PASSED] - Browser is closed]]></system-out>
         <system-err><![CDATA[2023-11-29 12:02:00 - [TEST_CASE][FAILED] - Test Cases/CDT08 - RF04 - cadastrar restaurante com campos em branco: Test Cases/CDT08 - RF04 - cadastrar restaurante com campos em branco FAILED.
Reason:
com.kms.katalon.core.exception.StepFailedException: Text '(erro|vazio|branco|obrigatorio)' is not present on page  using regular expression (Root cause: com.kms.katalon.core.exception.StepFailedException: Text '(erro|vazio|branco|obrigatorio)' is not present on page  using regular expression
	at com.kms.katalon.core.webui.keyword.internal.WebUIKeywordMain.stepFailed(WebUIKeywordMain.groovy:64)
	at com.kms.katalon.core.webui.keyword.builtin.VerifyTextPresentKeyword$_verifyTextPresent_closure1.doCall(VerifyTextPresentKeyword.groovy:79)
	at com.kms.katalon.core.webui.keyword.builtin.VerifyTextPresentKeyword$_verifyTextPresent_closure1.call(VerifyTextPresentKeyword.groovy)
	at com.kms.katalon.core.webui.keyword.internal.WebUIKeywordMain.runKeyword(WebUIKeywordMain.groovy:20)
	at com.kms.katalon.core.webui.keyword.builtin.VerifyTextPresentKeyword.verifyTextPresent(VerifyTextPresentKeyword.groovy:83)
	at com.kms.katalon.core.webui.keyword.builtin.VerifyTextPresentKeyword.execute(VerifyTextPresentKeyword.groovy:68)
	at com.kms.katalon.core.keyword.internal.KeywordExecutor.executeKeywordForPlatform(KeywordExecutor.groovy:74)
	at com.kms.katalon.core.webui.keyword.WebUiBuiltInKeywords.verifyTextPresent(WebUiBuiltInKeywords.groovy:1707)
	at com.kms.katalon.core.webui.keyword.WebUiBuiltInKeywords$verifyTextPresent$6.call(Unknown Source)
	at CDT08 - RF04 - cadastrar restaurante com campos em branco.run(CDT08 - RF04 - cadastrar restaurante com campos em branco:66)
	at com.kms.katalon.core.main.ScriptEngine.run(ScriptEngine.java:194)
	at com.kms.katalon.core.main.ScriptEngine.runScriptAsRawText(ScriptEngine.java:119)
	at com.kms.katalon.core.main.TestCaseExecutor.runScript(TestCaseExecutor.java:448)
	at com.kms.katalon.core.main.TestCaseExecutor.doExecute(TestCaseExecutor.java:439)
	at com.kms.katalon.core.main.TestCaseExecutor.processExecutionPhase(TestCaseExecutor.java:418)
	at com.kms.katalon.core.main.TestCaseExecutor.accessMainPhase(TestCaseExecutor.java:410)
	at com.kms.katalon.core.main.TestCaseExecutor.execute(TestCaseExecutor.java:285)
	at com.kms.katalon.core.common.CommonExecutor.accessTestCaseMainPhase(CommonExecutor.java:65)
	at com.kms.katalon.core.main.TestSuiteExecutor.accessTestSuiteMainPhase(TestSuiteExecutor.java:148)
	at com.kms.katalon.core.main.TestSuiteExecutor.execute(TestSuiteExecutor.java:106)
	at com.kms.katalon.core.main.TestCaseMain.startTestSuite(TestCaseMain.java:187)
	at com.kms.katalon.core.main.TestCaseMain$startTestSuite$0.call(Unknown Source)
	at TempTestSuite1701269945786.run(TempTestSuite1701269945786.groovy:36)
)
	at com.kms.katalon.core.keyword.internal.KeywordMain.stepFailed(KeywordMain.groovy:39)
	at com.kms.katalon.core.webui.keyword.internal.WebUIKeywordMain.stepFailed(WebUIKeywordMain.groovy:64)
	at com.kms.katalon.core.webui.keyword.builtin.VerifyTextPresentKeyword$_verifyTextPresent_closure1.doCall(VerifyTextPresentKeyword.groovy:79)
	at com.kms.katalon.core.webui.keyword.builtin.VerifyTextPresentKeyword$_verifyTextPresent_closure1.call(VerifyTextPresentKeyword.groovy)
	at com.kms.katalon.core.webui.keyword.internal.WebUIKeywordMain.runKeyword(WebUIKeywordMain.groovy:20)
	at com.kms.katalon.core.webui.keyword.builtin.VerifyTextPresentKeyword.verifyTextPresent(VerifyTextPresentKeyword.groovy:83)
	at com.kms.katalon.core.webui.keyword.builtin.VerifyTextPresentKeyword.execute(VerifyTextPresentKeyword.groovy:68)
	at com.kms.katalon.core.keyword.internal.KeywordExecutor.executeKeywordForPlatform(KeywordExecutor.groovy:74)
	at com.kms.katalon.core.webui.keyword.WebUiBuiltInKeywords.verifyTextPresent(WebUiBuiltInKeywords.groovy:1707)
	at com.kms.katalon.core.webui.keyword.WebUiBuiltInKeywords$verifyTextPresent$6.call(Unknown Source)
	at CDT08 - RF04 - cadastrar restaurante com campos em branco.run(CDT08 - RF04 - cadastrar restaurante com campos em branco:66)
	at com.kms.katalon.core.main.ScriptEngine.run(ScriptEngine.java:194)
	at com.kms.katalon.core.main.ScriptEngine.runScriptAsRawText(ScriptEngine.java:119)
	at com.kms.katalon.core.main.TestCaseExecutor.runScript(TestCaseExecutor.java:448)
	at com.kms.katalon.core.main.TestCaseExecutor.doExecute(TestCaseExecutor.java:439)
	at com.kms.katalon.core.main.TestCaseExecutor.processExecutionPhase(TestCaseExecutor.java:418)
	at com.kms.katalon.core.main.TestCaseExecutor.accessMainPhase(TestCaseExecutor.java:410)
	at com.kms.katalon.core.main.TestCaseExecutor.execute(TestCaseExecutor.java:285)
	at com.kms.katalon.core.common.CommonExecutor.accessTestCaseMainPhase(CommonExecutor.java:65)
	at com.kms.katalon.core.main.TestSuiteExecutor.accessTestSuiteMainPhase(TestSuiteExecutor.java:148)
	at com.kms.katalon.core.main.TestSuiteExecutor.execute(TestSuiteExecutor.java:106)
	at com.kms.katalon.core.main.TestCaseMain.startTestSuite(TestCaseMain.java:187)
	at com.kms.katalon.core.main.TestCaseMain$startTestSuite$0.call(Unknown Source)
	at TempTestSuite1701269945786.run(TempTestSuite1701269945786.groovy:36)
Caused by: com.kms.katalon.core.exception.StepFailedException: Text '(erro|vazio|branco|obrigatorio)' is not present on page  using regular expression
	... 23 more]]></system-err>
      </testcase>
      <testcase name="Test Cases/CDT09 - RF04 - cadastrar restaurante com sucesso" time="64.38" classname="Test Cases/CDT09 - RF04 - cadastrar restaurante com sucesso" status="FAILED">
         <failure type="FAILED" message="Test Cases/CDT09 - RF04 - cadastrar restaurante com sucesso FAILED.
Reason:
com.kms.katalon.core.exception.StepFailedException: com.kms.katalon.core.webui.exception.WebElementNotFoundException: Web element with id: 'Object Repository/CDT08 - CDT09/Page_/td_novo' located by '//div[@id='principal']/table/tbody/tr[25]/td' not found (Root cause: com.kms.katalon.core.exception.StepFailedException: com.kms.katalon.core.webui.exception.WebElementNotFoundException: Web element with id: 'Object Repository/CDT08 - CDT09/Page_/td_novo' located by '//div[@id='principal']/table/tbody/tr[25]/td' not found
	at com.kms.katalon.core.webui.keyword.internal.WebUIKeywordMain.stepFailed(WebUIKeywordMain.groovy:64)
	at com.kms.katalon.core.webui.keyword.builtin.VerifyElementPresentKeyword$_verifyElementPresent_closure1.doCall(VerifyElementPresentKeyword.groovy:85)
	at com.kms.katalon.core.webui.keyword.builtin.VerifyElementPresentKeyword$_verifyElementPresent_closure1.call(VerifyElementPresentKeyword.groovy)
	at com.kms.katalon.core.webui.keyword.internal.WebUIKeywordMain.runKeyword(WebUIKeywordMain.groovy:20)
	at com.kms.katalon.core.webui.keyword.builtin.VerifyElementPresentKeyword.verifyElementPresent(VerifyElementPresentKeyword.groovy:92)
	at com.kms.katalon.core.webui.keyword.builtin.VerifyElementPresentKeyword.execute(VerifyElementPresentKeyword.groovy:68)
	at com.kms.katalon.core.keyword.internal.KeywordExecutor.executeKeywordForPlatform(KeywordExecutor.groovy:74)
	at com.kms.katalon.core.webui.keyword.WebUiBuiltInKeywords.verifyElementPresent(WebUiBuiltInKeywords.groovy:1448)
	at com.kms.katalon.core.webui.keyword.WebUiBuiltInKeywords$verifyElementPresent$8.call(Unknown Source)
	at CDT09 - RF04 - cadastrar restaurante com sucesso.run(CDT09 - RF04 - cadastrar restaurante com sucesso:77)
	at com.kms.katalon.core.main.ScriptEngine.run(ScriptEngine.java:194)
	at com.kms.katalon.core.main.ScriptEngine.runScriptAsRawText(ScriptEngine.java:119)
	at com.kms.katalon.core.main.TestCaseExecutor.runScript(TestCaseExecutor.java:448)
	at com.kms.katalon.core.main.TestCaseExecutor.doExecute(TestCaseExecutor.java:439)
	at com.kms.katalon.core.main.TestCaseExecutor.processExecutionPhase(TestCaseExecutor.java:418)
	at com.kms.katalon.core.main.TestCaseExecutor.accessMainPhase(TestCaseExecutor.java:410)
	at com.kms.katalon.core.main.TestCaseExecutor.execute(TestCaseExecutor.java:285)
	at com.kms.katalon.core.common.CommonExecutor.accessTestCaseMainPhase(CommonExecutor.java:65)
	at com.kms.katalon.core.main.TestSuiteExecutor.accessTestSuiteMainPhase(TestSuiteExecutor.java:148)
	at com.kms.katalon.core.main.TestSuiteExecutor.execute(TestSuiteExecutor.java:106)
	at com.kms.katalon.core.main.TestCaseMain.startTestSuite(TestCaseMain.java:187)
	at com.kms.katalon.core.main.TestCaseMain$startTestSuite$0.call(Unknown Source)
	at TempTestSuite1701269945786.run(TempTestSuite1701269945786.groovy:36)
)
	at com.kms.katalon.core.keyword.internal.KeywordMain.stepFailed(KeywordMain.groovy:39)
	at com.kms.katalon.core.webui.keyword.internal.WebUIKeywordMain.stepFailed(WebUIKeywordMain.groovy:64)
	at com.kms.katalon.core.webui.keyword.builtin.VerifyElementPresentKeyword$_verifyElementPresent_closure1.doCall(VerifyElementPresentKeyword.groovy:85)
	at com.kms.katalon.core.webui.keyword.builtin.VerifyElementPresentKeyword$_verifyElementPresent_closure1.call(VerifyElementPresentKeyword.groovy)
	at com.kms.katalon.core.webui.keyword.internal.WebUIKeywordMain.runKeyword(WebUIKeywordMain.groovy:20)
	at com.kms.katalon.core.webui.keyword.builtin.VerifyElementPresentKeyword.verifyElementPresent(VerifyElementPresentKeyword.groovy:92)
	at com.kms.katalon.core.webui.keyword.builtin.VerifyElementPresentKeyword.execute(VerifyElementPresentKeyword.groovy:68)
	at com.kms.katalon.core.keyword.internal.KeywordExecutor.executeKeywordForPlatform(KeywordExecutor.groovy:74)
	at com.kms.katalon.core.webui.keyword.WebUiBuiltInKeywords.verifyElementPresent(WebUiBuiltInKeywords.groovy:1448)
	at com.kms.katalon.core.webui.keyword.WebUiBuiltInKeywords$verifyElementPresent$8.call(Unknown Source)
	at CDT09 - RF04 - cadastrar restaurante com sucesso.run(CDT09 - RF04 - cadastrar restaurante com sucesso:77)
	at com.kms.katalon.core.main.ScriptEngine.run(ScriptEngine.java:194)
	at com.kms.katalon.core.main.ScriptEngine.runScriptAsRawText(ScriptEngine.java:119)
	at com.kms.katalon.core.main.TestCaseExecutor.runScript(TestCaseExecutor.java:448)
	at com.kms.katalon.core.main.TestCaseExecutor.doExecute(TestCaseExecutor.java:439)
	at com.kms.katalon.core.main.TestCaseExecutor.processExecutionPhase(TestCaseExecutor.java:418)
	at com.kms.katalon.core.main.TestCaseExecutor.accessMainPhase(TestCaseExecutor.java:410)
	at com.kms.katalon.core.main.TestCaseExecutor.execute(TestCaseExecutor.java:285)
	at com.kms.katalon.core.common.CommonExecutor.accessTestCaseMainPhase(CommonExecutor.java:65)
	at com.kms.katalon.core.main.TestSuiteExecutor.accessTestSuiteMainPhase(TestSuiteExecutor.java:148)
	at com.kms.katalon.core.main.TestSuiteExecutor.execute(TestSuiteExecutor.java:106)
	at com.kms.katalon.core.main.TestCaseMain.startTestSuite(TestCaseMain.java:187)
	at com.kms.katalon.core.main.TestCaseMain$startTestSuite$0.call(Unknown Source)
	at TempTestSuite1701269945786.run(TempTestSuite1701269945786.groovy:36)
Caused by: com.kms.katalon.core.exception.StepFailedException: com.kms.katalon.core.webui.exception.WebElementNotFoundException: Web element with id: 'Object Repository/CDT08 - CDT09/Page_/td_novo' located by '//div[@id='principal']/table/tbody/tr[25]/td' not found
	... 23 more
"/>
         <system-out><![CDATA[2023-11-29 12:02:29 - [TEST_CASE][FAILED] - Test Cases/CDT09 - RF04 - cadastrar restaurante com sucesso: Test Cases/CDT09 - RF04 - cadastrar restaurante com sucesso FAILED.
Reason:
com.kms.katalon.core.exception.StepFailedException: com.kms.katalon.core.webui.exception.WebElementNotFoundException: Web element with id: 'Object Repository/CDT08 - CDT09/Page_/td_novo' located by '//div[@id='principal']/table/tbody/tr[25]/td' not found (Root cause: com.kms.katalon.core.exception.StepFailedException: com.kms.katalon.core.webui.exception.WebElementNotFoundException: Web element with id: 'Object Repository/CDT08 - CDT09/Page_/td_novo' located by '//div[@id='principal']/table/tbody/tr[25]/td' not found
	at com.kms.katalon.core.webui.keyword.internal.WebUIKeywordMain.stepFailed(WebUIKeywordMain.groovy:64)
	at com.kms.katalon.core.webui.keyword.builtin.VerifyElementPresentKeyword$_verifyElementPresent_closure1.doCall(VerifyElementPresentKeyword.groovy:85)
	at com.kms.katalon.core.webui.keyword.builtin.VerifyElementPresentKeyword$_verifyElementPresent_closure1.call(VerifyElementPresentKeyword.groovy)
	at com.kms.katalon.core.webui.keyword.internal.WebUIKeywordMain.runKeyword(WebUIKeywordMain.groovy:20)
	at com.kms.katalon.core.webui.keyword.builtin.VerifyElementPresentKeyword.verifyElementPresent(VerifyElementPresentKeyword.groovy:92)
	at com.kms.katalon.core.webui.keyword.builtin.VerifyElementPresentKeyword.execute(VerifyElementPresentKeyword.groovy:68)
	at com.kms.katalon.core.keyword.internal.KeywordExecutor.executeKeywordForPlatform(KeywordExecutor.groovy:74)
	at com.kms.katalon.core.webui.keyword.WebUiBuiltInKeywords.verifyElementPresent(WebUiBuiltInKeywords.groovy:1448)
	at com.kms.katalon.core.webui.keyword.WebUiBuiltInKeywords$verifyElementPresent$8.call(Unknown Source)
	at CDT09 - RF04 - cadastrar restaurante com sucesso.run(CDT09 - RF04 - cadastrar restaurante com sucesso:77)
	at com.kms.katalon.core.main.ScriptEngine.run(ScriptEngine.java:194)
	at com.kms.katalon.core.main.ScriptEngine.runScriptAsRawText(ScriptEngine.java:119)
	at com.kms.katalon.core.main.TestCaseExecutor.runScript(TestCaseExecutor.java:448)
	at com.kms.katalon.core.main.TestCaseExecutor.doExecute(TestCaseExecutor.java:439)
	at com.kms.katalon.core.main.TestCaseExecutor.processExecutionPhase(TestCaseExecutor.java:418)
	at com.kms.katalon.core.main.TestCaseExecutor.accessMainPhase(TestCaseExecutor.java:410)
	at com.kms.katalon.core.main.TestCaseExecutor.execute(TestCaseExecutor.java:285)
	at com.kms.katalon.core.common.CommonExecutor.accessTestCaseMainPhase(CommonExecutor.java:65)
	at com.kms.katalon.core.main.TestSuiteExecutor.accessTestSuiteMainPhase(TestSuiteExecutor.java:148)
	at com.kms.katalon.core.main.TestSuiteExecutor.execute(TestSuiteExecutor.java:106)
	at com.kms.katalon.core.main.TestCaseMain.startTestSuite(TestCaseMain.java:187)
	at com.kms.katalon.core.main.TestCaseMain$startTestSuite$0.call(Unknown Source)
	at TempTestSuite1701269945786.run(TempTestSuite1701269945786.groovy:36)
)
	at com.kms.katalon.core.keyword.internal.KeywordMain.stepFailed(KeywordMain.groovy:39)
	at com.kms.katalon.core.webui.keyword.internal.WebUIKeywordMain.stepFailed(WebUIKeywordMain.groovy:64)
	at com.kms.katalon.core.webui.keyword.builtin.VerifyElementPresentKeyword$_verifyElementPresent_closure1.doCall(VerifyElementPresentKeyword.groovy:85)
	at com.kms.katalon.core.webui.keyword.builtin.VerifyElementPresentKeyword$_verifyElementPresent_closure1.call(VerifyElementPresentKeyword.groovy)
	at com.kms.katalon.core.webui.keyword.internal.WebUIKeywordMain.runKeyword(WebUIKeywordMain.groovy:20)
	at com.kms.katalon.core.webui.keyword.builtin.VerifyElementPresentKeyword.verifyElementPresent(VerifyElementPresentKeyword.groovy:92)
	at com.kms.katalon.core.webui.keyword.builtin.VerifyElementPresentKeyword.execute(VerifyElementPresentKeyword.groovy:68)
	at com.kms.katalon.core.keyword.internal.KeywordExecutor.executeKeywordForPlatform(KeywordExecutor.groovy:74)
	at com.kms.katalon.core.webui.keyword.WebUiBuiltInKeywords.verifyElementPresent(WebUiBuiltInKeywords.groovy:1448)
	at com.kms.katalon.core.webui.keyword.WebUiBuiltInKeywords$verifyElementPresent$8.call(Unknown Source)
	at CDT09 - RF04 - cadastrar restaurante com sucesso.run(CDT09 - RF04 - cadastrar restaurante com sucesso:77)
	at com.kms.katalon.core.main.ScriptEngine.run(ScriptEngine.java:194)
	at com.kms.katalon.core.main.ScriptEngine.runScriptAsRawText(ScriptEngine.java:119)
	at com.kms.katalon.core.main.TestCaseExecutor.runScript(TestCaseExecutor.java:448)
	at com.kms.katalon.core.main.TestCaseExecutor.doExecute(TestCaseExecutor.java:439)
	at com.kms.katalon.core.main.TestCaseExecutor.processExecutionPhase(TestCaseExecutor.java:418)
	at com.kms.katalon.core.main.TestCaseExecutor.accessMainPhase(TestCaseExecutor.java:410)
	at com.kms.katalon.core.main.TestCaseExecutor.execute(TestCaseExecutor.java:285)
	at com.kms.katalon.core.common.CommonExecutor.accessTestCaseMainPhase(CommonExecutor.java:65)
	at com.kms.katalon.core.main.TestSuiteExecutor.accessTestSuiteMainPhase(TestSuiteExecutor.java:148)
	at com.kms.katalon.core.main.TestSuiteExecutor.execute(TestSuiteExecutor.java:106)
	at com.kms.katalon.core.main.TestCaseMain.startTestSuite(TestCaseMain.java:187)
	at com.kms.katalon.core.main.TestCaseMain$startTestSuite$0.call(Unknown Source)
	at TempTestSuite1701269945786.run(TempTestSuite1701269945786.groovy:36)
Caused by: com.kms.katalon.core.exception.StepFailedException: com.kms.katalon.core.webui.exception.WebElementNotFoundException: Web element with id: 'Object Repository/CDT08 - CDT09/Page_/td_novo' located by '//div[@id='principal']/table/tbody/tr[25]/td' not found
	... 23 more


2023-11-29 12:02:30 - [TEST_STEP][PASSED] - openBrowser("", CONTINUE_ON_FAILURE): Browser is opened with url: ''

2023-11-29 12:02:30 - [MESSAGE][INFO] - Starting 'Chrome' driver

2023-11-29 12:02:30 - [MESSAGE][INFO] - Action delay is set to 0 milliseconds

2023-11-29 12:02:32 - [MESSAGE][PASSED] - Browser is opened with url: ''

2023-11-29 12:02:32 - [TEST_STEP][PASSED] - navigateToUrl("http://localhost/pizzaWeb2.0/site/index.php", CONTINUE_ON_FAILURE): Navigate to 'http://localhost/pizzaWeb2.0/site/index.php' successfully

2023-11-29 12:02:34 - [MESSAGE][PASSED] - Navigate to 'http://localhost/pizzaWeb2.0/site/index.php' successfully

2023-11-29 12:02:34 - [TEST_STEP][PASSED] - click(findTestObject("Object Repository/CDT08 - CDT09/Page_PizzaWeb/a_Entrar (1)"), CONTINUE_ON_FAILURE): Object: 'Object Repository/CDT08 - CDT09/Page_PizzaWeb/a_Entrar (1)' is clicked on

2023-11-29 12:02:35 - [MESSAGE][PASSED] - Object: 'Object Repository/CDT08 - CDT09/Page_PizzaWeb/a_Entrar (1)' is clicked on

2023-11-29 12:02:35 - [TEST_STEP][PASSED] - callTestCase(findTestCase("CDT02 - login simple"), ["usuario":"admin", "senha":"admin"], CONTINUE_ON_FAILURE): Call Test Case 'Test Cases/CDT02 - login simple' successfully

2023-11-29 12:02:35 - [TEST_CASE][PASSED] - Test Cases/CDT02 - login simple: Test Cases/CDT02 - login simple

2023-11-29 12:02:35 - [TEST_STEP][PASSED] - setText(findTestObject("Object Repository/CDT01 - CDT02/Page_Login/input_Entrar_login"), usuario, CONTINUE_ON_FAILURE): Text 'admin' is set on object 'Object Repository/CDT01 - CDT02/Page_Login/input_Entrar_login'

2023-11-29 12:02:36 - [MESSAGE][PASSED] - Text 'admin' is set on object 'Object Repository/CDT01 - CDT02/Page_Login/input_Entrar_login'

2023-11-29 12:02:36 - [TEST_STEP][PASSED] - setText(findTestObject("Object Repository/CDT01 - CDT02/Page_Login/input_Entrar_senha"), senha, CONTINUE_ON_FAILURE): Text 'admin' is set on object 'Object Repository/CDT01 - CDT02/Page_Login/input_Entrar_senha'

2023-11-29 12:02:37 - [MESSAGE][PASSED] - Text 'admin' is set on object 'Object Repository/CDT01 - CDT02/Page_Login/input_Entrar_senha'

2023-11-29 12:02:37 - [TEST_STEP][PASSED] - click(findTestObject("Object Repository/CDT01 - CDT02/Page_Login/button_Login"), CONTINUE_ON_FAILURE): Object: 'Object Repository/CDT01 - CDT02/Page_Login/button_Login' is clicked on

2023-11-29 12:02:38 - [MESSAGE][PASSED] - Object: 'Object Repository/CDT01 - CDT02/Page_Login/button_Login' is clicked on

2023-11-29 12:02:38 - [MESSAGE][PASSED] - Call Test Case 'Test Cases/CDT02 - login simple' successfully

2023-11-29 12:02:38 - [TEST_STEP][PASSED] - click(findTestObject("Object Repository/CDT08 - CDT09/Page_PizzaWeb/a_Gerenciar (1)"), CONTINUE_ON_FAILURE): Object: 'Object Repository/CDT08 - CDT09/Page_PizzaWeb/a_Gerenciar (1)' is clicked on

2023-11-29 12:02:38 - [MESSAGE][PASSED] - Object: 'Object Repository/CDT08 - CDT09/Page_PizzaWeb/a_Gerenciar (1)' is clicked on

2023-11-29 12:02:38 - [TEST_STEP][PASSED] - click(findTestObject("Object Repository/CDT08 - CDT09/Page_/a_Cadastro de Restaurantes (1)"), CONTINUE_ON_FAILURE): Object: 'Object Repository/CDT08 - CDT09/Page_/a_Cadastro de Restaurantes (1)' is clicked on

2023-11-29 12:02:39 - [MESSAGE][PASSED] - Object: 'Object Repository/CDT08 - CDT09/Page_/a_Cadastro de Restaurantes (1)' is clicked on

2023-11-29 12:02:39 - [TEST_STEP][PASSED] - setText(findTestObject("Object Repository/CDT08 - CDT09/Page_/input_Nome_nomeCadastro"), "novo", CONTINUE_ON_FAILURE): Text 'novo' is set on object 'Object Repository/CDT08 - CDT09/Page_/input_Nome_nomeCadastro'

2023-11-29 12:02:40 - [MESSAGE][PASSED] - Text 'novo' is set on object 'Object Repository/CDT08 - CDT09/Page_/input_Nome_nomeCadastro'

2023-11-29 12:02:40 - [TEST_STEP][PASSED] - setText(findTestObject("Object Repository/CDT08 - CDT09/Page_/input_RuaAv_ruaCadastro (1)"), "rua", CONTINUE_ON_FAILURE): Text 'rua' is set on object 'Object Repository/CDT08 - CDT09/Page_/input_RuaAv_ruaCadastro (1)'

2023-11-29 12:02:41 - [MESSAGE][PASSED] - Text 'rua' is set on object 'Object Repository/CDT08 - CDT09/Page_/input_RuaAv_ruaCadastro (1)'

2023-11-29 12:02:41 - [TEST_STEP][PASSED] - setText(findTestObject("Object Repository/CDT08 - CDT09/Page_/input_Nmero_numeroCadastro (1)"), "100", CONTINUE_ON_FAILURE): Text '100' is set on object 'Object Repository/CDT08 - CDT09/Page_/input_Nmero_numeroCadastro (1)'

2023-11-29 12:02:42 - [MESSAGE][PASSED] - Text '100' is set on object 'Object Repository/CDT08 - CDT09/Page_/input_Nmero_numeroCadastro (1)'

2023-11-29 12:02:42 - [TEST_STEP][PASSED] - setText(findTestObject("Object Repository/CDT08 - CDT09/Page_/input_Complemento_complementoCadastro (1)"), "com", CONTINUE_ON_FAILURE): Text 'com' is set on object 'Object Repository/CDT08 - CDT09/Page_/input_Complemento_complementoCadastro (1)'

2023-11-29 12:02:43 - [MESSAGE][PASSED] - Text 'com' is set on object 'Object Repository/CDT08 - CDT09/Page_/input_Complemento_complementoCadastro (1)'

2023-11-29 12:02:43 - [TEST_STEP][PASSED] - setText(findTestObject("Object Repository/CDT08 - CDT09/Page_/input_Bairro_bairroCadastro (1)"), "bairro", CONTINUE_ON_FAILURE): Text 'bairro' is set on object 'Object Repository/CDT08 - CDT09/Page_/input_Bairro_bairroCadastro (1)'

2023-11-29 12:02:44 - [MESSAGE][PASSED] - Text 'bairro' is set on object 'Object Repository/CDT08 - CDT09/Page_/input_Bairro_bairroCadastro (1)'

2023-11-29 12:02:44 - [TEST_STEP][PASSED] - setText(findTestObject("Object Repository/CDT08 - CDT09/Page_/input_Cidade_cidadeCadastro (1)"), "Minas Gerais", CONTINUE_ON_FAILURE): Text 'Minas Gerais' is set on object 'Object Repository/CDT08 - CDT09/Page_/input_Cidade_cidadeCadastro (1)'

2023-11-29 12:02:45 - [MESSAGE][PASSED] - Text 'Minas Gerais' is set on object 'Object Repository/CDT08 - CDT09/Page_/input_Cidade_cidadeCadastro (1)'

2023-11-29 12:02:45 - [TEST_STEP][PASSED] - selectOptionByValue(findTestObject("Object Repository/CDT08 - CDT09/Page_/select_ALAPAMBACEDFESGOMAMTMSMGPAPBPRPEPIRR_4d941d (1)"), "AL", true, CONTINUE_ON_FAILURE): All options with value 'AL' are selected in object 'Object Repository/CDT08 - CDT09/Page_/select_ALAPAMBACEDFESGOMAMTMSMGPAPBPRPEPIRR_4d941d (1)'  using regular expression

2023-11-29 12:02:46 - [MESSAGE][PASSED] - All options with value 'AL' are selected in object 'Object Repository/CDT08 - CDT09/Page_/select_ALAPAMBACEDFESGOMAMTMSMGPAPBPRPEPIRR_4d941d (1)'  using regular expression

2023-11-29 12:02:46 - [TEST_STEP][PASSED] - selectOptionByValue(findTestObject("Object Repository/CDT08 - CDT09/Page_/select_ALAPAMBACEDFESGOMAMTMSMGPAPBPRPEPIRR_4d941d (1)"), "MG", true, CONTINUE_ON_FAILURE): All options with value 'MG' are selected in object 'Object Repository/CDT08 - CDT09/Page_/select_ALAPAMBACEDFESGOMAMTMSMGPAPBPRPEPIRR_4d941d (1)'  using regular expression

2023-11-29 12:02:49 - [MESSAGE][PASSED] - All options with value 'MG' are selected in object 'Object Repository/CDT08 - CDT09/Page_/select_ALAPAMBACEDFESGOMAMTMSMGPAPBPRPEPIRR_4d941d (1)'  using regular expression

2023-11-29 12:02:49 - [TEST_STEP][PASSED] - setText(findTestObject("Object Repository/CDT08 - CDT09/Page_/input_Telefone_dddTelCadastro (1)"), "00", CONTINUE_ON_FAILURE): Text '00' is set on object 'Object Repository/CDT08 - CDT09/Page_/input_Telefone_dddTelCadastro (1)'

2023-11-29 12:02:49 - [MESSAGE][PASSED] - Text '00' is set on object 'Object Repository/CDT08 - CDT09/Page_/input_Telefone_dddTelCadastro (1)'

2023-11-29 12:02:49 - [TEST_STEP][PASSED] - setText(findTestObject("Object Repository/CDT08 - CDT09/Page_/input_Telefone_telCadastro (1)"), "22222222", CONTINUE_ON_FAILURE): Text '22222222' is set on object 'Object Repository/CDT08 - CDT09/Page_/input_Telefone_telCadastro (1)'

2023-11-29 12:02:50 - [MESSAGE][PASSED] - Text '22222222' is set on object 'Object Repository/CDT08 - CDT09/Page_/input_Telefone_telCadastro (1)'

2023-11-29 12:02:50 - [TEST_STEP][PASSED] - setText(findTestObject("Object Repository/CDT08 - CDT09/Page_/input_Horrio de Funcionamento_horaInicio (1)"), "12:00:00", CONTINUE_ON_FAILURE): Text '12:00:00' is set on object 'Object Repository/CDT08 - CDT09/Page_/input_Horrio de Funcionamento_horaInicio (1)'

2023-11-29 12:02:51 - [MESSAGE][PASSED] - Text '12:00:00' is set on object 'Object Repository/CDT08 - CDT09/Page_/input_Horrio de Funcionamento_horaInicio (1)'

2023-11-29 12:02:51 - [TEST_STEP][PASSED] - setText(findTestObject("Object Repository/CDT08 - CDT09/Page_/input_Horrio de Funcionamento_horaFim (1)"), "22:00:00", CONTINUE_ON_FAILURE): Text '22:00:00' is set on object 'Object Repository/CDT08 - CDT09/Page_/input_Horrio de Funcionamento_horaFim (1)'

2023-11-29 12:02:52 - [MESSAGE][PASSED] - Text '22:00:00' is set on object 'Object Repository/CDT08 - CDT09/Page_/input_Horrio de Funcionamento_horaFim (1)'

2023-11-29 12:02:52 - [TEST_STEP][PASSED] - selectOptionByValue(findTestObject("Object Repository/CDT08 - CDT09/Page_/select_SegundaTeraQuartaQuintaSextaSbadoDomingo (1)"), "1", true, CONTINUE_ON_FAILURE): All options with value '1' are selected in object 'Object Repository/CDT08 - CDT09/Page_/select_SegundaTeraQuartaQuintaSextaSbadoDomingo (1)'  using regular expression

2023-11-29 12:02:53 - [MESSAGE][PASSED] - All options with value '1' are selected in object 'Object Repository/CDT08 - CDT09/Page_/select_SegundaTeraQuartaQuintaSextaSbadoDomingo (1)'  using regular expression

2023-11-29 12:02:53 - [TEST_STEP][PASSED] - selectOptionByValue(findTestObject("Object Repository/CDT08 - CDT09/Page_/select_SegundaTeraQuartaQuintaSextaSbadoDomingo (1)"), "2", true, CONTINUE_ON_FAILURE): All options with value '2' are selected in object 'Object Repository/CDT08 - CDT09/Page_/select_SegundaTeraQuartaQuintaSextaSbadoDomingo (1)'  using regular expression

2023-11-29 12:02:55 - [MESSAGE][PASSED] - All options with value '2' are selected in object 'Object Repository/CDT08 - CDT09/Page_/select_SegundaTeraQuartaQuintaSextaSbadoDomingo (1)'  using regular expression

2023-11-29 12:02:55 - [TEST_STEP][PASSED] - selectOptionByValue(findTestObject("Object Repository/CDT08 - CDT09/Page_/select_SegundaTeraQuartaQuintaSextaSbadoDomingo_1"), "7", true, CONTINUE_ON_FAILURE): All options with value '7' are selected in object 'Object Repository/CDT08 - CDT09/Page_/select_SegundaTeraQuartaQuintaSextaSbadoDomingo_1'  using regular expression

2023-11-29 12:02:56 - [MESSAGE][PASSED] - All options with value '7' are selected in object 'Object Repository/CDT08 - CDT09/Page_/select_SegundaTeraQuartaQuintaSextaSbadoDomingo_1'  using regular expression

2023-11-29 12:02:56 - [TEST_STEP][PASSED] - click(findTestObject("Object Repository/CDT08 - CDT09/Page_/input_submit (1)"), CONTINUE_ON_FAILURE): Object: 'Object Repository/CDT08 - CDT09/Page_/input_submit (1)' is clicked on

2023-11-29 12:02:59 - [MESSAGE][PASSED] - Object: 'Object Repository/CDT08 - CDT09/Page_/input_submit (1)' is clicked on

2023-11-29 12:02:59 - [TEST_STEP][PASSED] - click(findTestObject("Object Repository/CDT08 - CDT09/Page_/a_Gerenciar"), CONTINUE_ON_FAILURE): Object: 'Object Repository/CDT08 - CDT09/Page_/a_Gerenciar' is clicked on

2023-11-29 12:03:00 - [MESSAGE][PASSED] - Object: 'Object Repository/CDT08 - CDT09/Page_/a_Gerenciar' is clicked on

2023-11-29 12:03:00 - [TEST_STEP][PASSED] - click(findTestObject("Object Repository/CDT08 - CDT09/Page_/a_Gerenciar Restaurantes"), CONTINUE_ON_FAILURE): Object: 'Object Repository/CDT08 - CDT09/Page_/a_Gerenciar Restaurantes' is clicked on

2023-11-29 12:03:01 - [MESSAGE][PASSED] - Object: 'Object Repository/CDT08 - CDT09/Page_/a_Gerenciar Restaurantes' is clicked on

2023-11-29 12:03:01 - [TEST_STEP][FAILED] - verifyElementPresent(findTestObject("Object Repository/CDT08 - CDT09/Page_/td_novo"), 0, CONTINUE_ON_FAILURE): com.kms.katalon.core.webui.exception.WebElementNotFoundException: Web element with id: 'Object Repository/CDT08 - CDT09/Page_/td_novo' located by '//div[@id='principal']/table/tbody/tr[25]/td' not found (Root cause: com.kms.katalon.core.exception.StepFailedException: com.kms.katalon.core.webui.exception.WebElementNotFoundException: Web element with id: 'Object Repository/CDT08 - CDT09/Page_/td_novo' located by '//div[@id='principal']/table/tbody/tr[25]/td' not found
	at com.kms.katalon.core.webui.keyword.internal.WebUIKeywordMain.stepFailed(WebUIKeywordMain.groovy:64)
	at com.kms.katalon.core.webui.keyword.builtin.VerifyElementPresentKeyword$_verifyElementPresent_closure1.doCall(VerifyElementPresentKeyword.groovy:85)
	at com.kms.katalon.core.webui.keyword.builtin.VerifyElementPresentKeyword$_verifyElementPresent_closure1.call(VerifyElementPresentKeyword.groovy)
	at com.kms.katalon.core.webui.keyword.internal.WebUIKeywordMain.runKeyword(WebUIKeywordMain.groovy:20)
	at com.kms.katalon.core.webui.keyword.builtin.VerifyElementPresentKeyword.verifyElementPresent(VerifyElementPresentKeyword.groovy:92)
	at com.kms.katalon.core.webui.keyword.builtin.VerifyElementPresentKeyword.execute(VerifyElementPresentKeyword.groovy:68)
	at com.kms.katalon.core.keyword.internal.KeywordExecutor.executeKeywordForPlatform(KeywordExecutor.groovy:74)
	at com.kms.katalon.core.webui.keyword.WebUiBuiltInKeywords.verifyElementPresent(WebUiBuiltInKeywords.groovy:1448)
	at com.kms.katalon.core.webui.keyword.WebUiBuiltInKeywords$verifyElementPresent$8.call(Unknown Source)
	at CDT09 - RF04 - cadastrar restaurante com sucesso.run(CDT09 - RF04 - cadastrar restaurante com sucesso:77)
	at com.kms.katalon.core.main.ScriptEngine.run(ScriptEngine.java:194)
	at com.kms.katalon.core.main.ScriptEngine.runScriptAsRawText(ScriptEngine.java:119)
	at com.kms.katalon.core.main.TestCaseExecutor.runScript(TestCaseExecutor.java:448)
	at com.kms.katalon.core.main.TestCaseExecutor.doExecute(TestCaseExecutor.java:439)
	at com.kms.katalon.core.main.TestCaseExecutor.processExecutionPhase(TestCaseExecutor.java:418)
	at com.kms.katalon.core.main.TestCaseExecutor.accessMainPhase(TestCaseExecutor.java:410)
	at com.kms.katalon.core.main.TestCaseExecutor.execute(TestCaseExecutor.java:285)
	at com.kms.katalon.core.common.CommonExecutor.accessTestCaseMainPhase(CommonExecutor.java:65)
	at com.kms.katalon.core.main.TestSuiteExecutor.accessTestSuiteMainPhase(TestSuiteExecutor.java:148)
	at com.kms.katalon.core.main.TestSuiteExecutor.execute(TestSuiteExecutor.java:106)
	at com.kms.katalon.core.main.TestCaseMain.startTestSuite(TestCaseMain.java:187)
	at com.kms.katalon.core.main.TestCaseMain$startTestSuite$0.call(Unknown Source)
	at TempTestSuite1701269945786.run(TempTestSuite1701269945786.groovy:36)
)

2023-11-29 12:03:01 - [MESSAGE][WARNING] - Timeout '0' is invalid. Using default page load timeout: '30'

2023-11-29 12:03:32 - [MESSAGE][INFO] - Unable to find the element located by 'By.xpath: //div[@id='principal']/table/tbody/tr[25]/td'. Please recheck the objects properties to make sure the desired element is located. 

2023-11-29 12:03:32 - [MESSAGE][FAILED] - com.kms.katalon.core.webui.exception.WebElementNotFoundException: Web element with id: 'Object Repository/CDT08 - CDT09/Page_/td_novo' located by '//div[@id='principal']/table/tbody/tr[25]/td' not found (Root cause: com.kms.katalon.core.exception.StepFailedException: com.kms.katalon.core.webui.exception.WebElementNotFoundException: Web element with id: 'Object Repository/CDT08 - CDT09/Page_/td_novo' located by '//div[@id='principal']/table/tbody/tr[25]/td' not found
	at com.kms.katalon.core.webui.keyword.internal.WebUIKeywordMain.stepFailed(WebUIKeywordMain.groovy:64)
	at com.kms.katalon.core.webui.keyword.builtin.VerifyElementPresentKeyword$_verifyElementPresent_closure1.doCall(VerifyElementPresentKeyword.groovy:85)
	at com.kms.katalon.core.webui.keyword.builtin.VerifyElementPresentKeyword$_verifyElementPresent_closure1.call(VerifyElementPresentKeyword.groovy)
	at com.kms.katalon.core.webui.keyword.internal.WebUIKeywordMain.runKeyword(WebUIKeywordMain.groovy:20)
	at com.kms.katalon.core.webui.keyword.builtin.VerifyElementPresentKeyword.verifyElementPresent(VerifyElementPresentKeyword.groovy:92)
	at com.kms.katalon.core.webui.keyword.builtin.VerifyElementPresentKeyword.execute(VerifyElementPresentKeyword.groovy:68)
	at com.kms.katalon.core.keyword.internal.KeywordExecutor.executeKeywordForPlatform(KeywordExecutor.groovy:74)
	at com.kms.katalon.core.webui.keyword.WebUiBuiltInKeywords.verifyElementPresent(WebUiBuiltInKeywords.groovy:1448)
	at com.kms.katalon.core.webui.keyword.WebUiBuiltInKeywords$verifyElementPresent$8.call(Unknown Source)
	at CDT09 - RF04 - cadastrar restaurante com sucesso.run(CDT09 - RF04 - cadastrar restaurante com sucesso:77)
	at com.kms.katalon.core.main.ScriptEngine.run(ScriptEngine.java:194)
	at com.kms.katalon.core.main.ScriptEngine.runScriptAsRawText(ScriptEngine.java:119)
	at com.kms.katalon.core.main.TestCaseExecutor.runScript(TestCaseExecutor.java:448)
	at com.kms.katalon.core.main.TestCaseExecutor.doExecute(TestCaseExecutor.java:439)
	at com.kms.katalon.core.main.TestCaseExecutor.processExecutionPhase(TestCaseExecutor.java:418)
	at com.kms.katalon.core.main.TestCaseExecutor.accessMainPhase(TestCaseExecutor.java:410)
	at com.kms.katalon.core.main.TestCaseExecutor.execute(TestCaseExecutor.java:285)
	at com.kms.katalon.core.common.CommonExecutor.accessTestCaseMainPhase(CommonExecutor.java:65)
	at com.kms.katalon.core.main.TestSuiteExecutor.accessTestSuiteMainPhase(TestSuiteExecutor.java:148)
	at com.kms.katalon.core.main.TestSuiteExecutor.execute(TestSuiteExecutor.java:106)
	at com.kms.katalon.core.main.TestCaseMain.startTestSuite(TestCaseMain.java:187)
	at com.kms.katalon.core.main.TestCaseMain$startTestSuite$0.call(Unknown Source)
	at TempTestSuite1701269945786.run(TempTestSuite1701269945786.groovy:36)
)
[[ATTACHMENT|C:\\Users\\isaba\\Downloads\\TMS-T2-E1\\TMS-T2-E1\\T2\\Reports\\20231129_115905\\Teste de Integra\u00E7\u00E3o\\20231129_115905\\1701270212285.png]]

2023-11-29 12:03:32 - [TEST_STEP][PASSED] - closeBrowser(CONTINUE_ON_FAILURE): Browser is closed

2023-11-29 12:03:33 - [MESSAGE][PASSED] - Browser is closed]]></system-out>
         <system-err><![CDATA[2023-11-29 12:02:29 - [TEST_CASE][FAILED] - Test Cases/CDT09 - RF04 - cadastrar restaurante com sucesso: Test Cases/CDT09 - RF04 - cadastrar restaurante com sucesso FAILED.
Reason:
com.kms.katalon.core.exception.StepFailedException: com.kms.katalon.core.webui.exception.WebElementNotFoundException: Web element with id: 'Object Repository/CDT08 - CDT09/Page_/td_novo' located by '//div[@id='principal']/table/tbody/tr[25]/td' not found (Root cause: com.kms.katalon.core.exception.StepFailedException: com.kms.katalon.core.webui.exception.WebElementNotFoundException: Web element with id: 'Object Repository/CDT08 - CDT09/Page_/td_novo' located by '//div[@id='principal']/table/tbody/tr[25]/td' not found
	at com.kms.katalon.core.webui.keyword.internal.WebUIKeywordMain.stepFailed(WebUIKeywordMain.groovy:64)
	at com.kms.katalon.core.webui.keyword.builtin.VerifyElementPresentKeyword$_verifyElementPresent_closure1.doCall(VerifyElementPresentKeyword.groovy:85)
	at com.kms.katalon.core.webui.keyword.builtin.VerifyElementPresentKeyword$_verifyElementPresent_closure1.call(VerifyElementPresentKeyword.groovy)
	at com.kms.katalon.core.webui.keyword.internal.WebUIKeywordMain.runKeyword(WebUIKeywordMain.groovy:20)
	at com.kms.katalon.core.webui.keyword.builtin.VerifyElementPresentKeyword.verifyElementPresent(VerifyElementPresentKeyword.groovy:92)
	at com.kms.katalon.core.webui.keyword.builtin.VerifyElementPresentKeyword.execute(VerifyElementPresentKeyword.groovy:68)
	at com.kms.katalon.core.keyword.internal.KeywordExecutor.executeKeywordForPlatform(KeywordExecutor.groovy:74)
	at com.kms.katalon.core.webui.keyword.WebUiBuiltInKeywords.verifyElementPresent(WebUiBuiltInKeywords.groovy:1448)
	at com.kms.katalon.core.webui.keyword.WebUiBuiltInKeywords$verifyElementPresent$8.call(Unknown Source)
	at CDT09 - RF04 - cadastrar restaurante com sucesso.run(CDT09 - RF04 - cadastrar restaurante com sucesso:77)
	at com.kms.katalon.core.main.ScriptEngine.run(ScriptEngine.java:194)
	at com.kms.katalon.core.main.ScriptEngine.runScriptAsRawText(ScriptEngine.java:119)
	at com.kms.katalon.core.main.TestCaseExecutor.runScript(TestCaseExecutor.java:448)
	at com.kms.katalon.core.main.TestCaseExecutor.doExecute(TestCaseExecutor.java:439)
	at com.kms.katalon.core.main.TestCaseExecutor.processExecutionPhase(TestCaseExecutor.java:418)
	at com.kms.katalon.core.main.TestCaseExecutor.accessMainPhase(TestCaseExecutor.java:410)
	at com.kms.katalon.core.main.TestCaseExecutor.execute(TestCaseExecutor.java:285)
	at com.kms.katalon.core.common.CommonExecutor.accessTestCaseMainPhase(CommonExecutor.java:65)
	at com.kms.katalon.core.main.TestSuiteExecutor.accessTestSuiteMainPhase(TestSuiteExecutor.java:148)
	at com.kms.katalon.core.main.TestSuiteExecutor.execute(TestSuiteExecutor.java:106)
	at com.kms.katalon.core.main.TestCaseMain.startTestSuite(TestCaseMain.java:187)
	at com.kms.katalon.core.main.TestCaseMain$startTestSuite$0.call(Unknown Source)
	at TempTestSuite1701269945786.run(TempTestSuite1701269945786.groovy:36)
)
	at com.kms.katalon.core.keyword.internal.KeywordMain.stepFailed(KeywordMain.groovy:39)
	at com.kms.katalon.core.webui.keyword.internal.WebUIKeywordMain.stepFailed(WebUIKeywordMain.groovy:64)
	at com.kms.katalon.core.webui.keyword.builtin.VerifyElementPresentKeyword$_verifyElementPresent_closure1.doCall(VerifyElementPresentKeyword.groovy:85)
	at com.kms.katalon.core.webui.keyword.builtin.VerifyElementPresentKeyword$_verifyElementPresent_closure1.call(VerifyElementPresentKeyword.groovy)
	at com.kms.katalon.core.webui.keyword.internal.WebUIKeywordMain.runKeyword(WebUIKeywordMain.groovy:20)
	at com.kms.katalon.core.webui.keyword.builtin.VerifyElementPresentKeyword.verifyElementPresent(VerifyElementPresentKeyword.groovy:92)
	at com.kms.katalon.core.webui.keyword.builtin.VerifyElementPresentKeyword.execute(VerifyElementPresentKeyword.groovy:68)
	at com.kms.katalon.core.keyword.internal.KeywordExecutor.executeKeywordForPlatform(KeywordExecutor.groovy:74)
	at com.kms.katalon.core.webui.keyword.WebUiBuiltInKeywords.verifyElementPresent(WebUiBuiltInKeywords.groovy:1448)
	at com.kms.katalon.core.webui.keyword.WebUiBuiltInKeywords$verifyElementPresent$8.call(Unknown Source)
	at CDT09 - RF04 - cadastrar restaurante com sucesso.run(CDT09 - RF04 - cadastrar restaurante com sucesso:77)
	at com.kms.katalon.core.main.ScriptEngine.run(ScriptEngine.java:194)
	at com.kms.katalon.core.main.ScriptEngine.runScriptAsRawText(ScriptEngine.java:119)
	at com.kms.katalon.core.main.TestCaseExecutor.runScript(TestCaseExecutor.java:448)
	at com.kms.katalon.core.main.TestCaseExecutor.doExecute(TestCaseExecutor.java:439)
	at com.kms.katalon.core.main.TestCaseExecutor.processExecutionPhase(TestCaseExecutor.java:418)
	at com.kms.katalon.core.main.TestCaseExecutor.accessMainPhase(TestCaseExecutor.java:410)
	at com.kms.katalon.core.main.TestCaseExecutor.execute(TestCaseExecutor.java:285)
	at com.kms.katalon.core.common.CommonExecutor.accessTestCaseMainPhase(CommonExecutor.java:65)
	at com.kms.katalon.core.main.TestSuiteExecutor.accessTestSuiteMainPhase(TestSuiteExecutor.java:148)
	at com.kms.katalon.core.main.TestSuiteExecutor.execute(TestSuiteExecutor.java:106)
	at com.kms.katalon.core.main.TestCaseMain.startTestSuite(TestCaseMain.java:187)
	at com.kms.katalon.core.main.TestCaseMain$startTestSuite$0.call(Unknown Source)
	at TempTestSuite1701269945786.run(TempTestSuite1701269945786.groovy:36)
Caused by: com.kms.katalon.core.exception.StepFailedException: com.kms.katalon.core.webui.exception.WebElementNotFoundException: Web element with id: 'Object Repository/CDT08 - CDT09/Page_/td_novo' located by '//div[@id='principal']/table/tbody/tr[25]/td' not found
	... 23 more]]></system-err>
      </testcase>
      <testcase name="Test Cases/CDT10 - RF07 - cadastrar Categorias de pratos" time="17.45" classname="Test Cases/CDT10 - RF07 - cadastrar Categorias de pratos" status="PASSED">
         <system-out><![CDATA[2023-11-29 12:03:33 - [TEST_CASE][PASSED] - Test Cases/CDT10 - RF07 - cadastrar Categorias de pratos: Test Cases/CDT10 - RF07 - cadastrar Categorias de pratos

2023-11-29 12:03:34 - [TEST_STEP][PASSED] - openBrowser("", CONTINUE_ON_FAILURE): Browser is opened with url: ''

2023-11-29 12:03:34 - [MESSAGE][INFO] - Starting 'Chrome' driver

2023-11-29 12:03:34 - [MESSAGE][INFO] - Action delay is set to 0 milliseconds

2023-11-29 12:03:37 - [MESSAGE][PASSED] - Browser is opened with url: ''

2023-11-29 12:03:37 - [TEST_STEP][PASSED] - navigateToUrl("http://localhost/pizzaWeb2.0/site/index.php", CONTINUE_ON_FAILURE): Navigate to 'http://localhost/pizzaWeb2.0/site/index.php' successfully

2023-11-29 12:03:42 - [MESSAGE][PASSED] - Navigate to 'http://localhost/pizzaWeb2.0/site/index.php' successfully

2023-11-29 12:03:42 - [TEST_STEP][PASSED] - click(findTestObject("Object Repository/CDT10/Page_PizzaWeb/a_Entrar"), CONTINUE_ON_FAILURE): Object: 'Object Repository/CDT10/Page_PizzaWeb/a_Entrar' is clicked on

2023-11-29 12:03:43 - [MESSAGE][PASSED] - Object: 'Object Repository/CDT10/Page_PizzaWeb/a_Entrar' is clicked on

2023-11-29 12:03:43 - [TEST_STEP][PASSED] - callTestCase(findTestCase("CDT02 - login simple"), ["usuario":"admin", "senha":"admin"], CONTINUE_ON_FAILURE): Call Test Case 'Test Cases/CDT02 - login simple' successfully

2023-11-29 12:03:43 - [TEST_CASE][PASSED] - Test Cases/CDT02 - login simple: Test Cases/CDT02 - login simple

2023-11-29 12:03:43 - [TEST_STEP][PASSED] - setText(findTestObject("Object Repository/CDT01 - CDT02/Page_Login/input_Entrar_login"), usuario, CONTINUE_ON_FAILURE): Text 'admin' is set on object 'Object Repository/CDT01 - CDT02/Page_Login/input_Entrar_login'

2023-11-29 12:03:44 - [MESSAGE][PASSED] - Text 'admin' is set on object 'Object Repository/CDT01 - CDT02/Page_Login/input_Entrar_login'

2023-11-29 12:03:44 - [TEST_STEP][PASSED] - setText(findTestObject("Object Repository/CDT01 - CDT02/Page_Login/input_Entrar_senha"), senha, CONTINUE_ON_FAILURE): Text 'admin' is set on object 'Object Repository/CDT01 - CDT02/Page_Login/input_Entrar_senha'

2023-11-29 12:03:45 - [MESSAGE][PASSED] - Text 'admin' is set on object 'Object Repository/CDT01 - CDT02/Page_Login/input_Entrar_senha'

2023-11-29 12:03:45 - [TEST_STEP][PASSED] - click(findTestObject("Object Repository/CDT01 - CDT02/Page_Login/button_Login"), CONTINUE_ON_FAILURE): Object: 'Object Repository/CDT01 - CDT02/Page_Login/button_Login' is clicked on

2023-11-29 12:03:46 - [MESSAGE][PASSED] - Object: 'Object Repository/CDT01 - CDT02/Page_Login/button_Login' is clicked on

2023-11-29 12:03:46 - [MESSAGE][PASSED] - Call Test Case 'Test Cases/CDT02 - login simple' successfully

2023-11-29 12:03:46 - [TEST_STEP][PASSED] - click(findTestObject("Object Repository/CDT10/Page_PizzaWeb/a_Gerenciar"), CONTINUE_ON_FAILURE): Object: 'Object Repository/CDT10/Page_PizzaWeb/a_Gerenciar' is clicked on

2023-11-29 12:03:47 - [MESSAGE][PASSED] - Object: 'Object Repository/CDT10/Page_PizzaWeb/a_Gerenciar' is clicked on

2023-11-29 12:03:47 - [TEST_STEP][PASSED] - click(findTestObject("Object Repository/CDT10/Page_/a_Cadastro de Categorias de Pratos"), CONTINUE_ON_FAILURE): Object: 'Object Repository/CDT10/Page_/a_Cadastro de Categorias de Pratos' is clicked on

2023-11-29 12:03:47 - [MESSAGE][PASSED] - Object: 'Object Repository/CDT10/Page_/a_Cadastro de Categorias de Pratos' is clicked on

2023-11-29 12:03:47 - [TEST_STEP][PASSED] - setText(findTestObject("Object Repository/CDT10/Page_/input_Nome da Categoria_nomeCategoria"), "Massas", CONTINUE_ON_FAILURE): Text 'Massas' is set on object 'Object Repository/CDT10/Page_/input_Nome da Categoria_nomeCategoria'

2023-11-29 12:03:48 - [MESSAGE][PASSED] - Text 'Massas' is set on object 'Object Repository/CDT10/Page_/input_Nome da Categoria_nomeCategoria'

2023-11-29 12:03:48 - [TEST_STEP][PASSED] - click(findTestObject("Object Repository/CDT10/Page_/input_submit"), CONTINUE_ON_FAILURE): Object: 'Object Repository/CDT10/Page_/input_submit' is clicked on

2023-11-29 12:03:49 - [MESSAGE][PASSED] - Object: 'Object Repository/CDT10/Page_/input_submit' is clicked on

2023-11-29 12:03:49 - [TEST_STEP][PASSED] - verifyElementText(findTestObject("Object Repository/CDT10/Page_/div_Cadastrado com Sucesso"), "Cadastrado com Sucesso!", CONTINUE_ON_FAILURE): Actual text and expected text of test object 'Object Repository/CDT10/Page_/div_Cadastrado com Sucesso' are matched.

2023-11-29 12:03:50 - [MESSAGE][PASSED] - Actual text and expected text of test object 'Object Repository/CDT10/Page_/div_Cadastrado com Sucesso' are matched.

2023-11-29 12:03:50 - [TEST_STEP][PASSED] - click(findTestObject("Object Repository/CDT10/Page_/button_OK"), CONTINUE_ON_FAILURE): Object: 'Object Repository/CDT10/Page_/button_OK' is clicked on

2023-11-29 12:03:50 - [MESSAGE][PASSED] - Object: 'Object Repository/CDT10/Page_/button_OK' is clicked on

2023-11-29 12:03:50 - [TEST_STEP][PASSED] - closeBrowser(CONTINUE_ON_FAILURE): Browser is closed

2023-11-29 12:03:51 - [MESSAGE][PASSED] - Browser is closed]]></system-out>
         <system-err><![CDATA[]]></system-err>
      </testcase>
      <testcase name="Test Cases/CDT11 - RF09 - Cadastrar cardápio" time="23.978" classname="Test Cases/CDT11 - RF09 - Cadastrar cardápio" status="PASSED">
         <system-out><![CDATA[2023-11-29 12:03:51 - [TEST_CASE][PASSED] - Test Cases/CDT11 - RF09 - Cadastrar cardápio: Test Cases/CDT11 - RF09 - Cadastrar cardápio

2023-11-29 12:03:52 - [TEST_STEP][PASSED] - openBrowser("", CONTINUE_ON_FAILURE): Browser is opened with url: ''

2023-11-29 12:03:52 - [MESSAGE][INFO] - Starting 'Chrome' driver

2023-11-29 12:03:52 - [MESSAGE][INFO] - Action delay is set to 0 milliseconds

2023-11-29 12:03:53 - [MESSAGE][PASSED] - Browser is opened with url: ''

2023-11-29 12:03:53 - [TEST_STEP][PASSED] - navigateToUrl("http://localhost/pizzaWeb2.0/site/index.php", CONTINUE_ON_FAILURE): Navigate to 'http://localhost/pizzaWeb2.0/site/index.php' successfully

2023-11-29 12:03:57 - [MESSAGE][PASSED] - Navigate to 'http://localhost/pizzaWeb2.0/site/index.php' successfully

2023-11-29 12:03:57 - [TEST_STEP][PASSED] - click(findTestObject("CDT11/Page_PizzaWeb/a_Entrar"), CONTINUE_ON_FAILURE): Object: 'Object Repository/CDT11/Page_PizzaWeb/a_Entrar' is clicked on

2023-11-29 12:03:58 - [MESSAGE][PASSED] - Object: 'Object Repository/CDT11/Page_PizzaWeb/a_Entrar' is clicked on

2023-11-29 12:03:58 - [TEST_STEP][PASSED] - callTestCase(findTestCase("CDT02 - login simple"), ["usuario":"admin", "senha":"admin"], CONTINUE_ON_FAILURE): Call Test Case 'Test Cases/CDT02 - login simple' successfully

2023-11-29 12:03:58 - [TEST_CASE][PASSED] - Test Cases/CDT02 - login simple: Test Cases/CDT02 - login simple

2023-11-29 12:03:58 - [TEST_STEP][PASSED] - setText(findTestObject("Object Repository/CDT01 - CDT02/Page_Login/input_Entrar_login"), usuario, CONTINUE_ON_FAILURE): Text 'admin' is set on object 'Object Repository/CDT01 - CDT02/Page_Login/input_Entrar_login'

2023-11-29 12:03:59 - [MESSAGE][PASSED] - Text 'admin' is set on object 'Object Repository/CDT01 - CDT02/Page_Login/input_Entrar_login'

2023-11-29 12:03:59 - [TEST_STEP][PASSED] - setText(findTestObject("Object Repository/CDT01 - CDT02/Page_Login/input_Entrar_senha"), senha, CONTINUE_ON_FAILURE): Text 'admin' is set on object 'Object Repository/CDT01 - CDT02/Page_Login/input_Entrar_senha'

2023-11-29 12:04:00 - [MESSAGE][PASSED] - Text 'admin' is set on object 'Object Repository/CDT01 - CDT02/Page_Login/input_Entrar_senha'

2023-11-29 12:04:00 - [TEST_STEP][PASSED] - click(findTestObject("Object Repository/CDT01 - CDT02/Page_Login/button_Login"), CONTINUE_ON_FAILURE): Object: 'Object Repository/CDT01 - CDT02/Page_Login/button_Login' is clicked on

2023-11-29 12:04:01 - [MESSAGE][PASSED] - Object: 'Object Repository/CDT01 - CDT02/Page_Login/button_Login' is clicked on

2023-11-29 12:04:01 - [MESSAGE][PASSED] - Call Test Case 'Test Cases/CDT02 - login simple' successfully

2023-11-29 12:04:01 - [TEST_STEP][PASSED] - click(findTestObject("Object Repository/CDT11/Page_PizzaWeb/a_Gerenciar"), CONTINUE_ON_FAILURE): Object: 'Object Repository/CDT11/Page_PizzaWeb/a_Gerenciar' is clicked on

2023-11-29 12:04:01 - [MESSAGE][PASSED] - Object: 'Object Repository/CDT11/Page_PizzaWeb/a_Gerenciar' is clicked on

2023-11-29 12:04:01 - [TEST_STEP][PASSED] - click(findTestObject("Object Repository/CDT11/Page_/a_Cadastro de Cardpios"), CONTINUE_ON_FAILURE): Object: 'Object Repository/CDT11/Page_/a_Cadastro de Cardpios' is clicked on

2023-11-29 12:04:02 - [MESSAGE][PASSED] - Object: 'Object Repository/CDT11/Page_/a_Cadastro de Cardpios' is clicked on

2023-11-29 12:04:02 - [TEST_STEP][PASSED] - setText(findTestObject("Object Repository/CDT11/Page_/input_Nmero de pratos_numeroDePratos"), "1", CONTINUE_ON_FAILURE): Text '1' is set on object 'Object Repository/CDT11/Page_/input_Nmero de pratos_numeroDePratos'

2023-11-29 12:04:03 - [MESSAGE][PASSED] - Text '1' is set on object 'Object Repository/CDT11/Page_/input_Nmero de pratos_numeroDePratos'

2023-11-29 12:04:03 - [TEST_STEP][PASSED] - click(findTestObject("Object Repository/CDT11/Page_/input_submit"), CONTINUE_ON_FAILURE): Object: 'Object Repository/CDT11/Page_/input_submit' is clicked on

2023-11-29 12:04:03 - [MESSAGE][PASSED] - Object: 'Object Repository/CDT11/Page_/input_submit' is clicked on

2023-11-29 12:04:03 - [TEST_STEP][PASSED] - setText(findTestObject("Object Repository/CDT11/Page_/input_Nome do prato_nomePrato0"), "Especial", CONTINUE_ON_FAILURE): Text 'Especial' is set on object 'Object Repository/CDT11/Page_/input_Nome do prato_nomePrato0'

2023-11-29 12:04:04 - [MESSAGE][PASSED] - Text 'Especial' is set on object 'Object Repository/CDT11/Page_/input_Nome do prato_nomePrato0'

2023-11-29 12:04:04 - [TEST_STEP][PASSED] - setText(findTestObject("CDT11/Page_/input_Descricao do prato_descricaoPrato0"), "Massa e queijo", CONTINUE_ON_FAILURE): Text 'Massa e queijo' is set on object 'Object Repository/CDT11/Page_/input_Descricao do prato_descricaoPrato0'

2023-11-29 12:04:05 - [MESSAGE][PASSED] - Text 'Massa e queijo' is set on object 'Object Repository/CDT11/Page_/input_Descricao do prato_descricaoPrato0'

2023-11-29 12:04:05 - [TEST_STEP][PASSED] - setText(findTestObject("Object Repository/CDT11/Page_/input_Preo de cada tamanho_tamanhoPratoMenor0"), "Pequeno", CONTINUE_ON_FAILURE): Text 'Pequeno' is set on object 'Object Repository/CDT11/Page_/input_Preo de cada tamanho_tamanhoPratoMenor0'

2023-11-29 12:04:06 - [MESSAGE][PASSED] - Text 'Pequeno' is set on object 'Object Repository/CDT11/Page_/input_Preo de cada tamanho_tamanhoPratoMenor0'

2023-11-29 12:04:06 - [TEST_STEP][PASSED] - setText(findTestObject("Object Repository/CDT11/Page_/input_R_tamanhoPratoMedio0"), "Média", CONTINUE_ON_FAILURE): Text 'Média' is set on object 'Object Repository/CDT11/Page_/input_R_tamanhoPratoMedio0'

2023-11-29 12:04:07 - [MESSAGE][PASSED] - Text 'Média' is set on object 'Object Repository/CDT11/Page_/input_R_tamanhoPratoMedio0'

2023-11-29 12:04:07 - [TEST_STEP][PASSED] - setText(findTestObject("Object Repository/CDT11/Page_/input_R_tamanhoPratoMaior0"), "Grande", CONTINUE_ON_FAILURE): Text 'Grande' is set on object 'Object Repository/CDT11/Page_/input_R_tamanhoPratoMaior0'

2023-11-29 12:04:08 - [MESSAGE][PASSED] - Text 'Grande' is set on object 'Object Repository/CDT11/Page_/input_R_tamanhoPratoMaior0'

2023-11-29 12:04:08 - [TEST_STEP][PASSED] - setText(findTestObject("Object Repository/CDT11/Page_/input_R_precoPratoMenor0"), "12,00", CONTINUE_ON_FAILURE): Text '12,00' is set on object 'Object Repository/CDT11/Page_/input_R_precoPratoMenor0'

2023-11-29 12:04:09 - [MESSAGE][PASSED] - Text '12,00' is set on object 'Object Repository/CDT11/Page_/input_R_precoPratoMenor0'

2023-11-29 12:04:09 - [TEST_STEP][PASSED] - setText(findTestObject("Object Repository/CDT11/Page_/input_R_precoPratoMedio0"), "22,00", CONTINUE_ON_FAILURE): Text '22,00' is set on object 'Object Repository/CDT11/Page_/input_R_precoPratoMedio0'

2023-11-29 12:04:10 - [MESSAGE][PASSED] - Text '22,00' is set on object 'Object Repository/CDT11/Page_/input_R_precoPratoMedio0'

2023-11-29 12:04:10 - [TEST_STEP][PASSED] - setText(findTestObject("Object Repository/CDT11/Page_/input_R_precoPratoMaior0"), "32,00", CONTINUE_ON_FAILURE): Text '32,00' is set on object 'Object Repository/CDT11/Page_/input_R_precoPratoMaior0'

2023-11-29 12:04:10 - [MESSAGE][PASSED] - Text '32,00' is set on object 'Object Repository/CDT11/Page_/input_R_precoPratoMaior0'

2023-11-29 12:04:10 - [TEST_STEP][PASSED] - click(findTestObject("CDT11/Page_/input_submit2"), CONTINUE_ON_FAILURE): Object: 'Object Repository/CDT11/Page_/input_submit2' is clicked on

2023-11-29 12:04:11 - [MESSAGE][PASSED] - Object: 'Object Repository/CDT11/Page_/input_submit2' is clicked on

2023-11-29 12:04:11 - [TEST_STEP][PASSED] - verifyElementText(findTestObject("Object Repository/CDT11/Page_/div_Pratos criados com sucesso"), "Pratos criados com sucesso!", CONTINUE_ON_FAILURE): Actual text and expected text of test object 'Object Repository/CDT11/Page_/div_Pratos criados com sucesso' are matched.

2023-11-29 12:04:11 - [MESSAGE][PASSED] - Actual text and expected text of test object 'Object Repository/CDT11/Page_/div_Pratos criados com sucesso' are matched.

2023-11-29 12:04:11 - [TEST_STEP][PASSED] - click(findTestObject("Object Repository/CDT11/Page_/button_OK"), CONTINUE_ON_FAILURE): Object: 'Object Repository/CDT11/Page_/button_OK' is clicked on

2023-11-29 12:04:12 - [MESSAGE][PASSED] - Object: 'Object Repository/CDT11/Page_/button_OK' is clicked on

2023-11-29 12:04:12 - [TEST_STEP][PASSED] - setText(findTestObject("Object Repository/CDT11/Page_/input_Nmero de pratos_numeroDePratos"), "-1", CONTINUE_ON_FAILURE): Text '-1' is set on object 'Object Repository/CDT11/Page_/input_Nmero de pratos_numeroDePratos'

2023-11-29 12:04:13 - [MESSAGE][PASSED] - Text '-1' is set on object 'Object Repository/CDT11/Page_/input_Nmero de pratos_numeroDePratos'

2023-11-29 12:04:13 - [TEST_STEP][PASSED] - click(findTestObject("Object Repository/CDT11/Page_/input_submit"), CONTINUE_ON_FAILURE): Object: 'Object Repository/CDT11/Page_/input_submit' is clicked on

2023-11-29 12:04:14 - [MESSAGE][PASSED] - Object: 'Object Repository/CDT11/Page_/input_submit' is clicked on

2023-11-29 12:04:14 - [TEST_STEP][PASSED] - verifyElementNotPresent(findTestObject("Object Repository/CDT11/Page_/input_Nome do prato_nomePrato0"), 0, CONTINUE_ON_FAILURE): Web element with id: 'Object Repository/CDT11/Page_/input_Nome do prato_nomePrato0' located by 'By.xpath: //input[@name='nomePrato0']' is not present after '30' second(s)

2023-11-29 12:04:14 - [MESSAGE][WARNING] - Timeout '0' is invalid. Using default page load timeout: '30'

2023-11-29 12:04:14 - [MESSAGE][PASSED] - Web element with id: 'Object Repository/CDT11/Page_/input_Nome do prato_nomePrato0' located by 'By.xpath: //input[@name='nomePrato0']' is not present after '30' second(s)

2023-11-29 12:04:14 - [TEST_STEP][PASSED] - closeBrowser(CONTINUE_ON_FAILURE): Browser is closed

2023-11-29 12:04:15 - [MESSAGE][PASSED] - Browser is closed]]></system-out>
         <system-err><![CDATA[]]></system-err>
      </testcase>
      <testcase name="Test Cases/CDT12 - RF11 - Cadastrar pizza de dois sabores" time="22.662" classname="Test Cases/CDT12 - RF11 - Cadastrar pizza de dois sabores" status="PASSED">
         <system-out><![CDATA[2023-11-29 12:04:15 - [TEST_CASE][PASSED] - Test Cases/CDT12 - RF11 - Cadastrar pizza de dois sabores: Test Cases/CDT12 - RF11 - Cadastrar pizza de dois sabores

2023-11-29 12:04:16 - [TEST_STEP][PASSED] - openBrowser("", CONTINUE_ON_FAILURE): Browser is opened with url: ''

2023-11-29 12:04:16 - [MESSAGE][INFO] - Starting 'Chrome' driver

2023-11-29 12:04:16 - [MESSAGE][INFO] - Action delay is set to 0 milliseconds

2023-11-29 12:04:17 - [MESSAGE][PASSED] - Browser is opened with url: ''

2023-11-29 12:04:17 - [TEST_STEP][PASSED] - navigateToUrl("http://localhost/pizzaWeb2.0/site/", CONTINUE_ON_FAILURE): Navigate to 'http://localhost/pizzaWeb2.0/site/' successfully

2023-11-29 12:04:19 - [MESSAGE][PASSED] - Navigate to 'http://localhost/pizzaWeb2.0/site/' successfully

2023-11-29 12:04:19 - [TEST_STEP][PASSED] - click(findTestObject("Object Repository/CDT12 - CDT13/Page_PizzaWeb/a_Entrar"), CONTINUE_ON_FAILURE): Object: 'Object Repository/CDT12 - CDT13/Page_PizzaWeb/a_Entrar' is clicked on

2023-11-29 12:04:20 - [MESSAGE][PASSED] - Object: 'Object Repository/CDT12 - CDT13/Page_PizzaWeb/a_Entrar' is clicked on

2023-11-29 12:04:20 - [TEST_STEP][PASSED] - callTestCase(findTestCase("CDT02 - login simple"), ["usuario":"admin", "senha":"admin"], CONTINUE_ON_FAILURE): Call Test Case 'Test Cases/CDT02 - login simple' successfully

2023-11-29 12:04:20 - [TEST_CASE][PASSED] - Test Cases/CDT02 - login simple: Test Cases/CDT02 - login simple

2023-11-29 12:04:20 - [TEST_STEP][PASSED] - setText(findTestObject("Object Repository/CDT01 - CDT02/Page_Login/input_Entrar_login"), usuario, CONTINUE_ON_FAILURE): Text 'admin' is set on object 'Object Repository/CDT01 - CDT02/Page_Login/input_Entrar_login'

2023-11-29 12:04:21 - [MESSAGE][PASSED] - Text 'admin' is set on object 'Object Repository/CDT01 - CDT02/Page_Login/input_Entrar_login'

2023-11-29 12:04:21 - [TEST_STEP][PASSED] - setText(findTestObject("Object Repository/CDT01 - CDT02/Page_Login/input_Entrar_senha"), senha, CONTINUE_ON_FAILURE): Text 'admin' is set on object 'Object Repository/CDT01 - CDT02/Page_Login/input_Entrar_senha'

2023-11-29 12:04:22 - [MESSAGE][PASSED] - Text 'admin' is set on object 'Object Repository/CDT01 - CDT02/Page_Login/input_Entrar_senha'

2023-11-29 12:04:22 - [TEST_STEP][PASSED] - click(findTestObject("Object Repository/CDT01 - CDT02/Page_Login/button_Login"), CONTINUE_ON_FAILURE): Object: 'Object Repository/CDT01 - CDT02/Page_Login/button_Login' is clicked on

2023-11-29 12:04:23 - [MESSAGE][PASSED] - Object: 'Object Repository/CDT01 - CDT02/Page_Login/button_Login' is clicked on

2023-11-29 12:04:23 - [MESSAGE][PASSED] - Call Test Case 'Test Cases/CDT02 - login simple' successfully

2023-11-29 12:04:23 - [TEST_STEP][PASSED] - click(findTestObject("Object Repository/CDT12 - CDT13/Page_PizzaWeb/a_Gerenciar"), CONTINUE_ON_FAILURE): Object: 'Object Repository/CDT12 - CDT13/Page_PizzaWeb/a_Gerenciar' is clicked on

2023-11-29 12:04:24 - [MESSAGE][PASSED] - Object: 'Object Repository/CDT12 - CDT13/Page_PizzaWeb/a_Gerenciar' is clicked on

2023-11-29 12:04:24 - [TEST_STEP][PASSED] - click(findTestObject("Object Repository/CDT12 - CDT13/Page_/a_Cadastro de pizzas com dois sabores"), CONTINUE_ON_FAILURE): Object: 'Object Repository/CDT12 - CDT13/Page_/a_Cadastro de pizzas com dois sabores' is clicked on

2023-11-29 12:04:26 - [MESSAGE][PASSED] - Object: 'Object Repository/CDT12 - CDT13/Page_/a_Cadastro de pizzas com dois sabores' is clicked on

2023-11-29 12:04:26 - [TEST_STEP][PASSED] - selectOptionByValue(findTestObject("Object Repository/CDT12 - CDT13/Page_/select_Papillon                 California _9c9891"), "2", true, CONTINUE_ON_FAILURE): All options with value '2' are selected in object 'Object Repository/CDT12 - CDT13/Page_/select_Papillon                 California _9c9891'  using regular expression

2023-11-29 12:04:27 - [MESSAGE][PASSED] - All options with value '2' are selected in object 'Object Repository/CDT12 - CDT13/Page_/select_Papillon                 California _9c9891'  using regular expression

2023-11-29 12:04:27 - [TEST_STEP][PASSED] - click(findTestObject("Object Repository/CDT12 - CDT13/Page_/input_avancar"), CONTINUE_ON_FAILURE): Object: 'Object Repository/CDT12 - CDT13/Page_/input_avancar' is clicked on

2023-11-29 12:04:28 - [MESSAGE][PASSED] - Object: 'Object Repository/CDT12 - CDT13/Page_/input_avancar' is clicked on

2023-11-29 12:04:28 - [TEST_STEP][PASSED] - click(findTestObject("Object Repository/CDT12 - CDT13/Page_/input_Mdia_tamanhos"), CONTINUE_ON_FAILURE): Object: 'Object Repository/CDT12 - CDT13/Page_/input_Mdia_tamanhos' is clicked on

2023-11-29 12:04:29 - [MESSAGE][PASSED] - Object: 'Object Repository/CDT12 - CDT13/Page_/input_Mdia_tamanhos' is clicked on

2023-11-29 12:04:29 - [TEST_STEP][PASSED] - click(findTestObject("Object Repository/CDT12 - CDT13/Page_/input_Mdia_tamanhos_1"), CONTINUE_ON_FAILURE): Object: 'Object Repository/CDT12 - CDT13/Page_/input_Mdia_tamanhos_1' is clicked on

2023-11-29 12:04:29 - [MESSAGE][PASSED] - Object: 'Object Repository/CDT12 - CDT13/Page_/input_Mdia_tamanhos_1' is clicked on

2023-11-29 12:04:29 - [TEST_STEP][PASSED] - click(findTestObject("CDT12 - CDT13/Page_/input_criarpizzadedoissabores"), CONTINUE_ON_FAILURE): Object: 'Object Repository/CDT12 - CDT13/Page_/input_criarpizzadedoissabores' is clicked on

2023-11-29 12:04:30 - [MESSAGE][PASSED] - Object: 'Object Repository/CDT12 - CDT13/Page_/input_criarpizzadedoissabores' is clicked on

2023-11-29 12:04:30 - [TEST_STEP][PASSED] - navigateToUrl("http://localhost/pizzaWeb2.0/site/index.php", CONTINUE_ON_FAILURE): Navigate to 'http://localhost/pizzaWeb2.0/site/index.php' successfully

2023-11-29 12:04:30 - [MESSAGE][PASSED] - Navigate to 'http://localhost/pizzaWeb2.0/site/index.php' successfully

2023-11-29 12:04:30 - [TEST_STEP][PASSED] - click(findTestObject("Object Repository/CDT12 - CDT13/Page_PizzaWeb/a_California"), CONTINUE_ON_FAILURE): Object: 'Object Repository/CDT12 - CDT13/Page_PizzaWeb/a_California' is clicked on

2023-11-29 12:04:31 - [MESSAGE][PASSED] - Object: 'Object Repository/CDT12 - CDT13/Page_PizzaWeb/a_California' is clicked on

2023-11-29 12:04:31 - [TEST_STEP][PASSED] - click(findTestObject("Object Repository/CDT12 - CDT13/Page_PizzaWeb/a_Montar pizza com dois sabores"), CONTINUE_ON_FAILURE): Object: 'Object Repository/CDT12 - CDT13/Page_PizzaWeb/a_Montar pizza com dois sabores' is clicked on

2023-11-29 12:04:32 - [MESSAGE][PASSED] - Object: 'Object Repository/CDT12 - CDT13/Page_PizzaWeb/a_Montar pizza com dois sabores' is clicked on

2023-11-29 12:04:32 - [TEST_STEP][PASSED] - click(findTestObject("Object Repository/CDT12 - CDT13/Page_/input_avancar"), CONTINUE_ON_FAILURE): Object: 'Object Repository/CDT12 - CDT13/Page_/input_avancar' is clicked on

2023-11-29 12:04:32 - [MESSAGE][PASSED] - Object: 'Object Repository/CDT12 - CDT13/Page_/input_avancar' is clicked on

2023-11-29 12:04:32 - [TEST_STEP][PASSED] - selectOptionByValue(findTestObject("Object Repository/CDT12 - CDT13/Page_/select_Calabresa                   Mussarel_f2632c"), "34", true, CONTINUE_ON_FAILURE): All options with value '34' are selected in object 'Object Repository/CDT12 - CDT13/Page_/select_Calabresa                   Mussarel_f2632c'  using regular expression

2023-11-29 12:04:34 - [MESSAGE][PASSED] - All options with value '34' are selected in object 'Object Repository/CDT12 - CDT13/Page_/select_Calabresa                   Mussarel_f2632c'  using regular expression

2023-11-29 12:04:34 - [TEST_STEP][PASSED] - click(findTestObject("Object Repository/CDT12 - CDT13/Page_/input_avancar"), CONTINUE_ON_FAILURE): Object: 'Object Repository/CDT12 - CDT13/Page_/input_avancar' is clicked on

2023-11-29 12:04:34 - [MESSAGE][PASSED] - Object: 'Object Repository/CDT12 - CDT13/Page_/input_avancar' is clicked on

2023-11-29 12:04:34 - [TEST_STEP][PASSED] - click(findTestObject("Object Repository/CDT12 - CDT13/Page_/input_avancar"), CONTINUE_ON_FAILURE): Object: 'Object Repository/CDT12 - CDT13/Page_/input_avancar' is clicked on

2023-11-29 12:04:35 - [MESSAGE][PASSED] - Object: 'Object Repository/CDT12 - CDT13/Page_/input_avancar' is clicked on

2023-11-29 12:04:35 - [TEST_STEP][PASSED] - click(findTestObject("CDT12 - CDT13/Page_/input_adicionarpedido"), CONTINUE_ON_FAILURE): Object: 'Object Repository/CDT12 - CDT13/Page_/input_adicionarpedido' is clicked on

2023-11-29 12:04:36 - [MESSAGE][PASSED] - Object: 'Object Repository/CDT12 - CDT13/Page_/input_adicionarpedido' is clicked on

2023-11-29 12:04:36 - [TEST_STEP][PASSED] - verifyElementText(findTestObject("Object Repository/CDT12 - CDT13/Page_PizzaWeb/td_12 Chocolate, 12 Mussarela  Mdia"), "1/2 Chocolate, 1/2 Calabresa / Média", CONTINUE_ON_FAILURE): Actual text and expected text of test object 'Object Repository/CDT12 - CDT13/Page_PizzaWeb/td_12 Chocolate, 12 Mussarela  Mdia' are matched.

2023-11-29 12:04:37 - [MESSAGE][PASSED] - Actual text and expected text of test object 'Object Repository/CDT12 - CDT13/Page_PizzaWeb/td_12 Chocolate, 12 Mussarela  Mdia' are matched.

2023-11-29 12:04:37 - [TEST_STEP][PASSED] - verifyElementText(findTestObject("Object Repository/CDT12 - CDT13/Page_PizzaWeb/td_R 15,00"), "R$ 15,00", CONTINUE_ON_FAILURE): Actual text and expected text of test object 'Object Repository/CDT12 - CDT13/Page_PizzaWeb/td_R 15,00' are matched.

2023-11-29 12:04:37 - [MESSAGE][PASSED] - Actual text and expected text of test object 'Object Repository/CDT12 - CDT13/Page_PizzaWeb/td_R 15,00' are matched.

2023-11-29 12:04:37 - [TEST_STEP][PASSED] - closeBrowser(CONTINUE_ON_FAILURE): Browser is closed

2023-11-29 12:04:38 - [MESSAGE][PASSED] - Browser is closed]]></system-out>
         <system-err><![CDATA[]]></system-err>
      </testcase>
      <testcase name="Test Cases/CDT13 - RF11 - Deletar pizza de dois sabores" time="49.013" classname="Test Cases/CDT13 - RF11 - Deletar pizza de dois sabores" status="FAILED">
         <failure type="FAILED" message="Test Cases/CDT13 - RF11 - Deletar pizza de dois sabores FAILED.
Reason:
com.kms.katalon.core.exception.StepFailedException: Web element with id: 'Object Repository/CDT12 - CDT13/Page_/td_R 15' located by 'By.cssSelector: tr:last-child td:nth-child(4)' is present after '30' second(s) (Root cause: com.kms.katalon.core.exception.StepFailedException: Web element with id: 'Object Repository/CDT12 - CDT13/Page_/td_R 15' located by 'By.cssSelector: tr:last-child td:nth-child(4)' is present after '30' second(s)
	at com.kms.katalon.core.webui.keyword.internal.WebUIKeywordMain.stepFailed(WebUIKeywordMain.groovy:64)
	at com.kms.katalon.core.webui.keyword.internal.WebUIKeywordMain$stepFailed$0.call(Unknown Source)
	at com.kms.katalon.core.webui.keyword.builtin.VerifyElementNotPresentKeyword$_verifyElementNotPresent_closure1.doCall(VerifyElementNotPresentKeyword.groovy:113)
	at com.kms.katalon.core.webui.keyword.builtin.VerifyElementNotPresentKeyword$_verifyElementNotPresent_closure1.doCall(VerifyElementNotPresentKeyword.groovy)
	at com.kms.katalon.core.webui.keyword.internal.WebUIKeywordMain.runKeyword(WebUIKeywordMain.groovy:20)
	at com.kms.katalon.core.webui.keyword.internal.WebUIKeywordMain$runKeyword.call(Unknown Source)
	at com.kms.katalon.core.webui.keyword.builtin.VerifyElementNotPresentKeyword.verifyElementNotPresent(VerifyElementNotPresentKeyword.groovy:122)
	at com.kms.katalon.core.webui.keyword.builtin.VerifyElementNotPresentKeyword.execute(VerifyElementNotPresentKeyword.groovy:68)
	at com.kms.katalon.core.keyword.internal.KeywordExecutor.executeKeywordForPlatform(KeywordExecutor.groovy:74)
	at com.kms.katalon.core.webui.keyword.WebUiBuiltInKeywords.verifyElementNotPresent(WebUiBuiltInKeywords.groovy:1481)
	at com.kms.katalon.core.webui.keyword.WebUiBuiltInKeywords$verifyElementNotPresent$7.call(Unknown Source)
	at CDT13 - RF11 - Deletar pizza de dois sabores.run(CDT13 - RF11 - Deletar pizza de dois sabores:71)
	at com.kms.katalon.core.main.ScriptEngine.run(ScriptEngine.java:194)
	at com.kms.katalon.core.main.ScriptEngine.runScriptAsRawText(ScriptEngine.java:119)
	at com.kms.katalon.core.main.TestCaseExecutor.runScript(TestCaseExecutor.java:448)
	at com.kms.katalon.core.main.TestCaseExecutor.doExecute(TestCaseExecutor.java:439)
	at com.kms.katalon.core.main.TestCaseExecutor.processExecutionPhase(TestCaseExecutor.java:418)
	at com.kms.katalon.core.main.TestCaseExecutor.accessMainPhase(TestCaseExecutor.java:410)
	at com.kms.katalon.core.main.TestCaseExecutor.execute(TestCaseExecutor.java:285)
	at com.kms.katalon.core.common.CommonExecutor.accessTestCaseMainPhase(CommonExecutor.java:65)
	at com.kms.katalon.core.main.TestSuiteExecutor.accessTestSuiteMainPhase(TestSuiteExecutor.java:148)
	at com.kms.katalon.core.main.TestSuiteExecutor.execute(TestSuiteExecutor.java:106)
	at com.kms.katalon.core.main.TestCaseMain.startTestSuite(TestCaseMain.java:187)
	at com.kms.katalon.core.main.TestCaseMain$startTestSuite$0.call(Unknown Source)
	at TempTestSuite1701269945786.run(TempTestSuite1701269945786.groovy:36)
)
	at com.kms.katalon.core.keyword.internal.KeywordMain.stepFailed(KeywordMain.groovy:39)
	at com.kms.katalon.core.webui.keyword.internal.WebUIKeywordMain.stepFailed(WebUIKeywordMain.groovy:64)
	at com.kms.katalon.core.webui.keyword.internal.WebUIKeywordMain$stepFailed$0.call(Unknown Source)
	at com.kms.katalon.core.webui.keyword.builtin.VerifyElementNotPresentKeyword$_verifyElementNotPresent_closure1.doCall(VerifyElementNotPresentKeyword.groovy:113)
	at com.kms.katalon.core.webui.keyword.builtin.VerifyElementNotPresentKeyword$_verifyElementNotPresent_closure1.doCall(VerifyElementNotPresentKeyword.groovy)
	at com.kms.katalon.core.webui.keyword.internal.WebUIKeywordMain.runKeyword(WebUIKeywordMain.groovy:20)
	at com.kms.katalon.core.webui.keyword.internal.WebUIKeywordMain$runKeyword.call(Unknown Source)
	at com.kms.katalon.core.webui.keyword.builtin.VerifyElementNotPresentKeyword.verifyElementNotPresent(VerifyElementNotPresentKeyword.groovy:122)
	at com.kms.katalon.core.webui.keyword.builtin.VerifyElementNotPresentKeyword.execute(VerifyElementNotPresentKeyword.groovy:68)
	at com.kms.katalon.core.keyword.internal.KeywordExecutor.executeKeywordForPlatform(KeywordExecutor.groovy:74)
	at com.kms.katalon.core.webui.keyword.WebUiBuiltInKeywords.verifyElementNotPresent(WebUiBuiltInKeywords.groovy:1481)
	at com.kms.katalon.core.webui.keyword.WebUiBuiltInKeywords$verifyElementNotPresent$7.call(Unknown Source)
	at CDT13 - RF11 - Deletar pizza de dois sabores.run(CDT13 - RF11 - Deletar pizza de dois sabores:71)
	at com.kms.katalon.core.main.ScriptEngine.run(ScriptEngine.java:194)
	at com.kms.katalon.core.main.ScriptEngine.runScriptAsRawText(ScriptEngine.java:119)
	at com.kms.katalon.core.main.TestCaseExecutor.runScript(TestCaseExecutor.java:448)
	at com.kms.katalon.core.main.TestCaseExecutor.doExecute(TestCaseExecutor.java:439)
	at com.kms.katalon.core.main.TestCaseExecutor.processExecutionPhase(TestCaseExecutor.java:418)
	at com.kms.katalon.core.main.TestCaseExecutor.accessMainPhase(TestCaseExecutor.java:410)
	at com.kms.katalon.core.main.TestCaseExecutor.execute(TestCaseExecutor.java:285)
	at com.kms.katalon.core.common.CommonExecutor.accessTestCaseMainPhase(CommonExecutor.java:65)
	at com.kms.katalon.core.main.TestSuiteExecutor.accessTestSuiteMainPhase(TestSuiteExecutor.java:148)
	at com.kms.katalon.core.main.TestSuiteExecutor.execute(TestSuiteExecutor.java:106)
	at com.kms.katalon.core.main.TestCaseMain.startTestSuite(TestCaseMain.java:187)
	at com.kms.katalon.core.main.TestCaseMain$startTestSuite$0.call(Unknown Source)
	at TempTestSuite1701269945786.run(TempTestSuite1701269945786.groovy:36)
Caused by: com.kms.katalon.core.exception.StepFailedException: Web element with id: 'Object Repository/CDT12 - CDT13/Page_/td_R 15' located by 'By.cssSelector: tr:last-child td:nth-child(4)' is present after '30' second(s)
	... 25 more
"/>
         <system-out><![CDATA[2023-11-29 12:04:38 - [TEST_CASE][FAILED] - Test Cases/CDT13 - RF11 - Deletar pizza de dois sabores: Test Cases/CDT13 - RF11 - Deletar pizza de dois sabores FAILED.
Reason:
com.kms.katalon.core.exception.StepFailedException: Web element with id: 'Object Repository/CDT12 - CDT13/Page_/td_R 15' located by 'By.cssSelector: tr:last-child td:nth-child(4)' is present after '30' second(s) (Root cause: com.kms.katalon.core.exception.StepFailedException: Web element with id: 'Object Repository/CDT12 - CDT13/Page_/td_R 15' located by 'By.cssSelector: tr:last-child td:nth-child(4)' is present after '30' second(s)
	at com.kms.katalon.core.webui.keyword.internal.WebUIKeywordMain.stepFailed(WebUIKeywordMain.groovy:64)
	at com.kms.katalon.core.webui.keyword.internal.WebUIKeywordMain$stepFailed$0.call(Unknown Source)
	at com.kms.katalon.core.webui.keyword.builtin.VerifyElementNotPresentKeyword$_verifyElementNotPresent_closure1.doCall(VerifyElementNotPresentKeyword.groovy:113)
	at com.kms.katalon.core.webui.keyword.builtin.VerifyElementNotPresentKeyword$_verifyElementNotPresent_closure1.doCall(VerifyElementNotPresentKeyword.groovy)
	at com.kms.katalon.core.webui.keyword.internal.WebUIKeywordMain.runKeyword(WebUIKeywordMain.groovy:20)
	at com.kms.katalon.core.webui.keyword.internal.WebUIKeywordMain$runKeyword.call(Unknown Source)
	at com.kms.katalon.core.webui.keyword.builtin.VerifyElementNotPresentKeyword.verifyElementNotPresent(VerifyElementNotPresentKeyword.groovy:122)
	at com.kms.katalon.core.webui.keyword.builtin.VerifyElementNotPresentKeyword.execute(VerifyElementNotPresentKeyword.groovy:68)
	at com.kms.katalon.core.keyword.internal.KeywordExecutor.executeKeywordForPlatform(KeywordExecutor.groovy:74)
	at com.kms.katalon.core.webui.keyword.WebUiBuiltInKeywords.verifyElementNotPresent(WebUiBuiltInKeywords.groovy:1481)
	at com.kms.katalon.core.webui.keyword.WebUiBuiltInKeywords$verifyElementNotPresent$7.call(Unknown Source)
	at CDT13 - RF11 - Deletar pizza de dois sabores.run(CDT13 - RF11 - Deletar pizza de dois sabores:71)
	at com.kms.katalon.core.main.ScriptEngine.run(ScriptEngine.java:194)
	at com.kms.katalon.core.main.ScriptEngine.runScriptAsRawText(ScriptEngine.java:119)
	at com.kms.katalon.core.main.TestCaseExecutor.runScript(TestCaseExecutor.java:448)
	at com.kms.katalon.core.main.TestCaseExecutor.doExecute(TestCaseExecutor.java:439)
	at com.kms.katalon.core.main.TestCaseExecutor.processExecutionPhase(TestCaseExecutor.java:418)
	at com.kms.katalon.core.main.TestCaseExecutor.accessMainPhase(TestCaseExecutor.java:410)
	at com.kms.katalon.core.main.TestCaseExecutor.execute(TestCaseExecutor.java:285)
	at com.kms.katalon.core.common.CommonExecutor.accessTestCaseMainPhase(CommonExecutor.java:65)
	at com.kms.katalon.core.main.TestSuiteExecutor.accessTestSuiteMainPhase(TestSuiteExecutor.java:148)
	at com.kms.katalon.core.main.TestSuiteExecutor.execute(TestSuiteExecutor.java:106)
	at com.kms.katalon.core.main.TestCaseMain.startTestSuite(TestCaseMain.java:187)
	at com.kms.katalon.core.main.TestCaseMain$startTestSuite$0.call(Unknown Source)
	at TempTestSuite1701269945786.run(TempTestSuite1701269945786.groovy:36)
)
	at com.kms.katalon.core.keyword.internal.KeywordMain.stepFailed(KeywordMain.groovy:39)
	at com.kms.katalon.core.webui.keyword.internal.WebUIKeywordMain.stepFailed(WebUIKeywordMain.groovy:64)
	at com.kms.katalon.core.webui.keyword.internal.WebUIKeywordMain$stepFailed$0.call(Unknown Source)
	at com.kms.katalon.core.webui.keyword.builtin.VerifyElementNotPresentKeyword$_verifyElementNotPresent_closure1.doCall(VerifyElementNotPresentKeyword.groovy:113)
	at com.kms.katalon.core.webui.keyword.builtin.VerifyElementNotPresentKeyword$_verifyElementNotPresent_closure1.doCall(VerifyElementNotPresentKeyword.groovy)
	at com.kms.katalon.core.webui.keyword.internal.WebUIKeywordMain.runKeyword(WebUIKeywordMain.groovy:20)
	at com.kms.katalon.core.webui.keyword.internal.WebUIKeywordMain$runKeyword.call(Unknown Source)
	at com.kms.katalon.core.webui.keyword.builtin.VerifyElementNotPresentKeyword.verifyElementNotPresent(VerifyElementNotPresentKeyword.groovy:122)
	at com.kms.katalon.core.webui.keyword.builtin.VerifyElementNotPresentKeyword.execute(VerifyElementNotPresentKeyword.groovy:68)
	at com.kms.katalon.core.keyword.internal.KeywordExecutor.executeKeywordForPlatform(KeywordExecutor.groovy:74)
	at com.kms.katalon.core.webui.keyword.WebUiBuiltInKeywords.verifyElementNotPresent(WebUiBuiltInKeywords.groovy:1481)
	at com.kms.katalon.core.webui.keyword.WebUiBuiltInKeywords$verifyElementNotPresent$7.call(Unknown Source)
	at CDT13 - RF11 - Deletar pizza de dois sabores.run(CDT13 - RF11 - Deletar pizza de dois sabores:71)
	at com.kms.katalon.core.main.ScriptEngine.run(ScriptEngine.java:194)
	at com.kms.katalon.core.main.ScriptEngine.runScriptAsRawText(ScriptEngine.java:119)
	at com.kms.katalon.core.main.TestCaseExecutor.runScript(TestCaseExecutor.java:448)
	at com.kms.katalon.core.main.TestCaseExecutor.doExecute(TestCaseExecutor.java:439)
	at com.kms.katalon.core.main.TestCaseExecutor.processExecutionPhase(TestCaseExecutor.java:418)
	at com.kms.katalon.core.main.TestCaseExecutor.accessMainPhase(TestCaseExecutor.java:410)
	at com.kms.katalon.core.main.TestCaseExecutor.execute(TestCaseExecutor.java:285)
	at com.kms.katalon.core.common.CommonExecutor.accessTestCaseMainPhase(CommonExecutor.java:65)
	at com.kms.katalon.core.main.TestSuiteExecutor.accessTestSuiteMainPhase(TestSuiteExecutor.java:148)
	at com.kms.katalon.core.main.TestSuiteExecutor.execute(TestSuiteExecutor.java:106)
	at com.kms.katalon.core.main.TestCaseMain.startTestSuite(TestCaseMain.java:187)
	at com.kms.katalon.core.main.TestCaseMain$startTestSuite$0.call(Unknown Source)
	at TempTestSuite1701269945786.run(TempTestSuite1701269945786.groovy:36)
Caused by: com.kms.katalon.core.exception.StepFailedException: Web element with id: 'Object Repository/CDT12 - CDT13/Page_/td_R 15' located by 'By.cssSelector: tr:last-child td:nth-child(4)' is present after '30' second(s)
	... 25 more


2023-11-29 12:04:38 - [TEST_STEP][PASSED] - openBrowser("", CONTINUE_ON_FAILURE): Browser is opened with url: ''

2023-11-29 12:04:38 - [MESSAGE][INFO] - Starting 'Chrome' driver

2023-11-29 12:04:38 - [MESSAGE][INFO] - Action delay is set to 0 milliseconds

2023-11-29 12:04:40 - [MESSAGE][PASSED] - Browser is opened with url: ''

2023-11-29 12:04:40 - [TEST_STEP][PASSED] - navigateToUrl("http://localhost/pizzaWeb2.0/site/", CONTINUE_ON_FAILURE): Navigate to 'http://localhost/pizzaWeb2.0/site/' successfully

2023-11-29 12:04:42 - [MESSAGE][PASSED] - Navigate to 'http://localhost/pizzaWeb2.0/site/' successfully

2023-11-29 12:04:42 - [TEST_STEP][PASSED] - click(findTestObject("Object Repository/CDT12 - CDT13/Page_PizzaWeb/a_Entrar"), CONTINUE_ON_FAILURE): Object: 'Object Repository/CDT12 - CDT13/Page_PizzaWeb/a_Entrar' is clicked on

2023-11-29 12:04:43 - [MESSAGE][PASSED] - Object: 'Object Repository/CDT12 - CDT13/Page_PizzaWeb/a_Entrar' is clicked on

2023-11-29 12:04:43 - [TEST_STEP][PASSED] - callTestCase(findTestCase("CDT02 - login simple"), ["usuario":"admin", "senha":"admin"], CONTINUE_ON_FAILURE): Call Test Case 'Test Cases/CDT02 - login simple' successfully

2023-11-29 12:04:43 - [TEST_CASE][PASSED] - Test Cases/CDT02 - login simple: Test Cases/CDT02 - login simple

2023-11-29 12:04:43 - [TEST_STEP][PASSED] - setText(findTestObject("Object Repository/CDT01 - CDT02/Page_Login/input_Entrar_login"), usuario, CONTINUE_ON_FAILURE): Text 'admin' is set on object 'Object Repository/CDT01 - CDT02/Page_Login/input_Entrar_login'

2023-11-29 12:04:44 - [MESSAGE][PASSED] - Text 'admin' is set on object 'Object Repository/CDT01 - CDT02/Page_Login/input_Entrar_login'

2023-11-29 12:04:44 - [TEST_STEP][PASSED] - setText(findTestObject("Object Repository/CDT01 - CDT02/Page_Login/input_Entrar_senha"), senha, CONTINUE_ON_FAILURE): Text 'admin' is set on object 'Object Repository/CDT01 - CDT02/Page_Login/input_Entrar_senha'

2023-11-29 12:04:45 - [MESSAGE][PASSED] - Text 'admin' is set on object 'Object Repository/CDT01 - CDT02/Page_Login/input_Entrar_senha'

2023-11-29 12:04:45 - [TEST_STEP][PASSED] - click(findTestObject("Object Repository/CDT01 - CDT02/Page_Login/button_Login"), CONTINUE_ON_FAILURE): Object: 'Object Repository/CDT01 - CDT02/Page_Login/button_Login' is clicked on

2023-11-29 12:04:46 - [MESSAGE][PASSED] - Object: 'Object Repository/CDT01 - CDT02/Page_Login/button_Login' is clicked on

2023-11-29 12:04:46 - [MESSAGE][PASSED] - Call Test Case 'Test Cases/CDT02 - login simple' successfully

2023-11-29 12:04:46 - [TEST_STEP][PASSED] - click(findTestObject("Object Repository/CDT12 - CDT13/Page_PizzaWeb/a_Gerenciar"), CONTINUE_ON_FAILURE): Object: 'Object Repository/CDT12 - CDT13/Page_PizzaWeb/a_Gerenciar' is clicked on

2023-11-29 12:04:47 - [MESSAGE][PASSED] - Object: 'Object Repository/CDT12 - CDT13/Page_PizzaWeb/a_Gerenciar' is clicked on

2023-11-29 12:04:47 - [TEST_STEP][PASSED] - click(findTestObject("Object Repository/CDT12 - CDT13/Page_/a_Cadastro de pizzas com dois sabores"), CONTINUE_ON_FAILURE): Object: 'Object Repository/CDT12 - CDT13/Page_/a_Cadastro de pizzas com dois sabores' is clicked on

2023-11-29 12:04:48 - [MESSAGE][PASSED] - Object: 'Object Repository/CDT12 - CDT13/Page_/a_Cadastro de pizzas com dois sabores' is clicked on

2023-11-29 12:04:48 - [TEST_STEP][PASSED] - selectOptionByValue(findTestObject("Object Repository/CDT12 - CDT13/Page_/select_Papillon                 California _9c9891"), "2", true, CONTINUE_ON_FAILURE): All options with value '2' are selected in object 'Object Repository/CDT12 - CDT13/Page_/select_Papillon                 California _9c9891'  using regular expression

2023-11-29 12:04:49 - [MESSAGE][PASSED] - All options with value '2' are selected in object 'Object Repository/CDT12 - CDT13/Page_/select_Papillon                 California _9c9891'  using regular expression

2023-11-29 12:04:49 - [TEST_STEP][PASSED] - click(findTestObject("Object Repository/CDT12 - CDT13/Page_/input_adicionarpedido"), CONTINUE_ON_FAILURE): Object: 'Object Repository/CDT12 - CDT13/Page_/input_adicionarpedido' is clicked on

2023-11-29 12:04:50 - [MESSAGE][PASSED] - Object: 'Object Repository/CDT12 - CDT13/Page_/input_adicionarpedido' is clicked on

2023-11-29 12:04:50 - [TEST_STEP][PASSED] - verifyElementPresent(findTestObject("Object Repository/CDT12 - CDT13/Page_/td_Chocolate"), 0, CONTINUE_ON_FAILURE): Object 'Object Repository/CDT12 - CDT13/Page_/td_Chocolate' is present

2023-11-29 12:04:50 - [MESSAGE][WARNING] - Timeout '0' is invalid. Using default page load timeout: '30'

2023-11-29 12:04:50 - [MESSAGE][PASSED] - Object 'Object Repository/CDT12 - CDT13/Page_/td_Chocolate' is present

2023-11-29 12:04:50 - [TEST_STEP][PASSED] - chocolate = getAttribute(findTestObject("Object Repository/CDT12 - CDT13/Page_/td_Chocolate"), "value", CONTINUE_ON_FAILURE): Attribute 'value' of object 'Object Repository/CDT12 - CDT13/Page_/td_Chocolate' is: 'null'

2023-11-29 12:04:51 - [MESSAGE][PASSED] - Attribute 'value' of object 'Object Repository/CDT12 - CDT13/Page_/td_Chocolate' is: 'null'

2023-11-29 12:04:51 - [TEST_STEP][PASSED] - verifyElementPresent(findTestObject("Object Repository/CDT12 - CDT13/Page_/td_Calabresa"), 0, CONTINUE_ON_FAILURE): Object 'Object Repository/CDT12 - CDT13/Page_/td_Calabresa' is present

2023-11-29 12:04:51 - [MESSAGE][WARNING] - Timeout '0' is invalid. Using default page load timeout: '30'

2023-11-29 12:04:51 - [MESSAGE][PASSED] - Object 'Object Repository/CDT12 - CDT13/Page_/td_Calabresa' is present

2023-11-29 12:04:51 - [TEST_STEP][PASSED] - calabresa = getAttribute(findTestObject("Object Repository/CDT12 - CDT13/Page_/td_Calabresa"), "value", CONTINUE_ON_FAILURE): Attribute 'value' of object 'Object Repository/CDT12 - CDT13/Page_/td_Calabresa' is: 'null'

2023-11-29 12:04:52 - [MESSAGE][PASSED] - Attribute 'value' of object 'Object Repository/CDT12 - CDT13/Page_/td_Calabresa' is: 'null'

2023-11-29 12:04:52 - [TEST_STEP][PASSED] - verifyElementPresent(findTestObject("Object Repository/CDT12 - CDT13/Page_/td_Mdia"), 0, CONTINUE_ON_FAILURE): Object 'Object Repository/CDT12 - CDT13/Page_/td_Mdia' is present

2023-11-29 12:04:52 - [MESSAGE][WARNING] - Timeout '0' is invalid. Using default page load timeout: '30'

2023-11-29 12:04:52 - [MESSAGE][PASSED] - Object 'Object Repository/CDT12 - CDT13/Page_/td_Mdia' is present

2023-11-29 12:04:52 - [TEST_STEP][PASSED] - tamanho = getAttribute(findTestObject("Object Repository/CDT12 - CDT13/Page_/td_Mdia"), "value", CONTINUE_ON_FAILURE): Attribute 'value' of object 'Object Repository/CDT12 - CDT13/Page_/td_Mdia' is: 'null'

2023-11-29 12:04:53 - [MESSAGE][PASSED] - Attribute 'value' of object 'Object Repository/CDT12 - CDT13/Page_/td_Mdia' is: 'null'

2023-11-29 12:04:53 - [TEST_STEP][PASSED] - verifyElementPresent(findTestObject("Object Repository/CDT12 - CDT13/Page_/td_R 15"), 0, CONTINUE_ON_FAILURE): Object 'Object Repository/CDT12 - CDT13/Page_/td_R 15' is present

2023-11-29 12:04:53 - [MESSAGE][WARNING] - Timeout '0' is invalid. Using default page load timeout: '30'

2023-11-29 12:04:53 - [MESSAGE][PASSED] - Object 'Object Repository/CDT12 - CDT13/Page_/td_R 15' is present

2023-11-29 12:04:53 - [TEST_STEP][PASSED] - reais = getAttribute(findTestObject("Object Repository/CDT12 - CDT13/Page_/td_R 15"), "value", CONTINUE_ON_FAILURE): Attribute 'value' of object 'Object Repository/CDT12 - CDT13/Page_/td_R 15' is: 'null'

2023-11-29 12:04:53 - [MESSAGE][PASSED] - Attribute 'value' of object 'Object Repository/CDT12 - CDT13/Page_/td_R 15' is: 'null'

2023-11-29 12:04:53 - [TEST_STEP][PASSED] - verifyElementPresent(findTestObject("Object Repository/CDT12 - CDT13/Page_/td_Deletar"), 0, CONTINUE_ON_FAILURE): Object 'Object Repository/CDT12 - CDT13/Page_/td_Deletar' is present

2023-11-29 12:04:53 - [MESSAGE][WARNING] - Timeout '0' is invalid. Using default page load timeout: '30'

2023-11-29 12:04:54 - [MESSAGE][PASSED] - Object 'Object Repository/CDT12 - CDT13/Page_/td_Deletar' is present

2023-11-29 12:04:54 - [TEST_STEP][PASSED] - click(findTestObject("Object Repository/CDT12 - CDT13/Page_/a_Deletar"), CONTINUE_ON_FAILURE): Object: 'Object Repository/CDT12 - CDT13/Page_/a_Deletar' is clicked on

2023-11-29 12:04:55 - [MESSAGE][PASSED] - Object: 'Object Repository/CDT12 - CDT13/Page_/a_Deletar' is clicked on

2023-11-29 12:04:55 - [TEST_STEP][PASSED] - if (chocolate != getAttribute(findTestObject("Object Repository/CDT12 - CDT13/Page_/td_Chocolate"), "value") && calabresa != getAttribute(findTestObject("Object Repository/CDT12 - CDT13/Page_/td_Calabresa"), "value") && tamanho != getAttribute(findTestObject("Object Repository/CDT12 - CDT13/Page_/td_Mdia"), "value") && reais != getAttribute(findTestObject("Object Repository/CDT12 - CDT13/Page_/td_R 15"), "value")): Attribute 'value' of object 'Object Repository/CDT12 - CDT13/Page_/td_Chocolate' is: 'null'

2023-11-29 12:04:55 - [MESSAGE][PASSED] - Attribute 'value' of object 'Object Repository/CDT12 - CDT13/Page_/td_Chocolate' is: 'null'

2023-11-29 12:04:55 - [TEST_STEP][FAILED] - else: Web element with id: 'Object Repository/CDT12 - CDT13/Page_/td_R 15' located by 'By.cssSelector: tr:last-child td:nth-child(4)' is present after '30' second(s) (Root cause: com.kms.katalon.core.exception.StepFailedException: Web element with id: 'Object Repository/CDT12 - CDT13/Page_/td_R 15' located by 'By.cssSelector: tr:last-child td:nth-child(4)' is present after '30' second(s)
	at com.kms.katalon.core.webui.keyword.internal.WebUIKeywordMain.stepFailed(WebUIKeywordMain.groovy:64)
	at com.kms.katalon.core.webui.keyword.internal.WebUIKeywordMain$stepFailed$0.call(Unknown Source)
	at com.kms.katalon.core.webui.keyword.builtin.VerifyElementNotPresentKeyword$_verifyElementNotPresent_closure1.doCall(VerifyElementNotPresentKeyword.groovy:113)
	at com.kms.katalon.core.webui.keyword.builtin.VerifyElementNotPresentKeyword$_verifyElementNotPresent_closure1.doCall(VerifyElementNotPresentKeyword.groovy)
	at com.kms.katalon.core.webui.keyword.internal.WebUIKeywordMain.runKeyword(WebUIKeywordMain.groovy:20)
	at com.kms.katalon.core.webui.keyword.internal.WebUIKeywordMain$runKeyword.call(Unknown Source)
	at com.kms.katalon.core.webui.keyword.builtin.VerifyElementNotPresentKeyword.verifyElementNotPresent(VerifyElementNotPresentKeyword.groovy:122)
	at com.kms.katalon.core.webui.keyword.builtin.VerifyElementNotPresentKeyword.execute(VerifyElementNotPresentKeyword.groovy:68)
	at com.kms.katalon.core.keyword.internal.KeywordExecutor.executeKeywordForPlatform(KeywordExecutor.groovy:74)
	at com.kms.katalon.core.webui.keyword.WebUiBuiltInKeywords.verifyElementNotPresent(WebUiBuiltInKeywords.groovy:1481)
	at com.kms.katalon.core.webui.keyword.WebUiBuiltInKeywords$verifyElementNotPresent$7.call(Unknown Source)
	at CDT13 - RF11 - Deletar pizza de dois sabores.run(CDT13 - RF11 - Deletar pizza de dois sabores:71)
	at com.kms.katalon.core.main.ScriptEngine.run(ScriptEngine.java:194)
	at com.kms.katalon.core.main.ScriptEngine.runScriptAsRawText(ScriptEngine.java:119)
	at com.kms.katalon.core.main.TestCaseExecutor.runScript(TestCaseExecutor.java:448)
	at com.kms.katalon.core.main.TestCaseExecutor.doExecute(TestCaseExecutor.java:439)
	at com.kms.katalon.core.main.TestCaseExecutor.processExecutionPhase(TestCaseExecutor.java:418)
	at com.kms.katalon.core.main.TestCaseExecutor.accessMainPhase(TestCaseExecutor.java:410)
	at com.kms.katalon.core.main.TestCaseExecutor.execute(TestCaseExecutor.java:285)
	at com.kms.katalon.core.common.CommonExecutor.accessTestCaseMainPhase(CommonExecutor.java:65)
	at com.kms.katalon.core.main.TestSuiteExecutor.accessTestSuiteMainPhase(TestSuiteExecutor.java:148)
	at com.kms.katalon.core.main.TestSuiteExecutor.execute(TestSuiteExecutor.java:106)
	at com.kms.katalon.core.main.TestCaseMain.startTestSuite(TestCaseMain.java:187)
	at com.kms.katalon.core.main.TestCaseMain$startTestSuite$0.call(Unknown Source)
	at TempTestSuite1701269945786.run(TempTestSuite1701269945786.groovy:36)
)

2023-11-29 12:04:55 - [TEST_STEP][FAILED] - verifyElementNotPresent(findTestObject("Object Repository/CDT12 - CDT13/Page_/td_R 15"), 0, CONTINUE_ON_FAILURE): Web element with id: 'Object Repository/CDT12 - CDT13/Page_/td_R 15' located by 'By.cssSelector: tr:last-child td:nth-child(4)' is present after '30' second(s) (Root cause: com.kms.katalon.core.exception.StepFailedException: Web element with id: 'Object Repository/CDT12 - CDT13/Page_/td_R 15' located by 'By.cssSelector: tr:last-child td:nth-child(4)' is present after '30' second(s)
	at com.kms.katalon.core.webui.keyword.internal.WebUIKeywordMain.stepFailed(WebUIKeywordMain.groovy:64)
	at com.kms.katalon.core.webui.keyword.internal.WebUIKeywordMain$stepFailed$0.call(Unknown Source)
	at com.kms.katalon.core.webui.keyword.builtin.VerifyElementNotPresentKeyword$_verifyElementNotPresent_closure1.doCall(VerifyElementNotPresentKeyword.groovy:113)
	at com.kms.katalon.core.webui.keyword.builtin.VerifyElementNotPresentKeyword$_verifyElementNotPresent_closure1.doCall(VerifyElementNotPresentKeyword.groovy)
	at com.kms.katalon.core.webui.keyword.internal.WebUIKeywordMain.runKeyword(WebUIKeywordMain.groovy:20)
	at com.kms.katalon.core.webui.keyword.internal.WebUIKeywordMain$runKeyword.call(Unknown Source)
	at com.kms.katalon.core.webui.keyword.builtin.VerifyElementNotPresentKeyword.verifyElementNotPresent(VerifyElementNotPresentKeyword.groovy:122)
	at com.kms.katalon.core.webui.keyword.builtin.VerifyElementNotPresentKeyword.execute(VerifyElementNotPresentKeyword.groovy:68)
	at com.kms.katalon.core.keyword.internal.KeywordExecutor.executeKeywordForPlatform(KeywordExecutor.groovy:74)
	at com.kms.katalon.core.webui.keyword.WebUiBuiltInKeywords.verifyElementNotPresent(WebUiBuiltInKeywords.groovy:1481)
	at com.kms.katalon.core.webui.keyword.WebUiBuiltInKeywords$verifyElementNotPresent$7.call(Unknown Source)
	at CDT13 - RF11 - Deletar pizza de dois sabores.run(CDT13 - RF11 - Deletar pizza de dois sabores:71)
	at com.kms.katalon.core.main.ScriptEngine.run(ScriptEngine.java:194)
	at com.kms.katalon.core.main.ScriptEngine.runScriptAsRawText(ScriptEngine.java:119)
	at com.kms.katalon.core.main.TestCaseExecutor.runScript(TestCaseExecutor.java:448)
	at com.kms.katalon.core.main.TestCaseExecutor.doExecute(TestCaseExecutor.java:439)
	at com.kms.katalon.core.main.TestCaseExecutor.processExecutionPhase(TestCaseExecutor.java:418)
	at com.kms.katalon.core.main.TestCaseExecutor.accessMainPhase(TestCaseExecutor.java:410)
	at com.kms.katalon.core.main.TestCaseExecutor.execute(TestCaseExecutor.java:285)
	at com.kms.katalon.core.common.CommonExecutor.accessTestCaseMainPhase(CommonExecutor.java:65)
	at com.kms.katalon.core.main.TestSuiteExecutor.accessTestSuiteMainPhase(TestSuiteExecutor.java:148)
	at com.kms.katalon.core.main.TestSuiteExecutor.execute(TestSuiteExecutor.java:106)
	at com.kms.katalon.core.main.TestCaseMain.startTestSuite(TestCaseMain.java:187)
	at com.kms.katalon.core.main.TestCaseMain$startTestSuite$0.call(Unknown Source)
	at TempTestSuite1701269945786.run(TempTestSuite1701269945786.groovy:36)
)

2023-11-29 12:04:55 - [MESSAGE][WARNING] - Timeout '0' is invalid. Using default page load timeout: '30'

2023-11-29 12:05:26 - [MESSAGE][FAILED] - Web element with id: 'Object Repository/CDT12 - CDT13/Page_/td_R 15' located by 'By.cssSelector: tr:last-child td:nth-child(4)' is present after '30' second(s) (Root cause: com.kms.katalon.core.exception.StepFailedException: Web element with id: 'Object Repository/CDT12 - CDT13/Page_/td_R 15' located by 'By.cssSelector: tr:last-child td:nth-child(4)' is present after '30' second(s)
	at com.kms.katalon.core.webui.keyword.internal.WebUIKeywordMain.stepFailed(WebUIKeywordMain.groovy:64)
	at com.kms.katalon.core.webui.keyword.internal.WebUIKeywordMain$stepFailed$0.call(Unknown Source)
	at com.kms.katalon.core.webui.keyword.builtin.VerifyElementNotPresentKeyword$_verifyElementNotPresent_closure1.doCall(VerifyElementNotPresentKeyword.groovy:113)
	at com.kms.katalon.core.webui.keyword.builtin.VerifyElementNotPresentKeyword$_verifyElementNotPresent_closure1.doCall(VerifyElementNotPresentKeyword.groovy)
	at com.kms.katalon.core.webui.keyword.internal.WebUIKeywordMain.runKeyword(WebUIKeywordMain.groovy:20)
	at com.kms.katalon.core.webui.keyword.internal.WebUIKeywordMain$runKeyword.call(Unknown Source)
	at com.kms.katalon.core.webui.keyword.builtin.VerifyElementNotPresentKeyword.verifyElementNotPresent(VerifyElementNotPresentKeyword.groovy:122)
	at com.kms.katalon.core.webui.keyword.builtin.VerifyElementNotPresentKeyword.execute(VerifyElementNotPresentKeyword.groovy:68)
	at com.kms.katalon.core.keyword.internal.KeywordExecutor.executeKeywordForPlatform(KeywordExecutor.groovy:74)
	at com.kms.katalon.core.webui.keyword.WebUiBuiltInKeywords.verifyElementNotPresent(WebUiBuiltInKeywords.groovy:1481)
	at com.kms.katalon.core.webui.keyword.WebUiBuiltInKeywords$verifyElementNotPresent$7.call(Unknown Source)
	at CDT13 - RF11 - Deletar pizza de dois sabores.run(CDT13 - RF11 - Deletar pizza de dois sabores:71)
	at com.kms.katalon.core.main.ScriptEngine.run(ScriptEngine.java:194)
	at com.kms.katalon.core.main.ScriptEngine.runScriptAsRawText(ScriptEngine.java:119)
	at com.kms.katalon.core.main.TestCaseExecutor.runScript(TestCaseExecutor.java:448)
	at com.kms.katalon.core.main.TestCaseExecutor.doExecute(TestCaseExecutor.java:439)
	at com.kms.katalon.core.main.TestCaseExecutor.processExecutionPhase(TestCaseExecutor.java:418)
	at com.kms.katalon.core.main.TestCaseExecutor.accessMainPhase(TestCaseExecutor.java:410)
	at com.kms.katalon.core.main.TestCaseExecutor.execute(TestCaseExecutor.java:285)
	at com.kms.katalon.core.common.CommonExecutor.accessTestCaseMainPhase(CommonExecutor.java:65)
	at com.kms.katalon.core.main.TestSuiteExecutor.accessTestSuiteMainPhase(TestSuiteExecutor.java:148)
	at com.kms.katalon.core.main.TestSuiteExecutor.execute(TestSuiteExecutor.java:106)
	at com.kms.katalon.core.main.TestCaseMain.startTestSuite(TestCaseMain.java:187)
	at com.kms.katalon.core.main.TestCaseMain$startTestSuite$0.call(Unknown Source)
	at TempTestSuite1701269945786.run(TempTestSuite1701269945786.groovy:36)
)
[[ATTACHMENT|C:\\Users\\isaba\\Downloads\\TMS-T2-E1\\TMS-T2-E1\\T2\\Reports\\20231129_115905\\Teste de Integra\u00E7\u00E3o\\20231129_115905\\1701270326350.png]]

2023-11-29 12:05:26 - [TEST_STEP][PASSED] - closeBrowser(CONTINUE_ON_FAILURE): Browser is closed

2023-11-29 12:05:27 - [MESSAGE][PASSED] - Browser is closed]]></system-out>
         <system-err><![CDATA[2023-11-29 12:04:38 - [TEST_CASE][FAILED] - Test Cases/CDT13 - RF11 - Deletar pizza de dois sabores: Test Cases/CDT13 - RF11 - Deletar pizza de dois sabores FAILED.
Reason:
com.kms.katalon.core.exception.StepFailedException: Web element with id: 'Object Repository/CDT12 - CDT13/Page_/td_R 15' located by 'By.cssSelector: tr:last-child td:nth-child(4)' is present after '30' second(s) (Root cause: com.kms.katalon.core.exception.StepFailedException: Web element with id: 'Object Repository/CDT12 - CDT13/Page_/td_R 15' located by 'By.cssSelector: tr:last-child td:nth-child(4)' is present after '30' second(s)
	at com.kms.katalon.core.webui.keyword.internal.WebUIKeywordMain.stepFailed(WebUIKeywordMain.groovy:64)
	at com.kms.katalon.core.webui.keyword.internal.WebUIKeywordMain$stepFailed$0.call(Unknown Source)
	at com.kms.katalon.core.webui.keyword.builtin.VerifyElementNotPresentKeyword$_verifyElementNotPresent_closure1.doCall(VerifyElementNotPresentKeyword.groovy:113)
	at com.kms.katalon.core.webui.keyword.builtin.VerifyElementNotPresentKeyword$_verifyElementNotPresent_closure1.doCall(VerifyElementNotPresentKeyword.groovy)
	at com.kms.katalon.core.webui.keyword.internal.WebUIKeywordMain.runKeyword(WebUIKeywordMain.groovy:20)
	at com.kms.katalon.core.webui.keyword.internal.WebUIKeywordMain$runKeyword.call(Unknown Source)
	at com.kms.katalon.core.webui.keyword.builtin.VerifyElementNotPresentKeyword.verifyElementNotPresent(VerifyElementNotPresentKeyword.groovy:122)
	at com.kms.katalon.core.webui.keyword.builtin.VerifyElementNotPresentKeyword.execute(VerifyElementNotPresentKeyword.groovy:68)
	at com.kms.katalon.core.keyword.internal.KeywordExecutor.executeKeywordForPlatform(KeywordExecutor.groovy:74)
	at com.kms.katalon.core.webui.keyword.WebUiBuiltInKeywords.verifyElementNotPresent(WebUiBuiltInKeywords.groovy:1481)
	at com.kms.katalon.core.webui.keyword.WebUiBuiltInKeywords$verifyElementNotPresent$7.call(Unknown Source)
	at CDT13 - RF11 - Deletar pizza de dois sabores.run(CDT13 - RF11 - Deletar pizza de dois sabores:71)
	at com.kms.katalon.core.main.ScriptEngine.run(ScriptEngine.java:194)
	at com.kms.katalon.core.main.ScriptEngine.runScriptAsRawText(ScriptEngine.java:119)
	at com.kms.katalon.core.main.TestCaseExecutor.runScript(TestCaseExecutor.java:448)
	at com.kms.katalon.core.main.TestCaseExecutor.doExecute(TestCaseExecutor.java:439)
	at com.kms.katalon.core.main.TestCaseExecutor.processExecutionPhase(TestCaseExecutor.java:418)
	at com.kms.katalon.core.main.TestCaseExecutor.accessMainPhase(TestCaseExecutor.java:410)
	at com.kms.katalon.core.main.TestCaseExecutor.execute(TestCaseExecutor.java:285)
	at com.kms.katalon.core.common.CommonExecutor.accessTestCaseMainPhase(CommonExecutor.java:65)
	at com.kms.katalon.core.main.TestSuiteExecutor.accessTestSuiteMainPhase(TestSuiteExecutor.java:148)
	at com.kms.katalon.core.main.TestSuiteExecutor.execute(TestSuiteExecutor.java:106)
	at com.kms.katalon.core.main.TestCaseMain.startTestSuite(TestCaseMain.java:187)
	at com.kms.katalon.core.main.TestCaseMain$startTestSuite$0.call(Unknown Source)
	at TempTestSuite1701269945786.run(TempTestSuite1701269945786.groovy:36)
)
	at com.kms.katalon.core.keyword.internal.KeywordMain.stepFailed(KeywordMain.groovy:39)
	at com.kms.katalon.core.webui.keyword.internal.WebUIKeywordMain.stepFailed(WebUIKeywordMain.groovy:64)
	at com.kms.katalon.core.webui.keyword.internal.WebUIKeywordMain$stepFailed$0.call(Unknown Source)
	at com.kms.katalon.core.webui.keyword.builtin.VerifyElementNotPresentKeyword$_verifyElementNotPresent_closure1.doCall(VerifyElementNotPresentKeyword.groovy:113)
	at com.kms.katalon.core.webui.keyword.builtin.VerifyElementNotPresentKeyword$_verifyElementNotPresent_closure1.doCall(VerifyElementNotPresentKeyword.groovy)
	at com.kms.katalon.core.webui.keyword.internal.WebUIKeywordMain.runKeyword(WebUIKeywordMain.groovy:20)
	at com.kms.katalon.core.webui.keyword.internal.WebUIKeywordMain$runKeyword.call(Unknown Source)
	at com.kms.katalon.core.webui.keyword.builtin.VerifyElementNotPresentKeyword.verifyElementNotPresent(VerifyElementNotPresentKeyword.groovy:122)
	at com.kms.katalon.core.webui.keyword.builtin.VerifyElementNotPresentKeyword.execute(VerifyElementNotPresentKeyword.groovy:68)
	at com.kms.katalon.core.keyword.internal.KeywordExecutor.executeKeywordForPlatform(KeywordExecutor.groovy:74)
	at com.kms.katalon.core.webui.keyword.WebUiBuiltInKeywords.verifyElementNotPresent(WebUiBuiltInKeywords.groovy:1481)
	at com.kms.katalon.core.webui.keyword.WebUiBuiltInKeywords$verifyElementNotPresent$7.call(Unknown Source)
	at CDT13 - RF11 - Deletar pizza de dois sabores.run(CDT13 - RF11 - Deletar pizza de dois sabores:71)
	at com.kms.katalon.core.main.ScriptEngine.run(ScriptEngine.java:194)
	at com.kms.katalon.core.main.ScriptEngine.runScriptAsRawText(ScriptEngine.java:119)
	at com.kms.katalon.core.main.TestCaseExecutor.runScript(TestCaseExecutor.java:448)
	at com.kms.katalon.core.main.TestCaseExecutor.doExecute(TestCaseExecutor.java:439)
	at com.kms.katalon.core.main.TestCaseExecutor.processExecutionPhase(TestCaseExecutor.java:418)
	at com.kms.katalon.core.main.TestCaseExecutor.accessMainPhase(TestCaseExecutor.java:410)
	at com.kms.katalon.core.main.TestCaseExecutor.execute(TestCaseExecutor.java:285)
	at com.kms.katalon.core.common.CommonExecutor.accessTestCaseMainPhase(CommonExecutor.java:65)
	at com.kms.katalon.core.main.TestSuiteExecutor.accessTestSuiteMainPhase(TestSuiteExecutor.java:148)
	at com.kms.katalon.core.main.TestSuiteExecutor.execute(TestSuiteExecutor.java:106)
	at com.kms.katalon.core.main.TestCaseMain.startTestSuite(TestCaseMain.java:187)
	at com.kms.katalon.core.main.TestCaseMain$startTestSuite$0.call(Unknown Source)
	at TempTestSuite1701269945786.run(TempTestSuite1701269945786.groovy:36)
Caused by: com.kms.katalon.core.exception.StepFailedException: Web element with id: 'Object Repository/CDT12 - CDT13/Page_/td_R 15' located by 'By.cssSelector: tr:last-child td:nth-child(4)' is present after '30' second(s)
	... 25 more]]></system-err>
      </testcase>
      <testcase name="Test Cases/CDT14 - RF15 - Alterar dados do restaurante com um dos campos obrigatorios vazios" time="13.928" classname="Test Cases/CDT14 - RF15 - Alterar dados do restaurante com um dos campos obrigatorios vazios" status="ERROR">
         <error type="ERROR" message="Test Cases/CDT14 - RF15 - Alterar dados do restaurante com um dos campos obrigatorios vazios FAILED.
Reason:
groovy.lang.MissingMethodException: No signature of method: static com.kms.katalon.core.webui.keyword.WebUiBuiltInKeywords.verifyElementPresent() is applicable for argument types: (com.kms.katalon.core.testobject.TestObject, java.lang.Integer, java.lang.String, com.kms.katalon.core.model.FailureHandling) values: [TestObject - 'Object Repository/CDT14 - CDT15/Page_/div_Dados alterados com sucesso', ...]
Possible solutions: verifyElementPresent(com.kms.katalon.core.testobject.TestObject, int, com.kms.katalon.core.model.FailureHandling), verifyElementPresent(com.kms.katalon.core.testobject.TestObject, int), verifyElementNotPresent(com.kms.katalon.core.testobject.TestObject, int, com.kms.katalon.core.model.FailureHandling), verifyElementNotPresent(com.kms.katalon.core.testobject.TestObject, int)
	at CDT14 - RF15 - Alterar dados do restaurante com um dos campos obrigatorios vazios.run(CDT14 - RF15 - Alterar dados do restaurante com um dos campos obrigatorios vazios:40)
	at com.kms.katalon.core.main.ScriptEngine.run(ScriptEngine.java:194)
	at com.kms.katalon.core.main.ScriptEngine.runScriptAsRawText(ScriptEngine.java:119)
	at com.kms.katalon.core.main.TestCaseExecutor.runScript(TestCaseExecutor.java:448)
	at com.kms.katalon.core.main.TestCaseExecutor.doExecute(TestCaseExecutor.java:439)
	at com.kms.katalon.core.main.TestCaseExecutor.processExecutionPhase(TestCaseExecutor.java:418)
	at com.kms.katalon.core.main.TestCaseExecutor.accessMainPhase(TestCaseExecutor.java:410)
	at com.kms.katalon.core.main.TestCaseExecutor.execute(TestCaseExecutor.java:285)
	at com.kms.katalon.core.common.CommonExecutor.accessTestCaseMainPhase(CommonExecutor.java:65)
	at com.kms.katalon.core.main.TestSuiteExecutor.accessTestSuiteMainPhase(TestSuiteExecutor.java:148)
	at com.kms.katalon.core.main.TestSuiteExecutor.execute(TestSuiteExecutor.java:106)
	at com.kms.katalon.core.main.TestCaseMain.startTestSuite(TestCaseMain.java:187)
	at com.kms.katalon.core.main.TestCaseMain$startTestSuite$0.call(Unknown Source)
	at TempTestSuite1701269945786.run(TempTestSuite1701269945786.groovy:36)
"/>
         <system-out><![CDATA[2023-11-29 12:05:27 - [TEST_CASE][ERROR] - Test Cases/CDT14 - RF15 - Alterar dados do restaurante com um dos campos obrigatorios vazios: Test Cases/CDT14 - RF15 - Alterar dados do restaurante com um dos campos obrigatorios vazios FAILED.
Reason:
groovy.lang.MissingMethodException: No signature of method: static com.kms.katalon.core.webui.keyword.WebUiBuiltInKeywords.verifyElementPresent() is applicable for argument types: (com.kms.katalon.core.testobject.TestObject, java.lang.Integer, java.lang.String, com.kms.katalon.core.model.FailureHandling) values: [TestObject - 'Object Repository/CDT14 - CDT15/Page_/div_Dados alterados com sucesso', ...]
Possible solutions: verifyElementPresent(com.kms.katalon.core.testobject.TestObject, int, com.kms.katalon.core.model.FailureHandling), verifyElementPresent(com.kms.katalon.core.testobject.TestObject, int), verifyElementNotPresent(com.kms.katalon.core.testobject.TestObject, int, com.kms.katalon.core.model.FailureHandling), verifyElementNotPresent(com.kms.katalon.core.testobject.TestObject, int)
	at CDT14 - RF15 - Alterar dados do restaurante com um dos campos obrigatorios vazios.run(CDT14 - RF15 - Alterar dados do restaurante com um dos campos obrigatorios vazios:40)
	at com.kms.katalon.core.main.ScriptEngine.run(ScriptEngine.java:194)
	at com.kms.katalon.core.main.ScriptEngine.runScriptAsRawText(ScriptEngine.java:119)
	at com.kms.katalon.core.main.TestCaseExecutor.runScript(TestCaseExecutor.java:448)
	at com.kms.katalon.core.main.TestCaseExecutor.doExecute(TestCaseExecutor.java:439)
	at com.kms.katalon.core.main.TestCaseExecutor.processExecutionPhase(TestCaseExecutor.java:418)
	at com.kms.katalon.core.main.TestCaseExecutor.accessMainPhase(TestCaseExecutor.java:410)
	at com.kms.katalon.core.main.TestCaseExecutor.execute(TestCaseExecutor.java:285)
	at com.kms.katalon.core.common.CommonExecutor.accessTestCaseMainPhase(CommonExecutor.java:65)
	at com.kms.katalon.core.main.TestSuiteExecutor.accessTestSuiteMainPhase(TestSuiteExecutor.java:148)
	at com.kms.katalon.core.main.TestSuiteExecutor.execute(TestSuiteExecutor.java:106)
	at com.kms.katalon.core.main.TestCaseMain.startTestSuite(TestCaseMain.java:187)
	at com.kms.katalon.core.main.TestCaseMain$startTestSuite$0.call(Unknown Source)
	at TempTestSuite1701269945786.run(TempTestSuite1701269945786.groovy:36)


2023-11-29 12:05:27 - [TEST_STEP][PASSED] - openBrowser("", CONTINUE_ON_FAILURE): Browser is opened with url: ''

2023-11-29 12:05:27 - [MESSAGE][INFO] - Starting 'Chrome' driver

2023-11-29 12:05:27 - [MESSAGE][INFO] - Action delay is set to 0 milliseconds

2023-11-29 12:05:29 - [MESSAGE][PASSED] - Browser is opened with url: ''

2023-11-29 12:05:29 - [TEST_STEP][PASSED] - navigateToUrl("http://localhost/pizzaWeb2.0/site/", CONTINUE_ON_FAILURE): Navigate to 'http://localhost/pizzaWeb2.0/site/' successfully

2023-11-29 12:05:32 - [MESSAGE][PASSED] - Navigate to 'http://localhost/pizzaWeb2.0/site/' successfully

2023-11-29 12:05:32 - [TEST_STEP][PASSED] - click(findTestObject("Object Repository/CDT14 - CDT15/Page_PizzaWeb/a_Entrar"), CONTINUE_ON_FAILURE): Object: 'Object Repository/CDT14 - CDT15/Page_PizzaWeb/a_Entrar' is clicked on

2023-11-29 12:05:33 - [MESSAGE][PASSED] - Object: 'Object Repository/CDT14 - CDT15/Page_PizzaWeb/a_Entrar' is clicked on

2023-11-29 12:05:33 - [TEST_STEP][PASSED] - callTestCase(findTestCase("CDT02 - login simple"), ["usuario":"admin", "senha":"admin"], CONTINUE_ON_FAILURE): Call Test Case 'Test Cases/CDT02 - login simple' successfully

2023-11-29 12:05:33 - [TEST_CASE][PASSED] - Test Cases/CDT02 - login simple: Test Cases/CDT02 - login simple

2023-11-29 12:05:33 - [TEST_STEP][PASSED] - setText(findTestObject("Object Repository/CDT01 - CDT02/Page_Login/input_Entrar_login"), usuario, CONTINUE_ON_FAILURE): Text 'admin' is set on object 'Object Repository/CDT01 - CDT02/Page_Login/input_Entrar_login'

2023-11-29 12:05:34 - [MESSAGE][PASSED] - Text 'admin' is set on object 'Object Repository/CDT01 - CDT02/Page_Login/input_Entrar_login'

2023-11-29 12:05:34 - [TEST_STEP][PASSED] - setText(findTestObject("Object Repository/CDT01 - CDT02/Page_Login/input_Entrar_senha"), senha, CONTINUE_ON_FAILURE): Text 'admin' is set on object 'Object Repository/CDT01 - CDT02/Page_Login/input_Entrar_senha'

2023-11-29 12:05:34 - [MESSAGE][PASSED] - Text 'admin' is set on object 'Object Repository/CDT01 - CDT02/Page_Login/input_Entrar_senha'

2023-11-29 12:05:34 - [TEST_STEP][PASSED] - click(findTestObject("Object Repository/CDT01 - CDT02/Page_Login/button_Login"), CONTINUE_ON_FAILURE): Object: 'Object Repository/CDT01 - CDT02/Page_Login/button_Login' is clicked on

2023-11-29 12:05:35 - [MESSAGE][PASSED] - Object: 'Object Repository/CDT01 - CDT02/Page_Login/button_Login' is clicked on

2023-11-29 12:05:35 - [MESSAGE][PASSED] - Call Test Case 'Test Cases/CDT02 - login simple' successfully

2023-11-29 12:05:35 - [TEST_STEP][PASSED] - click(findTestObject("Object Repository/CDT14 - CDT15/Page_PizzaWeb/a_Gerenciar"), CONTINUE_ON_FAILURE): Object: 'Object Repository/CDT14 - CDT15/Page_PizzaWeb/a_Gerenciar' is clicked on

2023-11-29 12:05:36 - [MESSAGE][PASSED] - Object: 'Object Repository/CDT14 - CDT15/Page_PizzaWeb/a_Gerenciar' is clicked on

2023-11-29 12:05:36 - [TEST_STEP][PASSED] - navigateToUrl("http://localhost/pizzaWeb2.0/site/administrador.php", CONTINUE_ON_FAILURE): Navigate to 'http://localhost/pizzaWeb2.0/site/administrador.php' successfully

2023-11-29 12:05:36 - [MESSAGE][PASSED] - Navigate to 'http://localhost/pizzaWeb2.0/site/administrador.php' successfully

2023-11-29 12:05:36 - [TEST_STEP][PASSED] - click(findTestObject("Object Repository/CDT14 - CDT15/Page_/a_Gerenciar Restaurantes"), CONTINUE_ON_FAILURE): Object: 'Object Repository/CDT14 - CDT15/Page_/a_Gerenciar Restaurantes' is clicked on

2023-11-29 12:05:37 - [MESSAGE][PASSED] - Object: 'Object Repository/CDT14 - CDT15/Page_/a_Gerenciar Restaurantes' is clicked on

2023-11-29 12:05:37 - [TEST_STEP][PASSED] - click(findTestObject("Object Repository/CDT14 - CDT15/Page_/input_editar"), CONTINUE_ON_FAILURE): Object: 'Object Repository/CDT14 - CDT15/Page_/input_editar' is clicked on

2023-11-29 12:05:38 - [MESSAGE][PASSED] - Object: 'Object Repository/CDT14 - CDT15/Page_/input_editar' is clicked on

2023-11-29 12:05:38 - [TEST_STEP][PASSED] - setText(findTestObject("Object Repository/CDT14 - CDT15/Page_/input_cidade"), "", CONTINUE_ON_FAILURE): Text '' is set on object 'Object Repository/CDT14 - CDT15/Page_/input_cidade'

2023-11-29 12:05:38 - [MESSAGE][PASSED] - Text '' is set on object 'Object Repository/CDT14 - CDT15/Page_/input_cidade'

2023-11-29 12:05:38 - [TEST_STEP][PASSED] - click(findTestObject("CDT14 - CDT15/Page_/input_confirmarcadastro"), CONTINUE_ON_FAILURE): Object: 'Object Repository/CDT14 - CDT15/Page_/input_confirmarcadastro' is clicked on

2023-11-29 12:05:40 - [MESSAGE][PASSED] - Object: 'Object Repository/CDT14 - CDT15/Page_/input_confirmarcadastro' is clicked on

2023-11-29 12:05:40 - [TEST_STEP][ERROR] - verifyElementPresent(findTestObject("Object Repository/CDT14 - CDT15/Page_/div_Dados alterados com sucesso"), 1, "falha ocorrida devido a aplicação não aceitar campos obrigatorios vazios", CONTINUE_ON_FAILURE): Test Cases/CDT14 - RF15 - Alterar dados do restaurante com um dos campos obrigatorios vazios FAILED.
Reason:
groovy.lang.MissingMethodException: No signature of method: static com.kms.katalon.core.webui.keyword.WebUiBuiltInKeywords.verifyElementPresent() is applicable for argument types: (com.kms.katalon.core.testobject.TestObject, java.lang.Integer, java.lang.String, com.kms.katalon.core.model.FailureHandling) values: [TestObject - 'Object Repository/CDT14 - CDT15/Page_/div_Dados alterados com sucesso', ...]
Possible solutions: verifyElementPresent(com.kms.katalon.core.testobject.TestObject, int, com.kms.katalon.core.model.FailureHandling), verifyElementPresent(com.kms.katalon.core.testobject.TestObject, int), verifyElementNotPresent(com.kms.katalon.core.testobject.TestObject, int, com.kms.katalon.core.model.FailureHandling), verifyElementNotPresent(com.kms.katalon.core.testobject.TestObject, int)
	at CDT14 - RF15 - Alterar dados do restaurante com um dos campos obrigatorios vazios.run(CDT14 - RF15 - Alterar dados do restaurante com um dos campos obrigatorios vazios:40)
	at com.kms.katalon.core.main.ScriptEngine.run(ScriptEngine.java:194)
	at com.kms.katalon.core.main.ScriptEngine.runScriptAsRawText(ScriptEngine.java:119)
	at com.kms.katalon.core.main.TestCaseExecutor.runScript(TestCaseExecutor.java:448)
	at com.kms.katalon.core.main.TestCaseExecutor.doExecute(TestCaseExecutor.java:439)
	at com.kms.katalon.core.main.TestCaseExecutor.processExecutionPhase(TestCaseExecutor.java:418)
	at com.kms.katalon.core.main.TestCaseExecutor.accessMainPhase(TestCaseExecutor.java:410)
	at com.kms.katalon.core.main.TestCaseExecutor.execute(TestCaseExecutor.java:285)
	at com.kms.katalon.core.common.CommonExecutor.accessTestCaseMainPhase(CommonExecutor.java:65)
	at com.kms.katalon.core.main.TestSuiteExecutor.accessTestSuiteMainPhase(TestSuiteExecutor.java:148)
	at com.kms.katalon.core.main.TestSuiteExecutor.execute(TestSuiteExecutor.java:106)
	at com.kms.katalon.core.main.TestCaseMain.startTestSuite(TestCaseMain.java:187)
	at com.kms.katalon.core.main.TestCaseMain$startTestSuite$0.call(Unknown Source)
	at TempTestSuite1701269945786.run(TempTestSuite1701269945786.groovy:36)


2023-11-29 12:05:41 - [MESSAGE][ERROR] - Test Cases/CDT14 - RF15 - Alterar dados do restaurante com um dos campos obrigatorios vazios FAILED.
Reason:
groovy.lang.MissingMethodException: No signature of method: static com.kms.katalon.core.webui.keyword.WebUiBuiltInKeywords.verifyElementPresent() is applicable for argument types: (com.kms.katalon.core.testobject.TestObject, java.lang.Integer, java.lang.String, com.kms.katalon.core.model.FailureHandling) values: [TestObject - 'Object Repository/CDT14 - CDT15/Page_/div_Dados alterados com sucesso', ...]
Possible solutions: verifyElementPresent(com.kms.katalon.core.testobject.TestObject, int, com.kms.katalon.core.model.FailureHandling), verifyElementPresent(com.kms.katalon.core.testobject.TestObject, int), verifyElementNotPresent(com.kms.katalon.core.testobject.TestObject, int, com.kms.katalon.core.model.FailureHandling), verifyElementNotPresent(com.kms.katalon.core.testobject.TestObject, int)
	at CDT14 - RF15 - Alterar dados do restaurante com um dos campos obrigatorios vazios.run(CDT14 - RF15 - Alterar dados do restaurante com um dos campos obrigatorios vazios:40)
	at com.kms.katalon.core.main.ScriptEngine.run(ScriptEngine.java:194)
	at com.kms.katalon.core.main.ScriptEngine.runScriptAsRawText(ScriptEngine.java:119)
	at com.kms.katalon.core.main.TestCaseExecutor.runScript(TestCaseExecutor.java:448)
	at com.kms.katalon.core.main.TestCaseExecutor.doExecute(TestCaseExecutor.java:439)
	at com.kms.katalon.core.main.TestCaseExecutor.processExecutionPhase(TestCaseExecutor.java:418)
	at com.kms.katalon.core.main.TestCaseExecutor.accessMainPhase(TestCaseExecutor.java:410)
	at com.kms.katalon.core.main.TestCaseExecutor.execute(TestCaseExecutor.java:285)
	at com.kms.katalon.core.common.CommonExecutor.accessTestCaseMainPhase(CommonExecutor.java:65)
	at com.kms.katalon.core.main.TestSuiteExecutor.accessTestSuiteMainPhase(TestSuiteExecutor.java:148)
	at com.kms.katalon.core.main.TestSuiteExecutor.execute(TestSuiteExecutor.java:106)
	at com.kms.katalon.core.main.TestCaseMain.startTestSuite(TestCaseMain.java:187)
	at com.kms.katalon.core.main.TestCaseMain$startTestSuite$0.call(Unknown Source)
	at TempTestSuite1701269945786.run(TempTestSuite1701269945786.groovy:36)]]></system-out>
         <system-err><![CDATA[2023-11-29 12:05:27 - [TEST_CASE][ERROR] - Test Cases/CDT14 - RF15 - Alterar dados do restaurante com um dos campos obrigatorios vazios: Test Cases/CDT14 - RF15 - Alterar dados do restaurante com um dos campos obrigatorios vazios FAILED.
Reason:
groovy.lang.MissingMethodException: No signature of method: static com.kms.katalon.core.webui.keyword.WebUiBuiltInKeywords.verifyElementPresent() is applicable for argument types: (com.kms.katalon.core.testobject.TestObject, java.lang.Integer, java.lang.String, com.kms.katalon.core.model.FailureHandling) values: [TestObject - 'Object Repository/CDT14 - CDT15/Page_/div_Dados alterados com sucesso', ...]
Possible solutions: verifyElementPresent(com.kms.katalon.core.testobject.TestObject, int, com.kms.katalon.core.model.FailureHandling), verifyElementPresent(com.kms.katalon.core.testobject.TestObject, int), verifyElementNotPresent(com.kms.katalon.core.testobject.TestObject, int, com.kms.katalon.core.model.FailureHandling), verifyElementNotPresent(com.kms.katalon.core.testobject.TestObject, int)
	at CDT14 - RF15 - Alterar dados do restaurante com um dos campos obrigatorios vazios.run(CDT14 - RF15 - Alterar dados do restaurante com um dos campos obrigatorios vazios:40)
	at com.kms.katalon.core.main.ScriptEngine.run(ScriptEngine.java:194)
	at com.kms.katalon.core.main.ScriptEngine.runScriptAsRawText(ScriptEngine.java:119)
	at com.kms.katalon.core.main.TestCaseExecutor.runScript(TestCaseExecutor.java:448)
	at com.kms.katalon.core.main.TestCaseExecutor.doExecute(TestCaseExecutor.java:439)
	at com.kms.katalon.core.main.TestCaseExecutor.processExecutionPhase(TestCaseExecutor.java:418)
	at com.kms.katalon.core.main.TestCaseExecutor.accessMainPhase(TestCaseExecutor.java:410)
	at com.kms.katalon.core.main.TestCaseExecutor.execute(TestCaseExecutor.java:285)
	at com.kms.katalon.core.common.CommonExecutor.accessTestCaseMainPhase(CommonExecutor.java:65)
	at com.kms.katalon.core.main.TestSuiteExecutor.accessTestSuiteMainPhase(TestSuiteExecutor.java:148)
	at com.kms.katalon.core.main.TestSuiteExecutor.execute(TestSuiteExecutor.java:106)
	at com.kms.katalon.core.main.TestCaseMain.startTestSuite(TestCaseMain.java:187)
	at com.kms.katalon.core.main.TestCaseMain$startTestSuite$0.call(Unknown Source)
	at TempTestSuite1701269945786.run(TempTestSuite1701269945786.groovy:36)]]></system-err>
      </testcase>
      <testcase name="Test Cases/CDT15 - RF15 - Alterar dados do restaurante com todos os campos obrigatorios preenchidos" time="13.974" classname="Test Cases/CDT15 - RF15 - Alterar dados do restaurante com todos os campos obrigatorios preenchidos" status="PASSED">
         <system-out><![CDATA[2023-11-29 12:05:41 - [TEST_CASE][PASSED] - Test Cases/CDT15 - RF15 - Alterar dados do restaurante com todos os campos obrigatorios preenchidos: Test Cases/CDT15 - RF15 - Alterar dados do restaurante com todos os campos obrigatorios preenchidos

2023-11-29 12:05:41 - [TEST_STEP][PASSED] - openBrowser("", CONTINUE_ON_FAILURE): Browser is opened with url: ''

2023-11-29 12:05:41 - [MESSAGE][WARNING] - A browser is already opened. Closing browser and opening a new one

2023-11-29 12:05:42 - [MESSAGE][INFO] - Starting 'Chrome' driver

2023-11-29 12:05:42 - [MESSAGE][INFO] - Action delay is set to 0 milliseconds

2023-11-29 12:05:44 - [MESSAGE][PASSED] - Browser is opened with url: ''

2023-11-29 12:05:44 - [TEST_STEP][PASSED] - navigateToUrl("http://localhost/pizzaWeb2.0/site/", CONTINUE_ON_FAILURE): Navigate to 'http://localhost/pizzaWeb2.0/site/' successfully

2023-11-29 12:05:45 - [MESSAGE][PASSED] - Navigate to 'http://localhost/pizzaWeb2.0/site/' successfully

2023-11-29 12:05:45 - [TEST_STEP][PASSED] - click(findTestObject("Object Repository/CDT14 - CDT15/Page_PizzaWeb/a_Entrar"), CONTINUE_ON_FAILURE): Object: 'Object Repository/CDT14 - CDT15/Page_PizzaWeb/a_Entrar' is clicked on

2023-11-29 12:05:46 - [MESSAGE][PASSED] - Object: 'Object Repository/CDT14 - CDT15/Page_PizzaWeb/a_Entrar' is clicked on

2023-11-29 12:05:46 - [TEST_STEP][PASSED] - callTestCase(findTestCase("CDT02 - login simple"), ["usuario":"admin", "senha":"admin"], CONTINUE_ON_FAILURE): Call Test Case 'Test Cases/CDT02 - login simple' successfully

2023-11-29 12:05:46 - [TEST_CASE][PASSED] - Test Cases/CDT02 - login simple: Test Cases/CDT02 - login simple

2023-11-29 12:05:46 - [TEST_STEP][PASSED] - setText(findTestObject("Object Repository/CDT01 - CDT02/Page_Login/input_Entrar_login"), usuario, CONTINUE_ON_FAILURE): Text 'admin' is set on object 'Object Repository/CDT01 - CDT02/Page_Login/input_Entrar_login'

2023-11-29 12:05:47 - [MESSAGE][PASSED] - Text 'admin' is set on object 'Object Repository/CDT01 - CDT02/Page_Login/input_Entrar_login'

2023-11-29 12:05:47 - [TEST_STEP][PASSED] - setText(findTestObject("Object Repository/CDT01 - CDT02/Page_Login/input_Entrar_senha"), senha, CONTINUE_ON_FAILURE): Text 'admin' is set on object 'Object Repository/CDT01 - CDT02/Page_Login/input_Entrar_senha'

2023-11-29 12:05:48 - [MESSAGE][PASSED] - Text 'admin' is set on object 'Object Repository/CDT01 - CDT02/Page_Login/input_Entrar_senha'

2023-11-29 12:05:48 - [TEST_STEP][PASSED] - click(findTestObject("Object Repository/CDT01 - CDT02/Page_Login/button_Login"), CONTINUE_ON_FAILURE): Object: 'Object Repository/CDT01 - CDT02/Page_Login/button_Login' is clicked on

2023-11-29 12:05:48 - [MESSAGE][PASSED] - Object: 'Object Repository/CDT01 - CDT02/Page_Login/button_Login' is clicked on

2023-11-29 12:05:48 - [MESSAGE][PASSED] - Call Test Case 'Test Cases/CDT02 - login simple' successfully

2023-11-29 12:05:48 - [TEST_STEP][PASSED] - click(findTestObject("Object Repository/CDT14 - CDT15/Page_PizzaWeb/a_Gerenciar"), CONTINUE_ON_FAILURE): Object: 'Object Repository/CDT14 - CDT15/Page_PizzaWeb/a_Gerenciar' is clicked on

2023-11-29 12:05:49 - [MESSAGE][PASSED] - Object: 'Object Repository/CDT14 - CDT15/Page_PizzaWeb/a_Gerenciar' is clicked on

2023-11-29 12:05:49 - [TEST_STEP][PASSED] - navigateToUrl("http://localhost/pizzaWeb2.0/site/administrador.php", CONTINUE_ON_FAILURE): Navigate to 'http://localhost/pizzaWeb2.0/site/administrador.php' successfully

2023-11-29 12:05:49 - [MESSAGE][PASSED] - Navigate to 'http://localhost/pizzaWeb2.0/site/administrador.php' successfully

2023-11-29 12:05:49 - [TEST_STEP][PASSED] - click(findTestObject("Object Repository/CDT14 - CDT15/Page_/a_Gerenciar Restaurantes"), CONTINUE_ON_FAILURE): Object: 'Object Repository/CDT14 - CDT15/Page_/a_Gerenciar Restaurantes' is clicked on

2023-11-29 12:05:50 - [MESSAGE][PASSED] - Object: 'Object Repository/CDT14 - CDT15/Page_/a_Gerenciar Restaurantes' is clicked on

2023-11-29 12:05:50 - [TEST_STEP][PASSED] - click(findTestObject("Object Repository/CDT14 - CDT15/Page_/input_editar"), CONTINUE_ON_FAILURE): Object: 'Object Repository/CDT14 - CDT15/Page_/input_editar' is clicked on

2023-11-29 12:05:51 - [MESSAGE][PASSED] - Object: 'Object Repository/CDT14 - CDT15/Page_/input_editar' is clicked on

2023-11-29 12:05:51 - [TEST_STEP][PASSED] - setText(findTestObject("Object Repository/CDT14 - CDT15/Page_/input_cidade"), "Nova Friburgo", CONTINUE_ON_FAILURE): Text 'Nova Friburgo' is set on object 'Object Repository/CDT14 - CDT15/Page_/input_cidade'

2023-11-29 12:05:52 - [MESSAGE][PASSED] - Text 'Nova Friburgo' is set on object 'Object Repository/CDT14 - CDT15/Page_/input_cidade'

2023-11-29 12:05:52 - [TEST_STEP][PASSED] - click(findTestObject("CDT14 - CDT15/Page_/input_confirmarcadastro"), CONTINUE_ON_FAILURE): Object: 'Object Repository/CDT14 - CDT15/Page_/input_confirmarcadastro' is clicked on

2023-11-29 12:05:52 - [MESSAGE][PASSED] - Object: 'Object Repository/CDT14 - CDT15/Page_/input_confirmarcadastro' is clicked on

2023-11-29 12:05:52 - [TEST_STEP][PASSED] - verifyElementText(findTestObject("Object Repository/CDT14 - CDT15/Page_/div_Dados alterados com sucesso"), "Dados alterados com sucesso!", CONTINUE_ON_FAILURE): Actual text and expected text of test object 'Object Repository/CDT14 - CDT15/Page_/div_Dados alterados com sucesso' are matched.

2023-11-29 12:05:53 - [MESSAGE][PASSED] - Actual text and expected text of test object 'Object Repository/CDT14 - CDT15/Page_/div_Dados alterados com sucesso' are matched.

2023-11-29 12:05:53 - [TEST_STEP][PASSED] - click(findTestObject("Object Repository/CDT14 - CDT15/Page_/button_OK"), CONTINUE_ON_FAILURE): Object: 'Object Repository/CDT14 - CDT15/Page_/button_OK' is clicked on

2023-11-29 12:05:53 - [MESSAGE][PASSED] - Object: 'Object Repository/CDT14 - CDT15/Page_/button_OK' is clicked on

2023-11-29 12:05:53 - [TEST_STEP][PASSED] - verifyElementText(findTestObject("Object Repository/CDT14 - CDT15/Page_/td_localizacao"), "Rua General Osório - no.10 - Centro - Nova Friburgo - RJ", CONTINUE_ON_FAILURE): Actual text and expected text of test object 'Object Repository/CDT14 - CDT15/Page_/td_localizacao' are matched.

2023-11-29 12:05:54 - [MESSAGE][PASSED] - Actual text and expected text of test object 'Object Repository/CDT14 - CDT15/Page_/td_localizacao' are matched.

2023-11-29 12:05:54 - [TEST_STEP][PASSED] - closeBrowser(CONTINUE_ON_FAILURE): Browser is closed

2023-11-29 12:05:55 - [MESSAGE][PASSED] - Browser is closed]]></system-out>
         <system-err><![CDATA[]]></system-err>
      </testcase>
      <system-out><![CDATA[2023-11-29 11:59:18 - [TEST_SUITE][FAILED] - Teste de Integração: Test Cases/CDT02 - login simple FAILED.
Reason:
com.kms.katalon.core.exception.StepFailedException: Unable to set text 'marco' of object 'Object Repository/CDT01 - CDT02/Page_Login/input_Entrar_login' (Root cause: com.kms.katalon.core.exception.StepFailedException: Unable to set text 'marco' of object 'Object Repository/CDT01 - CDT02/Page_Login/input_Entrar_login'
	at com.kms.katalon.core.webui.keyword.internal.WebUIKeywordMain.stepFailed(WebUIKeywordMain.groovy:64)
	at com.kms.katalon.core.webui.keyword.internal.WebUIKeywordMain.runKeyword(WebUIKeywordMain.groovy:26)
	at com.kms.katalon.core.webui.keyword.builtin.SetTextKeyword.setText(SetTextKeyword.groovy:66)
	at com.kms.katalon.core.webui.keyword.builtin.SetTextKeyword.execute(SetTextKeyword.groovy:37)
	at com.kms.katalon.core.keyword.internal.KeywordExecutor.executeKeywordForPlatform(KeywordExecutor.groovy:74)
	at com.kms.katalon.core.webui.keyword.WebUiBuiltInKeywords.setText(WebUiBuiltInKeywords.groovy:966)
	at com.kms.katalon.core.webui.keyword.WebUiBuiltInKeywords$setText$1.call(Unknown Source)
	at CDT02 - login simple.run(CDT02 - login simple:20)
	at com.kms.katalon.core.main.ScriptEngine.run(ScriptEngine.java:194)
	at com.kms.katalon.core.main.ScriptEngine.runScriptAsRawText(ScriptEngine.java:119)
	at com.kms.katalon.core.main.TestCaseExecutor.runScript(TestCaseExecutor.java:448)
	at com.kms.katalon.core.main.TestCaseExecutor.doExecute(TestCaseExecutor.java:439)
	at com.kms.katalon.core.main.TestCaseExecutor.processExecutionPhase(TestCaseExecutor.java:418)
	at com.kms.katalon.core.main.TestCaseExecutor.accessMainPhase(TestCaseExecutor.java:410)
	at com.kms.katalon.core.main.TestCaseExecutor.execute(TestCaseExecutor.java:285)
	at com.kms.katalon.core.common.CommonExecutor.accessTestCaseMainPhase(CommonExecutor.java:65)
	at com.kms.katalon.core.main.TestSuiteExecutor.accessTestSuiteMainPhase(TestSuiteExecutor.java:148)
	at com.kms.katalon.core.main.TestSuiteExecutor.execute(TestSuiteExecutor.java:106)
	at com.kms.katalon.core.main.TestCaseMain.startTestSuite(TestCaseMain.java:187)
	at com.kms.katalon.core.main.TestCaseMain$startTestSuite$0.call(Unknown Source)
	at TempTestSuite1701269945786.run(TempTestSuite1701269945786.groovy:36)
Caused by: org.openqa.selenium.NoSuchSessionException: Session ID is null. Using WebDriver after calling quit()?
Build info: version: '3.141.59', revision: 'e82be7d358', time: '2018-11-14T08:25:53'
System info: host: 'LAPTOP-EU75EJ55', ip: '192.168.56.1', os.name: 'Windows 10', os.arch: 'amd64', os.version: '10.0', java.version: '1.8.0_362'
Driver info: driver.version: RemoteWebDriver
	at org.openqa.selenium.remote.HttpCommandExecutor.execute(HttpCommandExecutor.java:125)
	at org.openqa.selenium.remote.service.DriverCommandExecutor.execute(DriverCommandExecutor.java:83)
	at org.openqa.selenium.remote.RemoteWebDriver.execute(RemoteWebDriver.java:552)
	at com.kms.katalon.selenium.driver.CChromeDriver.execute(CChromeDriver.java:19)
	at org.openqa.selenium.remote.RemoteWebDriver.findElements(RemoteWebDriver.java:353)
	at org.openqa.selenium.remote.RemoteWebDriver.findElementsByXPath(RemoteWebDriver.java:432)
	at org.openqa.selenium.By$ByXPath.findElements(By.java:348)
	at org.openqa.selenium.remote.RemoteWebDriver.findElements(RemoteWebDriver.java:311)
	at com.kms.katalon.core.webui.common.WebUiCommonHelper.findElementByNormalMethods(WebUiCommonHelper.java:1027)
	at com.kms.katalon.core.webui.common.WebUiCommonHelper.findElementsBySelectedMethod(WebUiCommonHelper.java:913)
	at com.kms.katalon.core.webui.common.WebUiCommonHelper.findElementsBySelectedMethod(WebUiCommonHelper.java:901)
	at com.kms.katalon.core.webui.common.WebUiCommonHelper.findElementsBySelectedMethod(WebUiCommonHelper.java:896)
	at com.kms.katalon.core.webui.common.WebUiCommonHelper.findElementsByDefault(WebUiCommonHelper.java:892)
	at com.kms.katalon.core.webui.common.WebUiCommonHelper.findWebElements(WebUiCommonHelper.java:720)
	at com.kms.katalon.core.webui.common.WebUiCommonHelper.findWebElement(WebUiCommonHelper.java:1376)
	at com.kms.katalon.core.webui.keyword.internal.WebUIAbstractKeyword.findWebElement(WebUIAbstractKeyword.groovy:27)
	at com.kms.katalon.core.webui.keyword.internal.WebUIAbstractKeyword.findWebElement(WebUIAbstractKeyword.groovy:26)
	at com.kms.katalon.core.webui.keyword.builtin.SetTextKeyword$_setText_closure1.doCall(SetTextKeyword.groovy:51)
	at com.kms.katalon.core.webui.keyword.builtin.SetTextKeyword$_setText_closure1.call(SetTextKeyword.groovy)
	at com.kms.katalon.core.webui.keyword.internal.WebUIKeywordMain.runKeyword(WebUIKeywordMain.groovy:20)
	at com.kms.katalon.core.webui.keyword.builtin.SetTextKeyword.setText(SetTextKeyword.groovy:66)
	at com.kms.katalon.core.webui.keyword.builtin.SetTextKeyword.execute(SetTextKeyword.groovy:37)
	at com.kms.katalon.core.keyword.internal.KeywordExecutor.executeKeywordForPlatform(KeywordExecutor.groovy:74)
	at com.kms.katalon.core.webui.keyword.WebUiBuiltInKeywords.setText(WebUiBuiltInKeywords.groovy:966)
	at com.kms.katalon.core.webui.keyword.WebUiBuiltInKeywords$setText$1.call(Unknown Source)
	at Script1700848348801.run(Script1700848348801.groovy:20)
	... 13 more
)
	at com.kms.katalon.core.keyword.internal.KeywordMain.stepFailed(KeywordMain.groovy:39)
	at com.kms.katalon.core.webui.keyword.internal.WebUIKeywordMain.stepFailed(WebUIKeywordMain.groovy:64)
	at com.kms.katalon.core.webui.keyword.internal.WebUIKeywordMain.runKeyword(WebUIKeywordMain.groovy:26)
	at com.kms.katalon.core.webui.keyword.builtin.SetTextKeyword.setText(SetTextKeyword.groovy:66)
	at com.kms.katalon.core.webui.keyword.builtin.SetTextKeyword.execute(SetTextKeyword.groovy:37)
	at com.kms.katalon.core.keyword.internal.KeywordExecutor.executeKeywordForPlatform(KeywordExecutor.groovy:74)
	at com.kms.katalon.core.webui.keyword.WebUiBuiltInKeywords.setText(WebUiBuiltInKeywords.groovy:966)
	at com.kms.katalon.core.webui.keyword.WebUiBuiltInKeywords$setText$1.call(Unknown Source)
	at CDT02 - login simple.run(CDT02 - login simple:20)
	at com.kms.katalon.core.main.ScriptEngine.run(ScriptEngine.java:194)
	at com.kms.katalon.core.main.ScriptEngine.runScriptAsRawText(ScriptEngine.java:119)
	at com.kms.katalon.core.main.TestCaseExecutor.runScript(TestCaseExecutor.java:448)
	at com.kms.katalon.core.main.TestCaseExecutor.doExecute(TestCaseExecutor.java:439)
	at com.kms.katalon.core.main.TestCaseExecutor.processExecutionPhase(TestCaseExecutor.java:418)
	at com.kms.katalon.core.main.TestCaseExecutor.accessMainPhase(TestCaseExecutor.java:410)
	at com.kms.katalon.core.main.TestCaseExecutor.execute(TestCaseExecutor.java:285)
	at com.kms.katalon.core.common.CommonExecutor.accessTestCaseMainPhase(CommonExecutor.java:65)
	at com.kms.katalon.core.main.TestSuiteExecutor.accessTestSuiteMainPhase(TestSuiteExecutor.java:148)
	at com.kms.katalon.core.main.TestSuiteExecutor.execute(TestSuiteExecutor.java:106)
	at com.kms.katalon.core.main.TestCaseMain.startTestSuite(TestCaseMain.java:187)
	at com.kms.katalon.core.main.TestCaseMain$startTestSuite$0.call(Unknown Source)
	at TempTestSuite1701269945786.run(TempTestSuite1701269945786.groovy:36)
Caused by: com.kms.katalon.core.exception.StepFailedException: Unable to set text 'marco' of object 'Object Repository/CDT01 - CDT02/Page_Login/input_Entrar_login'
	... 21 more
Caused by: org.openqa.selenium.NoSuchSessionException: Session ID is null. Using WebDriver after calling quit()?
Build info: version: '3.141.59', revision: 'e82be7d358', time: '2018-11-14T08:25:53'
System info: host: 'LAPTOP-EU75EJ55', ip: '192.168.56.1', os.name: 'Windows 10', os.arch: 'amd64', os.version: '10.0', java.version: '1.8.0_362'
Driver info: driver.version: RemoteWebDriver
	at org.openqa.selenium.remote.HttpCommandExecutor.execute(HttpCommandExecutor.java:125)
	at org.openqa.selenium.remote.service.DriverCommandExecutor.execute(DriverCommandExecutor.java:83)
	at org.openqa.selenium.remote.RemoteWebDriver.execute(RemoteWebDriver.java:552)
	at com.kms.katalon.selenium.driver.CChromeDriver.execute(CChromeDriver.java:19)
	at org.openqa.selenium.remote.RemoteWebDriver.findElements(RemoteWebDriver.java:353)
	at org.openqa.selenium.remote.RemoteWebDriver.findElementsByXPath(RemoteWebDriver.java:432)
	at org.openqa.selenium.By$ByXPath.findElements(By.java:348)
	at org.openqa.selenium.remote.RemoteWebDriver.findElements(RemoteWebDriver.java:311)
	at com.kms.katalon.core.webui.common.WebUiCommonHelper.findElementByNormalMethods(WebUiCommonHelper.java:1027)
	at com.kms.katalon.core.webui.common.WebUiCommonHelper.findElementsBySelectedMethod(WebUiCommonHelper.java:913)
	at com.kms.katalon.core.webui.common.WebUiCommonHelper.findElementsBySelectedMethod(WebUiCommonHelper.java:901)
	at com.kms.katalon.core.webui.common.WebUiCommonHelper.findElementsBySelectedMethod(WebUiCommonHelper.java:896)
	at com.kms.katalon.core.webui.common.WebUiCommonHelper.findElementsByDefault(WebUiCommonHelper.java:892)
	at com.kms.katalon.core.webui.common.WebUiCommonHelper.findWebElements(WebUiCommonHelper.java:720)
	at com.kms.katalon.core.webui.common.WebUiCommonHelper.findWebElement(WebUiCommonHelper.java:1376)
	at com.kms.katalon.core.webui.keyword.internal.WebUIAbstractKeyword.findWebElement(WebUIAbstractKeyword.groovy:27)
	at com.kms.katalon.core.webui.keyword.internal.WebUIAbstractKeyword.findWebElement(WebUIAbstractKeyword.groovy:26)
	at com.kms.katalon.core.webui.keyword.builtin.SetTextKeyword$_setText_closure1.doCall(SetTextKeyword.groovy:51)
	at com.kms.katalon.core.webui.keyword.builtin.SetTextKeyword$_setText_closure1.call(SetTextKeyword.groovy)
	at com.kms.katalon.core.webui.keyword.internal.WebUIKeywordMain.runKeyword(WebUIKeywordMain.groovy:20)
	... 19 more]]></system-out>
      <system-err><![CDATA[2023-11-29 11:59:18 - [TEST_SUITE][FAILED] - Teste de Integração: Test Cases/CDT02 - login simple FAILED.
Reason:
com.kms.katalon.core.exception.StepFailedException: Unable to set text 'marco' of object 'Object Repository/CDT01 - CDT02/Page_Login/input_Entrar_login' (Root cause: com.kms.katalon.core.exception.StepFailedException: Unable to set text 'marco' of object 'Object Repository/CDT01 - CDT02/Page_Login/input_Entrar_login'
	at com.kms.katalon.core.webui.keyword.internal.WebUIKeywordMain.stepFailed(WebUIKeywordMain.groovy:64)
	at com.kms.katalon.core.webui.keyword.internal.WebUIKeywordMain.runKeyword(WebUIKeywordMain.groovy:26)
	at com.kms.katalon.core.webui.keyword.builtin.SetTextKeyword.setText(SetTextKeyword.groovy:66)
	at com.kms.katalon.core.webui.keyword.builtin.SetTextKeyword.execute(SetTextKeyword.groovy:37)
	at com.kms.katalon.core.keyword.internal.KeywordExecutor.executeKeywordForPlatform(KeywordExecutor.groovy:74)
	at com.kms.katalon.core.webui.keyword.WebUiBuiltInKeywords.setText(WebUiBuiltInKeywords.groovy:966)
	at com.kms.katalon.core.webui.keyword.WebUiBuiltInKeywords$setText$1.call(Unknown Source)
	at CDT02 - login simple.run(CDT02 - login simple:20)
	at com.kms.katalon.core.main.ScriptEngine.run(ScriptEngine.java:194)
	at com.kms.katalon.core.main.ScriptEngine.runScriptAsRawText(ScriptEngine.java:119)
	at com.kms.katalon.core.main.TestCaseExecutor.runScript(TestCaseExecutor.java:448)
	at com.kms.katalon.core.main.TestCaseExecutor.doExecute(TestCaseExecutor.java:439)
	at com.kms.katalon.core.main.TestCaseExecutor.processExecutionPhase(TestCaseExecutor.java:418)
	at com.kms.katalon.core.main.TestCaseExecutor.accessMainPhase(TestCaseExecutor.java:410)
	at com.kms.katalon.core.main.TestCaseExecutor.execute(TestCaseExecutor.java:285)
	at com.kms.katalon.core.common.CommonExecutor.accessTestCaseMainPhase(CommonExecutor.java:65)
	at com.kms.katalon.core.main.TestSuiteExecutor.accessTestSuiteMainPhase(TestSuiteExecutor.java:148)
	at com.kms.katalon.core.main.TestSuiteExecutor.execute(TestSuiteExecutor.java:106)
	at com.kms.katalon.core.main.TestCaseMain.startTestSuite(TestCaseMain.java:187)
	at com.kms.katalon.core.main.TestCaseMain$startTestSuite$0.call(Unknown Source)
	at TempTestSuite1701269945786.run(TempTestSuite1701269945786.groovy:36)
Caused by: org.openqa.selenium.NoSuchSessionException: Session ID is null. Using WebDriver after calling quit()?
Build info: version: '3.141.59', revision: 'e82be7d358', time: '2018-11-14T08:25:53'
System info: host: 'LAPTOP-EU75EJ55', ip: '192.168.56.1', os.name: 'Windows 10', os.arch: 'amd64', os.version: '10.0', java.version: '1.8.0_362'
Driver info: driver.version: RemoteWebDriver
	at org.openqa.selenium.remote.HttpCommandExecutor.execute(HttpCommandExecutor.java:125)
	at org.openqa.selenium.remote.service.DriverCommandExecutor.execute(DriverCommandExecutor.java:83)
	at org.openqa.selenium.remote.RemoteWebDriver.execute(RemoteWebDriver.java:552)
	at com.kms.katalon.selenium.driver.CChromeDriver.execute(CChromeDriver.java:19)
	at org.openqa.selenium.remote.RemoteWebDriver.findElements(RemoteWebDriver.java:353)
	at org.openqa.selenium.remote.RemoteWebDriver.findElementsByXPath(RemoteWebDriver.java:432)
	at org.openqa.selenium.By$ByXPath.findElements(By.java:348)
	at org.openqa.selenium.remote.RemoteWebDriver.findElements(RemoteWebDriver.java:311)
	at com.kms.katalon.core.webui.common.WebUiCommonHelper.findElementByNormalMethods(WebUiCommonHelper.java:1027)
	at com.kms.katalon.core.webui.common.WebUiCommonHelper.findElementsBySelectedMethod(WebUiCommonHelper.java:913)
	at com.kms.katalon.core.webui.common.WebUiCommonHelper.findElementsBySelectedMethod(WebUiCommonHelper.java:901)
	at com.kms.katalon.core.webui.common.WebUiCommonHelper.findElementsBySelectedMethod(WebUiCommonHelper.java:896)
	at com.kms.katalon.core.webui.common.WebUiCommonHelper.findElementsByDefault(WebUiCommonHelper.java:892)
	at com.kms.katalon.core.webui.common.WebUiCommonHelper.findWebElements(WebUiCommonHelper.java:720)
	at com.kms.katalon.core.webui.common.WebUiCommonHelper.findWebElement(WebUiCommonHelper.java:1376)
	at com.kms.katalon.core.webui.keyword.internal.WebUIAbstractKeyword.findWebElement(WebUIAbstractKeyword.groovy:27)
	at com.kms.katalon.core.webui.keyword.internal.WebUIAbstractKeyword.findWebElement(WebUIAbstractKeyword.groovy:26)
	at com.kms.katalon.core.webui.keyword.builtin.SetTextKeyword$_setText_closure1.doCall(SetTextKeyword.groovy:51)
	at com.kms.katalon.core.webui.keyword.builtin.SetTextKeyword$_setText_closure1.call(SetTextKeyword.groovy)
	at com.kms.katalon.core.webui.keyword.internal.WebUIKeywordMain.runKeyword(WebUIKeywordMain.groovy:20)
	at com.kms.katalon.core.webui.keyword.builtin.SetTextKeyword.setText(SetTextKeyword.groovy:66)
	at com.kms.katalon.core.webui.keyword.builtin.SetTextKeyword.execute(SetTextKeyword.groovy:37)
	at com.kms.katalon.core.keyword.internal.KeywordExecutor.executeKeywordForPlatform(KeywordExecutor.groovy:74)
	at com.kms.katalon.core.webui.keyword.WebUiBuiltInKeywords.setText(WebUiBuiltInKeywords.groovy:966)
	at com.kms.katalon.core.webui.keyword.WebUiBuiltInKeywords$setText$1.call(Unknown Source)
	at Script1700848348801.run(Script1700848348801.groovy:20)
	... 13 more
)
	at com.kms.katalon.core.keyword.internal.KeywordMain.stepFailed(KeywordMain.groovy:39)
	at com.kms.katalon.core.webui.keyword.internal.WebUIKeywordMain.stepFailed(WebUIKeywordMain.groovy:64)
	at com.kms.katalon.core.webui.keyword.internal.WebUIKeywordMain.runKeyword(WebUIKeywordMain.groovy:26)
	at com.kms.katalon.core.webui.keyword.builtin.SetTextKeyword.setText(SetTextKeyword.groovy:66)
	at com.kms.katalon.core.webui.keyword.builtin.SetTextKeyword.execute(SetTextKeyword.groovy:37)
	at com.kms.katalon.core.keyword.internal.KeywordExecutor.executeKeywordForPlatform(KeywordExecutor.groovy:74)
	at com.kms.katalon.core.webui.keyword.WebUiBuiltInKeywords.setText(WebUiBuiltInKeywords.groovy:966)
	at com.kms.katalon.core.webui.keyword.WebUiBuiltInKeywords$setText$1.call(Unknown Source)
	at CDT02 - login simple.run(CDT02 - login simple:20)
	at com.kms.katalon.core.main.ScriptEngine.run(ScriptEngine.java:194)
	at com.kms.katalon.core.main.ScriptEngine.runScriptAsRawText(ScriptEngine.java:119)
	at com.kms.katalon.core.main.TestCaseExecutor.runScript(TestCaseExecutor.java:448)
	at com.kms.katalon.core.main.TestCaseExecutor.doExecute(TestCaseExecutor.java:439)
	at com.kms.katalon.core.main.TestCaseExecutor.processExecutionPhase(TestCaseExecutor.java:418)
	at com.kms.katalon.core.main.TestCaseExecutor.accessMainPhase(TestCaseExecutor.java:410)
	at com.kms.katalon.core.main.TestCaseExecutor.execute(TestCaseExecutor.java:285)
	at com.kms.katalon.core.common.CommonExecutor.accessTestCaseMainPhase(CommonExecutor.java:65)
	at com.kms.katalon.core.main.TestSuiteExecutor.accessTestSuiteMainPhase(TestSuiteExecutor.java:148)
	at com.kms.katalon.core.main.TestSuiteExecutor.execute(TestSuiteExecutor.java:106)
	at com.kms.katalon.core.main.TestCaseMain.startTestSuite(TestCaseMain.java:187)
	at com.kms.katalon.core.main.TestCaseMain$startTestSuite$0.call(Unknown Source)
	at TempTestSuite1701269945786.run(TempTestSuite1701269945786.groovy:36)
Caused by: com.kms.katalon.core.exception.StepFailedException: Unable to set text 'marco' of object 'Object Repository/CDT01 - CDT02/Page_Login/input_Entrar_login'
	... 21 more
Caused by: org.openqa.selenium.NoSuchSessionException: Session ID is null. Using WebDriver after calling quit()?
Build info: version: '3.141.59', revision: 'e82be7d358', time: '2018-11-14T08:25:53'
System info: host: 'LAPTOP-EU75EJ55', ip: '192.168.56.1', os.name: 'Windows 10', os.arch: 'amd64', os.version: '10.0', java.version: '1.8.0_362'
Driver info: driver.version: RemoteWebDriver
	at org.openqa.selenium.remote.HttpCommandExecutor.execute(HttpCommandExecutor.java:125)
	at org.openqa.selenium.remote.service.DriverCommandExecutor.execute(DriverCommandExecutor.java:83)
	at org.openqa.selenium.remote.RemoteWebDriver.execute(RemoteWebDriver.java:552)
	at com.kms.katalon.selenium.driver.CChromeDriver.execute(CChromeDriver.java:19)
	at org.openqa.selenium.remote.RemoteWebDriver.findElements(RemoteWebDriver.java:353)
	at org.openqa.selenium.remote.RemoteWebDriver.findElementsByXPath(RemoteWebDriver.java:432)
	at org.openqa.selenium.By$ByXPath.findElements(By.java:348)
	at org.openqa.selenium.remote.RemoteWebDriver.findElements(RemoteWebDriver.java:311)
	at com.kms.katalon.core.webui.common.WebUiCommonHelper.findElementByNormalMethods(WebUiCommonHelper.java:1027)
	at com.kms.katalon.core.webui.common.WebUiCommonHelper.findElementsBySelectedMethod(WebUiCommonHelper.java:913)
	at com.kms.katalon.core.webui.common.WebUiCommonHelper.findElementsBySelectedMethod(WebUiCommonHelper.java:901)
	at com.kms.katalon.core.webui.common.WebUiCommonHelper.findElementsBySelectedMethod(WebUiCommonHelper.java:896)
	at com.kms.katalon.core.webui.common.WebUiCommonHelper.findElementsByDefault(WebUiCommonHelper.java:892)
	at com.kms.katalon.core.webui.common.WebUiCommonHelper.findWebElements(WebUiCommonHelper.java:720)
	at com.kms.katalon.core.webui.common.WebUiCommonHelper.findWebElement(WebUiCommonHelper.java:1376)
	at com.kms.katalon.core.webui.keyword.internal.WebUIAbstractKeyword.findWebElement(WebUIAbstractKeyword.groovy:27)
	at com.kms.katalon.core.webui.keyword.internal.WebUIAbstractKeyword.findWebElement(WebUIAbstractKeyword.groovy:26)
	at com.kms.katalon.core.webui.keyword.builtin.SetTextKeyword$_setText_closure1.doCall(SetTextKeyword.groovy:51)
	at com.kms.katalon.core.webui.keyword.builtin.SetTextKeyword$_setText_closure1.call(SetTextKeyword.groovy)
	at com.kms.katalon.core.webui.keyword.internal.WebUIKeywordMain.runKeyword(WebUIKeywordMain.groovy:20)
	... 19 more]]></system-err>
   </testsuite>
</testsuites>
