<?xml version="1.0" encoding="UTF-8"?>
<testsuites name="Teste de Integração" time="347.212" tests="13" failures="5" errors="0">
   <testsuite name="Teste de Integração" tests="13" failures="5" errors="0" time="347.212" skipped="0" timestamp="2023-11-29 13:14:02" hostname="isaba - LAPTOP-EU75EJ55" id="Test Suites/Teste de Integração">
      <properties>
         <property name="deviceName" value=""/>
         <property name="devicePlatform" value=""/>
         <property name="logFolder" value="C:\\Users\\isaba\\Downloads\\TMS-T2-E1\\TMS-T2-E1\\T2\\Reports\\20231129_131342\\Teste de Integra\u00E7\u00E3o\\20231129_131342"/>
         <property name="logFiles" value="C:\\Users\\isaba\\Downloads\\TMS-T2-E1\\TMS-T2-E1\\T2\\Reports\\20231129_131342\\Teste de Integra\u00E7\u00E3o\\20231129_131342\\execution0.log"/>
         <property name="attachments" value="C:\\Users\\isaba\\Downloads\\TMS-T2-E1\\TMS-T2-E1\\T2\\Reports\\20231129_131342\\Teste de Integra\u00E7\u00E3o\\20231129_131342\\1701274758152.png, C:\\Users\\isaba\\Downloads\\TMS-T2-E1\\TMS-T2-E1\\T2\\Reports\\20231129_131342\\Teste de Integra\u00E7\u00E3o\\20231129_131342\\1701274773586.png"/>
         <property name="hostName" value="isaba - LAPTOP-EU75EJ55"/>
         <property name="os" value="Windows 10 64bit"/>
         <property name="katalonVersion" value="8.6.8.208"/>
         <property name="browser" value="Chrome 119.0.0.0"/>
         <property name="hostAddress" value="192.168.56.1"/>
         <property name="sessionId" value="a95a0cd93e004c22af44762945ebd325"/>
         <property name="seleniumVersion" value="3.141.59"/>
         <property name="proxyInformation" value="ProxyInformation { proxyOption=NO_PROXY, proxyServerType=HTTP, username=, password=********, proxyServerAddress=, proxyServerPort=0, executionList=&quot;&quot;, isApplyToDesiredCapabilities=true }"/>
         <property name="platform" value="Windows 10"/>
      </properties>
      <testcase name="Test Cases/CDT01- RF01 - login cliente - Verificar login incorreto e correto" time="35.077" classname="Test Cases/CDT01- RF01 - login cliente - Verificar login incorreto e correto" status="PASSED">
         <system-out><![CDATA[2023-11-29 13:14:03 - [TEST_CASE][PASSED] - Test Cases/CDT01- RF01 - login cliente - Verificar login incorreto e correto: Test Cases/CDT01- RF01 - login cliente - Verificar login incorreto e correto

2023-11-29 13:14:04 - [TEST_STEP][PASSED] - openBrowser("http://localhost/pizzaWeb2.0/site/index.php", CONTINUE_ON_FAILURE): Browser is opened with url: 'http://localhost/pizzaWeb2.0/site/index.php'

2023-11-29 13:14:04 - [MESSAGE][INFO] - Starting 'Chrome' driver

2023-11-29 13:14:04 - [MESSAGE][INFO] - Action delay is set to 0 milliseconds

2023-11-29 13:14:25 - [MESSAGE][PASSED] - Browser is opened with url: 'http://localhost/pizzaWeb2.0/site/index.php'

2023-11-29 13:14:25 - [TEST_STEP][PASSED] - click(findTestObject("Object Repository/CDT01 - CDT02/Page_PizzaWeb/a_Entrar"), CONTINUE_ON_FAILURE): Object: 'Object Repository/CDT01 - CDT02/Page_PizzaWeb/a_Entrar' is clicked on

2023-11-29 13:14:28 - [MESSAGE][PASSED] - Object: 'Object Repository/CDT01 - CDT02/Page_PizzaWeb/a_Entrar' is clicked on

2023-11-29 13:14:28 - [TEST_STEP][PASSED] - callTestCase(findTestCase("CDT02 - login simple"), ["usuario":"marco", "senha":"senhaInvalida"], CONTINUE_ON_FAILURE): Call Test Case 'Test Cases/CDT02 - login simple' successfully

2023-11-29 13:14:29 - [TEST_CASE][PASSED] - Test Cases/CDT02 - login simple: Test Cases/CDT02 - login simple

2023-11-29 13:14:30 - [TEST_STEP][PASSED] - setText(findTestObject("Object Repository/CDT01 - CDT02/Page_Login/input_Entrar_login"), usuario, CONTINUE_ON_FAILURE): Text 'marco' is set on object 'Object Repository/CDT01 - CDT02/Page_Login/input_Entrar_login'

2023-11-29 13:14:31 - [MESSAGE][PASSED] - Text 'marco' is set on object 'Object Repository/CDT01 - CDT02/Page_Login/input_Entrar_login'

2023-11-29 13:14:31 - [TEST_STEP][PASSED] - setText(findTestObject("Object Repository/CDT01 - CDT02/Page_Login/input_Entrar_senha"), senha, CONTINUE_ON_FAILURE): Text 'senhaInvalida' is set on object 'Object Repository/CDT01 - CDT02/Page_Login/input_Entrar_senha'

2023-11-29 13:14:32 - [MESSAGE][PASSED] - Text 'senhaInvalida' is set on object 'Object Repository/CDT01 - CDT02/Page_Login/input_Entrar_senha'

2023-11-29 13:14:32 - [TEST_STEP][PASSED] - click(findTestObject("Object Repository/CDT01 - CDT02/Page_Login/button_Login"), CONTINUE_ON_FAILURE): Object: 'Object Repository/CDT01 - CDT02/Page_Login/button_Login' is clicked on

2023-11-29 13:14:33 - [MESSAGE][PASSED] - Object: 'Object Repository/CDT01 - CDT02/Page_Login/button_Login' is clicked on

2023-11-29 13:14:33 - [MESSAGE][PASSED] - Call Test Case 'Test Cases/CDT02 - login simple' successfully

2023-11-29 13:14:33 - [TEST_STEP][PASSED] - verifyElementText(findTestObject("CDT01 - CDT02/Page_/div_msg_Usurio_ou_senha_invalidos"), "Usuário ou senha inválidos.", CONTINUE_ON_FAILURE): Actual text and expected text of test object 'Object Repository/CDT01 - CDT02/Page_/div_msg_Usurio_ou_senha_invalidos' are matched.

2023-11-29 13:14:33 - [MESSAGE][PASSED] - Actual text and expected text of test object 'Object Repository/CDT01 - CDT02/Page_/div_msg_Usurio_ou_senha_invalidos' are matched.

2023-11-29 13:14:33 - [TEST_STEP][PASSED] - click(findTestObject("Object Repository/CDT01 - CDT02/Page_/button_OK"), CONTINUE_ON_FAILURE): Object: 'Object Repository/CDT01 - CDT02/Page_/button_OK' is clicked on

2023-11-29 13:14:34 - [MESSAGE][PASSED] - Object: 'Object Repository/CDT01 - CDT02/Page_/button_OK' is clicked on

2023-11-29 13:14:34 - [TEST_STEP][PASSED] - callTestCase(findTestCase("CDT02 - login simple"), ["usuario":"marco", "senha":"marco"], CONTINUE_ON_FAILURE): Call Test Case 'Test Cases/CDT02 - login simple' successfully

2023-11-29 13:14:34 - [TEST_CASE][PASSED] - Test Cases/CDT02 - login simple: Test Cases/CDT02 - login simple

2023-11-29 13:14:34 - [TEST_STEP][PASSED] - setText(findTestObject("Object Repository/CDT01 - CDT02/Page_Login/input_Entrar_login"), usuario, CONTINUE_ON_FAILURE): Text 'marco' is set on object 'Object Repository/CDT01 - CDT02/Page_Login/input_Entrar_login'

2023-11-29 13:14:35 - [MESSAGE][PASSED] - Text 'marco' is set on object 'Object Repository/CDT01 - CDT02/Page_Login/input_Entrar_login'

2023-11-29 13:14:35 - [TEST_STEP][PASSED] - setText(findTestObject("Object Repository/CDT01 - CDT02/Page_Login/input_Entrar_senha"), senha, CONTINUE_ON_FAILURE): Text 'marco' is set on object 'Object Repository/CDT01 - CDT02/Page_Login/input_Entrar_senha'

2023-11-29 13:14:36 - [MESSAGE][PASSED] - Text 'marco' is set on object 'Object Repository/CDT01 - CDT02/Page_Login/input_Entrar_senha'

2023-11-29 13:14:36 - [TEST_STEP][PASSED] - click(findTestObject("Object Repository/CDT01 - CDT02/Page_Login/button_Login"), CONTINUE_ON_FAILURE): Object: 'Object Repository/CDT01 - CDT02/Page_Login/button_Login' is clicked on

2023-11-29 13:14:37 - [MESSAGE][PASSED] - Object: 'Object Repository/CDT01 - CDT02/Page_Login/button_Login' is clicked on

2023-11-29 13:14:37 - [MESSAGE][PASSED] - Call Test Case 'Test Cases/CDT02 - login simple' successfully

2023-11-29 13:14:37 - [TEST_STEP][PASSED] - verifyElementText(findTestObject("Object Repository/CDT01 - CDT02/Page_PizzaWeb/a_Ol, Usuario"), "Olá, Marco!", CONTINUE_ON_FAILURE): Actual text and expected text of test object 'Object Repository/CDT01 - CDT02/Page_PizzaWeb/a_Ol, Usuario' are matched.

2023-11-29 13:14:37 - [MESSAGE][PASSED] - Actual text and expected text of test object 'Object Repository/CDT01 - CDT02/Page_PizzaWeb/a_Ol, Usuario' are matched.

2023-11-29 13:14:37 - [TEST_STEP][PASSED] - closeBrowser(CONTINUE_ON_FAILURE): Browser is closed

2023-11-29 13:14:38 - [MESSAGE][PASSED] - Browser is closed]]></system-out>
         <system-err><![CDATA[]]></system-err>
      </testcase>
      <testcase name="Test Cases/CDT04 - RF01 - cadastro cliente - Verificar erros de preenchimento" time="50.622" classname="Test Cases/CDT04 - RF01 - cadastro cliente - Verificar erros de preenchimento" status="FAILED">
         <failure type="FAILED" message="Test Cases/CDT04 - RF01 - cadastro cliente - Verificar erros de preenchimento FAILED.
Reason:
com.kms.katalon.core.exception.StepFailedException: Text 'Cadastro' is not present on page  (Root cause: com.kms.katalon.core.exception.StepFailedException: Text 'Cadastro' is not present on page 
	at com.kms.katalon.core.webui.keyword.internal.WebUIKeywordMain.stepFailed(WebUIKeywordMain.groovy:64)
	at com.kms.katalon.core.webui.keyword.builtin.VerifyTextPresentKeyword$_verifyTextPresent_closure1.doCall(VerifyTextPresentKeyword.groovy:79)
	at com.kms.katalon.core.webui.keyword.builtin.VerifyTextPresentKeyword$_verifyTextPresent_closure1.call(VerifyTextPresentKeyword.groovy)
	at com.kms.katalon.core.webui.keyword.internal.WebUIKeywordMain.runKeyword(WebUIKeywordMain.groovy:20)
	at com.kms.katalon.core.webui.keyword.builtin.VerifyTextPresentKeyword.verifyTextPresent(VerifyTextPresentKeyword.groovy:83)
	at com.kms.katalon.core.webui.keyword.builtin.VerifyTextPresentKeyword.execute(VerifyTextPresentKeyword.groovy:68)
	at com.kms.katalon.core.keyword.internal.KeywordExecutor.executeKeywordForPlatform(KeywordExecutor.groovy:74)
	at com.kms.katalon.core.webui.keyword.WebUiBuiltInKeywords.verifyTextPresent(WebUiBuiltInKeywords.groovy:1707)
	at com.kms.katalon.core.webui.keyword.WebUiBuiltInKeywords$verifyTextPresent$6.call(Unknown Source)
	at CDT04 - RF01 - cadastro cliente - Verificar erros de preenchimento.run(CDT04 - RF01 - cadastro cliente - Verificar erros de preenchimento:56)
	at com.kms.katalon.core.main.ScriptEngine.run(ScriptEngine.java:194)
	at com.kms.katalon.core.main.ScriptEngine.runScriptAsRawText(ScriptEngine.java:119)
	at com.kms.katalon.core.main.TestCaseExecutor.runScript(TestCaseExecutor.java:448)
	at com.kms.katalon.core.main.TestCaseExecutor.doExecute(TestCaseExecutor.java:439)
	at com.kms.katalon.core.main.TestCaseExecutor.processExecutionPhase(TestCaseExecutor.java:418)
	at com.kms.katalon.core.main.TestCaseExecutor.accessMainPhase(TestCaseExecutor.java:410)
	at com.kms.katalon.core.main.TestCaseExecutor.execute(TestCaseExecutor.java:285)
	at com.kms.katalon.core.common.CommonExecutor.accessTestCaseMainPhase(CommonExecutor.java:65)
	at com.kms.katalon.core.main.TestSuiteExecutor.accessTestSuiteMainPhase(TestSuiteExecutor.java:148)
	at com.kms.katalon.core.main.TestSuiteExecutor.execute(TestSuiteExecutor.java:106)
	at com.kms.katalon.core.main.TestCaseMain.startTestSuite(TestCaseMain.java:187)
	at com.kms.katalon.core.main.TestCaseMain$startTestSuite$0.call(Unknown Source)
	at TempTestSuite1701274422176.run(TempTestSuite1701274422176.groovy:36)
)
	at com.kms.katalon.core.keyword.internal.KeywordMain.stepFailed(KeywordMain.groovy:39)
	at com.kms.katalon.core.webui.keyword.internal.WebUIKeywordMain.stepFailed(WebUIKeywordMain.groovy:64)
	at com.kms.katalon.core.webui.keyword.builtin.VerifyTextPresentKeyword$_verifyTextPresent_closure1.doCall(VerifyTextPresentKeyword.groovy:79)
	at com.kms.katalon.core.webui.keyword.builtin.VerifyTextPresentKeyword$_verifyTextPresent_closure1.call(VerifyTextPresentKeyword.groovy)
	at com.kms.katalon.core.webui.keyword.internal.WebUIKeywordMain.runKeyword(WebUIKeywordMain.groovy:20)
	at com.kms.katalon.core.webui.keyword.builtin.VerifyTextPresentKeyword.verifyTextPresent(VerifyTextPresentKeyword.groovy:83)
	at com.kms.katalon.core.webui.keyword.builtin.VerifyTextPresentKeyword.execute(VerifyTextPresentKeyword.groovy:68)
	at com.kms.katalon.core.keyword.internal.KeywordExecutor.executeKeywordForPlatform(KeywordExecutor.groovy:74)
	at com.kms.katalon.core.webui.keyword.WebUiBuiltInKeywords.verifyTextPresent(WebUiBuiltInKeywords.groovy:1707)
	at com.kms.katalon.core.webui.keyword.WebUiBuiltInKeywords$verifyTextPresent$6.call(Unknown Source)
	at CDT04 - RF01 - cadastro cliente - Verificar erros de preenchimento.run(CDT04 - RF01 - cadastro cliente - Verificar erros de preenchimento:56)
	at com.kms.katalon.core.main.ScriptEngine.run(ScriptEngine.java:194)
	at com.kms.katalon.core.main.ScriptEngine.runScriptAsRawText(ScriptEngine.java:119)
	at com.kms.katalon.core.main.TestCaseExecutor.runScript(TestCaseExecutor.java:448)
	at com.kms.katalon.core.main.TestCaseExecutor.doExecute(TestCaseExecutor.java:439)
	at com.kms.katalon.core.main.TestCaseExecutor.processExecutionPhase(TestCaseExecutor.java:418)
	at com.kms.katalon.core.main.TestCaseExecutor.accessMainPhase(TestCaseExecutor.java:410)
	at com.kms.katalon.core.main.TestCaseExecutor.execute(TestCaseExecutor.java:285)
	at com.kms.katalon.core.common.CommonExecutor.accessTestCaseMainPhase(CommonExecutor.java:65)
	at com.kms.katalon.core.main.TestSuiteExecutor.accessTestSuiteMainPhase(TestSuiteExecutor.java:148)
	at com.kms.katalon.core.main.TestSuiteExecutor.execute(TestSuiteExecutor.java:106)
	at com.kms.katalon.core.main.TestCaseMain.startTestSuite(TestCaseMain.java:187)
	at com.kms.katalon.core.main.TestCaseMain$startTestSuite$0.call(Unknown Source)
	at TempTestSuite1701274422176.run(TempTestSuite1701274422176.groovy:36)
Caused by: com.kms.katalon.core.exception.StepFailedException: Text 'Cadastro' is not present on page 
	... 23 more
"/>
         <system-out><![CDATA[2023-11-29 13:14:38 - [TEST_CASE][FAILED] - Test Cases/CDT04 - RF01 - cadastro cliente - Verificar erros de preenchimento: Test Cases/CDT04 - RF01 - cadastro cliente - Verificar erros de preenchimento FAILED.
Reason:
com.kms.katalon.core.exception.StepFailedException: Text 'Cadastro' is not present on page  (Root cause: com.kms.katalon.core.exception.StepFailedException: Text 'Cadastro' is not present on page 
	at com.kms.katalon.core.webui.keyword.internal.WebUIKeywordMain.stepFailed(WebUIKeywordMain.groovy:64)
	at com.kms.katalon.core.webui.keyword.builtin.VerifyTextPresentKeyword$_verifyTextPresent_closure1.doCall(VerifyTextPresentKeyword.groovy:79)
	at com.kms.katalon.core.webui.keyword.builtin.VerifyTextPresentKeyword$_verifyTextPresent_closure1.call(VerifyTextPresentKeyword.groovy)
	at com.kms.katalon.core.webui.keyword.internal.WebUIKeywordMain.runKeyword(WebUIKeywordMain.groovy:20)
	at com.kms.katalon.core.webui.keyword.builtin.VerifyTextPresentKeyword.verifyTextPresent(VerifyTextPresentKeyword.groovy:83)
	at com.kms.katalon.core.webui.keyword.builtin.VerifyTextPresentKeyword.execute(VerifyTextPresentKeyword.groovy:68)
	at com.kms.katalon.core.keyword.internal.KeywordExecutor.executeKeywordForPlatform(KeywordExecutor.groovy:74)
	at com.kms.katalon.core.webui.keyword.WebUiBuiltInKeywords.verifyTextPresent(WebUiBuiltInKeywords.groovy:1707)
	at com.kms.katalon.core.webui.keyword.WebUiBuiltInKeywords$verifyTextPresent$6.call(Unknown Source)
	at CDT04 - RF01 - cadastro cliente - Verificar erros de preenchimento.run(CDT04 - RF01 - cadastro cliente - Verificar erros de preenchimento:56)
	at com.kms.katalon.core.main.ScriptEngine.run(ScriptEngine.java:194)
	at com.kms.katalon.core.main.ScriptEngine.runScriptAsRawText(ScriptEngine.java:119)
	at com.kms.katalon.core.main.TestCaseExecutor.runScript(TestCaseExecutor.java:448)
	at com.kms.katalon.core.main.TestCaseExecutor.doExecute(TestCaseExecutor.java:439)
	at com.kms.katalon.core.main.TestCaseExecutor.processExecutionPhase(TestCaseExecutor.java:418)
	at com.kms.katalon.core.main.TestCaseExecutor.accessMainPhase(TestCaseExecutor.java:410)
	at com.kms.katalon.core.main.TestCaseExecutor.execute(TestCaseExecutor.java:285)
	at com.kms.katalon.core.common.CommonExecutor.accessTestCaseMainPhase(CommonExecutor.java:65)
	at com.kms.katalon.core.main.TestSuiteExecutor.accessTestSuiteMainPhase(TestSuiteExecutor.java:148)
	at com.kms.katalon.core.main.TestSuiteExecutor.execute(TestSuiteExecutor.java:106)
	at com.kms.katalon.core.main.TestCaseMain.startTestSuite(TestCaseMain.java:187)
	at com.kms.katalon.core.main.TestCaseMain$startTestSuite$0.call(Unknown Source)
	at TempTestSuite1701274422176.run(TempTestSuite1701274422176.groovy:36)
)
	at com.kms.katalon.core.keyword.internal.KeywordMain.stepFailed(KeywordMain.groovy:39)
	at com.kms.katalon.core.webui.keyword.internal.WebUIKeywordMain.stepFailed(WebUIKeywordMain.groovy:64)
	at com.kms.katalon.core.webui.keyword.builtin.VerifyTextPresentKeyword$_verifyTextPresent_closure1.doCall(VerifyTextPresentKeyword.groovy:79)
	at com.kms.katalon.core.webui.keyword.builtin.VerifyTextPresentKeyword$_verifyTextPresent_closure1.call(VerifyTextPresentKeyword.groovy)
	at com.kms.katalon.core.webui.keyword.internal.WebUIKeywordMain.runKeyword(WebUIKeywordMain.groovy:20)
	at com.kms.katalon.core.webui.keyword.builtin.VerifyTextPresentKeyword.verifyTextPresent(VerifyTextPresentKeyword.groovy:83)
	at com.kms.katalon.core.webui.keyword.builtin.VerifyTextPresentKeyword.execute(VerifyTextPresentKeyword.groovy:68)
	at com.kms.katalon.core.keyword.internal.KeywordExecutor.executeKeywordForPlatform(KeywordExecutor.groovy:74)
	at com.kms.katalon.core.webui.keyword.WebUiBuiltInKeywords.verifyTextPresent(WebUiBuiltInKeywords.groovy:1707)
	at com.kms.katalon.core.webui.keyword.WebUiBuiltInKeywords$verifyTextPresent$6.call(Unknown Source)
	at CDT04 - RF01 - cadastro cliente - Verificar erros de preenchimento.run(CDT04 - RF01 - cadastro cliente - Verificar erros de preenchimento:56)
	at com.kms.katalon.core.main.ScriptEngine.run(ScriptEngine.java:194)
	at com.kms.katalon.core.main.ScriptEngine.runScriptAsRawText(ScriptEngine.java:119)
	at com.kms.katalon.core.main.TestCaseExecutor.runScript(TestCaseExecutor.java:448)
	at com.kms.katalon.core.main.TestCaseExecutor.doExecute(TestCaseExecutor.java:439)
	at com.kms.katalon.core.main.TestCaseExecutor.processExecutionPhase(TestCaseExecutor.java:418)
	at com.kms.katalon.core.main.TestCaseExecutor.accessMainPhase(TestCaseExecutor.java:410)
	at com.kms.katalon.core.main.TestCaseExecutor.execute(TestCaseExecutor.java:285)
	at com.kms.katalon.core.common.CommonExecutor.accessTestCaseMainPhase(CommonExecutor.java:65)
	at com.kms.katalon.core.main.TestSuiteExecutor.accessTestSuiteMainPhase(TestSuiteExecutor.java:148)
	at com.kms.katalon.core.main.TestSuiteExecutor.execute(TestSuiteExecutor.java:106)
	at com.kms.katalon.core.main.TestCaseMain.startTestSuite(TestCaseMain.java:187)
	at com.kms.katalon.core.main.TestCaseMain$startTestSuite$0.call(Unknown Source)
	at TempTestSuite1701274422176.run(TempTestSuite1701274422176.groovy:36)
Caused by: com.kms.katalon.core.exception.StepFailedException: Text 'Cadastro' is not present on page 
	... 23 more


2023-11-29 13:14:39 - [TEST_STEP][PASSED] - openBrowser("", CONTINUE_ON_FAILURE): Browser is opened with url: ''

2023-11-29 13:14:39 - [MESSAGE][INFO] - Starting 'Chrome' driver

2023-11-29 13:14:39 - [MESSAGE][INFO] - Action delay is set to 0 milliseconds

2023-11-29 13:14:41 - [MESSAGE][PASSED] - Browser is opened with url: ''

2023-11-29 13:14:41 - [TEST_STEP][PASSED] - navigateToUrl("http://localhost/pizzaWeb2.0/site/index.php", CONTINUE_ON_FAILURE): Navigate to 'http://localhost/pizzaWeb2.0/site/index.php' successfully

2023-11-29 13:14:43 - [MESSAGE][PASSED] - Navigate to 'http://localhost/pizzaWeb2.0/site/index.php' successfully

2023-11-29 13:14:43 - [TEST_STEP][PASSED] - click(findTestObject("Object Repository/CDT03 - CDT04 - CDT05/Page_PizzaWeb/a_Cadastre-se"), CONTINUE_ON_FAILURE): Object: 'Object Repository/CDT03 - CDT04 - CDT05/Page_PizzaWeb/a_Cadastre-se' is clicked on

2023-11-29 13:14:44 - [MESSAGE][PASSED] - Object: 'Object Repository/CDT03 - CDT04 - CDT05/Page_PizzaWeb/a_Cadastre-se' is clicked on

2023-11-29 13:14:44 - [TEST_STEP][PASSED] - callTestCase(findTestCase("CDT03 - cadastro simples"), ["nome":"teste", "email":"", "ddd":"11", "telefone":"222222222", "usuario":"", "senha":"teste", "repetir_senha":"teste", "rua":"rua ", ... ], CONTINUE_ON_FAILURE): Call Test Case 'Test Cases/CDT03 - cadastro simples' successfully

2023-11-29 13:14:44 - [TEST_CASE][PASSED] - Test Cases/CDT03 - cadastro simples: Test Cases/CDT03 - cadastro simples

2023-11-29 13:14:45 - [TEST_STEP][PASSED] - setText(findTestObject("Object Repository/CDT03 - CDT04 - CDT05/Page_/input_Nome_nomeCadastro"), nome, CONTINUE_ON_FAILURE): Text 'teste' is set on object 'Object Repository/CDT03 - CDT04 - CDT05/Page_/input_Nome_nomeCadastro'

2023-11-29 13:14:46 - [MESSAGE][PASSED] - Text 'teste' is set on object 'Object Repository/CDT03 - CDT04 - CDT05/Page_/input_Nome_nomeCadastro'

2023-11-29 13:14:46 - [TEST_STEP][PASSED] - setText(findTestObject("Object Repository/CDT03 - CDT04 - CDT05/Page_/input_E-mail_emailCadastro"), email, CONTINUE_ON_FAILURE): Text '' is set on object 'Object Repository/CDT03 - CDT04 - CDT05/Page_/input_E-mail_emailCadastro'

2023-11-29 13:14:46 - [MESSAGE][PASSED] - Text '' is set on object 'Object Repository/CDT03 - CDT04 - CDT05/Page_/input_E-mail_emailCadastro'

2023-11-29 13:14:46 - [TEST_STEP][PASSED] - setText(findTestObject("Object Repository/CDT03 - CDT04 - CDT05/Page_/input_DDD_dddTelCadastro"), ddd, CONTINUE_ON_FAILURE): Text '11' is set on object 'Object Repository/CDT03 - CDT04 - CDT05/Page_/input_DDD_dddTelCadastro'

2023-11-29 13:14:47 - [MESSAGE][PASSED] - Text '11' is set on object 'Object Repository/CDT03 - CDT04 - CDT05/Page_/input_DDD_dddTelCadastro'

2023-11-29 13:14:47 - [TEST_STEP][PASSED] - setText(findTestObject("Object Repository/CDT03 - CDT04 - CDT05/Page_/input_Telefone_telCadastro"), telefone, CONTINUE_ON_FAILURE): Text '222222222' is set on object 'Object Repository/CDT03 - CDT04 - CDT05/Page_/input_Telefone_telCadastro'

2023-11-29 13:14:48 - [MESSAGE][PASSED] - Text '222222222' is set on object 'Object Repository/CDT03 - CDT04 - CDT05/Page_/input_Telefone_telCadastro'

2023-11-29 13:14:48 - [TEST_STEP][PASSED] - setText(findTestObject("Object Repository/CDT03 - CDT04 - CDT05/Page_/input_Usurio_loginCadastro"), usuario, CONTINUE_ON_FAILURE): Text '' is set on object 'Object Repository/CDT03 - CDT04 - CDT05/Page_/input_Usurio_loginCadastro'

2023-11-29 13:14:49 - [MESSAGE][PASSED] - Text '' is set on object 'Object Repository/CDT03 - CDT04 - CDT05/Page_/input_Usurio_loginCadastro'

2023-11-29 13:14:49 - [TEST_STEP][PASSED] - setText(findTestObject("Object Repository/CDT03 - CDT04 - CDT05/Page_/input_Senha_senhaCadastro"), senha, CONTINUE_ON_FAILURE): Text 'teste' is set on object 'Object Repository/CDT03 - CDT04 - CDT05/Page_/input_Senha_senhaCadastro'

2023-11-29 13:14:50 - [MESSAGE][PASSED] - Text 'teste' is set on object 'Object Repository/CDT03 - CDT04 - CDT05/Page_/input_Senha_senhaCadastro'

2023-11-29 13:14:50 - [TEST_STEP][PASSED] - setText(findTestObject("Object Repository/CDT03 - CDT04 - CDT05/Page_/input_Repetir a senha_form-control"), repetir_senha, CONTINUE_ON_FAILURE): Text 'teste' is set on object 'Object Repository/CDT03 - CDT04 - CDT05/Page_/input_Repetir a senha_form-control'

2023-11-29 13:14:51 - [MESSAGE][PASSED] - Text 'teste' is set on object 'Object Repository/CDT03 - CDT04 - CDT05/Page_/input_Repetir a senha_form-control'

2023-11-29 13:14:51 - [TEST_STEP][PASSED] - setText(findTestObject("Object Repository/CDT03 - CDT04 - CDT05/Page_/input_RuaAv_ruaCadastro"), rua, CONTINUE_ON_FAILURE): Text 'rua ' is set on object 'Object Repository/CDT03 - CDT04 - CDT05/Page_/input_RuaAv_ruaCadastro'

2023-11-29 13:14:52 - [MESSAGE][PASSED] - Text 'rua ' is set on object 'Object Repository/CDT03 - CDT04 - CDT05/Page_/input_RuaAv_ruaCadastro'

2023-11-29 13:14:52 - [TEST_STEP][PASSED] - setText(findTestObject("Object Repository/CDT03 - CDT04 - CDT05/Page_/input_Nmero_numeroCadastro"), numero, CONTINUE_ON_FAILURE): Text '200' is set on object 'Object Repository/CDT03 - CDT04 - CDT05/Page_/input_Nmero_numeroCadastro'

2023-11-29 13:14:53 - [MESSAGE][PASSED] - Text '200' is set on object 'Object Repository/CDT03 - CDT04 - CDT05/Page_/input_Nmero_numeroCadastro'

2023-11-29 13:14:53 - [TEST_STEP][PASSED] - setText(findTestObject("Object Repository/CDT03 - CDT04 - CDT05/Page_/input_Bairro_bairroCadastro"), bairro, CONTINUE_ON_FAILURE): Text 'bairro' is set on object 'Object Repository/CDT03 - CDT04 - CDT05/Page_/input_Bairro_bairroCadastro'

2023-11-29 13:14:54 - [MESSAGE][PASSED] - Text 'bairro' is set on object 'Object Repository/CDT03 - CDT04 - CDT05/Page_/input_Bairro_bairroCadastro'

2023-11-29 13:14:54 - [TEST_STEP][PASSED] - setText(findTestObject("Object Repository/CDT03 - CDT04 - CDT05/Page_/input_Complemento_complementoCadastro"), complemento, CONTINUE_ON_FAILURE): Text 'complemento' is set on object 'Object Repository/CDT03 - CDT04 - CDT05/Page_/input_Complemento_complementoCadastro'

2023-11-29 13:14:55 - [MESSAGE][PASSED] - Text 'complemento' is set on object 'Object Repository/CDT03 - CDT04 - CDT05/Page_/input_Complemento_complementoCadastro'

2023-11-29 13:14:55 - [TEST_STEP][PASSED] - setText(findTestObject("Object Repository/CDT03 - CDT04 - CDT05/Page_/input_Cidade_cidadeCadastro"), cidade, CONTINUE_ON_FAILURE): Text 'Rio de Janeiro' is set on object 'Object Repository/CDT03 - CDT04 - CDT05/Page_/input_Cidade_cidadeCadastro'

2023-11-29 13:14:56 - [MESSAGE][PASSED] - Text 'Rio de Janeiro' is set on object 'Object Repository/CDT03 - CDT04 - CDT05/Page_/input_Cidade_cidadeCadastro'

2023-11-29 13:14:56 - [TEST_STEP][PASSED] - selectOptionByValue(findTestObject("Object Repository/CDT03 - CDT04 - CDT05/Page_/select_ALAPAMBACEDFESGOMAMTMSMGPAPBPRPEPIRR_4d941d"), uf, true, CONTINUE_ON_FAILURE): All options with value 'MG' are selected in object 'Object Repository/CDT03 - CDT04 - CDT05/Page_/select_ALAPAMBACEDFESGOMAMTMSMGPAPBPRPEPIRR_4d941d'  using regular expression

2023-11-29 13:14:58 - [MESSAGE][PASSED] - All options with value 'MG' are selected in object 'Object Repository/CDT03 - CDT04 - CDT05/Page_/select_ALAPAMBACEDFESGOMAMTMSMGPAPBPRPEPIRR_4d941d'  using regular expression

2023-11-29 13:14:58 - [MESSAGE][PASSED] - Call Test Case 'Test Cases/CDT03 - cadastro simples' successfully

2023-11-29 13:14:58 - [TEST_STEP][PASSED] - click(findTestObject("Object Repository/CDT03 - CDT04 - CDT05/Page_/button_Cadastrar"), CONTINUE_ON_FAILURE): Object: 'Object Repository/CDT03 - CDT04 - CDT05/Page_/button_Cadastrar' is clicked on

2023-11-29 13:14:58 - [MESSAGE][PASSED] - Object: 'Object Repository/CDT03 - CDT04 - CDT05/Page_/button_Cadastrar' is clicked on

2023-11-29 13:14:58 - [TEST_STEP][PASSED] - verifyTextPresent("Cadastro", false, CONTINUE_ON_FAILURE): Text 'Cadastro' is present on page 

2023-11-29 13:14:59 - [MESSAGE][PASSED] - Text 'Cadastro' is present on page 

2023-11-29 13:14:59 - [TEST_STEP][PASSED] - callTestCase(findTestCase("CDT03 - cadastro simples"), ["nome":"teste", "email":"email@email.com", "ddd":"11", "telefone":"222222222", "usuario":"admin", "senha":"teste", "repetir_senha":"teste", ... ], CONTINUE_ON_FAILURE): Call Test Case 'Test Cases/CDT03 - cadastro simples' successfully

2023-11-29 13:14:59 - [TEST_CASE][PASSED] - Test Cases/CDT03 - cadastro simples: Test Cases/CDT03 - cadastro simples

2023-11-29 13:14:59 - [TEST_STEP][PASSED] - setText(findTestObject("Object Repository/CDT03 - CDT04 - CDT05/Page_/input_Nome_nomeCadastro"), nome, CONTINUE_ON_FAILURE): Text 'teste' is set on object 'Object Repository/CDT03 - CDT04 - CDT05/Page_/input_Nome_nomeCadastro'

2023-11-29 13:15:00 - [MESSAGE][PASSED] - Text 'teste' is set on object 'Object Repository/CDT03 - CDT04 - CDT05/Page_/input_Nome_nomeCadastro'

2023-11-29 13:15:00 - [TEST_STEP][PASSED] - setText(findTestObject("Object Repository/CDT03 - CDT04 - CDT05/Page_/input_E-mail_emailCadastro"), email, CONTINUE_ON_FAILURE): Text 'email@email.com' is set on object 'Object Repository/CDT03 - CDT04 - CDT05/Page_/input_E-mail_emailCadastro'

2023-11-29 13:15:01 - [MESSAGE][PASSED] - Text 'email@email.com' is set on object 'Object Repository/CDT03 - CDT04 - CDT05/Page_/input_E-mail_emailCadastro'

2023-11-29 13:15:01 - [TEST_STEP][PASSED] - setText(findTestObject("Object Repository/CDT03 - CDT04 - CDT05/Page_/input_DDD_dddTelCadastro"), ddd, CONTINUE_ON_FAILURE): Text '11' is set on object 'Object Repository/CDT03 - CDT04 - CDT05/Page_/input_DDD_dddTelCadastro'

2023-11-29 13:15:01 - [MESSAGE][PASSED] - Text '11' is set on object 'Object Repository/CDT03 - CDT04 - CDT05/Page_/input_DDD_dddTelCadastro'

2023-11-29 13:15:01 - [TEST_STEP][PASSED] - setText(findTestObject("Object Repository/CDT03 - CDT04 - CDT05/Page_/input_Telefone_telCadastro"), telefone, CONTINUE_ON_FAILURE): Text '222222222' is set on object 'Object Repository/CDT03 - CDT04 - CDT05/Page_/input_Telefone_telCadastro'

2023-11-29 13:15:02 - [MESSAGE][PASSED] - Text '222222222' is set on object 'Object Repository/CDT03 - CDT04 - CDT05/Page_/input_Telefone_telCadastro'

2023-11-29 13:15:02 - [TEST_STEP][PASSED] - setText(findTestObject("Object Repository/CDT03 - CDT04 - CDT05/Page_/input_Usurio_loginCadastro"), usuario, CONTINUE_ON_FAILURE): Text 'admin' is set on object 'Object Repository/CDT03 - CDT04 - CDT05/Page_/input_Usurio_loginCadastro'

2023-11-29 13:15:03 - [MESSAGE][PASSED] - Text 'admin' is set on object 'Object Repository/CDT03 - CDT04 - CDT05/Page_/input_Usurio_loginCadastro'

2023-11-29 13:15:03 - [TEST_STEP][PASSED] - setText(findTestObject("Object Repository/CDT03 - CDT04 - CDT05/Page_/input_Senha_senhaCadastro"), senha, CONTINUE_ON_FAILURE): Text 'teste' is set on object 'Object Repository/CDT03 - CDT04 - CDT05/Page_/input_Senha_senhaCadastro'

2023-11-29 13:15:04 - [MESSAGE][PASSED] - Text 'teste' is set on object 'Object Repository/CDT03 - CDT04 - CDT05/Page_/input_Senha_senhaCadastro'

2023-11-29 13:15:04 - [TEST_STEP][PASSED] - setText(findTestObject("Object Repository/CDT03 - CDT04 - CDT05/Page_/input_Repetir a senha_form-control"), repetir_senha, CONTINUE_ON_FAILURE): Text 'teste' is set on object 'Object Repository/CDT03 - CDT04 - CDT05/Page_/input_Repetir a senha_form-control'

2023-11-29 13:15:05 - [MESSAGE][PASSED] - Text 'teste' is set on object 'Object Repository/CDT03 - CDT04 - CDT05/Page_/input_Repetir a senha_form-control'

2023-11-29 13:15:05 - [TEST_STEP][PASSED] - setText(findTestObject("Object Repository/CDT03 - CDT04 - CDT05/Page_/input_RuaAv_ruaCadastro"), rua, CONTINUE_ON_FAILURE): Text 'rua ' is set on object 'Object Repository/CDT03 - CDT04 - CDT05/Page_/input_RuaAv_ruaCadastro'

2023-11-29 13:15:06 - [MESSAGE][PASSED] - Text 'rua ' is set on object 'Object Repository/CDT03 - CDT04 - CDT05/Page_/input_RuaAv_ruaCadastro'

2023-11-29 13:15:06 - [TEST_STEP][PASSED] - setText(findTestObject("Object Repository/CDT03 - CDT04 - CDT05/Page_/input_Nmero_numeroCadastro"), numero, CONTINUE_ON_FAILURE): Text '200' is set on object 'Object Repository/CDT03 - CDT04 - CDT05/Page_/input_Nmero_numeroCadastro'

2023-11-29 13:15:07 - [MESSAGE][PASSED] - Text '200' is set on object 'Object Repository/CDT03 - CDT04 - CDT05/Page_/input_Nmero_numeroCadastro'

2023-11-29 13:15:07 - [TEST_STEP][PASSED] - setText(findTestObject("Object Repository/CDT03 - CDT04 - CDT05/Page_/input_Bairro_bairroCadastro"), bairro, CONTINUE_ON_FAILURE): Text 'bairro' is set on object 'Object Repository/CDT03 - CDT04 - CDT05/Page_/input_Bairro_bairroCadastro'

2023-11-29 13:15:08 - [MESSAGE][PASSED] - Text 'bairro' is set on object 'Object Repository/CDT03 - CDT04 - CDT05/Page_/input_Bairro_bairroCadastro'

2023-11-29 13:15:08 - [TEST_STEP][PASSED] - setText(findTestObject("Object Repository/CDT03 - CDT04 - CDT05/Page_/input_Complemento_complementoCadastro"), complemento, CONTINUE_ON_FAILURE): Text 'complemento' is set on object 'Object Repository/CDT03 - CDT04 - CDT05/Page_/input_Complemento_complementoCadastro'

2023-11-29 13:15:08 - [MESSAGE][PASSED] - Text 'complemento' is set on object 'Object Repository/CDT03 - CDT04 - CDT05/Page_/input_Complemento_complementoCadastro'

2023-11-29 13:15:08 - [TEST_STEP][PASSED] - setText(findTestObject("Object Repository/CDT03 - CDT04 - CDT05/Page_/input_Cidade_cidadeCadastro"), cidade, CONTINUE_ON_FAILURE): Text 'Rio de Janeiro' is set on object 'Object Repository/CDT03 - CDT04 - CDT05/Page_/input_Cidade_cidadeCadastro'

2023-11-29 13:15:09 - [MESSAGE][PASSED] - Text 'Rio de Janeiro' is set on object 'Object Repository/CDT03 - CDT04 - CDT05/Page_/input_Cidade_cidadeCadastro'

2023-11-29 13:15:09 - [TEST_STEP][PASSED] - selectOptionByValue(findTestObject("Object Repository/CDT03 - CDT04 - CDT05/Page_/select_ALAPAMBACEDFESGOMAMTMSMGPAPBPRPEPIRR_4d941d"), uf, true, CONTINUE_ON_FAILURE): All options with value 'MG' are selected in object 'Object Repository/CDT03 - CDT04 - CDT05/Page_/select_ALAPAMBACEDFESGOMAMTMSMGPAPBPRPEPIRR_4d941d'  using regular expression

2023-11-29 13:15:12 - [MESSAGE][PASSED] - All options with value 'MG' are selected in object 'Object Repository/CDT03 - CDT04 - CDT05/Page_/select_ALAPAMBACEDFESGOMAMTMSMGPAPBPRPEPIRR_4d941d'  using regular expression

2023-11-29 13:15:12 - [MESSAGE][PASSED] - Call Test Case 'Test Cases/CDT03 - cadastro simples' successfully

2023-11-29 13:15:12 - [TEST_STEP][PASSED] - click(findTestObject("Object Repository/CDT03 - CDT04 - CDT05/Page_/button_Cadastrar"), CONTINUE_ON_FAILURE): Object: 'Object Repository/CDT03 - CDT04 - CDT05/Page_/button_Cadastrar' is clicked on

2023-11-29 13:15:12 - [MESSAGE][PASSED] - Object: 'Object Repository/CDT03 - CDT04 - CDT05/Page_/button_Cadastrar' is clicked on

2023-11-29 13:15:12 - [TEST_STEP][PASSED] - verifyTextPresent("Nome de usuário reservado!", false, CONTINUE_ON_FAILURE): Text 'Nome de usuário reservado!' is present on page 

2023-11-29 13:15:13 - [MESSAGE][PASSED] - Text 'Nome de usuário reservado!' is present on page 

2023-11-29 13:15:13 - [TEST_STEP][PASSED] - click(findTestObject("Object Repository/CDT03 - CDT04 - CDT05/Page_/button_OK"), CONTINUE_ON_FAILURE): Object: 'Object Repository/CDT03 - CDT04 - CDT05/Page_/button_OK' is clicked on

2023-11-29 13:15:13 - [MESSAGE][PASSED] - Object: 'Object Repository/CDT03 - CDT04 - CDT05/Page_/button_OK' is clicked on

2023-11-29 13:15:13 - [TEST_STEP][PASSED] - callTestCase(findTestCase("CDT03 - cadastro simples"), ["nome":"teste", "email":"teste@gmail.com", "ddd":"11", "telefone":"222222222", "usuario":"teste", "senha":"teste", "repetir_senha":"diferente", ... ], CONTINUE_ON_FAILURE): Call Test Case 'Test Cases/CDT03 - cadastro simples' successfully

2023-11-29 13:15:14 - [TEST_CASE][PASSED] - Test Cases/CDT03 - cadastro simples: Test Cases/CDT03 - cadastro simples

2023-11-29 13:15:14 - [TEST_STEP][PASSED] - setText(findTestObject("Object Repository/CDT03 - CDT04 - CDT05/Page_/input_Nome_nomeCadastro"), nome, CONTINUE_ON_FAILURE): Text 'teste' is set on object 'Object Repository/CDT03 - CDT04 - CDT05/Page_/input_Nome_nomeCadastro'

2023-11-29 13:15:15 - [MESSAGE][PASSED] - Text 'teste' is set on object 'Object Repository/CDT03 - CDT04 - CDT05/Page_/input_Nome_nomeCadastro'

2023-11-29 13:15:15 - [TEST_STEP][PASSED] - setText(findTestObject("Object Repository/CDT03 - CDT04 - CDT05/Page_/input_E-mail_emailCadastro"), email, CONTINUE_ON_FAILURE): Text 'teste@gmail.com' is set on object 'Object Repository/CDT03 - CDT04 - CDT05/Page_/input_E-mail_emailCadastro'

2023-11-29 13:15:15 - [MESSAGE][PASSED] - Text 'teste@gmail.com' is set on object 'Object Repository/CDT03 - CDT04 - CDT05/Page_/input_E-mail_emailCadastro'

2023-11-29 13:15:15 - [TEST_STEP][PASSED] - setText(findTestObject("Object Repository/CDT03 - CDT04 - CDT05/Page_/input_DDD_dddTelCadastro"), ddd, CONTINUE_ON_FAILURE): Text '11' is set on object 'Object Repository/CDT03 - CDT04 - CDT05/Page_/input_DDD_dddTelCadastro'

2023-11-29 13:15:16 - [MESSAGE][PASSED] - Text '11' is set on object 'Object Repository/CDT03 - CDT04 - CDT05/Page_/input_DDD_dddTelCadastro'

2023-11-29 13:15:16 - [TEST_STEP][PASSED] - setText(findTestObject("Object Repository/CDT03 - CDT04 - CDT05/Page_/input_Telefone_telCadastro"), telefone, CONTINUE_ON_FAILURE): Text '222222222' is set on object 'Object Repository/CDT03 - CDT04 - CDT05/Page_/input_Telefone_telCadastro'

2023-11-29 13:15:17 - [MESSAGE][PASSED] - Text '222222222' is set on object 'Object Repository/CDT03 - CDT04 - CDT05/Page_/input_Telefone_telCadastro'

2023-11-29 13:15:17 - [TEST_STEP][PASSED] - setText(findTestObject("Object Repository/CDT03 - CDT04 - CDT05/Page_/input_Usurio_loginCadastro"), usuario, CONTINUE_ON_FAILURE): Text 'teste' is set on object 'Object Repository/CDT03 - CDT04 - CDT05/Page_/input_Usurio_loginCadastro'

2023-11-29 13:15:18 - [MESSAGE][PASSED] - Text 'teste' is set on object 'Object Repository/CDT03 - CDT04 - CDT05/Page_/input_Usurio_loginCadastro'

2023-11-29 13:15:18 - [TEST_STEP][PASSED] - setText(findTestObject("Object Repository/CDT03 - CDT04 - CDT05/Page_/input_Senha_senhaCadastro"), senha, CONTINUE_ON_FAILURE): Text 'teste' is set on object 'Object Repository/CDT03 - CDT04 - CDT05/Page_/input_Senha_senhaCadastro'

2023-11-29 13:15:19 - [MESSAGE][PASSED] - Text 'teste' is set on object 'Object Repository/CDT03 - CDT04 - CDT05/Page_/input_Senha_senhaCadastro'

2023-11-29 13:15:19 - [TEST_STEP][PASSED] - setText(findTestObject("Object Repository/CDT03 - CDT04 - CDT05/Page_/input_Repetir a senha_form-control"), repetir_senha, CONTINUE_ON_FAILURE): Text 'diferente' is set on object 'Object Repository/CDT03 - CDT04 - CDT05/Page_/input_Repetir a senha_form-control'

2023-11-29 13:15:20 - [MESSAGE][PASSED] - Text 'diferente' is set on object 'Object Repository/CDT03 - CDT04 - CDT05/Page_/input_Repetir a senha_form-control'

2023-11-29 13:15:20 - [TEST_STEP][PASSED] - setText(findTestObject("Object Repository/CDT03 - CDT04 - CDT05/Page_/input_RuaAv_ruaCadastro"), rua, CONTINUE_ON_FAILURE): Text 'rua ' is set on object 'Object Repository/CDT03 - CDT04 - CDT05/Page_/input_RuaAv_ruaCadastro'

2023-11-29 13:15:21 - [MESSAGE][PASSED] - Text 'rua ' is set on object 'Object Repository/CDT03 - CDT04 - CDT05/Page_/input_RuaAv_ruaCadastro'

2023-11-29 13:15:21 - [TEST_STEP][PASSED] - setText(findTestObject("Object Repository/CDT03 - CDT04 - CDT05/Page_/input_Nmero_numeroCadastro"), numero, CONTINUE_ON_FAILURE): Text '200' is set on object 'Object Repository/CDT03 - CDT04 - CDT05/Page_/input_Nmero_numeroCadastro'

2023-11-29 13:15:22 - [MESSAGE][PASSED] - Text '200' is set on object 'Object Repository/CDT03 - CDT04 - CDT05/Page_/input_Nmero_numeroCadastro'

2023-11-29 13:15:22 - [TEST_STEP][PASSED] - setText(findTestObject("Object Repository/CDT03 - CDT04 - CDT05/Page_/input_Bairro_bairroCadastro"), bairro, CONTINUE_ON_FAILURE): Text 'bairro' is set on object 'Object Repository/CDT03 - CDT04 - CDT05/Page_/input_Bairro_bairroCadastro'

2023-11-29 13:15:22 - [MESSAGE][PASSED] - Text 'bairro' is set on object 'Object Repository/CDT03 - CDT04 - CDT05/Page_/input_Bairro_bairroCadastro'

2023-11-29 13:15:22 - [TEST_STEP][PASSED] - setText(findTestObject("Object Repository/CDT03 - CDT04 - CDT05/Page_/input_Complemento_complementoCadastro"), complemento, CONTINUE_ON_FAILURE): Text 'complemento' is set on object 'Object Repository/CDT03 - CDT04 - CDT05/Page_/input_Complemento_complementoCadastro'

2023-11-29 13:15:23 - [MESSAGE][PASSED] - Text 'complemento' is set on object 'Object Repository/CDT03 - CDT04 - CDT05/Page_/input_Complemento_complementoCadastro'

2023-11-29 13:15:23 - [TEST_STEP][PASSED] - setText(findTestObject("Object Repository/CDT03 - CDT04 - CDT05/Page_/input_Cidade_cidadeCadastro"), cidade, CONTINUE_ON_FAILURE): Text 'Rio de Janeiro' is set on object 'Object Repository/CDT03 - CDT04 - CDT05/Page_/input_Cidade_cidadeCadastro'

2023-11-29 13:15:24 - [MESSAGE][PASSED] - Text 'Rio de Janeiro' is set on object 'Object Repository/CDT03 - CDT04 - CDT05/Page_/input_Cidade_cidadeCadastro'

2023-11-29 13:15:24 - [TEST_STEP][PASSED] - selectOptionByValue(findTestObject("Object Repository/CDT03 - CDT04 - CDT05/Page_/select_ALAPAMBACEDFESGOMAMTMSMGPAPBPRPEPIRR_4d941d"), uf, true, CONTINUE_ON_FAILURE): All options with value 'MG' are selected in object 'Object Repository/CDT03 - CDT04 - CDT05/Page_/select_ALAPAMBACEDFESGOMAMTMSMGPAPBPRPEPIRR_4d941d'  using regular expression

2023-11-29 13:15:26 - [MESSAGE][PASSED] - All options with value 'MG' are selected in object 'Object Repository/CDT03 - CDT04 - CDT05/Page_/select_ALAPAMBACEDFESGOMAMTMSMGPAPBPRPEPIRR_4d941d'  using regular expression

2023-11-29 13:15:26 - [MESSAGE][PASSED] - Call Test Case 'Test Cases/CDT03 - cadastro simples' successfully

2023-11-29 13:15:26 - [TEST_STEP][PASSED] - click(findTestObject("Object Repository/CDT03 - CDT04 - CDT05/Page_/button_Cadastrar"), CONTINUE_ON_FAILURE): Object: 'Object Repository/CDT03 - CDT04 - CDT05/Page_/button_Cadastrar' is clicked on

2023-11-29 13:15:27 - [MESSAGE][PASSED] - Object: 'Object Repository/CDT03 - CDT04 - CDT05/Page_/button_Cadastrar' is clicked on

2023-11-29 13:15:27 - [TEST_STEP][FAILED] - verifyTextPresent("Cadastro", false, CONTINUE_ON_FAILURE): Text 'Cadastro' is not present on page  (Root cause: com.kms.katalon.core.exception.StepFailedException: Text 'Cadastro' is not present on page 
	at com.kms.katalon.core.webui.keyword.internal.WebUIKeywordMain.stepFailed(WebUIKeywordMain.groovy:64)
	at com.kms.katalon.core.webui.keyword.builtin.VerifyTextPresentKeyword$_verifyTextPresent_closure1.doCall(VerifyTextPresentKeyword.groovy:79)
	at com.kms.katalon.core.webui.keyword.builtin.VerifyTextPresentKeyword$_verifyTextPresent_closure1.call(VerifyTextPresentKeyword.groovy)
	at com.kms.katalon.core.webui.keyword.internal.WebUIKeywordMain.runKeyword(WebUIKeywordMain.groovy:20)
	at com.kms.katalon.core.webui.keyword.builtin.VerifyTextPresentKeyword.verifyTextPresent(VerifyTextPresentKeyword.groovy:83)
	at com.kms.katalon.core.webui.keyword.builtin.VerifyTextPresentKeyword.execute(VerifyTextPresentKeyword.groovy:68)
	at com.kms.katalon.core.keyword.internal.KeywordExecutor.executeKeywordForPlatform(KeywordExecutor.groovy:74)
	at com.kms.katalon.core.webui.keyword.WebUiBuiltInKeywords.verifyTextPresent(WebUiBuiltInKeywords.groovy:1707)
	at com.kms.katalon.core.webui.keyword.WebUiBuiltInKeywords$verifyTextPresent$6.call(Unknown Source)
	at CDT04 - RF01 - cadastro cliente - Verificar erros de preenchimento.run(CDT04 - RF01 - cadastro cliente - Verificar erros de preenchimento:56)
	at com.kms.katalon.core.main.ScriptEngine.run(ScriptEngine.java:194)
	at com.kms.katalon.core.main.ScriptEngine.runScriptAsRawText(ScriptEngine.java:119)
	at com.kms.katalon.core.main.TestCaseExecutor.runScript(TestCaseExecutor.java:448)
	at com.kms.katalon.core.main.TestCaseExecutor.doExecute(TestCaseExecutor.java:439)
	at com.kms.katalon.core.main.TestCaseExecutor.processExecutionPhase(TestCaseExecutor.java:418)
	at com.kms.katalon.core.main.TestCaseExecutor.accessMainPhase(TestCaseExecutor.java:410)
	at com.kms.katalon.core.main.TestCaseExecutor.execute(TestCaseExecutor.java:285)
	at com.kms.katalon.core.common.CommonExecutor.accessTestCaseMainPhase(CommonExecutor.java:65)
	at com.kms.katalon.core.main.TestSuiteExecutor.accessTestSuiteMainPhase(TestSuiteExecutor.java:148)
	at com.kms.katalon.core.main.TestSuiteExecutor.execute(TestSuiteExecutor.java:106)
	at com.kms.katalon.core.main.TestCaseMain.startTestSuite(TestCaseMain.java:187)
	at com.kms.katalon.core.main.TestCaseMain$startTestSuite$0.call(Unknown Source)
	at TempTestSuite1701274422176.run(TempTestSuite1701274422176.groovy:36)
)

2023-11-29 13:15:28 - [MESSAGE][FAILED] - Text 'Cadastro' is not present on page  (Root cause: com.kms.katalon.core.exception.StepFailedException: Text 'Cadastro' is not present on page 
	at com.kms.katalon.core.webui.keyword.internal.WebUIKeywordMain.stepFailed(WebUIKeywordMain.groovy:64)
	at com.kms.katalon.core.webui.keyword.builtin.VerifyTextPresentKeyword$_verifyTextPresent_closure1.doCall(VerifyTextPresentKeyword.groovy:79)
	at com.kms.katalon.core.webui.keyword.builtin.VerifyTextPresentKeyword$_verifyTextPresent_closure1.call(VerifyTextPresentKeyword.groovy)
	at com.kms.katalon.core.webui.keyword.internal.WebUIKeywordMain.runKeyword(WebUIKeywordMain.groovy:20)
	at com.kms.katalon.core.webui.keyword.builtin.VerifyTextPresentKeyword.verifyTextPresent(VerifyTextPresentKeyword.groovy:83)
	at com.kms.katalon.core.webui.keyword.builtin.VerifyTextPresentKeyword.execute(VerifyTextPresentKeyword.groovy:68)
	at com.kms.katalon.core.keyword.internal.KeywordExecutor.executeKeywordForPlatform(KeywordExecutor.groovy:74)
	at com.kms.katalon.core.webui.keyword.WebUiBuiltInKeywords.verifyTextPresent(WebUiBuiltInKeywords.groovy:1707)
	at com.kms.katalon.core.webui.keyword.WebUiBuiltInKeywords$verifyTextPresent$6.call(Unknown Source)
	at CDT04 - RF01 - cadastro cliente - Verificar erros de preenchimento.run(CDT04 - RF01 - cadastro cliente - Verificar erros de preenchimento:56)
	at com.kms.katalon.core.main.ScriptEngine.run(ScriptEngine.java:194)
	at com.kms.katalon.core.main.ScriptEngine.runScriptAsRawText(ScriptEngine.java:119)
	at com.kms.katalon.core.main.TestCaseExecutor.runScript(TestCaseExecutor.java:448)
	at com.kms.katalon.core.main.TestCaseExecutor.doExecute(TestCaseExecutor.java:439)
	at com.kms.katalon.core.main.TestCaseExecutor.processExecutionPhase(TestCaseExecutor.java:418)
	at com.kms.katalon.core.main.TestCaseExecutor.accessMainPhase(TestCaseExecutor.java:410)
	at com.kms.katalon.core.main.TestCaseExecutor.execute(TestCaseExecutor.java:285)
	at com.kms.katalon.core.common.CommonExecutor.accessTestCaseMainPhase(CommonExecutor.java:65)
	at com.kms.katalon.core.main.TestSuiteExecutor.accessTestSuiteMainPhase(TestSuiteExecutor.java:148)
	at com.kms.katalon.core.main.TestSuiteExecutor.execute(TestSuiteExecutor.java:106)
	at com.kms.katalon.core.main.TestCaseMain.startTestSuite(TestCaseMain.java:187)
	at com.kms.katalon.core.main.TestCaseMain$startTestSuite$0.call(Unknown Source)
	at TempTestSuite1701274422176.run(TempTestSuite1701274422176.groovy:36)
)

2023-11-29 13:15:28 - [TEST_STEP][PASSED] - closeBrowser(CONTINUE_ON_FAILURE): Browser is closed

2023-11-29 13:15:29 - [MESSAGE][PASSED] - Browser is closed]]></system-out>
         <system-err><![CDATA[2023-11-29 13:14:38 - [TEST_CASE][FAILED] - Test Cases/CDT04 - RF01 - cadastro cliente - Verificar erros de preenchimento: Test Cases/CDT04 - RF01 - cadastro cliente - Verificar erros de preenchimento FAILED.
Reason:
com.kms.katalon.core.exception.StepFailedException: Text 'Cadastro' is not present on page  (Root cause: com.kms.katalon.core.exception.StepFailedException: Text 'Cadastro' is not present on page 
	at com.kms.katalon.core.webui.keyword.internal.WebUIKeywordMain.stepFailed(WebUIKeywordMain.groovy:64)
	at com.kms.katalon.core.webui.keyword.builtin.VerifyTextPresentKeyword$_verifyTextPresent_closure1.doCall(VerifyTextPresentKeyword.groovy:79)
	at com.kms.katalon.core.webui.keyword.builtin.VerifyTextPresentKeyword$_verifyTextPresent_closure1.call(VerifyTextPresentKeyword.groovy)
	at com.kms.katalon.core.webui.keyword.internal.WebUIKeywordMain.runKeyword(WebUIKeywordMain.groovy:20)
	at com.kms.katalon.core.webui.keyword.builtin.VerifyTextPresentKeyword.verifyTextPresent(VerifyTextPresentKeyword.groovy:83)
	at com.kms.katalon.core.webui.keyword.builtin.VerifyTextPresentKeyword.execute(VerifyTextPresentKeyword.groovy:68)
	at com.kms.katalon.core.keyword.internal.KeywordExecutor.executeKeywordForPlatform(KeywordExecutor.groovy:74)
	at com.kms.katalon.core.webui.keyword.WebUiBuiltInKeywords.verifyTextPresent(WebUiBuiltInKeywords.groovy:1707)
	at com.kms.katalon.core.webui.keyword.WebUiBuiltInKeywords$verifyTextPresent$6.call(Unknown Source)
	at CDT04 - RF01 - cadastro cliente - Verificar erros de preenchimento.run(CDT04 - RF01 - cadastro cliente - Verificar erros de preenchimento:56)
	at com.kms.katalon.core.main.ScriptEngine.run(ScriptEngine.java:194)
	at com.kms.katalon.core.main.ScriptEngine.runScriptAsRawText(ScriptEngine.java:119)
	at com.kms.katalon.core.main.TestCaseExecutor.runScript(TestCaseExecutor.java:448)
	at com.kms.katalon.core.main.TestCaseExecutor.doExecute(TestCaseExecutor.java:439)
	at com.kms.katalon.core.main.TestCaseExecutor.processExecutionPhase(TestCaseExecutor.java:418)
	at com.kms.katalon.core.main.TestCaseExecutor.accessMainPhase(TestCaseExecutor.java:410)
	at com.kms.katalon.core.main.TestCaseExecutor.execute(TestCaseExecutor.java:285)
	at com.kms.katalon.core.common.CommonExecutor.accessTestCaseMainPhase(CommonExecutor.java:65)
	at com.kms.katalon.core.main.TestSuiteExecutor.accessTestSuiteMainPhase(TestSuiteExecutor.java:148)
	at com.kms.katalon.core.main.TestSuiteExecutor.execute(TestSuiteExecutor.java:106)
	at com.kms.katalon.core.main.TestCaseMain.startTestSuite(TestCaseMain.java:187)
	at com.kms.katalon.core.main.TestCaseMain$startTestSuite$0.call(Unknown Source)
	at TempTestSuite1701274422176.run(TempTestSuite1701274422176.groovy:36)
)
	at com.kms.katalon.core.keyword.internal.KeywordMain.stepFailed(KeywordMain.groovy:39)
	at com.kms.katalon.core.webui.keyword.internal.WebUIKeywordMain.stepFailed(WebUIKeywordMain.groovy:64)
	at com.kms.katalon.core.webui.keyword.builtin.VerifyTextPresentKeyword$_verifyTextPresent_closure1.doCall(VerifyTextPresentKeyword.groovy:79)
	at com.kms.katalon.core.webui.keyword.builtin.VerifyTextPresentKeyword$_verifyTextPresent_closure1.call(VerifyTextPresentKeyword.groovy)
	at com.kms.katalon.core.webui.keyword.internal.WebUIKeywordMain.runKeyword(WebUIKeywordMain.groovy:20)
	at com.kms.katalon.core.webui.keyword.builtin.VerifyTextPresentKeyword.verifyTextPresent(VerifyTextPresentKeyword.groovy:83)
	at com.kms.katalon.core.webui.keyword.builtin.VerifyTextPresentKeyword.execute(VerifyTextPresentKeyword.groovy:68)
	at com.kms.katalon.core.keyword.internal.KeywordExecutor.executeKeywordForPlatform(KeywordExecutor.groovy:74)
	at com.kms.katalon.core.webui.keyword.WebUiBuiltInKeywords.verifyTextPresent(WebUiBuiltInKeywords.groovy:1707)
	at com.kms.katalon.core.webui.keyword.WebUiBuiltInKeywords$verifyTextPresent$6.call(Unknown Source)
	at CDT04 - RF01 - cadastro cliente - Verificar erros de preenchimento.run(CDT04 - RF01 - cadastro cliente - Verificar erros de preenchimento:56)
	at com.kms.katalon.core.main.ScriptEngine.run(ScriptEngine.java:194)
	at com.kms.katalon.core.main.ScriptEngine.runScriptAsRawText(ScriptEngine.java:119)
	at com.kms.katalon.core.main.TestCaseExecutor.runScript(TestCaseExecutor.java:448)
	at com.kms.katalon.core.main.TestCaseExecutor.doExecute(TestCaseExecutor.java:439)
	at com.kms.katalon.core.main.TestCaseExecutor.processExecutionPhase(TestCaseExecutor.java:418)
	at com.kms.katalon.core.main.TestCaseExecutor.accessMainPhase(TestCaseExecutor.java:410)
	at com.kms.katalon.core.main.TestCaseExecutor.execute(TestCaseExecutor.java:285)
	at com.kms.katalon.core.common.CommonExecutor.accessTestCaseMainPhase(CommonExecutor.java:65)
	at com.kms.katalon.core.main.TestSuiteExecutor.accessTestSuiteMainPhase(TestSuiteExecutor.java:148)
	at com.kms.katalon.core.main.TestSuiteExecutor.execute(TestSuiteExecutor.java:106)
	at com.kms.katalon.core.main.TestCaseMain.startTestSuite(TestCaseMain.java:187)
	at com.kms.katalon.core.main.TestCaseMain$startTestSuite$0.call(Unknown Source)
	at TempTestSuite1701274422176.run(TempTestSuite1701274422176.groovy:36)
Caused by: com.kms.katalon.core.exception.StepFailedException: Text 'Cadastro' is not present on page 
	... 23 more]]></system-err>
      </testcase>
      <testcase name="Test Cases/CDT05 - RF01 - cadastro cliente - Verificar sucesso e usuarios repetidos" time="41.508" classname="Test Cases/CDT05 - RF01 - cadastro cliente - Verificar sucesso e usuarios repetidos" status="FAILED">
         <failure type="FAILED" message="Test Cases/CDT05 - RF01 - cadastro cliente - Verificar sucesso e usuarios repetidos FAILED.
Reason:
com.kms.katalon.core.exception.StepFailedException: Text 'Cadastro' is not present on page  (Root cause: com.kms.katalon.core.exception.StepFailedException: Text 'Cadastro' is not present on page 
	at com.kms.katalon.core.webui.keyword.internal.WebUIKeywordMain.stepFailed(WebUIKeywordMain.groovy:64)
	at com.kms.katalon.core.webui.keyword.builtin.VerifyTextPresentKeyword$_verifyTextPresent_closure1.doCall(VerifyTextPresentKeyword.groovy:79)
	at com.kms.katalon.core.webui.keyword.builtin.VerifyTextPresentKeyword$_verifyTextPresent_closure1.call(VerifyTextPresentKeyword.groovy)
	at com.kms.katalon.core.webui.keyword.internal.WebUIKeywordMain.runKeyword(WebUIKeywordMain.groovy:20)
	at com.kms.katalon.core.webui.keyword.builtin.VerifyTextPresentKeyword.verifyTextPresent(VerifyTextPresentKeyword.groovy:83)
	at com.kms.katalon.core.webui.keyword.builtin.VerifyTextPresentKeyword.execute(VerifyTextPresentKeyword.groovy:68)
	at com.kms.katalon.core.keyword.internal.KeywordExecutor.executeKeywordForPlatform(KeywordExecutor.groovy:74)
	at com.kms.katalon.core.webui.keyword.WebUiBuiltInKeywords.verifyTextPresent(WebUiBuiltInKeywords.groovy:1707)
	at com.kms.katalon.core.webui.keyword.WebUiBuiltInKeywords$verifyTextPresent$6.call(Unknown Source)
	at CDT05 - RF01 - cadastro cliente - Verificar sucesso e usuarios repetidos.run(CDT05 - RF01 - cadastro cliente - Verificar sucesso e usuarios repetidos:53)
	at com.kms.katalon.core.main.ScriptEngine.run(ScriptEngine.java:194)
	at com.kms.katalon.core.main.ScriptEngine.runScriptAsRawText(ScriptEngine.java:119)
	at com.kms.katalon.core.main.TestCaseExecutor.runScript(TestCaseExecutor.java:448)
	at com.kms.katalon.core.main.TestCaseExecutor.doExecute(TestCaseExecutor.java:439)
	at com.kms.katalon.core.main.TestCaseExecutor.processExecutionPhase(TestCaseExecutor.java:418)
	at com.kms.katalon.core.main.TestCaseExecutor.accessMainPhase(TestCaseExecutor.java:410)
	at com.kms.katalon.core.main.TestCaseExecutor.execute(TestCaseExecutor.java:285)
	at com.kms.katalon.core.common.CommonExecutor.accessTestCaseMainPhase(CommonExecutor.java:65)
	at com.kms.katalon.core.main.TestSuiteExecutor.accessTestSuiteMainPhase(TestSuiteExecutor.java:148)
	at com.kms.katalon.core.main.TestSuiteExecutor.execute(TestSuiteExecutor.java:106)
	at com.kms.katalon.core.main.TestCaseMain.startTestSuite(TestCaseMain.java:187)
	at com.kms.katalon.core.main.TestCaseMain$startTestSuite$0.call(Unknown Source)
	at TempTestSuite1701274422176.run(TempTestSuite1701274422176.groovy:36)
)
	at com.kms.katalon.core.keyword.internal.KeywordMain.stepFailed(KeywordMain.groovy:39)
	at com.kms.katalon.core.webui.keyword.internal.WebUIKeywordMain.stepFailed(WebUIKeywordMain.groovy:64)
	at com.kms.katalon.core.webui.keyword.builtin.VerifyTextPresentKeyword$_verifyTextPresent_closure1.doCall(VerifyTextPresentKeyword.groovy:79)
	at com.kms.katalon.core.webui.keyword.builtin.VerifyTextPresentKeyword$_verifyTextPresent_closure1.call(VerifyTextPresentKeyword.groovy)
	at com.kms.katalon.core.webui.keyword.internal.WebUIKeywordMain.runKeyword(WebUIKeywordMain.groovy:20)
	at com.kms.katalon.core.webui.keyword.builtin.VerifyTextPresentKeyword.verifyTextPresent(VerifyTextPresentKeyword.groovy:83)
	at com.kms.katalon.core.webui.keyword.builtin.VerifyTextPresentKeyword.execute(VerifyTextPresentKeyword.groovy:68)
	at com.kms.katalon.core.keyword.internal.KeywordExecutor.executeKeywordForPlatform(KeywordExecutor.groovy:74)
	at com.kms.katalon.core.webui.keyword.WebUiBuiltInKeywords.verifyTextPresent(WebUiBuiltInKeywords.groovy:1707)
	at com.kms.katalon.core.webui.keyword.WebUiBuiltInKeywords$verifyTextPresent$6.call(Unknown Source)
	at CDT05 - RF01 - cadastro cliente - Verificar sucesso e usuarios repetidos.run(CDT05 - RF01 - cadastro cliente - Verificar sucesso e usuarios repetidos:53)
	at com.kms.katalon.core.main.ScriptEngine.run(ScriptEngine.java:194)
	at com.kms.katalon.core.main.ScriptEngine.runScriptAsRawText(ScriptEngine.java:119)
	at com.kms.katalon.core.main.TestCaseExecutor.runScript(TestCaseExecutor.java:448)
	at com.kms.katalon.core.main.TestCaseExecutor.doExecute(TestCaseExecutor.java:439)
	at com.kms.katalon.core.main.TestCaseExecutor.processExecutionPhase(TestCaseExecutor.java:418)
	at com.kms.katalon.core.main.TestCaseExecutor.accessMainPhase(TestCaseExecutor.java:410)
	at com.kms.katalon.core.main.TestCaseExecutor.execute(TestCaseExecutor.java:285)
	at com.kms.katalon.core.common.CommonExecutor.accessTestCaseMainPhase(CommonExecutor.java:65)
	at com.kms.katalon.core.main.TestSuiteExecutor.accessTestSuiteMainPhase(TestSuiteExecutor.java:148)
	at com.kms.katalon.core.main.TestSuiteExecutor.execute(TestSuiteExecutor.java:106)
	at com.kms.katalon.core.main.TestCaseMain.startTestSuite(TestCaseMain.java:187)
	at com.kms.katalon.core.main.TestCaseMain$startTestSuite$0.call(Unknown Source)
	at TempTestSuite1701274422176.run(TempTestSuite1701274422176.groovy:36)
Caused by: com.kms.katalon.core.exception.StepFailedException: Text 'Cadastro' is not present on page 
	... 23 more
"/>
         <system-out><![CDATA[2023-11-29 13:15:29 - [TEST_CASE][FAILED] - Test Cases/CDT05 - RF01 - cadastro cliente - Verificar sucesso e usuarios repetidos: Test Cases/CDT05 - RF01 - cadastro cliente - Verificar sucesso e usuarios repetidos FAILED.
Reason:
com.kms.katalon.core.exception.StepFailedException: Text 'Cadastro' is not present on page  (Root cause: com.kms.katalon.core.exception.StepFailedException: Text 'Cadastro' is not present on page 
	at com.kms.katalon.core.webui.keyword.internal.WebUIKeywordMain.stepFailed(WebUIKeywordMain.groovy:64)
	at com.kms.katalon.core.webui.keyword.builtin.VerifyTextPresentKeyword$_verifyTextPresent_closure1.doCall(VerifyTextPresentKeyword.groovy:79)
	at com.kms.katalon.core.webui.keyword.builtin.VerifyTextPresentKeyword$_verifyTextPresent_closure1.call(VerifyTextPresentKeyword.groovy)
	at com.kms.katalon.core.webui.keyword.internal.WebUIKeywordMain.runKeyword(WebUIKeywordMain.groovy:20)
	at com.kms.katalon.core.webui.keyword.builtin.VerifyTextPresentKeyword.verifyTextPresent(VerifyTextPresentKeyword.groovy:83)
	at com.kms.katalon.core.webui.keyword.builtin.VerifyTextPresentKeyword.execute(VerifyTextPresentKeyword.groovy:68)
	at com.kms.katalon.core.keyword.internal.KeywordExecutor.executeKeywordForPlatform(KeywordExecutor.groovy:74)
	at com.kms.katalon.core.webui.keyword.WebUiBuiltInKeywords.verifyTextPresent(WebUiBuiltInKeywords.groovy:1707)
	at com.kms.katalon.core.webui.keyword.WebUiBuiltInKeywords$verifyTextPresent$6.call(Unknown Source)
	at CDT05 - RF01 - cadastro cliente - Verificar sucesso e usuarios repetidos.run(CDT05 - RF01 - cadastro cliente - Verificar sucesso e usuarios repetidos:53)
	at com.kms.katalon.core.main.ScriptEngine.run(ScriptEngine.java:194)
	at com.kms.katalon.core.main.ScriptEngine.runScriptAsRawText(ScriptEngine.java:119)
	at com.kms.katalon.core.main.TestCaseExecutor.runScript(TestCaseExecutor.java:448)
	at com.kms.katalon.core.main.TestCaseExecutor.doExecute(TestCaseExecutor.java:439)
	at com.kms.katalon.core.main.TestCaseExecutor.processExecutionPhase(TestCaseExecutor.java:418)
	at com.kms.katalon.core.main.TestCaseExecutor.accessMainPhase(TestCaseExecutor.java:410)
	at com.kms.katalon.core.main.TestCaseExecutor.execute(TestCaseExecutor.java:285)
	at com.kms.katalon.core.common.CommonExecutor.accessTestCaseMainPhase(CommonExecutor.java:65)
	at com.kms.katalon.core.main.TestSuiteExecutor.accessTestSuiteMainPhase(TestSuiteExecutor.java:148)
	at com.kms.katalon.core.main.TestSuiteExecutor.execute(TestSuiteExecutor.java:106)
	at com.kms.katalon.core.main.TestCaseMain.startTestSuite(TestCaseMain.java:187)
	at com.kms.katalon.core.main.TestCaseMain$startTestSuite$0.call(Unknown Source)
	at TempTestSuite1701274422176.run(TempTestSuite1701274422176.groovy:36)
)
	at com.kms.katalon.core.keyword.internal.KeywordMain.stepFailed(KeywordMain.groovy:39)
	at com.kms.katalon.core.webui.keyword.internal.WebUIKeywordMain.stepFailed(WebUIKeywordMain.groovy:64)
	at com.kms.katalon.core.webui.keyword.builtin.VerifyTextPresentKeyword$_verifyTextPresent_closure1.doCall(VerifyTextPresentKeyword.groovy:79)
	at com.kms.katalon.core.webui.keyword.builtin.VerifyTextPresentKeyword$_verifyTextPresent_closure1.call(VerifyTextPresentKeyword.groovy)
	at com.kms.katalon.core.webui.keyword.internal.WebUIKeywordMain.runKeyword(WebUIKeywordMain.groovy:20)
	at com.kms.katalon.core.webui.keyword.builtin.VerifyTextPresentKeyword.verifyTextPresent(VerifyTextPresentKeyword.groovy:83)
	at com.kms.katalon.core.webui.keyword.builtin.VerifyTextPresentKeyword.execute(VerifyTextPresentKeyword.groovy:68)
	at com.kms.katalon.core.keyword.internal.KeywordExecutor.executeKeywordForPlatform(KeywordExecutor.groovy:74)
	at com.kms.katalon.core.webui.keyword.WebUiBuiltInKeywords.verifyTextPresent(WebUiBuiltInKeywords.groovy:1707)
	at com.kms.katalon.core.webui.keyword.WebUiBuiltInKeywords$verifyTextPresent$6.call(Unknown Source)
	at CDT05 - RF01 - cadastro cliente - Verificar sucesso e usuarios repetidos.run(CDT05 - RF01 - cadastro cliente - Verificar sucesso e usuarios repetidos:53)
	at com.kms.katalon.core.main.ScriptEngine.run(ScriptEngine.java:194)
	at com.kms.katalon.core.main.ScriptEngine.runScriptAsRawText(ScriptEngine.java:119)
	at com.kms.katalon.core.main.TestCaseExecutor.runScript(TestCaseExecutor.java:448)
	at com.kms.katalon.core.main.TestCaseExecutor.doExecute(TestCaseExecutor.java:439)
	at com.kms.katalon.core.main.TestCaseExecutor.processExecutionPhase(TestCaseExecutor.java:418)
	at com.kms.katalon.core.main.TestCaseExecutor.accessMainPhase(TestCaseExecutor.java:410)
	at com.kms.katalon.core.main.TestCaseExecutor.execute(TestCaseExecutor.java:285)
	at com.kms.katalon.core.common.CommonExecutor.accessTestCaseMainPhase(CommonExecutor.java:65)
	at com.kms.katalon.core.main.TestSuiteExecutor.accessTestSuiteMainPhase(TestSuiteExecutor.java:148)
	at com.kms.katalon.core.main.TestSuiteExecutor.execute(TestSuiteExecutor.java:106)
	at com.kms.katalon.core.main.TestCaseMain.startTestSuite(TestCaseMain.java:187)
	at com.kms.katalon.core.main.TestCaseMain$startTestSuite$0.call(Unknown Source)
	at TempTestSuite1701274422176.run(TempTestSuite1701274422176.groovy:36)
Caused by: com.kms.katalon.core.exception.StepFailedException: Text 'Cadastro' is not present on page 
	... 23 more


2023-11-29 13:15:29 - [TEST_STEP][PASSED] - openBrowser("", CONTINUE_ON_FAILURE): Browser is opened with url: ''

2023-11-29 13:15:29 - [MESSAGE][INFO] - Starting 'Chrome' driver

2023-11-29 13:15:29 - [MESSAGE][INFO] - Action delay is set to 0 milliseconds

2023-11-29 13:15:31 - [MESSAGE][PASSED] - Browser is opened with url: ''

2023-11-29 13:15:31 - [TEST_STEP][PASSED] - navigateToUrl("http://localhost/pizzaWeb2.0/site/index.php", CONTINUE_ON_FAILURE): Navigate to 'http://localhost/pizzaWeb2.0/site/index.php' successfully

2023-11-29 13:15:37 - [MESSAGE][PASSED] - Navigate to 'http://localhost/pizzaWeb2.0/site/index.php' successfully

2023-11-29 13:15:37 - [TEST_STEP][PASSED] - click(findTestObject("Object Repository/CDT03 - CDT04 - CDT05/Page_PizzaWeb/a_Cadastre-se"), CONTINUE_ON_FAILURE): Object: 'Object Repository/CDT03 - CDT04 - CDT05/Page_PizzaWeb/a_Cadastre-se' is clicked on

2023-11-29 13:15:38 - [MESSAGE][PASSED] - Object: 'Object Repository/CDT03 - CDT04 - CDT05/Page_PizzaWeb/a_Cadastre-se' is clicked on

2023-11-29 13:15:38 - [TEST_STEP][PASSED] - callTestCase(findTestCase("CDT03 - cadastro simples"), ["nome":"teste", "email":"email@email.com", "ddd":"11", "telefone":"222222222", "usuario":"teste", "senha":"teste", "repetir_senha":"teste", ... ], CONTINUE_ON_FAILURE): Call Test Case 'Test Cases/CDT03 - cadastro simples' successfully

2023-11-29 13:15:38 - [TEST_CASE][PASSED] - Test Cases/CDT03 - cadastro simples: Test Cases/CDT03 - cadastro simples

2023-11-29 13:15:38 - [TEST_STEP][PASSED] - setText(findTestObject("Object Repository/CDT03 - CDT04 - CDT05/Page_/input_Nome_nomeCadastro"), nome, CONTINUE_ON_FAILURE): Text 'teste' is set on object 'Object Repository/CDT03 - CDT04 - CDT05/Page_/input_Nome_nomeCadastro'

2023-11-29 13:15:39 - [MESSAGE][PASSED] - Text 'teste' is set on object 'Object Repository/CDT03 - CDT04 - CDT05/Page_/input_Nome_nomeCadastro'

2023-11-29 13:15:39 - [TEST_STEP][PASSED] - setText(findTestObject("Object Repository/CDT03 - CDT04 - CDT05/Page_/input_E-mail_emailCadastro"), email, CONTINUE_ON_FAILURE): Text 'email@email.com' is set on object 'Object Repository/CDT03 - CDT04 - CDT05/Page_/input_E-mail_emailCadastro'

2023-11-29 13:15:40 - [MESSAGE][PASSED] - Text 'email@email.com' is set on object 'Object Repository/CDT03 - CDT04 - CDT05/Page_/input_E-mail_emailCadastro'

2023-11-29 13:15:40 - [TEST_STEP][PASSED] - setText(findTestObject("Object Repository/CDT03 - CDT04 - CDT05/Page_/input_DDD_dddTelCadastro"), ddd, CONTINUE_ON_FAILURE): Text '11' is set on object 'Object Repository/CDT03 - CDT04 - CDT05/Page_/input_DDD_dddTelCadastro'

2023-11-29 13:15:41 - [MESSAGE][PASSED] - Text '11' is set on object 'Object Repository/CDT03 - CDT04 - CDT05/Page_/input_DDD_dddTelCadastro'

2023-11-29 13:15:41 - [TEST_STEP][PASSED] - setText(findTestObject("Object Repository/CDT03 - CDT04 - CDT05/Page_/input_Telefone_telCadastro"), telefone, CONTINUE_ON_FAILURE): Text '222222222' is set on object 'Object Repository/CDT03 - CDT04 - CDT05/Page_/input_Telefone_telCadastro'

2023-11-29 13:15:42 - [MESSAGE][PASSED] - Text '222222222' is set on object 'Object Repository/CDT03 - CDT04 - CDT05/Page_/input_Telefone_telCadastro'

2023-11-29 13:15:42 - [TEST_STEP][PASSED] - setText(findTestObject("Object Repository/CDT03 - CDT04 - CDT05/Page_/input_Usurio_loginCadastro"), usuario, CONTINUE_ON_FAILURE): Text 'teste' is set on object 'Object Repository/CDT03 - CDT04 - CDT05/Page_/input_Usurio_loginCadastro'

2023-11-29 13:15:43 - [MESSAGE][PASSED] - Text 'teste' is set on object 'Object Repository/CDT03 - CDT04 - CDT05/Page_/input_Usurio_loginCadastro'

2023-11-29 13:15:43 - [TEST_STEP][PASSED] - setText(findTestObject("Object Repository/CDT03 - CDT04 - CDT05/Page_/input_Senha_senhaCadastro"), senha, CONTINUE_ON_FAILURE): Text 'teste' is set on object 'Object Repository/CDT03 - CDT04 - CDT05/Page_/input_Senha_senhaCadastro'

2023-11-29 13:15:43 - [MESSAGE][PASSED] - Text 'teste' is set on object 'Object Repository/CDT03 - CDT04 - CDT05/Page_/input_Senha_senhaCadastro'

2023-11-29 13:15:43 - [TEST_STEP][PASSED] - setText(findTestObject("Object Repository/CDT03 - CDT04 - CDT05/Page_/input_Repetir a senha_form-control"), repetir_senha, CONTINUE_ON_FAILURE): Text 'teste' is set on object 'Object Repository/CDT03 - CDT04 - CDT05/Page_/input_Repetir a senha_form-control'

2023-11-29 13:15:44 - [MESSAGE][PASSED] - Text 'teste' is set on object 'Object Repository/CDT03 - CDT04 - CDT05/Page_/input_Repetir a senha_form-control'

2023-11-29 13:15:44 - [TEST_STEP][PASSED] - setText(findTestObject("Object Repository/CDT03 - CDT04 - CDT05/Page_/input_RuaAv_ruaCadastro"), rua, CONTINUE_ON_FAILURE): Text 'rua ' is set on object 'Object Repository/CDT03 - CDT04 - CDT05/Page_/input_RuaAv_ruaCadastro'

2023-11-29 13:15:45 - [MESSAGE][PASSED] - Text 'rua ' is set on object 'Object Repository/CDT03 - CDT04 - CDT05/Page_/input_RuaAv_ruaCadastro'

2023-11-29 13:15:45 - [TEST_STEP][PASSED] - setText(findTestObject("Object Repository/CDT03 - CDT04 - CDT05/Page_/input_Nmero_numeroCadastro"), numero, CONTINUE_ON_FAILURE): Text '200' is set on object 'Object Repository/CDT03 - CDT04 - CDT05/Page_/input_Nmero_numeroCadastro'

2023-11-29 13:15:46 - [MESSAGE][PASSED] - Text '200' is set on object 'Object Repository/CDT03 - CDT04 - CDT05/Page_/input_Nmero_numeroCadastro'

2023-11-29 13:15:46 - [TEST_STEP][PASSED] - setText(findTestObject("Object Repository/CDT03 - CDT04 - CDT05/Page_/input_Bairro_bairroCadastro"), bairro, CONTINUE_ON_FAILURE): Text 'bairro' is set on object 'Object Repository/CDT03 - CDT04 - CDT05/Page_/input_Bairro_bairroCadastro'

2023-11-29 13:15:47 - [MESSAGE][PASSED] - Text 'bairro' is set on object 'Object Repository/CDT03 - CDT04 - CDT05/Page_/input_Bairro_bairroCadastro'

2023-11-29 13:15:47 - [TEST_STEP][PASSED] - setText(findTestObject("Object Repository/CDT03 - CDT04 - CDT05/Page_/input_Complemento_complementoCadastro"), complemento, CONTINUE_ON_FAILURE): Text 'complemento' is set on object 'Object Repository/CDT03 - CDT04 - CDT05/Page_/input_Complemento_complementoCadastro'

2023-11-29 13:15:48 - [MESSAGE][PASSED] - Text 'complemento' is set on object 'Object Repository/CDT03 - CDT04 - CDT05/Page_/input_Complemento_complementoCadastro'

2023-11-29 13:15:48 - [TEST_STEP][PASSED] - setText(findTestObject("Object Repository/CDT03 - CDT04 - CDT05/Page_/input_Cidade_cidadeCadastro"), cidade, CONTINUE_ON_FAILURE): Text 'Rio de Janeiro' is set on object 'Object Repository/CDT03 - CDT04 - CDT05/Page_/input_Cidade_cidadeCadastro'

2023-11-29 13:15:48 - [MESSAGE][PASSED] - Text 'Rio de Janeiro' is set on object 'Object Repository/CDT03 - CDT04 - CDT05/Page_/input_Cidade_cidadeCadastro'

2023-11-29 13:15:48 - [TEST_STEP][PASSED] - selectOptionByValue(findTestObject("Object Repository/CDT03 - CDT04 - CDT05/Page_/select_ALAPAMBACEDFESGOMAMTMSMGPAPBPRPEPIRR_4d941d"), uf, true, CONTINUE_ON_FAILURE): All options with value 'MG' are selected in object 'Object Repository/CDT03 - CDT04 - CDT05/Page_/select_ALAPAMBACEDFESGOMAMTMSMGPAPBPRPEPIRR_4d941d'  using regular expression

2023-11-29 13:15:50 - [MESSAGE][PASSED] - All options with value 'MG' are selected in object 'Object Repository/CDT03 - CDT04 - CDT05/Page_/select_ALAPAMBACEDFESGOMAMTMSMGPAPBPRPEPIRR_4d941d'  using regular expression

2023-11-29 13:15:50 - [MESSAGE][PASSED] - Call Test Case 'Test Cases/CDT03 - cadastro simples' successfully

2023-11-29 13:15:50 - [TEST_STEP][PASSED] - click(findTestObject("Object Repository/CDT03 - CDT04 - CDT05/Page_/button_Cadastrar"), CONTINUE_ON_FAILURE): Object: 'Object Repository/CDT03 - CDT04 - CDT05/Page_/button_Cadastrar' is clicked on

2023-11-29 13:15:51 - [MESSAGE][PASSED] - Object: 'Object Repository/CDT03 - CDT04 - CDT05/Page_/button_Cadastrar' is clicked on

2023-11-29 13:15:51 - [TEST_STEP][PASSED] - verifyTextPresent("Cadastrado com Sucesso!", false, CONTINUE_ON_FAILURE): Text 'Cadastrado com Sucesso!' is present on page 

2023-11-29 13:15:51 - [MESSAGE][PASSED] - Text 'Cadastrado com Sucesso!' is present on page 

2023-11-29 13:15:51 - [TEST_STEP][PASSED] - click(findTestObject("Object Repository/CDT03 - CDT04 - CDT05/Page_/button_OK"), CONTINUE_ON_FAILURE): Object: 'Object Repository/CDT03 - CDT04 - CDT05/Page_/button_OK' is clicked on

2023-11-29 13:15:52 - [MESSAGE][PASSED] - Object: 'Object Repository/CDT03 - CDT04 - CDT05/Page_/button_OK' is clicked on

2023-11-29 13:15:52 - [TEST_STEP][PASSED] - verifyElementText(findTestObject("CDT03 - CDT04 - CDT05/Page_PizzaWeb/a_ola_usuario"), "Olá, teste!", CONTINUE_ON_FAILURE): Actual text and expected text of test object 'Object Repository/CDT03 - CDT04 - CDT05/Page_PizzaWeb/a_ola_usuario' are matched.

2023-11-29 13:15:53 - [MESSAGE][PASSED] - Actual text and expected text of test object 'Object Repository/CDT03 - CDT04 - CDT05/Page_PizzaWeb/a_ola_usuario' are matched.

2023-11-29 13:15:53 - [TEST_STEP][PASSED] - click(findTestObject("Object Repository/CDT03 - CDT04 - CDT05/Page_PizzaWeb/a_Sair"), CONTINUE_ON_FAILURE): Object: 'Object Repository/CDT03 - CDT04 - CDT05/Page_PizzaWeb/a_Sair' is clicked on

2023-11-29 13:15:53 - [MESSAGE][PASSED] - Object: 'Object Repository/CDT03 - CDT04 - CDT05/Page_PizzaWeb/a_Sair' is clicked on

2023-11-29 13:15:53 - [TEST_STEP][PASSED] - click(findTestObject("Object Repository/CDT03 - CDT04 - CDT05/Page_PizzaWeb/a_Cadastre-se"), CONTINUE_ON_FAILURE): Object: 'Object Repository/CDT03 - CDT04 - CDT05/Page_PizzaWeb/a_Cadastre-se' is clicked on

2023-11-29 13:15:54 - [MESSAGE][PASSED] - Object: 'Object Repository/CDT03 - CDT04 - CDT05/Page_PizzaWeb/a_Cadastre-se' is clicked on

2023-11-29 13:15:54 - [TEST_STEP][PASSED] - callTestCase(findTestCase("CDT03 - cadastro simples"), ["nome":"marco", "email":"teste@gmail.com", "ddd":"11", "telefone":"222222222", "usuario":"marco", "senha":"teste", "repetir_senha":"teste", ... ], CONTINUE_ON_FAILURE): Call Test Case 'Test Cases/CDT03 - cadastro simples' successfully

2023-11-29 13:15:54 - [TEST_CASE][PASSED] - Test Cases/CDT03 - cadastro simples: Test Cases/CDT03 - cadastro simples

2023-11-29 13:15:54 - [TEST_STEP][PASSED] - setText(findTestObject("Object Repository/CDT03 - CDT04 - CDT05/Page_/input_Nome_nomeCadastro"), nome, CONTINUE_ON_FAILURE): Text 'marco' is set on object 'Object Repository/CDT03 - CDT04 - CDT05/Page_/input_Nome_nomeCadastro'

2023-11-29 13:15:55 - [MESSAGE][PASSED] - Text 'marco' is set on object 'Object Repository/CDT03 - CDT04 - CDT05/Page_/input_Nome_nomeCadastro'

2023-11-29 13:15:55 - [TEST_STEP][PASSED] - setText(findTestObject("Object Repository/CDT03 - CDT04 - CDT05/Page_/input_E-mail_emailCadastro"), email, CONTINUE_ON_FAILURE): Text 'teste@gmail.com' is set on object 'Object Repository/CDT03 - CDT04 - CDT05/Page_/input_E-mail_emailCadastro'

2023-11-29 13:15:56 - [MESSAGE][PASSED] - Text 'teste@gmail.com' is set on object 'Object Repository/CDT03 - CDT04 - CDT05/Page_/input_E-mail_emailCadastro'

2023-11-29 13:15:56 - [TEST_STEP][PASSED] - setText(findTestObject("Object Repository/CDT03 - CDT04 - CDT05/Page_/input_DDD_dddTelCadastro"), ddd, CONTINUE_ON_FAILURE): Text '11' is set on object 'Object Repository/CDT03 - CDT04 - CDT05/Page_/input_DDD_dddTelCadastro'

2023-11-29 13:15:57 - [MESSAGE][PASSED] - Text '11' is set on object 'Object Repository/CDT03 - CDT04 - CDT05/Page_/input_DDD_dddTelCadastro'

2023-11-29 13:15:57 - [TEST_STEP][PASSED] - setText(findTestObject("Object Repository/CDT03 - CDT04 - CDT05/Page_/input_Telefone_telCadastro"), telefone, CONTINUE_ON_FAILURE): Text '222222222' is set on object 'Object Repository/CDT03 - CDT04 - CDT05/Page_/input_Telefone_telCadastro'

2023-11-29 13:15:58 - [MESSAGE][PASSED] - Text '222222222' is set on object 'Object Repository/CDT03 - CDT04 - CDT05/Page_/input_Telefone_telCadastro'

2023-11-29 13:15:58 - [TEST_STEP][PASSED] - setText(findTestObject("Object Repository/CDT03 - CDT04 - CDT05/Page_/input_Usurio_loginCadastro"), usuario, CONTINUE_ON_FAILURE): Text 'marco' is set on object 'Object Repository/CDT03 - CDT04 - CDT05/Page_/input_Usurio_loginCadastro'

2023-11-29 13:15:59 - [MESSAGE][PASSED] - Text 'marco' is set on object 'Object Repository/CDT03 - CDT04 - CDT05/Page_/input_Usurio_loginCadastro'

2023-11-29 13:15:59 - [TEST_STEP][PASSED] - setText(findTestObject("Object Repository/CDT03 - CDT04 - CDT05/Page_/input_Senha_senhaCadastro"), senha, CONTINUE_ON_FAILURE): Text 'teste' is set on object 'Object Repository/CDT03 - CDT04 - CDT05/Page_/input_Senha_senhaCadastro'

2023-11-29 13:15:59 - [MESSAGE][PASSED] - Text 'teste' is set on object 'Object Repository/CDT03 - CDT04 - CDT05/Page_/input_Senha_senhaCadastro'

2023-11-29 13:15:59 - [TEST_STEP][PASSED] - setText(findTestObject("Object Repository/CDT03 - CDT04 - CDT05/Page_/input_Repetir a senha_form-control"), repetir_senha, CONTINUE_ON_FAILURE): Text 'teste' is set on object 'Object Repository/CDT03 - CDT04 - CDT05/Page_/input_Repetir a senha_form-control'

2023-11-29 13:16:00 - [MESSAGE][PASSED] - Text 'teste' is set on object 'Object Repository/CDT03 - CDT04 - CDT05/Page_/input_Repetir a senha_form-control'

2023-11-29 13:16:00 - [TEST_STEP][PASSED] - setText(findTestObject("Object Repository/CDT03 - CDT04 - CDT05/Page_/input_RuaAv_ruaCadastro"), rua, CONTINUE_ON_FAILURE): Text 'rua ' is set on object 'Object Repository/CDT03 - CDT04 - CDT05/Page_/input_RuaAv_ruaCadastro'

2023-11-29 13:16:01 - [MESSAGE][PASSED] - Text 'rua ' is set on object 'Object Repository/CDT03 - CDT04 - CDT05/Page_/input_RuaAv_ruaCadastro'

2023-11-29 13:16:01 - [TEST_STEP][PASSED] - setText(findTestObject("Object Repository/CDT03 - CDT04 - CDT05/Page_/input_Nmero_numeroCadastro"), numero, CONTINUE_ON_FAILURE): Text '200' is set on object 'Object Repository/CDT03 - CDT04 - CDT05/Page_/input_Nmero_numeroCadastro'

2023-11-29 13:16:02 - [MESSAGE][PASSED] - Text '200' is set on object 'Object Repository/CDT03 - CDT04 - CDT05/Page_/input_Nmero_numeroCadastro'

2023-11-29 13:16:02 - [TEST_STEP][PASSED] - setText(findTestObject("Object Repository/CDT03 - CDT04 - CDT05/Page_/input_Bairro_bairroCadastro"), bairro, CONTINUE_ON_FAILURE): Text 'bairro' is set on object 'Object Repository/CDT03 - CDT04 - CDT05/Page_/input_Bairro_bairroCadastro'

2023-11-29 13:16:03 - [MESSAGE][PASSED] - Text 'bairro' is set on object 'Object Repository/CDT03 - CDT04 - CDT05/Page_/input_Bairro_bairroCadastro'

2023-11-29 13:16:03 - [TEST_STEP][PASSED] - setText(findTestObject("Object Repository/CDT03 - CDT04 - CDT05/Page_/input_Complemento_complementoCadastro"), complemento, CONTINUE_ON_FAILURE): Text 'complemento' is set on object 'Object Repository/CDT03 - CDT04 - CDT05/Page_/input_Complemento_complementoCadastro'

2023-11-29 13:16:04 - [MESSAGE][PASSED] - Text 'complemento' is set on object 'Object Repository/CDT03 - CDT04 - CDT05/Page_/input_Complemento_complementoCadastro'

2023-11-29 13:16:04 - [TEST_STEP][PASSED] - setText(findTestObject("Object Repository/CDT03 - CDT04 - CDT05/Page_/input_Cidade_cidadeCadastro"), cidade, CONTINUE_ON_FAILURE): Text 'Rio de Janeiro' is set on object 'Object Repository/CDT03 - CDT04 - CDT05/Page_/input_Cidade_cidadeCadastro'

2023-11-29 13:16:05 - [MESSAGE][PASSED] - Text 'Rio de Janeiro' is set on object 'Object Repository/CDT03 - CDT04 - CDT05/Page_/input_Cidade_cidadeCadastro'

2023-11-29 13:16:05 - [TEST_STEP][PASSED] - selectOptionByValue(findTestObject("Object Repository/CDT03 - CDT04 - CDT05/Page_/select_ALAPAMBACEDFESGOMAMTMSMGPAPBPRPEPIRR_4d941d"), uf, true, CONTINUE_ON_FAILURE): All options with value 'MG' are selected in object 'Object Repository/CDT03 - CDT04 - CDT05/Page_/select_ALAPAMBACEDFESGOMAMTMSMGPAPBPRPEPIRR_4d941d'  using regular expression

2023-11-29 13:16:07 - [MESSAGE][PASSED] - All options with value 'MG' are selected in object 'Object Repository/CDT03 - CDT04 - CDT05/Page_/select_ALAPAMBACEDFESGOMAMTMSMGPAPBPRPEPIRR_4d941d'  using regular expression

2023-11-29 13:16:07 - [MESSAGE][PASSED] - Call Test Case 'Test Cases/CDT03 - cadastro simples' successfully

2023-11-29 13:16:07 - [TEST_STEP][PASSED] - click(findTestObject("Object Repository/CDT03 - CDT04 - CDT05/Page_/button_Cadastrar"), CONTINUE_ON_FAILURE): Object: 'Object Repository/CDT03 - CDT04 - CDT05/Page_/button_Cadastrar' is clicked on

2023-11-29 13:16:08 - [MESSAGE][PASSED] - Object: 'Object Repository/CDT03 - CDT04 - CDT05/Page_/button_Cadastrar' is clicked on

2023-11-29 13:16:08 - [TEST_STEP][FAILED] - verifyTextPresent("Cadastro", false, CONTINUE_ON_FAILURE): Text 'Cadastro' is not present on page  (Root cause: com.kms.katalon.core.exception.StepFailedException: Text 'Cadastro' is not present on page 
	at com.kms.katalon.core.webui.keyword.internal.WebUIKeywordMain.stepFailed(WebUIKeywordMain.groovy:64)
	at com.kms.katalon.core.webui.keyword.builtin.VerifyTextPresentKeyword$_verifyTextPresent_closure1.doCall(VerifyTextPresentKeyword.groovy:79)
	at com.kms.katalon.core.webui.keyword.builtin.VerifyTextPresentKeyword$_verifyTextPresent_closure1.call(VerifyTextPresentKeyword.groovy)
	at com.kms.katalon.core.webui.keyword.internal.WebUIKeywordMain.runKeyword(WebUIKeywordMain.groovy:20)
	at com.kms.katalon.core.webui.keyword.builtin.VerifyTextPresentKeyword.verifyTextPresent(VerifyTextPresentKeyword.groovy:83)
	at com.kms.katalon.core.webui.keyword.builtin.VerifyTextPresentKeyword.execute(VerifyTextPresentKeyword.groovy:68)
	at com.kms.katalon.core.keyword.internal.KeywordExecutor.executeKeywordForPlatform(KeywordExecutor.groovy:74)
	at com.kms.katalon.core.webui.keyword.WebUiBuiltInKeywords.verifyTextPresent(WebUiBuiltInKeywords.groovy:1707)
	at com.kms.katalon.core.webui.keyword.WebUiBuiltInKeywords$verifyTextPresent$6.call(Unknown Source)
	at CDT05 - RF01 - cadastro cliente - Verificar sucesso e usuarios repetidos.run(CDT05 - RF01 - cadastro cliente - Verificar sucesso e usuarios repetidos:53)
	at com.kms.katalon.core.main.ScriptEngine.run(ScriptEngine.java:194)
	at com.kms.katalon.core.main.ScriptEngine.runScriptAsRawText(ScriptEngine.java:119)
	at com.kms.katalon.core.main.TestCaseExecutor.runScript(TestCaseExecutor.java:448)
	at com.kms.katalon.core.main.TestCaseExecutor.doExecute(TestCaseExecutor.java:439)
	at com.kms.katalon.core.main.TestCaseExecutor.processExecutionPhase(TestCaseExecutor.java:418)
	at com.kms.katalon.core.main.TestCaseExecutor.accessMainPhase(TestCaseExecutor.java:410)
	at com.kms.katalon.core.main.TestCaseExecutor.execute(TestCaseExecutor.java:285)
	at com.kms.katalon.core.common.CommonExecutor.accessTestCaseMainPhase(CommonExecutor.java:65)
	at com.kms.katalon.core.main.TestSuiteExecutor.accessTestSuiteMainPhase(TestSuiteExecutor.java:148)
	at com.kms.katalon.core.main.TestSuiteExecutor.execute(TestSuiteExecutor.java:106)
	at com.kms.katalon.core.main.TestCaseMain.startTestSuite(TestCaseMain.java:187)
	at com.kms.katalon.core.main.TestCaseMain$startTestSuite$0.call(Unknown Source)
	at TempTestSuite1701274422176.run(TempTestSuite1701274422176.groovy:36)
)

2023-11-29 13:16:08 - [MESSAGE][FAILED] - Text 'Cadastro' is not present on page  (Root cause: com.kms.katalon.core.exception.StepFailedException: Text 'Cadastro' is not present on page 
	at com.kms.katalon.core.webui.keyword.internal.WebUIKeywordMain.stepFailed(WebUIKeywordMain.groovy:64)
	at com.kms.katalon.core.webui.keyword.builtin.VerifyTextPresentKeyword$_verifyTextPresent_closure1.doCall(VerifyTextPresentKeyword.groovy:79)
	at com.kms.katalon.core.webui.keyword.builtin.VerifyTextPresentKeyword$_verifyTextPresent_closure1.call(VerifyTextPresentKeyword.groovy)
	at com.kms.katalon.core.webui.keyword.internal.WebUIKeywordMain.runKeyword(WebUIKeywordMain.groovy:20)
	at com.kms.katalon.core.webui.keyword.builtin.VerifyTextPresentKeyword.verifyTextPresent(VerifyTextPresentKeyword.groovy:83)
	at com.kms.katalon.core.webui.keyword.builtin.VerifyTextPresentKeyword.execute(VerifyTextPresentKeyword.groovy:68)
	at com.kms.katalon.core.keyword.internal.KeywordExecutor.executeKeywordForPlatform(KeywordExecutor.groovy:74)
	at com.kms.katalon.core.webui.keyword.WebUiBuiltInKeywords.verifyTextPresent(WebUiBuiltInKeywords.groovy:1707)
	at com.kms.katalon.core.webui.keyword.WebUiBuiltInKeywords$verifyTextPresent$6.call(Unknown Source)
	at CDT05 - RF01 - cadastro cliente - Verificar sucesso e usuarios repetidos.run(CDT05 - RF01 - cadastro cliente - Verificar sucesso e usuarios repetidos:53)
	at com.kms.katalon.core.main.ScriptEngine.run(ScriptEngine.java:194)
	at com.kms.katalon.core.main.ScriptEngine.runScriptAsRawText(ScriptEngine.java:119)
	at com.kms.katalon.core.main.TestCaseExecutor.runScript(TestCaseExecutor.java:448)
	at com.kms.katalon.core.main.TestCaseExecutor.doExecute(TestCaseExecutor.java:439)
	at com.kms.katalon.core.main.TestCaseExecutor.processExecutionPhase(TestCaseExecutor.java:418)
	at com.kms.katalon.core.main.TestCaseExecutor.accessMainPhase(TestCaseExecutor.java:410)
	at com.kms.katalon.core.main.TestCaseExecutor.execute(TestCaseExecutor.java:285)
	at com.kms.katalon.core.common.CommonExecutor.accessTestCaseMainPhase(CommonExecutor.java:65)
	at com.kms.katalon.core.main.TestSuiteExecutor.accessTestSuiteMainPhase(TestSuiteExecutor.java:148)
	at com.kms.katalon.core.main.TestSuiteExecutor.execute(TestSuiteExecutor.java:106)
	at com.kms.katalon.core.main.TestCaseMain.startTestSuite(TestCaseMain.java:187)
	at com.kms.katalon.core.main.TestCaseMain$startTestSuite$0.call(Unknown Source)
	at TempTestSuite1701274422176.run(TempTestSuite1701274422176.groovy:36)
)

2023-11-29 13:16:08 - [TEST_STEP][PASSED] - closeBrowser(CONTINUE_ON_FAILURE): Browser is closed

2023-11-29 13:16:10 - [MESSAGE][PASSED] - Browser is closed]]></system-out>
         <system-err><![CDATA[2023-11-29 13:15:29 - [TEST_CASE][FAILED] - Test Cases/CDT05 - RF01 - cadastro cliente - Verificar sucesso e usuarios repetidos: Test Cases/CDT05 - RF01 - cadastro cliente - Verificar sucesso e usuarios repetidos FAILED.
Reason:
com.kms.katalon.core.exception.StepFailedException: Text 'Cadastro' is not present on page  (Root cause: com.kms.katalon.core.exception.StepFailedException: Text 'Cadastro' is not present on page 
	at com.kms.katalon.core.webui.keyword.internal.WebUIKeywordMain.stepFailed(WebUIKeywordMain.groovy:64)
	at com.kms.katalon.core.webui.keyword.builtin.VerifyTextPresentKeyword$_verifyTextPresent_closure1.doCall(VerifyTextPresentKeyword.groovy:79)
	at com.kms.katalon.core.webui.keyword.builtin.VerifyTextPresentKeyword$_verifyTextPresent_closure1.call(VerifyTextPresentKeyword.groovy)
	at com.kms.katalon.core.webui.keyword.internal.WebUIKeywordMain.runKeyword(WebUIKeywordMain.groovy:20)
	at com.kms.katalon.core.webui.keyword.builtin.VerifyTextPresentKeyword.verifyTextPresent(VerifyTextPresentKeyword.groovy:83)
	at com.kms.katalon.core.webui.keyword.builtin.VerifyTextPresentKeyword.execute(VerifyTextPresentKeyword.groovy:68)
	at com.kms.katalon.core.keyword.internal.KeywordExecutor.executeKeywordForPlatform(KeywordExecutor.groovy:74)
	at com.kms.katalon.core.webui.keyword.WebUiBuiltInKeywords.verifyTextPresent(WebUiBuiltInKeywords.groovy:1707)
	at com.kms.katalon.core.webui.keyword.WebUiBuiltInKeywords$verifyTextPresent$6.call(Unknown Source)
	at CDT05 - RF01 - cadastro cliente - Verificar sucesso e usuarios repetidos.run(CDT05 - RF01 - cadastro cliente - Verificar sucesso e usuarios repetidos:53)
	at com.kms.katalon.core.main.ScriptEngine.run(ScriptEngine.java:194)
	at com.kms.katalon.core.main.ScriptEngine.runScriptAsRawText(ScriptEngine.java:119)
	at com.kms.katalon.core.main.TestCaseExecutor.runScript(TestCaseExecutor.java:448)
	at com.kms.katalon.core.main.TestCaseExecutor.doExecute(TestCaseExecutor.java:439)
	at com.kms.katalon.core.main.TestCaseExecutor.processExecutionPhase(TestCaseExecutor.java:418)
	at com.kms.katalon.core.main.TestCaseExecutor.accessMainPhase(TestCaseExecutor.java:410)
	at com.kms.katalon.core.main.TestCaseExecutor.execute(TestCaseExecutor.java:285)
	at com.kms.katalon.core.common.CommonExecutor.accessTestCaseMainPhase(CommonExecutor.java:65)
	at com.kms.katalon.core.main.TestSuiteExecutor.accessTestSuiteMainPhase(TestSuiteExecutor.java:148)
	at com.kms.katalon.core.main.TestSuiteExecutor.execute(TestSuiteExecutor.java:106)
	at com.kms.katalon.core.main.TestCaseMain.startTestSuite(TestCaseMain.java:187)
	at com.kms.katalon.core.main.TestCaseMain$startTestSuite$0.call(Unknown Source)
	at TempTestSuite1701274422176.run(TempTestSuite1701274422176.groovy:36)
)
	at com.kms.katalon.core.keyword.internal.KeywordMain.stepFailed(KeywordMain.groovy:39)
	at com.kms.katalon.core.webui.keyword.internal.WebUIKeywordMain.stepFailed(WebUIKeywordMain.groovy:64)
	at com.kms.katalon.core.webui.keyword.builtin.VerifyTextPresentKeyword$_verifyTextPresent_closure1.doCall(VerifyTextPresentKeyword.groovy:79)
	at com.kms.katalon.core.webui.keyword.builtin.VerifyTextPresentKeyword$_verifyTextPresent_closure1.call(VerifyTextPresentKeyword.groovy)
	at com.kms.katalon.core.webui.keyword.internal.WebUIKeywordMain.runKeyword(WebUIKeywordMain.groovy:20)
	at com.kms.katalon.core.webui.keyword.builtin.VerifyTextPresentKeyword.verifyTextPresent(VerifyTextPresentKeyword.groovy:83)
	at com.kms.katalon.core.webui.keyword.builtin.VerifyTextPresentKeyword.execute(VerifyTextPresentKeyword.groovy:68)
	at com.kms.katalon.core.keyword.internal.KeywordExecutor.executeKeywordForPlatform(KeywordExecutor.groovy:74)
	at com.kms.katalon.core.webui.keyword.WebUiBuiltInKeywords.verifyTextPresent(WebUiBuiltInKeywords.groovy:1707)
	at com.kms.katalon.core.webui.keyword.WebUiBuiltInKeywords$verifyTextPresent$6.call(Unknown Source)
	at CDT05 - RF01 - cadastro cliente - Verificar sucesso e usuarios repetidos.run(CDT05 - RF01 - cadastro cliente - Verificar sucesso e usuarios repetidos:53)
	at com.kms.katalon.core.main.ScriptEngine.run(ScriptEngine.java:194)
	at com.kms.katalon.core.main.ScriptEngine.runScriptAsRawText(ScriptEngine.java:119)
	at com.kms.katalon.core.main.TestCaseExecutor.runScript(TestCaseExecutor.java:448)
	at com.kms.katalon.core.main.TestCaseExecutor.doExecute(TestCaseExecutor.java:439)
	at com.kms.katalon.core.main.TestCaseExecutor.processExecutionPhase(TestCaseExecutor.java:418)
	at com.kms.katalon.core.main.TestCaseExecutor.accessMainPhase(TestCaseExecutor.java:410)
	at com.kms.katalon.core.main.TestCaseExecutor.execute(TestCaseExecutor.java:285)
	at com.kms.katalon.core.common.CommonExecutor.accessTestCaseMainPhase(CommonExecutor.java:65)
	at com.kms.katalon.core.main.TestSuiteExecutor.accessTestSuiteMainPhase(TestSuiteExecutor.java:148)
	at com.kms.katalon.core.main.TestSuiteExecutor.execute(TestSuiteExecutor.java:106)
	at com.kms.katalon.core.main.TestCaseMain.startTestSuite(TestCaseMain.java:187)
	at com.kms.katalon.core.main.TestCaseMain$startTestSuite$0.call(Unknown Source)
	at TempTestSuite1701274422176.run(TempTestSuite1701274422176.groovy:36)
Caused by: com.kms.katalon.core.exception.StepFailedException: Text 'Cadastro' is not present on page 
	... 23 more]]></system-err>
      </testcase>
      <testcase name="Test Cases/CDT06 - RF02 - realizar pedido" time="23.0" classname="Test Cases/CDT06 - RF02 - realizar pedido" status="PASSED">
         <system-out><![CDATA[2023-11-29 13:16:10 - [TEST_CASE][PASSED] - Test Cases/CDT06 - RF02 - realizar pedido: Test Cases/CDT06 - RF02 - realizar pedido

2023-11-29 13:16:11 - [TEST_STEP][PASSED] - openBrowser("http://localhost/pizzaWeb2.0/site/index.php", CONTINUE_ON_FAILURE): Browser is opened with url: 'http://localhost/pizzaWeb2.0/site/index.php'

2023-11-29 13:16:11 - [MESSAGE][INFO] - Starting 'Chrome' driver

2023-11-29 13:16:11 - [MESSAGE][INFO] - Action delay is set to 0 milliseconds

2023-11-29 13:16:16 - [MESSAGE][PASSED] - Browser is opened with url: 'http://localhost/pizzaWeb2.0/site/index.php'

2023-11-29 13:16:16 - [TEST_STEP][PASSED] - click(findTestObject("Object Repository/CDT06 - CDT07/Page_PizzaWeb/a_Entrar"), CONTINUE_ON_FAILURE): Object: 'Object Repository/CDT06 - CDT07/Page_PizzaWeb/a_Entrar' is clicked on

2023-11-29 13:16:17 - [MESSAGE][PASSED] - Object: 'Object Repository/CDT06 - CDT07/Page_PizzaWeb/a_Entrar' is clicked on

2023-11-29 13:16:17 - [TEST_STEP][PASSED] - callTestCase(findTestCase("CDT02 - login simple"), ["usuario":"marco", "senha":"marco"], CONTINUE_ON_FAILURE): Call Test Case 'Test Cases/CDT02 - login simple' successfully

2023-11-29 13:16:17 - [TEST_CASE][PASSED] - Test Cases/CDT02 - login simple: Test Cases/CDT02 - login simple

2023-11-29 13:16:17 - [TEST_STEP][PASSED] - setText(findTestObject("Object Repository/CDT01 - CDT02/Page_Login/input_Entrar_login"), usuario, CONTINUE_ON_FAILURE): Text 'marco' is set on object 'Object Repository/CDT01 - CDT02/Page_Login/input_Entrar_login'

2023-11-29 13:16:18 - [MESSAGE][PASSED] - Text 'marco' is set on object 'Object Repository/CDT01 - CDT02/Page_Login/input_Entrar_login'

2023-11-29 13:16:18 - [TEST_STEP][PASSED] - setText(findTestObject("Object Repository/CDT01 - CDT02/Page_Login/input_Entrar_senha"), senha, CONTINUE_ON_FAILURE): Text 'marco' is set on object 'Object Repository/CDT01 - CDT02/Page_Login/input_Entrar_senha'

2023-11-29 13:16:19 - [MESSAGE][PASSED] - Text 'marco' is set on object 'Object Repository/CDT01 - CDT02/Page_Login/input_Entrar_senha'

2023-11-29 13:16:19 - [TEST_STEP][PASSED] - click(findTestObject("Object Repository/CDT01 - CDT02/Page_Login/button_Login"), CONTINUE_ON_FAILURE): Object: 'Object Repository/CDT01 - CDT02/Page_Login/button_Login' is clicked on

2023-11-29 13:16:20 - [MESSAGE][PASSED] - Object: 'Object Repository/CDT01 - CDT02/Page_Login/button_Login' is clicked on

2023-11-29 13:16:20 - [MESSAGE][PASSED] - Call Test Case 'Test Cases/CDT02 - login simple' successfully

2023-11-29 13:16:20 - [TEST_STEP][PASSED] - click(findTestObject("Object Repository/CDT06 - CDT07/Page_PizzaWeb/a_California"), CONTINUE_ON_FAILURE): Object: 'Object Repository/CDT06 - CDT07/Page_PizzaWeb/a_California' is clicked on

2023-11-29 13:16:21 - [MESSAGE][PASSED] - Object: 'Object Repository/CDT06 - CDT07/Page_PizzaWeb/a_California' is clicked on

2023-11-29 13:16:21 - [TEST_STEP][PASSED] - click(findTestObject("Object Repository/CDT06 - CDT07/Page_PizzaWeb/input_Mdia_tamanhos"), CONTINUE_ON_FAILURE): Object: 'Object Repository/CDT06 - CDT07/Page_PizzaWeb/input_Mdia_tamanhos' is clicked on

2023-11-29 13:16:21 - [MESSAGE][PASSED] - Object: 'Object Repository/CDT06 - CDT07/Page_PizzaWeb/input_Mdia_tamanhos' is clicked on

2023-11-29 13:16:21 - [TEST_STEP][PASSED] - click(findTestObject("Object Repository/CDT06 - CDT07/Page_PizzaWeb/input_Mdia_tamanhos_1"), CONTINUE_ON_FAILURE): Object: 'Object Repository/CDT06 - CDT07/Page_PizzaWeb/input_Mdia_tamanhos_1' is clicked on

2023-11-29 13:16:22 - [MESSAGE][PASSED] - Object: 'Object Repository/CDT06 - CDT07/Page_PizzaWeb/input_Mdia_tamanhos_1' is clicked on

2023-11-29 13:16:22 - [TEST_STEP][PASSED] - click(findTestObject("Object Repository/CDT06 - CDT07/Page_PizzaWeb/input_Mdia_tamanhos_1_2"), CONTINUE_ON_FAILURE): Object: 'Object Repository/CDT06 - CDT07/Page_PizzaWeb/input_Mdia_tamanhos_1_2' is clicked on

2023-11-29 13:16:22 - [MESSAGE][PASSED] - Object: 'Object Repository/CDT06 - CDT07/Page_PizzaWeb/input_Mdia_tamanhos_1_2' is clicked on

2023-11-29 13:16:22 - [TEST_STEP][PASSED] - click(findTestObject("Object Repository/CDT06 - CDT07/Page_PizzaWeb/input_R 4,00_enviar"), CONTINUE_ON_FAILURE): Object: 'Object Repository/CDT06 - CDT07/Page_PizzaWeb/input_R 4,00_enviar' is clicked on

2023-11-29 13:16:23 - [MESSAGE][PASSED] - Object: 'Object Repository/CDT06 - CDT07/Page_PizzaWeb/input_R 4,00_enviar' is clicked on

2023-11-29 13:16:23 - [TEST_STEP][PASSED] - verifyElementText(findTestObject("Object Repository/CDT06 - CDT07/Page_PizzaWeb/b_R 37,00"), "R$ 37,00", CONTINUE_ON_FAILURE): Actual text and expected text of test object 'Object Repository/CDT06 - CDT07/Page_PizzaWeb/b_R 37,00' are matched.

2023-11-29 13:16:24 - [MESSAGE][PASSED] - Actual text and expected text of test object 'Object Repository/CDT06 - CDT07/Page_PizzaWeb/b_R 37,00' are matched.

2023-11-29 13:16:24 - [TEST_STEP][PASSED] - click(findTestObject("Object Repository/CDT06 - CDT07/Page_PizzaWeb/a_Remover Item"), CONTINUE_ON_FAILURE): Object: 'Object Repository/CDT06 - CDT07/Page_PizzaWeb/a_Remover Item' is clicked on

2023-11-29 13:16:25 - [MESSAGE][PASSED] - Object: 'Object Repository/CDT06 - CDT07/Page_PizzaWeb/a_Remover Item' is clicked on

2023-11-29 13:16:25 - [TEST_STEP][PASSED] - verifyElementNotPresent(findTestObject("Object Repository/CDT06 - CDT07/Page_PizzaWeb/td_Calabresa  Mdia"), 0, CONTINUE_ON_FAILURE): Web element with id: 'Object Repository/CDT06 - CDT07/Page_PizzaWeb/td_Calabresa  Mdia' located by 'By.xpath: //table[@id='tabelaResumoPedidoUsuario']/tbody/tr[3]/td' is not present after '30' second(s)

2023-11-29 13:16:26 - [MESSAGE][WARNING] - Timeout '0' is invalid. Using default page load timeout: '30'

2023-11-29 13:16:28 - [MESSAGE][PASSED] - Web element with id: 'Object Repository/CDT06 - CDT07/Page_PizzaWeb/td_Calabresa  Mdia' located by 'By.xpath: //table[@id='tabelaResumoPedidoUsuario']/tbody/tr[3]/td' is not present after '30' second(s)

2023-11-29 13:16:28 - [TEST_STEP][PASSED] - verifyElementText(findTestObject("Object Repository/CDT06 - CDT07/Page_PizzaWeb/b_R 27,00"), "R$ 27,00", CONTINUE_ON_FAILURE): Actual text and expected text of test object 'Object Repository/CDT06 - CDT07/Page_PizzaWeb/b_R 27,00' are matched.

2023-11-29 13:16:28 - [MESSAGE][PASSED] - Actual text and expected text of test object 'Object Repository/CDT06 - CDT07/Page_PizzaWeb/b_R 27,00' are matched.

2023-11-29 13:16:28 - [TEST_STEP][PASSED] - click(findTestObject("Object Repository/CDT06 - CDT07/Page_PizzaWeb/a_Confirmar Pedido"), CONTINUE_ON_FAILURE): Object: 'Object Repository/CDT06 - CDT07/Page_PizzaWeb/a_Confirmar Pedido' is clicked on

2023-11-29 13:16:29 - [MESSAGE][PASSED] - Object: 'Object Repository/CDT06 - CDT07/Page_PizzaWeb/a_Confirmar Pedido' is clicked on

2023-11-29 13:16:29 - [TEST_STEP][PASSED] - click(findTestObject("CDT06 - CDT07/Page_/input_finalizar_pedido"), CONTINUE_ON_FAILURE): Object: 'Object Repository/CDT06 - CDT07/Page_/input_finalizar_pedido' is clicked on

2023-11-29 13:16:29 - [MESSAGE][PASSED] - Object: 'Object Repository/CDT06 - CDT07/Page_/input_finalizar_pedido' is clicked on

2023-11-29 13:16:29 - [TEST_STEP][PASSED] - click(findTestObject("Object Repository/CDT06 - CDT07/Page_/input_R 0,00_btn btn-outline-success"), CONTINUE_ON_FAILURE): Object: 'Object Repository/CDT06 - CDT07/Page_/input_R 0,00_btn btn-outline-success' is clicked on

2023-11-29 13:16:30 - [MESSAGE][PASSED] - Object: 'Object Repository/CDT06 - CDT07/Page_/input_R 0,00_btn btn-outline-success' is clicked on

2023-11-29 13:16:30 - [TEST_STEP][PASSED] - verifyElementText(findTestObject("Object Repository/CDT06 - CDT07/Page_/h2_R 27,00"), "R$ 27,00", CONTINUE_ON_FAILURE): Actual text and expected text of test object 'Object Repository/CDT06 - CDT07/Page_/h2_R 27,00' are matched.

2023-11-29 13:16:30 - [MESSAGE][PASSED] - Actual text and expected text of test object 'Object Repository/CDT06 - CDT07/Page_/h2_R 27,00' are matched.

2023-11-29 13:16:30 - [TEST_STEP][PASSED] - click(findTestObject("CDT06 - CDT07/Page_/input_CartoDinheiro na entrega_btn btn-success"), CONTINUE_ON_FAILURE): Object: 'Object Repository/CDT06 - CDT07/Page_/input_CartoDinheiro na entrega_btn btn-success' is clicked on

2023-11-29 13:16:31 - [MESSAGE][PASSED] - Object: 'Object Repository/CDT06 - CDT07/Page_/input_CartoDinheiro na entrega_btn btn-success' is clicked on

2023-11-29 13:16:31 - [TEST_STEP][PASSED] - verifyElementText(findTestObject("Object Repository/CDT06 - CDT07/Page_/div_Pedido realizado com Sucesso"), "Pedido realizado com Sucesso!", CONTINUE_ON_FAILURE): Actual text and expected text of test object 'Object Repository/CDT06 - CDT07/Page_/div_Pedido realizado com Sucesso' are matched.

2023-11-29 13:16:32 - [MESSAGE][PASSED] - Actual text and expected text of test object 'Object Repository/CDT06 - CDT07/Page_/div_Pedido realizado com Sucesso' are matched.

2023-11-29 13:16:32 - [TEST_STEP][PASSED] - click(findTestObject("Object Repository/CDT06 - CDT07/Page_/button_OK"), CONTINUE_ON_FAILURE): Object: 'Object Repository/CDT06 - CDT07/Page_/button_OK' is clicked on

2023-11-29 13:16:33 - [MESSAGE][PASSED] - Object: 'Object Repository/CDT06 - CDT07/Page_/button_OK' is clicked on

2023-11-29 13:16:33 - [TEST_STEP][PASSED] - closeBrowser(CONTINUE_ON_FAILURE): Browser is closed

2023-11-29 13:16:33 - [MESSAGE][PASSED] - Browser is closed]]></system-out>
         <system-err><![CDATA[]]></system-err>
      </testcase>
      <testcase name="Test Cases/CDT07 - RF02 - realizar pedido fora do horario" time="6.24" classname="Test Cases/CDT07 - RF02 - realizar pedido fora do horario" status="PASSED">
         <system-out><![CDATA[2023-11-29 13:16:33 - [TEST_CASE][PASSED] - Test Cases/CDT07 - RF02 - realizar pedido fora do horario: Test Cases/CDT07 - RF02 - realizar pedido fora do horario

2023-11-29 13:16:34 - [TEST_STEP][PASSED] - openBrowser("", CONTINUE_ON_FAILURE): Browser is opened with url: ''

2023-11-29 13:16:34 - [MESSAGE][INFO] - Starting 'Chrome' driver

2023-11-29 13:16:34 - [MESSAGE][INFO] - Action delay is set to 0 milliseconds

2023-11-29 13:16:35 - [MESSAGE][PASSED] - Browser is opened with url: ''

2023-11-29 13:16:35 - [TEST_STEP][PASSED] - navigateToUrl("http://localhost/pizzaWeb2.0/site/index.php", CONTINUE_ON_FAILURE): Navigate to 'http://localhost/pizzaWeb2.0/site/index.php' successfully

2023-11-29 13:16:37 - [MESSAGE][PASSED] - Navigate to 'http://localhost/pizzaWeb2.0/site/index.php' successfully

2023-11-29 13:16:37 - [TEST_STEP][PASSED] - click(findTestObject("Object Repository/CDT06 - CDT07/Page_PizzaWeb/a_Pizzaria Quadratta"), CONTINUE_ON_FAILURE): Object: 'Object Repository/CDT06 - CDT07/Page_PizzaWeb/a_Pizzaria Quadratta' is clicked on

2023-11-29 13:16:38 - [MESSAGE][PASSED] - Object: 'Object Repository/CDT06 - CDT07/Page_PizzaWeb/a_Pizzaria Quadratta' is clicked on

2023-11-29 13:16:38 - [TEST_STEP][PASSED] - verifyElementPresent(findTestObject("Object Repository/CDT06 - CDT07/Page_PizzaWeb/p_Estamos fora do horrio de atendimento"), 0, CONTINUE_ON_FAILURE): Object 'Object Repository/CDT06 - CDT07/Page_PizzaWeb/p_Estamos fora do horrio de atendimento' is present

2023-11-29 13:16:38 - [MESSAGE][WARNING] - Timeout '0' is invalid. Using default page load timeout: '30'

2023-11-29 13:16:38 - [MESSAGE][PASSED] - Object 'Object Repository/CDT06 - CDT07/Page_PizzaWeb/p_Estamos fora do horrio de atendimento' is present

2023-11-29 13:16:38 - [TEST_STEP][PASSED] - verifyElementText(findTestObject("Object Repository/CDT06 - CDT07/Page_PizzaWeb/p_Estamos fora do horrio de atendimento"), "Estamos fora do horário de atendimento!", CONTINUE_ON_FAILURE): Actual text and expected text of test object 'Object Repository/CDT06 - CDT07/Page_PizzaWeb/p_Estamos fora do horrio de atendimento' are matched.

2023-11-29 13:16:39 - [MESSAGE][PASSED] - Actual text and expected text of test object 'Object Repository/CDT06 - CDT07/Page_PizzaWeb/p_Estamos fora do horrio de atendimento' are matched.

2023-11-29 13:16:39 - [TEST_STEP][PASSED] - closeBrowser(CONTINUE_ON_FAILURE): Browser is closed

2023-11-29 13:16:40 - [MESSAGE][PASSED] - Browser is closed]]></system-out>
         <system-err><![CDATA[]]></system-err>
      </testcase>
      <testcase name="Test Cases/CDT08 - RF04 - cadastrar restaurante com campos em branco" time="24.538" classname="Test Cases/CDT08 - RF04 - cadastrar restaurante com campos em branco" status="FAILED">
         <failure type="FAILED" message="Test Cases/CDT08 - RF04 - cadastrar restaurante com campos em branco FAILED.
Reason:
com.kms.katalon.core.exception.StepFailedException: Text '(erro|vazio|branco|obrigatorio)' is not present on page  using regular expression (Root cause: com.kms.katalon.core.exception.StepFailedException: Text '(erro|vazio|branco|obrigatorio)' is not present on page  using regular expression
	at com.kms.katalon.core.webui.keyword.internal.WebUIKeywordMain.stepFailed(WebUIKeywordMain.groovy:64)
	at com.kms.katalon.core.webui.keyword.builtin.VerifyTextPresentKeyword$_verifyTextPresent_closure1.doCall(VerifyTextPresentKeyword.groovy:79)
	at com.kms.katalon.core.webui.keyword.builtin.VerifyTextPresentKeyword$_verifyTextPresent_closure1.call(VerifyTextPresentKeyword.groovy)
	at com.kms.katalon.core.webui.keyword.internal.WebUIKeywordMain.runKeyword(WebUIKeywordMain.groovy:20)
	at com.kms.katalon.core.webui.keyword.builtin.VerifyTextPresentKeyword.verifyTextPresent(VerifyTextPresentKeyword.groovy:83)
	at com.kms.katalon.core.webui.keyword.builtin.VerifyTextPresentKeyword.execute(VerifyTextPresentKeyword.groovy:68)
	at com.kms.katalon.core.keyword.internal.KeywordExecutor.executeKeywordForPlatform(KeywordExecutor.groovy:74)
	at com.kms.katalon.core.webui.keyword.WebUiBuiltInKeywords.verifyTextPresent(WebUiBuiltInKeywords.groovy:1707)
	at com.kms.katalon.core.webui.keyword.WebUiBuiltInKeywords$verifyTextPresent$6.call(Unknown Source)
	at CDT08 - RF04 - cadastrar restaurante com campos em branco.run(CDT08 - RF04 - cadastrar restaurante com campos em branco:66)
	at com.kms.katalon.core.main.ScriptEngine.run(ScriptEngine.java:194)
	at com.kms.katalon.core.main.ScriptEngine.runScriptAsRawText(ScriptEngine.java:119)
	at com.kms.katalon.core.main.TestCaseExecutor.runScript(TestCaseExecutor.java:448)
	at com.kms.katalon.core.main.TestCaseExecutor.doExecute(TestCaseExecutor.java:439)
	at com.kms.katalon.core.main.TestCaseExecutor.processExecutionPhase(TestCaseExecutor.java:418)
	at com.kms.katalon.core.main.TestCaseExecutor.accessMainPhase(TestCaseExecutor.java:410)
	at com.kms.katalon.core.main.TestCaseExecutor.execute(TestCaseExecutor.java:285)
	at com.kms.katalon.core.common.CommonExecutor.accessTestCaseMainPhase(CommonExecutor.java:65)
	at com.kms.katalon.core.main.TestSuiteExecutor.accessTestSuiteMainPhase(TestSuiteExecutor.java:148)
	at com.kms.katalon.core.main.TestSuiteExecutor.execute(TestSuiteExecutor.java:106)
	at com.kms.katalon.core.main.TestCaseMain.startTestSuite(TestCaseMain.java:187)
	at com.kms.katalon.core.main.TestCaseMain$startTestSuite$0.call(Unknown Source)
	at TempTestSuite1701274422176.run(TempTestSuite1701274422176.groovy:36)
)
	at com.kms.katalon.core.keyword.internal.KeywordMain.stepFailed(KeywordMain.groovy:39)
	at com.kms.katalon.core.webui.keyword.internal.WebUIKeywordMain.stepFailed(WebUIKeywordMain.groovy:64)
	at com.kms.katalon.core.webui.keyword.builtin.VerifyTextPresentKeyword$_verifyTextPresent_closure1.doCall(VerifyTextPresentKeyword.groovy:79)
	at com.kms.katalon.core.webui.keyword.builtin.VerifyTextPresentKeyword$_verifyTextPresent_closure1.call(VerifyTextPresentKeyword.groovy)
	at com.kms.katalon.core.webui.keyword.internal.WebUIKeywordMain.runKeyword(WebUIKeywordMain.groovy:20)
	at com.kms.katalon.core.webui.keyword.builtin.VerifyTextPresentKeyword.verifyTextPresent(VerifyTextPresentKeyword.groovy:83)
	at com.kms.katalon.core.webui.keyword.builtin.VerifyTextPresentKeyword.execute(VerifyTextPresentKeyword.groovy:68)
	at com.kms.katalon.core.keyword.internal.KeywordExecutor.executeKeywordForPlatform(KeywordExecutor.groovy:74)
	at com.kms.katalon.core.webui.keyword.WebUiBuiltInKeywords.verifyTextPresent(WebUiBuiltInKeywords.groovy:1707)
	at com.kms.katalon.core.webui.keyword.WebUiBuiltInKeywords$verifyTextPresent$6.call(Unknown Source)
	at CDT08 - RF04 - cadastrar restaurante com campos em branco.run(CDT08 - RF04 - cadastrar restaurante com campos em branco:66)
	at com.kms.katalon.core.main.ScriptEngine.run(ScriptEngine.java:194)
	at com.kms.katalon.core.main.ScriptEngine.runScriptAsRawText(ScriptEngine.java:119)
	at com.kms.katalon.core.main.TestCaseExecutor.runScript(TestCaseExecutor.java:448)
	at com.kms.katalon.core.main.TestCaseExecutor.doExecute(TestCaseExecutor.java:439)
	at com.kms.katalon.core.main.TestCaseExecutor.processExecutionPhase(TestCaseExecutor.java:418)
	at com.kms.katalon.core.main.TestCaseExecutor.accessMainPhase(TestCaseExecutor.java:410)
	at com.kms.katalon.core.main.TestCaseExecutor.execute(TestCaseExecutor.java:285)
	at com.kms.katalon.core.common.CommonExecutor.accessTestCaseMainPhase(CommonExecutor.java:65)
	at com.kms.katalon.core.main.TestSuiteExecutor.accessTestSuiteMainPhase(TestSuiteExecutor.java:148)
	at com.kms.katalon.core.main.TestSuiteExecutor.execute(TestSuiteExecutor.java:106)
	at com.kms.katalon.core.main.TestCaseMain.startTestSuite(TestCaseMain.java:187)
	at com.kms.katalon.core.main.TestCaseMain$startTestSuite$0.call(Unknown Source)
	at TempTestSuite1701274422176.run(TempTestSuite1701274422176.groovy:36)
Caused by: com.kms.katalon.core.exception.StepFailedException: Text '(erro|vazio|branco|obrigatorio)' is not present on page  using regular expression
	... 23 more
"/>
         <system-out><![CDATA[2023-11-29 13:16:40 - [TEST_CASE][FAILED] - Test Cases/CDT08 - RF04 - cadastrar restaurante com campos em branco: Test Cases/CDT08 - RF04 - cadastrar restaurante com campos em branco FAILED.
Reason:
com.kms.katalon.core.exception.StepFailedException: Text '(erro|vazio|branco|obrigatorio)' is not present on page  using regular expression (Root cause: com.kms.katalon.core.exception.StepFailedException: Text '(erro|vazio|branco|obrigatorio)' is not present on page  using regular expression
	at com.kms.katalon.core.webui.keyword.internal.WebUIKeywordMain.stepFailed(WebUIKeywordMain.groovy:64)
	at com.kms.katalon.core.webui.keyword.builtin.VerifyTextPresentKeyword$_verifyTextPresent_closure1.doCall(VerifyTextPresentKeyword.groovy:79)
	at com.kms.katalon.core.webui.keyword.builtin.VerifyTextPresentKeyword$_verifyTextPresent_closure1.call(VerifyTextPresentKeyword.groovy)
	at com.kms.katalon.core.webui.keyword.internal.WebUIKeywordMain.runKeyword(WebUIKeywordMain.groovy:20)
	at com.kms.katalon.core.webui.keyword.builtin.VerifyTextPresentKeyword.verifyTextPresent(VerifyTextPresentKeyword.groovy:83)
	at com.kms.katalon.core.webui.keyword.builtin.VerifyTextPresentKeyword.execute(VerifyTextPresentKeyword.groovy:68)
	at com.kms.katalon.core.keyword.internal.KeywordExecutor.executeKeywordForPlatform(KeywordExecutor.groovy:74)
	at com.kms.katalon.core.webui.keyword.WebUiBuiltInKeywords.verifyTextPresent(WebUiBuiltInKeywords.groovy:1707)
	at com.kms.katalon.core.webui.keyword.WebUiBuiltInKeywords$verifyTextPresent$6.call(Unknown Source)
	at CDT08 - RF04 - cadastrar restaurante com campos em branco.run(CDT08 - RF04 - cadastrar restaurante com campos em branco:66)
	at com.kms.katalon.core.main.ScriptEngine.run(ScriptEngine.java:194)
	at com.kms.katalon.core.main.ScriptEngine.runScriptAsRawText(ScriptEngine.java:119)
	at com.kms.katalon.core.main.TestCaseExecutor.runScript(TestCaseExecutor.java:448)
	at com.kms.katalon.core.main.TestCaseExecutor.doExecute(TestCaseExecutor.java:439)
	at com.kms.katalon.core.main.TestCaseExecutor.processExecutionPhase(TestCaseExecutor.java:418)
	at com.kms.katalon.core.main.TestCaseExecutor.accessMainPhase(TestCaseExecutor.java:410)
	at com.kms.katalon.core.main.TestCaseExecutor.execute(TestCaseExecutor.java:285)
	at com.kms.katalon.core.common.CommonExecutor.accessTestCaseMainPhase(CommonExecutor.java:65)
	at com.kms.katalon.core.main.TestSuiteExecutor.accessTestSuiteMainPhase(TestSuiteExecutor.java:148)
	at com.kms.katalon.core.main.TestSuiteExecutor.execute(TestSuiteExecutor.java:106)
	at com.kms.katalon.core.main.TestCaseMain.startTestSuite(TestCaseMain.java:187)
	at com.kms.katalon.core.main.TestCaseMain$startTestSuite$0.call(Unknown Source)
	at TempTestSuite1701274422176.run(TempTestSuite1701274422176.groovy:36)
)
	at com.kms.katalon.core.keyword.internal.KeywordMain.stepFailed(KeywordMain.groovy:39)
	at com.kms.katalon.core.webui.keyword.internal.WebUIKeywordMain.stepFailed(WebUIKeywordMain.groovy:64)
	at com.kms.katalon.core.webui.keyword.builtin.VerifyTextPresentKeyword$_verifyTextPresent_closure1.doCall(VerifyTextPresentKeyword.groovy:79)
	at com.kms.katalon.core.webui.keyword.builtin.VerifyTextPresentKeyword$_verifyTextPresent_closure1.call(VerifyTextPresentKeyword.groovy)
	at com.kms.katalon.core.webui.keyword.internal.WebUIKeywordMain.runKeyword(WebUIKeywordMain.groovy:20)
	at com.kms.katalon.core.webui.keyword.builtin.VerifyTextPresentKeyword.verifyTextPresent(VerifyTextPresentKeyword.groovy:83)
	at com.kms.katalon.core.webui.keyword.builtin.VerifyTextPresentKeyword.execute(VerifyTextPresentKeyword.groovy:68)
	at com.kms.katalon.core.keyword.internal.KeywordExecutor.executeKeywordForPlatform(KeywordExecutor.groovy:74)
	at com.kms.katalon.core.webui.keyword.WebUiBuiltInKeywords.verifyTextPresent(WebUiBuiltInKeywords.groovy:1707)
	at com.kms.katalon.core.webui.keyword.WebUiBuiltInKeywords$verifyTextPresent$6.call(Unknown Source)
	at CDT08 - RF04 - cadastrar restaurante com campos em branco.run(CDT08 - RF04 - cadastrar restaurante com campos em branco:66)
	at com.kms.katalon.core.main.ScriptEngine.run(ScriptEngine.java:194)
	at com.kms.katalon.core.main.ScriptEngine.runScriptAsRawText(ScriptEngine.java:119)
	at com.kms.katalon.core.main.TestCaseExecutor.runScript(TestCaseExecutor.java:448)
	at com.kms.katalon.core.main.TestCaseExecutor.doExecute(TestCaseExecutor.java:439)
	at com.kms.katalon.core.main.TestCaseExecutor.processExecutionPhase(TestCaseExecutor.java:418)
	at com.kms.katalon.core.main.TestCaseExecutor.accessMainPhase(TestCaseExecutor.java:410)
	at com.kms.katalon.core.main.TestCaseExecutor.execute(TestCaseExecutor.java:285)
	at com.kms.katalon.core.common.CommonExecutor.accessTestCaseMainPhase(CommonExecutor.java:65)
	at com.kms.katalon.core.main.TestSuiteExecutor.accessTestSuiteMainPhase(TestSuiteExecutor.java:148)
	at com.kms.katalon.core.main.TestSuiteExecutor.execute(TestSuiteExecutor.java:106)
	at com.kms.katalon.core.main.TestCaseMain.startTestSuite(TestCaseMain.java:187)
	at com.kms.katalon.core.main.TestCaseMain$startTestSuite$0.call(Unknown Source)
	at TempTestSuite1701274422176.run(TempTestSuite1701274422176.groovy:36)
Caused by: com.kms.katalon.core.exception.StepFailedException: Text '(erro|vazio|branco|obrigatorio)' is not present on page  using regular expression
	... 23 more


2023-11-29 13:16:40 - [TEST_STEP][PASSED] - openBrowser("", CONTINUE_ON_FAILURE): Browser is opened with url: ''

2023-11-29 13:16:40 - [MESSAGE][INFO] - Starting 'Chrome' driver

2023-11-29 13:16:40 - [MESSAGE][INFO] - Action delay is set to 0 milliseconds

2023-11-29 13:16:42 - [MESSAGE][PASSED] - Browser is opened with url: ''

2023-11-29 13:16:42 - [TEST_STEP][PASSED] - navigateToUrl("http://localhost/pizzaWeb2.0/site/index.php", CONTINUE_ON_FAILURE): Navigate to 'http://localhost/pizzaWeb2.0/site/index.php' successfully

2023-11-29 13:16:44 - [MESSAGE][PASSED] - Navigate to 'http://localhost/pizzaWeb2.0/site/index.php' successfully

2023-11-29 13:16:44 - [TEST_STEP][PASSED] - click(findTestObject("Object Repository/CDT08 - CDT09/Page_PizzaWeb/a_Entrar"), CONTINUE_ON_FAILURE): Object: 'Object Repository/CDT08 - CDT09/Page_PizzaWeb/a_Entrar' is clicked on

2023-11-29 13:16:44 - [MESSAGE][PASSED] - Object: 'Object Repository/CDT08 - CDT09/Page_PizzaWeb/a_Entrar' is clicked on

2023-11-29 13:16:44 - [TEST_STEP][PASSED] - callTestCase(findTestCase("CDT02 - login simple"), ["usuario":"admin", "senha":"admin"], CONTINUE_ON_FAILURE): Call Test Case 'Test Cases/CDT02 - login simple' successfully

2023-11-29 13:16:45 - [TEST_CASE][PASSED] - Test Cases/CDT02 - login simple: Test Cases/CDT02 - login simple

2023-11-29 13:16:45 - [TEST_STEP][PASSED] - setText(findTestObject("Object Repository/CDT01 - CDT02/Page_Login/input_Entrar_login"), usuario, CONTINUE_ON_FAILURE): Text 'admin' is set on object 'Object Repository/CDT01 - CDT02/Page_Login/input_Entrar_login'

2023-11-29 13:16:45 - [MESSAGE][PASSED] - Text 'admin' is set on object 'Object Repository/CDT01 - CDT02/Page_Login/input_Entrar_login'

2023-11-29 13:16:45 - [TEST_STEP][PASSED] - setText(findTestObject("Object Repository/CDT01 - CDT02/Page_Login/input_Entrar_senha"), senha, CONTINUE_ON_FAILURE): Text 'admin' is set on object 'Object Repository/CDT01 - CDT02/Page_Login/input_Entrar_senha'

2023-11-29 13:16:46 - [MESSAGE][PASSED] - Text 'admin' is set on object 'Object Repository/CDT01 - CDT02/Page_Login/input_Entrar_senha'

2023-11-29 13:16:46 - [TEST_STEP][PASSED] - click(findTestObject("Object Repository/CDT01 - CDT02/Page_Login/button_Login"), CONTINUE_ON_FAILURE): Object: 'Object Repository/CDT01 - CDT02/Page_Login/button_Login' is clicked on

2023-11-29 13:16:47 - [MESSAGE][PASSED] - Object: 'Object Repository/CDT01 - CDT02/Page_Login/button_Login' is clicked on

2023-11-29 13:16:47 - [MESSAGE][PASSED] - Call Test Case 'Test Cases/CDT02 - login simple' successfully

2023-11-29 13:16:47 - [TEST_STEP][PASSED] - click(findTestObject("Object Repository/CDT08 - CDT09/Page_PizzaWeb/a_Gerenciar"), CONTINUE_ON_FAILURE): Object: 'Object Repository/CDT08 - CDT09/Page_PizzaWeb/a_Gerenciar' is clicked on

2023-11-29 13:16:48 - [MESSAGE][PASSED] - Object: 'Object Repository/CDT08 - CDT09/Page_PizzaWeb/a_Gerenciar' is clicked on

2023-11-29 13:16:48 - [TEST_STEP][PASSED] - click(findTestObject("Object Repository/CDT08 - CDT09/Page_/a_Cadastro de Restaurantes"), CONTINUE_ON_FAILURE): Object: 'Object Repository/CDT08 - CDT09/Page_/a_Cadastro de Restaurantes' is clicked on

2023-11-29 13:16:48 - [MESSAGE][PASSED] - Object: 'Object Repository/CDT08 - CDT09/Page_/a_Cadastro de Restaurantes' is clicked on

2023-11-29 13:16:48 - [TEST_STEP][PASSED] - setText(findTestObject("Object Repository/CDT08 - CDT09/Page_/input_RuaAv_ruaCadastro"), "rua", CONTINUE_ON_FAILURE): Text 'rua' is set on object 'Object Repository/CDT08 - CDT09/Page_/input_RuaAv_ruaCadastro'

2023-11-29 13:16:49 - [MESSAGE][PASSED] - Text 'rua' is set on object 'Object Repository/CDT08 - CDT09/Page_/input_RuaAv_ruaCadastro'

2023-11-29 13:16:49 - [TEST_STEP][PASSED] - setText(findTestObject("Object Repository/CDT08 - CDT09/Page_/input_Nmero_numeroCadastro"), "200", CONTINUE_ON_FAILURE): Text '200' is set on object 'Object Repository/CDT08 - CDT09/Page_/input_Nmero_numeroCadastro'

2023-11-29 13:16:50 - [MESSAGE][PASSED] - Text '200' is set on object 'Object Repository/CDT08 - CDT09/Page_/input_Nmero_numeroCadastro'

2023-11-29 13:16:50 - [TEST_STEP][PASSED] - setText(findTestObject("Object Repository/CDT08 - CDT09/Page_/input_Complemento_complementoCadastro"), "complemento", CONTINUE_ON_FAILURE): Text 'complemento' is set on object 'Object Repository/CDT08 - CDT09/Page_/input_Complemento_complementoCadastro'

2023-11-29 13:16:51 - [MESSAGE][PASSED] - Text 'complemento' is set on object 'Object Repository/CDT08 - CDT09/Page_/input_Complemento_complementoCadastro'

2023-11-29 13:16:51 - [TEST_STEP][PASSED] - setText(findTestObject("Object Repository/CDT08 - CDT09/Page_/input_Bairro_bairroCadastro"), "bairro", CONTINUE_ON_FAILURE): Text 'bairro' is set on object 'Object Repository/CDT08 - CDT09/Page_/input_Bairro_bairroCadastro'

2023-11-29 13:16:52 - [MESSAGE][PASSED] - Text 'bairro' is set on object 'Object Repository/CDT08 - CDT09/Page_/input_Bairro_bairroCadastro'

2023-11-29 13:16:52 - [TEST_STEP][PASSED] - setText(findTestObject("Object Repository/CDT08 - CDT09/Page_/input_Cidade_cidadeCadastro"), "Rio de Janeiro", CONTINUE_ON_FAILURE): Text 'Rio de Janeiro' is set on object 'Object Repository/CDT08 - CDT09/Page_/input_Cidade_cidadeCadastro'

2023-11-29 13:16:53 - [MESSAGE][PASSED] - Text 'Rio de Janeiro' is set on object 'Object Repository/CDT08 - CDT09/Page_/input_Cidade_cidadeCadastro'

2023-11-29 13:16:53 - [TEST_STEP][PASSED] - selectOptionByValue(findTestObject("Object Repository/CDT08 - CDT09/Page_/select_ALAPAMBACEDFESGOMAMTMSMGPAPBPRPEPIRR_4d941d"), "AL", true, CONTINUE_ON_FAILURE): All options with value 'AL' are selected in object 'Object Repository/CDT08 - CDT09/Page_/select_ALAPAMBACEDFESGOMAMTMSMGPAPBPRPEPIRR_4d941d'  using regular expression

2023-11-29 13:16:54 - [MESSAGE][PASSED] - All options with value 'AL' are selected in object 'Object Repository/CDT08 - CDT09/Page_/select_ALAPAMBACEDFESGOMAMTMSMGPAPBPRPEPIRR_4d941d'  using regular expression

2023-11-29 13:16:54 - [TEST_STEP][PASSED] - selectOptionByValue(findTestObject("Object Repository/CDT08 - CDT09/Page_/select_ALAPAMBACEDFESGOMAMTMSMGPAPBPRPEPIRR_4d941d"), "RJ", true, CONTINUE_ON_FAILURE): All options with value 'RJ' are selected in object 'Object Repository/CDT08 - CDT09/Page_/select_ALAPAMBACEDFESGOMAMTMSMGPAPBPRPEPIRR_4d941d'  using regular expression

2023-11-29 13:16:56 - [MESSAGE][PASSED] - All options with value 'RJ' are selected in object 'Object Repository/CDT08 - CDT09/Page_/select_ALAPAMBACEDFESGOMAMTMSMGPAPBPRPEPIRR_4d941d'  using regular expression

2023-11-29 13:16:56 - [TEST_STEP][PASSED] - setText(findTestObject("Object Repository/CDT08 - CDT09/Page_/input_Telefone_dddTelCadastro"), "22", CONTINUE_ON_FAILURE): Text '22' is set on object 'Object Repository/CDT08 - CDT09/Page_/input_Telefone_dddTelCadastro'

2023-11-29 13:16:57 - [MESSAGE][PASSED] - Text '22' is set on object 'Object Repository/CDT08 - CDT09/Page_/input_Telefone_dddTelCadastro'

2023-11-29 13:16:57 - [TEST_STEP][PASSED] - setText(findTestObject("Object Repository/CDT08 - CDT09/Page_/input_Telefone_telCadastro"), "11111111", CONTINUE_ON_FAILURE): Text '11111111' is set on object 'Object Repository/CDT08 - CDT09/Page_/input_Telefone_telCadastro'

2023-11-29 13:16:58 - [MESSAGE][PASSED] - Text '11111111' is set on object 'Object Repository/CDT08 - CDT09/Page_/input_Telefone_telCadastro'

2023-11-29 13:16:58 - [TEST_STEP][PASSED] - setText(findTestObject("Object Repository/CDT08 - CDT09/Page_/input_Horrio de Funcionamento_horaInicio"), "18:00:00", CONTINUE_ON_FAILURE): Text '18:00:00' is set on object 'Object Repository/CDT08 - CDT09/Page_/input_Horrio de Funcionamento_horaInicio'

2023-11-29 13:16:59 - [MESSAGE][PASSED] - Text '18:00:00' is set on object 'Object Repository/CDT08 - CDT09/Page_/input_Horrio de Funcionamento_horaInicio'

2023-11-29 13:16:59 - [TEST_STEP][PASSED] - setText(findTestObject("Object Repository/CDT08 - CDT09/Page_/input_Horrio de Funcionamento_horaFim"), "23:59:00", CONTINUE_ON_FAILURE): Text '23:59:00' is set on object 'Object Repository/CDT08 - CDT09/Page_/input_Horrio de Funcionamento_horaFim'

2023-11-29 13:16:59 - [MESSAGE][PASSED] - Text '23:59:00' is set on object 'Object Repository/CDT08 - CDT09/Page_/input_Horrio de Funcionamento_horaFim'

2023-11-29 13:16:59 - [TEST_STEP][PASSED] - selectOptionByValue(findTestObject("Object Repository/CDT08 - CDT09/Page_/select_SegundaTeraQuartaQuintaSextaSbadoDomingo"), "1", true, CONTINUE_ON_FAILURE): All options with value '1' are selected in object 'Object Repository/CDT08 - CDT09/Page_/select_SegundaTeraQuartaQuintaSextaSbadoDomingo'  using regular expression

2023-11-29 13:17:01 - [MESSAGE][PASSED] - All options with value '1' are selected in object 'Object Repository/CDT08 - CDT09/Page_/select_SegundaTeraQuartaQuintaSextaSbadoDomingo'  using regular expression

2023-11-29 13:17:01 - [TEST_STEP][PASSED] - selectOptionByValue(findTestObject("Object Repository/CDT08 - CDT09/Page_/select_SegundaTeraQuartaQuintaSextaSbadoDomingo"), "6", true, CONTINUE_ON_FAILURE): All options with value '6' are selected in object 'Object Repository/CDT08 - CDT09/Page_/select_SegundaTeraQuartaQuintaSextaSbadoDomingo'  using regular expression

2023-11-29 13:17:02 - [MESSAGE][PASSED] - All options with value '6' are selected in object 'Object Repository/CDT08 - CDT09/Page_/select_SegundaTeraQuartaQuintaSextaSbadoDomingo'  using regular expression

2023-11-29 13:17:02 - [TEST_STEP][PASSED] - click(findTestObject("Object Repository/CDT08 - CDT09/Page_/input_submit"), CONTINUE_ON_FAILURE): Object: 'Object Repository/CDT08 - CDT09/Page_/input_submit' is clicked on

2023-11-29 13:17:03 - [MESSAGE][PASSED] - Object: 'Object Repository/CDT08 - CDT09/Page_/input_submit' is clicked on

2023-11-29 13:17:03 - [TEST_STEP][FAILED] - verifyTextPresent("(erro|vazio|branco|obrigatorio)", true, CONTINUE_ON_FAILURE): Text '(erro|vazio|branco|obrigatorio)' is not present on page  using regular expression (Root cause: com.kms.katalon.core.exception.StepFailedException: Text '(erro|vazio|branco|obrigatorio)' is not present on page  using regular expression
	at com.kms.katalon.core.webui.keyword.internal.WebUIKeywordMain.stepFailed(WebUIKeywordMain.groovy:64)
	at com.kms.katalon.core.webui.keyword.builtin.VerifyTextPresentKeyword$_verifyTextPresent_closure1.doCall(VerifyTextPresentKeyword.groovy:79)
	at com.kms.katalon.core.webui.keyword.builtin.VerifyTextPresentKeyword$_verifyTextPresent_closure1.call(VerifyTextPresentKeyword.groovy)
	at com.kms.katalon.core.webui.keyword.internal.WebUIKeywordMain.runKeyword(WebUIKeywordMain.groovy:20)
	at com.kms.katalon.core.webui.keyword.builtin.VerifyTextPresentKeyword.verifyTextPresent(VerifyTextPresentKeyword.groovy:83)
	at com.kms.katalon.core.webui.keyword.builtin.VerifyTextPresentKeyword.execute(VerifyTextPresentKeyword.groovy:68)
	at com.kms.katalon.core.keyword.internal.KeywordExecutor.executeKeywordForPlatform(KeywordExecutor.groovy:74)
	at com.kms.katalon.core.webui.keyword.WebUiBuiltInKeywords.verifyTextPresent(WebUiBuiltInKeywords.groovy:1707)
	at com.kms.katalon.core.webui.keyword.WebUiBuiltInKeywords$verifyTextPresent$6.call(Unknown Source)
	at CDT08 - RF04 - cadastrar restaurante com campos em branco.run(CDT08 - RF04 - cadastrar restaurante com campos em branco:66)
	at com.kms.katalon.core.main.ScriptEngine.run(ScriptEngine.java:194)
	at com.kms.katalon.core.main.ScriptEngine.runScriptAsRawText(ScriptEngine.java:119)
	at com.kms.katalon.core.main.TestCaseExecutor.runScript(TestCaseExecutor.java:448)
	at com.kms.katalon.core.main.TestCaseExecutor.doExecute(TestCaseExecutor.java:439)
	at com.kms.katalon.core.main.TestCaseExecutor.processExecutionPhase(TestCaseExecutor.java:418)
	at com.kms.katalon.core.main.TestCaseExecutor.accessMainPhase(TestCaseExecutor.java:410)
	at com.kms.katalon.core.main.TestCaseExecutor.execute(TestCaseExecutor.java:285)
	at com.kms.katalon.core.common.CommonExecutor.accessTestCaseMainPhase(CommonExecutor.java:65)
	at com.kms.katalon.core.main.TestSuiteExecutor.accessTestSuiteMainPhase(TestSuiteExecutor.java:148)
	at com.kms.katalon.core.main.TestSuiteExecutor.execute(TestSuiteExecutor.java:106)
	at com.kms.katalon.core.main.TestCaseMain.startTestSuite(TestCaseMain.java:187)
	at com.kms.katalon.core.main.TestCaseMain$startTestSuite$0.call(Unknown Source)
	at TempTestSuite1701274422176.run(TempTestSuite1701274422176.groovy:36)
)

2023-11-29 13:17:03 - [MESSAGE][FAILED] - Text '(erro|vazio|branco|obrigatorio)' is not present on page  using regular expression (Root cause: com.kms.katalon.core.exception.StepFailedException: Text '(erro|vazio|branco|obrigatorio)' is not present on page  using regular expression
	at com.kms.katalon.core.webui.keyword.internal.WebUIKeywordMain.stepFailed(WebUIKeywordMain.groovy:64)
	at com.kms.katalon.core.webui.keyword.builtin.VerifyTextPresentKeyword$_verifyTextPresent_closure1.doCall(VerifyTextPresentKeyword.groovy:79)
	at com.kms.katalon.core.webui.keyword.builtin.VerifyTextPresentKeyword$_verifyTextPresent_closure1.call(VerifyTextPresentKeyword.groovy)
	at com.kms.katalon.core.webui.keyword.internal.WebUIKeywordMain.runKeyword(WebUIKeywordMain.groovy:20)
	at com.kms.katalon.core.webui.keyword.builtin.VerifyTextPresentKeyword.verifyTextPresent(VerifyTextPresentKeyword.groovy:83)
	at com.kms.katalon.core.webui.keyword.builtin.VerifyTextPresentKeyword.execute(VerifyTextPresentKeyword.groovy:68)
	at com.kms.katalon.core.keyword.internal.KeywordExecutor.executeKeywordForPlatform(KeywordExecutor.groovy:74)
	at com.kms.katalon.core.webui.keyword.WebUiBuiltInKeywords.verifyTextPresent(WebUiBuiltInKeywords.groovy:1707)
	at com.kms.katalon.core.webui.keyword.WebUiBuiltInKeywords$verifyTextPresent$6.call(Unknown Source)
	at CDT08 - RF04 - cadastrar restaurante com campos em branco.run(CDT08 - RF04 - cadastrar restaurante com campos em branco:66)
	at com.kms.katalon.core.main.ScriptEngine.run(ScriptEngine.java:194)
	at com.kms.katalon.core.main.ScriptEngine.runScriptAsRawText(ScriptEngine.java:119)
	at com.kms.katalon.core.main.TestCaseExecutor.runScript(TestCaseExecutor.java:448)
	at com.kms.katalon.core.main.TestCaseExecutor.doExecute(TestCaseExecutor.java:439)
	at com.kms.katalon.core.main.TestCaseExecutor.processExecutionPhase(TestCaseExecutor.java:418)
	at com.kms.katalon.core.main.TestCaseExecutor.accessMainPhase(TestCaseExecutor.java:410)
	at com.kms.katalon.core.main.TestCaseExecutor.execute(TestCaseExecutor.java:285)
	at com.kms.katalon.core.common.CommonExecutor.accessTestCaseMainPhase(CommonExecutor.java:65)
	at com.kms.katalon.core.main.TestSuiteExecutor.accessTestSuiteMainPhase(TestSuiteExecutor.java:148)
	at com.kms.katalon.core.main.TestSuiteExecutor.execute(TestSuiteExecutor.java:106)
	at com.kms.katalon.core.main.TestCaseMain.startTestSuite(TestCaseMain.java:187)
	at com.kms.katalon.core.main.TestCaseMain$startTestSuite$0.call(Unknown Source)
	at TempTestSuite1701274422176.run(TempTestSuite1701274422176.groovy:36)
)

2023-11-29 13:17:03 - [TEST_STEP][PASSED] - closeBrowser(CONTINUE_ON_FAILURE): Browser is closed

2023-11-29 13:17:04 - [MESSAGE][PASSED] - Browser is closed]]></system-out>
         <system-err><![CDATA[2023-11-29 13:16:40 - [TEST_CASE][FAILED] - Test Cases/CDT08 - RF04 - cadastrar restaurante com campos em branco: Test Cases/CDT08 - RF04 - cadastrar restaurante com campos em branco FAILED.
Reason:
com.kms.katalon.core.exception.StepFailedException: Text '(erro|vazio|branco|obrigatorio)' is not present on page  using regular expression (Root cause: com.kms.katalon.core.exception.StepFailedException: Text '(erro|vazio|branco|obrigatorio)' is not present on page  using regular expression
	at com.kms.katalon.core.webui.keyword.internal.WebUIKeywordMain.stepFailed(WebUIKeywordMain.groovy:64)
	at com.kms.katalon.core.webui.keyword.builtin.VerifyTextPresentKeyword$_verifyTextPresent_closure1.doCall(VerifyTextPresentKeyword.groovy:79)
	at com.kms.katalon.core.webui.keyword.builtin.VerifyTextPresentKeyword$_verifyTextPresent_closure1.call(VerifyTextPresentKeyword.groovy)
	at com.kms.katalon.core.webui.keyword.internal.WebUIKeywordMain.runKeyword(WebUIKeywordMain.groovy:20)
	at com.kms.katalon.core.webui.keyword.builtin.VerifyTextPresentKeyword.verifyTextPresent(VerifyTextPresentKeyword.groovy:83)
	at com.kms.katalon.core.webui.keyword.builtin.VerifyTextPresentKeyword.execute(VerifyTextPresentKeyword.groovy:68)
	at com.kms.katalon.core.keyword.internal.KeywordExecutor.executeKeywordForPlatform(KeywordExecutor.groovy:74)
	at com.kms.katalon.core.webui.keyword.WebUiBuiltInKeywords.verifyTextPresent(WebUiBuiltInKeywords.groovy:1707)
	at com.kms.katalon.core.webui.keyword.WebUiBuiltInKeywords$verifyTextPresent$6.call(Unknown Source)
	at CDT08 - RF04 - cadastrar restaurante com campos em branco.run(CDT08 - RF04 - cadastrar restaurante com campos em branco:66)
	at com.kms.katalon.core.main.ScriptEngine.run(ScriptEngine.java:194)
	at com.kms.katalon.core.main.ScriptEngine.runScriptAsRawText(ScriptEngine.java:119)
	at com.kms.katalon.core.main.TestCaseExecutor.runScript(TestCaseExecutor.java:448)
	at com.kms.katalon.core.main.TestCaseExecutor.doExecute(TestCaseExecutor.java:439)
	at com.kms.katalon.core.main.TestCaseExecutor.processExecutionPhase(TestCaseExecutor.java:418)
	at com.kms.katalon.core.main.TestCaseExecutor.accessMainPhase(TestCaseExecutor.java:410)
	at com.kms.katalon.core.main.TestCaseExecutor.execute(TestCaseExecutor.java:285)
	at com.kms.katalon.core.common.CommonExecutor.accessTestCaseMainPhase(CommonExecutor.java:65)
	at com.kms.katalon.core.main.TestSuiteExecutor.accessTestSuiteMainPhase(TestSuiteExecutor.java:148)
	at com.kms.katalon.core.main.TestSuiteExecutor.execute(TestSuiteExecutor.java:106)
	at com.kms.katalon.core.main.TestCaseMain.startTestSuite(TestCaseMain.java:187)
	at com.kms.katalon.core.main.TestCaseMain$startTestSuite$0.call(Unknown Source)
	at TempTestSuite1701274422176.run(TempTestSuite1701274422176.groovy:36)
)
	at com.kms.katalon.core.keyword.internal.KeywordMain.stepFailed(KeywordMain.groovy:39)
	at com.kms.katalon.core.webui.keyword.internal.WebUIKeywordMain.stepFailed(WebUIKeywordMain.groovy:64)
	at com.kms.katalon.core.webui.keyword.builtin.VerifyTextPresentKeyword$_verifyTextPresent_closure1.doCall(VerifyTextPresentKeyword.groovy:79)
	at com.kms.katalon.core.webui.keyword.builtin.VerifyTextPresentKeyword$_verifyTextPresent_closure1.call(VerifyTextPresentKeyword.groovy)
	at com.kms.katalon.core.webui.keyword.internal.WebUIKeywordMain.runKeyword(WebUIKeywordMain.groovy:20)
	at com.kms.katalon.core.webui.keyword.builtin.VerifyTextPresentKeyword.verifyTextPresent(VerifyTextPresentKeyword.groovy:83)
	at com.kms.katalon.core.webui.keyword.builtin.VerifyTextPresentKeyword.execute(VerifyTextPresentKeyword.groovy:68)
	at com.kms.katalon.core.keyword.internal.KeywordExecutor.executeKeywordForPlatform(KeywordExecutor.groovy:74)
	at com.kms.katalon.core.webui.keyword.WebUiBuiltInKeywords.verifyTextPresent(WebUiBuiltInKeywords.groovy:1707)
	at com.kms.katalon.core.webui.keyword.WebUiBuiltInKeywords$verifyTextPresent$6.call(Unknown Source)
	at CDT08 - RF04 - cadastrar restaurante com campos em branco.run(CDT08 - RF04 - cadastrar restaurante com campos em branco:66)
	at com.kms.katalon.core.main.ScriptEngine.run(ScriptEngine.java:194)
	at com.kms.katalon.core.main.ScriptEngine.runScriptAsRawText(ScriptEngine.java:119)
	at com.kms.katalon.core.main.TestCaseExecutor.runScript(TestCaseExecutor.java:448)
	at com.kms.katalon.core.main.TestCaseExecutor.doExecute(TestCaseExecutor.java:439)
	at com.kms.katalon.core.main.TestCaseExecutor.processExecutionPhase(TestCaseExecutor.java:418)
	at com.kms.katalon.core.main.TestCaseExecutor.accessMainPhase(TestCaseExecutor.java:410)
	at com.kms.katalon.core.main.TestCaseExecutor.execute(TestCaseExecutor.java:285)
	at com.kms.katalon.core.common.CommonExecutor.accessTestCaseMainPhase(CommonExecutor.java:65)
	at com.kms.katalon.core.main.TestSuiteExecutor.accessTestSuiteMainPhase(TestSuiteExecutor.java:148)
	at com.kms.katalon.core.main.TestSuiteExecutor.execute(TestSuiteExecutor.java:106)
	at com.kms.katalon.core.main.TestCaseMain.startTestSuite(TestCaseMain.java:187)
	at com.kms.katalon.core.main.TestCaseMain$startTestSuite$0.call(Unknown Source)
	at TempTestSuite1701274422176.run(TempTestSuite1701274422176.groovy:36)
Caused by: com.kms.katalon.core.exception.StepFailedException: Text '(erro|vazio|branco|obrigatorio)' is not present on page  using regular expression
	... 23 more]]></system-err>
      </testcase>
      <testcase name="Test Cases/CDT09 - RF04 - cadastrar restaurante com sucesso" time="29.137" classname="Test Cases/CDT09 - RF04 - cadastrar restaurante com sucesso" status="PASSED">
         <system-out><![CDATA[2023-11-29 13:17:04 - [TEST_CASE][PASSED] - Test Cases/CDT09 - RF04 - cadastrar restaurante com sucesso: Test Cases/CDT09 - RF04 - cadastrar restaurante com sucesso

2023-11-29 13:17:05 - [TEST_STEP][PASSED] - openBrowser("", CONTINUE_ON_FAILURE): Browser is opened with url: ''

2023-11-29 13:17:05 - [MESSAGE][INFO] - Starting 'Chrome' driver

2023-11-29 13:17:05 - [MESSAGE][INFO] - Action delay is set to 0 milliseconds

2023-11-29 13:17:06 - [MESSAGE][PASSED] - Browser is opened with url: ''

2023-11-29 13:17:06 - [TEST_STEP][PASSED] - navigateToUrl("http://localhost/pizzaWeb2.0/site/index.php", CONTINUE_ON_FAILURE): Navigate to 'http://localhost/pizzaWeb2.0/site/index.php' successfully

2023-11-29 13:17:08 - [MESSAGE][PASSED] - Navigate to 'http://localhost/pizzaWeb2.0/site/index.php' successfully

2023-11-29 13:17:08 - [TEST_STEP][PASSED] - click(findTestObject("Object Repository/CDT08 - CDT09/Page_PizzaWeb/a_Entrar (1)"), CONTINUE_ON_FAILURE): Object: 'Object Repository/CDT08 - CDT09/Page_PizzaWeb/a_Entrar (1)' is clicked on

2023-11-29 13:17:08 - [MESSAGE][PASSED] - Object: 'Object Repository/CDT08 - CDT09/Page_PizzaWeb/a_Entrar (1)' is clicked on

2023-11-29 13:17:08 - [TEST_STEP][PASSED] - callTestCase(findTestCase("CDT02 - login simple"), ["usuario":"admin", "senha":"admin"], CONTINUE_ON_FAILURE): Call Test Case 'Test Cases/CDT02 - login simple' successfully

2023-11-29 13:17:09 - [TEST_CASE][PASSED] - Test Cases/CDT02 - login simple: Test Cases/CDT02 - login simple

2023-11-29 13:17:09 - [TEST_STEP][PASSED] - setText(findTestObject("Object Repository/CDT01 - CDT02/Page_Login/input_Entrar_login"), usuario, CONTINUE_ON_FAILURE): Text 'admin' is set on object 'Object Repository/CDT01 - CDT02/Page_Login/input_Entrar_login'

2023-11-29 13:17:09 - [MESSAGE][PASSED] - Text 'admin' is set on object 'Object Repository/CDT01 - CDT02/Page_Login/input_Entrar_login'

2023-11-29 13:17:09 - [TEST_STEP][PASSED] - setText(findTestObject("Object Repository/CDT01 - CDT02/Page_Login/input_Entrar_senha"), senha, CONTINUE_ON_FAILURE): Text 'admin' is set on object 'Object Repository/CDT01 - CDT02/Page_Login/input_Entrar_senha'

2023-11-29 13:17:10 - [MESSAGE][PASSED] - Text 'admin' is set on object 'Object Repository/CDT01 - CDT02/Page_Login/input_Entrar_senha'

2023-11-29 13:17:10 - [TEST_STEP][PASSED] - click(findTestObject("Object Repository/CDT01 - CDT02/Page_Login/button_Login"), CONTINUE_ON_FAILURE): Object: 'Object Repository/CDT01 - CDT02/Page_Login/button_Login' is clicked on

2023-11-29 13:17:11 - [MESSAGE][PASSED] - Object: 'Object Repository/CDT01 - CDT02/Page_Login/button_Login' is clicked on

2023-11-29 13:17:11 - [MESSAGE][PASSED] - Call Test Case 'Test Cases/CDT02 - login simple' successfully

2023-11-29 13:17:11 - [TEST_STEP][PASSED] - click(findTestObject("Object Repository/CDT08 - CDT09/Page_PizzaWeb/a_Gerenciar (1)"), CONTINUE_ON_FAILURE): Object: 'Object Repository/CDT08 - CDT09/Page_PizzaWeb/a_Gerenciar (1)' is clicked on

2023-11-29 13:17:12 - [MESSAGE][PASSED] - Object: 'Object Repository/CDT08 - CDT09/Page_PizzaWeb/a_Gerenciar (1)' is clicked on

2023-11-29 13:17:12 - [TEST_STEP][PASSED] - click(findTestObject("Object Repository/CDT08 - CDT09/Page_/a_Cadastro de Restaurantes (1)"), CONTINUE_ON_FAILURE): Object: 'Object Repository/CDT08 - CDT09/Page_/a_Cadastro de Restaurantes (1)' is clicked on

2023-11-29 13:17:13 - [MESSAGE][PASSED] - Object: 'Object Repository/CDT08 - CDT09/Page_/a_Cadastro de Restaurantes (1)' is clicked on

2023-11-29 13:17:13 - [TEST_STEP][PASSED] - setText(findTestObject("Object Repository/CDT08 - CDT09/Page_/input_Nome_nomeCadastro"), "novo", CONTINUE_ON_FAILURE): Text 'novo' is set on object 'Object Repository/CDT08 - CDT09/Page_/input_Nome_nomeCadastro'

2023-11-29 13:17:14 - [MESSAGE][PASSED] - Text 'novo' is set on object 'Object Repository/CDT08 - CDT09/Page_/input_Nome_nomeCadastro'

2023-11-29 13:17:14 - [TEST_STEP][PASSED] - setText(findTestObject("Object Repository/CDT08 - CDT09/Page_/input_RuaAv_ruaCadastro (1)"), "rua", CONTINUE_ON_FAILURE): Text 'rua' is set on object 'Object Repository/CDT08 - CDT09/Page_/input_RuaAv_ruaCadastro (1)'

2023-11-29 13:17:15 - [MESSAGE][PASSED] - Text 'rua' is set on object 'Object Repository/CDT08 - CDT09/Page_/input_RuaAv_ruaCadastro (1)'

2023-11-29 13:17:15 - [TEST_STEP][PASSED] - setText(findTestObject("Object Repository/CDT08 - CDT09/Page_/input_Nmero_numeroCadastro (1)"), "100", CONTINUE_ON_FAILURE): Text '100' is set on object 'Object Repository/CDT08 - CDT09/Page_/input_Nmero_numeroCadastro (1)'

2023-11-29 13:17:15 - [MESSAGE][PASSED] - Text '100' is set on object 'Object Repository/CDT08 - CDT09/Page_/input_Nmero_numeroCadastro (1)'

2023-11-29 13:17:15 - [TEST_STEP][PASSED] - setText(findTestObject("Object Repository/CDT08 - CDT09/Page_/input_Complemento_complementoCadastro (1)"), "com", CONTINUE_ON_FAILURE): Text 'com' is set on object 'Object Repository/CDT08 - CDT09/Page_/input_Complemento_complementoCadastro (1)'

2023-11-29 13:17:16 - [MESSAGE][PASSED] - Text 'com' is set on object 'Object Repository/CDT08 - CDT09/Page_/input_Complemento_complementoCadastro (1)'

2023-11-29 13:17:16 - [TEST_STEP][PASSED] - setText(findTestObject("Object Repository/CDT08 - CDT09/Page_/input_Bairro_bairroCadastro (1)"), "bairro", CONTINUE_ON_FAILURE): Text 'bairro' is set on object 'Object Repository/CDT08 - CDT09/Page_/input_Bairro_bairroCadastro (1)'

2023-11-29 13:17:17 - [MESSAGE][PASSED] - Text 'bairro' is set on object 'Object Repository/CDT08 - CDT09/Page_/input_Bairro_bairroCadastro (1)'

2023-11-29 13:17:17 - [TEST_STEP][PASSED] - setText(findTestObject("Object Repository/CDT08 - CDT09/Page_/input_Cidade_cidadeCadastro (1)"), "Minas Gerais", CONTINUE_ON_FAILURE): Text 'Minas Gerais' is set on object 'Object Repository/CDT08 - CDT09/Page_/input_Cidade_cidadeCadastro (1)'

2023-11-29 13:17:18 - [MESSAGE][PASSED] - Text 'Minas Gerais' is set on object 'Object Repository/CDT08 - CDT09/Page_/input_Cidade_cidadeCadastro (1)'

2023-11-29 13:17:18 - [TEST_STEP][PASSED] - selectOptionByValue(findTestObject("Object Repository/CDT08 - CDT09/Page_/select_ALAPAMBACEDFESGOMAMTMSMGPAPBPRPEPIRR_4d941d (1)"), "AL", true, CONTINUE_ON_FAILURE): All options with value 'AL' are selected in object 'Object Repository/CDT08 - CDT09/Page_/select_ALAPAMBACEDFESGOMAMTMSMGPAPBPRPEPIRR_4d941d (1)'  using regular expression

2023-11-29 13:17:20 - [MESSAGE][PASSED] - All options with value 'AL' are selected in object 'Object Repository/CDT08 - CDT09/Page_/select_ALAPAMBACEDFESGOMAMTMSMGPAPBPRPEPIRR_4d941d (1)'  using regular expression

2023-11-29 13:17:20 - [TEST_STEP][PASSED] - selectOptionByValue(findTestObject("Object Repository/CDT08 - CDT09/Page_/select_ALAPAMBACEDFESGOMAMTMSMGPAPBPRPEPIRR_4d941d (1)"), "MG", true, CONTINUE_ON_FAILURE): All options with value 'MG' are selected in object 'Object Repository/CDT08 - CDT09/Page_/select_ALAPAMBACEDFESGOMAMTMSMGPAPBPRPEPIRR_4d941d (1)'  using regular expression

2023-11-29 13:17:22 - [MESSAGE][PASSED] - All options with value 'MG' are selected in object 'Object Repository/CDT08 - CDT09/Page_/select_ALAPAMBACEDFESGOMAMTMSMGPAPBPRPEPIRR_4d941d (1)'  using regular expression

2023-11-29 13:17:22 - [TEST_STEP][PASSED] - setText(findTestObject("Object Repository/CDT08 - CDT09/Page_/input_Telefone_dddTelCadastro (1)"), "00", CONTINUE_ON_FAILURE): Text '00' is set on object 'Object Repository/CDT08 - CDT09/Page_/input_Telefone_dddTelCadastro (1)'

2023-11-29 13:17:22 - [MESSAGE][PASSED] - Text '00' is set on object 'Object Repository/CDT08 - CDT09/Page_/input_Telefone_dddTelCadastro (1)'

2023-11-29 13:17:22 - [TEST_STEP][PASSED] - setText(findTestObject("Object Repository/CDT08 - CDT09/Page_/input_Telefone_telCadastro (1)"), "22222222", CONTINUE_ON_FAILURE): Text '22222222' is set on object 'Object Repository/CDT08 - CDT09/Page_/input_Telefone_telCadastro (1)'

2023-11-29 13:17:23 - [MESSAGE][PASSED] - Text '22222222' is set on object 'Object Repository/CDT08 - CDT09/Page_/input_Telefone_telCadastro (1)'

2023-11-29 13:17:23 - [TEST_STEP][PASSED] - setText(findTestObject("Object Repository/CDT08 - CDT09/Page_/input_Horrio de Funcionamento_horaInicio (1)"), "12:00:00", CONTINUE_ON_FAILURE): Text '12:00:00' is set on object 'Object Repository/CDT08 - CDT09/Page_/input_Horrio de Funcionamento_horaInicio (1)'

2023-11-29 13:17:24 - [MESSAGE][PASSED] - Text '12:00:00' is set on object 'Object Repository/CDT08 - CDT09/Page_/input_Horrio de Funcionamento_horaInicio (1)'

2023-11-29 13:17:24 - [TEST_STEP][PASSED] - setText(findTestObject("Object Repository/CDT08 - CDT09/Page_/input_Horrio de Funcionamento_horaFim (1)"), "22:00:00", CONTINUE_ON_FAILURE): Text '22:00:00' is set on object 'Object Repository/CDT08 - CDT09/Page_/input_Horrio de Funcionamento_horaFim (1)'

2023-11-29 13:17:25 - [MESSAGE][PASSED] - Text '22:00:00' is set on object 'Object Repository/CDT08 - CDT09/Page_/input_Horrio de Funcionamento_horaFim (1)'

2023-11-29 13:17:25 - [TEST_STEP][PASSED] - selectOptionByValue(findTestObject("Object Repository/CDT08 - CDT09/Page_/select_SegundaTeraQuartaQuintaSextaSbadoDomingo (1)"), "1", true, CONTINUE_ON_FAILURE): All options with value '1' are selected in object 'Object Repository/CDT08 - CDT09/Page_/select_SegundaTeraQuartaQuintaSextaSbadoDomingo (1)'  using regular expression

2023-11-29 13:17:26 - [MESSAGE][PASSED] - All options with value '1' are selected in object 'Object Repository/CDT08 - CDT09/Page_/select_SegundaTeraQuartaQuintaSextaSbadoDomingo (1)'  using regular expression

2023-11-29 13:17:26 - [TEST_STEP][PASSED] - selectOptionByValue(findTestObject("Object Repository/CDT08 - CDT09/Page_/select_SegundaTeraQuartaQuintaSextaSbadoDomingo (1)"), "2", true, CONTINUE_ON_FAILURE): All options with value '2' are selected in object 'Object Repository/CDT08 - CDT09/Page_/select_SegundaTeraQuartaQuintaSextaSbadoDomingo (1)'  using regular expression

2023-11-29 13:17:28 - [MESSAGE][PASSED] - All options with value '2' are selected in object 'Object Repository/CDT08 - CDT09/Page_/select_SegundaTeraQuartaQuintaSextaSbadoDomingo (1)'  using regular expression

2023-11-29 13:17:28 - [TEST_STEP][PASSED] - selectOptionByValue(findTestObject("Object Repository/CDT08 - CDT09/Page_/select_SegundaTeraQuartaQuintaSextaSbadoDomingo_1"), "7", true, CONTINUE_ON_FAILURE): All options with value '7' are selected in object 'Object Repository/CDT08 - CDT09/Page_/select_SegundaTeraQuartaQuintaSextaSbadoDomingo_1'  using regular expression

2023-11-29 13:17:29 - [MESSAGE][PASSED] - All options with value '7' are selected in object 'Object Repository/CDT08 - CDT09/Page_/select_SegundaTeraQuartaQuintaSextaSbadoDomingo_1'  using regular expression

2023-11-29 13:17:29 - [TEST_STEP][PASSED] - click(findTestObject("Object Repository/CDT08 - CDT09/Page_/input_submit (1)"), CONTINUE_ON_FAILURE): Object: 'Object Repository/CDT08 - CDT09/Page_/input_submit (1)' is clicked on

2023-11-29 13:17:30 - [MESSAGE][PASSED] - Object: 'Object Repository/CDT08 - CDT09/Page_/input_submit (1)' is clicked on

2023-11-29 13:17:30 - [TEST_STEP][PASSED] - click(findTestObject("Object Repository/CDT08 - CDT09/Page_/a_Gerenciar"), CONTINUE_ON_FAILURE): Object: 'Object Repository/CDT08 - CDT09/Page_/a_Gerenciar' is clicked on

2023-11-29 13:17:31 - [MESSAGE][PASSED] - Object: 'Object Repository/CDT08 - CDT09/Page_/a_Gerenciar' is clicked on

2023-11-29 13:17:31 - [TEST_STEP][PASSED] - click(findTestObject("Object Repository/CDT08 - CDT09/Page_/a_Gerenciar Restaurantes"), CONTINUE_ON_FAILURE): Object: 'Object Repository/CDT08 - CDT09/Page_/a_Gerenciar Restaurantes' is clicked on

2023-11-29 13:17:32 - [MESSAGE][PASSED] - Object: 'Object Repository/CDT08 - CDT09/Page_/a_Gerenciar Restaurantes' is clicked on

2023-11-29 13:17:32 - [TEST_STEP][PASSED] - verifyTextPresent("novo", false, CONTINUE_ON_FAILURE): Text 'novo' is present on page 

2023-11-29 13:17:32 - [MESSAGE][PASSED] - Text 'novo' is present on page 

2023-11-29 13:17:32 - [TEST_STEP][PASSED] - closeBrowser(CONTINUE_ON_FAILURE): Browser is closed

2023-11-29 13:17:33 - [MESSAGE][PASSED] - Browser is closed]]></system-out>
         <system-err><![CDATA[]]></system-err>
      </testcase>
      <testcase name="Test Cases/CDT10 - RF07 - cadastrar Categorias de pratos" time="13.188" classname="Test Cases/CDT10 - RF07 - cadastrar Categorias de pratos" status="PASSED">
         <system-out><![CDATA[2023-11-29 13:17:33 - [TEST_CASE][PASSED] - Test Cases/CDT10 - RF07 - cadastrar Categorias de pratos: Test Cases/CDT10 - RF07 - cadastrar Categorias de pratos

2023-11-29 13:17:34 - [TEST_STEP][PASSED] - openBrowser("", CONTINUE_ON_FAILURE): Browser is opened with url: ''

2023-11-29 13:17:34 - [MESSAGE][INFO] - Starting 'Chrome' driver

2023-11-29 13:17:34 - [MESSAGE][INFO] - Action delay is set to 0 milliseconds

2023-11-29 13:17:35 - [MESSAGE][PASSED] - Browser is opened with url: ''

2023-11-29 13:17:35 - [TEST_STEP][PASSED] - navigateToUrl("http://localhost/pizzaWeb2.0/site/index.php", CONTINUE_ON_FAILURE): Navigate to 'http://localhost/pizzaWeb2.0/site/index.php' successfully

2023-11-29 13:17:38 - [MESSAGE][PASSED] - Navigate to 'http://localhost/pizzaWeb2.0/site/index.php' successfully

2023-11-29 13:17:38 - [TEST_STEP][PASSED] - click(findTestObject("Object Repository/CDT10/Page_PizzaWeb/a_Entrar"), CONTINUE_ON_FAILURE): Object: 'Object Repository/CDT10/Page_PizzaWeb/a_Entrar' is clicked on

2023-11-29 13:17:39 - [MESSAGE][PASSED] - Object: 'Object Repository/CDT10/Page_PizzaWeb/a_Entrar' is clicked on

2023-11-29 13:17:39 - [TEST_STEP][PASSED] - callTestCase(findTestCase("CDT02 - login simple"), ["usuario":"admin", "senha":"admin"], CONTINUE_ON_FAILURE): Call Test Case 'Test Cases/CDT02 - login simple' successfully

2023-11-29 13:17:39 - [TEST_CASE][PASSED] - Test Cases/CDT02 - login simple: Test Cases/CDT02 - login simple

2023-11-29 13:17:39 - [TEST_STEP][PASSED] - setText(findTestObject("Object Repository/CDT01 - CDT02/Page_Login/input_Entrar_login"), usuario, CONTINUE_ON_FAILURE): Text 'admin' is set on object 'Object Repository/CDT01 - CDT02/Page_Login/input_Entrar_login'

2023-11-29 13:17:40 - [MESSAGE][PASSED] - Text 'admin' is set on object 'Object Repository/CDT01 - CDT02/Page_Login/input_Entrar_login'

2023-11-29 13:17:40 - [TEST_STEP][PASSED] - setText(findTestObject("Object Repository/CDT01 - CDT02/Page_Login/input_Entrar_senha"), senha, CONTINUE_ON_FAILURE): Text 'admin' is set on object 'Object Repository/CDT01 - CDT02/Page_Login/input_Entrar_senha'

2023-11-29 13:17:41 - [MESSAGE][PASSED] - Text 'admin' is set on object 'Object Repository/CDT01 - CDT02/Page_Login/input_Entrar_senha'

2023-11-29 13:17:41 - [TEST_STEP][PASSED] - click(findTestObject("Object Repository/CDT01 - CDT02/Page_Login/button_Login"), CONTINUE_ON_FAILURE): Object: 'Object Repository/CDT01 - CDT02/Page_Login/button_Login' is clicked on

2023-11-29 13:17:41 - [MESSAGE][PASSED] - Object: 'Object Repository/CDT01 - CDT02/Page_Login/button_Login' is clicked on

2023-11-29 13:17:41 - [MESSAGE][PASSED] - Call Test Case 'Test Cases/CDT02 - login simple' successfully

2023-11-29 13:17:41 - [TEST_STEP][PASSED] - click(findTestObject("Object Repository/CDT10/Page_PizzaWeb/a_Gerenciar"), CONTINUE_ON_FAILURE): Object: 'Object Repository/CDT10/Page_PizzaWeb/a_Gerenciar' is clicked on

2023-11-29 13:17:42 - [MESSAGE][PASSED] - Object: 'Object Repository/CDT10/Page_PizzaWeb/a_Gerenciar' is clicked on

2023-11-29 13:17:42 - [TEST_STEP][PASSED] - click(findTestObject("Object Repository/CDT10/Page_/a_Cadastro de Categorias de Pratos"), CONTINUE_ON_FAILURE): Object: 'Object Repository/CDT10/Page_/a_Cadastro de Categorias de Pratos' is clicked on

2023-11-29 13:17:43 - [MESSAGE][PASSED] - Object: 'Object Repository/CDT10/Page_/a_Cadastro de Categorias de Pratos' is clicked on

2023-11-29 13:17:43 - [TEST_STEP][PASSED] - setText(findTestObject("Object Repository/CDT10/Page_/input_Nome da Categoria_nomeCategoria"), "Massas", CONTINUE_ON_FAILURE): Text 'Massas' is set on object 'Object Repository/CDT10/Page_/input_Nome da Categoria_nomeCategoria'

2023-11-29 13:17:44 - [MESSAGE][PASSED] - Text 'Massas' is set on object 'Object Repository/CDT10/Page_/input_Nome da Categoria_nomeCategoria'

2023-11-29 13:17:44 - [TEST_STEP][PASSED] - click(findTestObject("Object Repository/CDT10/Page_/input_submit"), CONTINUE_ON_FAILURE): Object: 'Object Repository/CDT10/Page_/input_submit' is clicked on

2023-11-29 13:17:44 - [MESSAGE][PASSED] - Object: 'Object Repository/CDT10/Page_/input_submit' is clicked on

2023-11-29 13:17:44 - [TEST_STEP][PASSED] - verifyElementText(findTestObject("Object Repository/CDT10/Page_/div_Cadastrado com Sucesso"), "Cadastrado com Sucesso!", CONTINUE_ON_FAILURE): Actual text and expected text of test object 'Object Repository/CDT10/Page_/div_Cadastrado com Sucesso' are matched.

2023-11-29 13:17:45 - [MESSAGE][PASSED] - Actual text and expected text of test object 'Object Repository/CDT10/Page_/div_Cadastrado com Sucesso' are matched.

2023-11-29 13:17:45 - [TEST_STEP][PASSED] - click(findTestObject("Object Repository/CDT10/Page_/button_OK"), CONTINUE_ON_FAILURE): Object: 'Object Repository/CDT10/Page_/button_OK' is clicked on

2023-11-29 13:17:46 - [MESSAGE][PASSED] - Object: 'Object Repository/CDT10/Page_/button_OK' is clicked on

2023-11-29 13:17:46 - [TEST_STEP][PASSED] - closeBrowser(CONTINUE_ON_FAILURE): Browser is closed

2023-11-29 13:17:46 - [MESSAGE][PASSED] - Browser is closed]]></system-out>
         <system-err><![CDATA[]]></system-err>
      </testcase>
      <testcase name="Test Cases/CDT11 - RF09 - Cadastrar cardápio" time="21.596" classname="Test Cases/CDT11 - RF09 - Cadastrar cardápio" status="PASSED">
         <system-out><![CDATA[2023-11-29 13:17:46 - [TEST_CASE][PASSED] - Test Cases/CDT11 - RF09 - Cadastrar cardápio: Test Cases/CDT11 - RF09 - Cadastrar cardápio

2023-11-29 13:17:47 - [TEST_STEP][PASSED] - openBrowser("", CONTINUE_ON_FAILURE): Browser is opened with url: ''

2023-11-29 13:17:47 - [MESSAGE][INFO] - Starting 'Chrome' driver

2023-11-29 13:17:47 - [MESSAGE][INFO] - Action delay is set to 0 milliseconds

2023-11-29 13:17:48 - [MESSAGE][PASSED] - Browser is opened with url: ''

2023-11-29 13:17:48 - [TEST_STEP][PASSED] - navigateToUrl("http://localhost/pizzaWeb2.0/site/index.php", CONTINUE_ON_FAILURE): Navigate to 'http://localhost/pizzaWeb2.0/site/index.php' successfully

2023-11-29 13:17:50 - [MESSAGE][PASSED] - Navigate to 'http://localhost/pizzaWeb2.0/site/index.php' successfully

2023-11-29 13:17:50 - [TEST_STEP][PASSED] - click(findTestObject("CDT11/Page_PizzaWeb/a_Entrar"), CONTINUE_ON_FAILURE): Object: 'Object Repository/CDT11/Page_PizzaWeb/a_Entrar' is clicked on

2023-11-29 13:17:51 - [MESSAGE][PASSED] - Object: 'Object Repository/CDT11/Page_PizzaWeb/a_Entrar' is clicked on

2023-11-29 13:17:51 - [TEST_STEP][PASSED] - callTestCase(findTestCase("CDT02 - login simple"), ["usuario":"admin", "senha":"admin"], CONTINUE_ON_FAILURE): Call Test Case 'Test Cases/CDT02 - login simple' successfully

2023-11-29 13:17:51 - [TEST_CASE][PASSED] - Test Cases/CDT02 - login simple: Test Cases/CDT02 - login simple

2023-11-29 13:17:51 - [TEST_STEP][PASSED] - setText(findTestObject("Object Repository/CDT01 - CDT02/Page_Login/input_Entrar_login"), usuario, CONTINUE_ON_FAILURE): Text 'admin' is set on object 'Object Repository/CDT01 - CDT02/Page_Login/input_Entrar_login'

2023-11-29 13:17:52 - [MESSAGE][PASSED] - Text 'admin' is set on object 'Object Repository/CDT01 - CDT02/Page_Login/input_Entrar_login'

2023-11-29 13:17:52 - [TEST_STEP][PASSED] - setText(findTestObject("Object Repository/CDT01 - CDT02/Page_Login/input_Entrar_senha"), senha, CONTINUE_ON_FAILURE): Text 'admin' is set on object 'Object Repository/CDT01 - CDT02/Page_Login/input_Entrar_senha'

2023-11-29 13:17:53 - [MESSAGE][PASSED] - Text 'admin' is set on object 'Object Repository/CDT01 - CDT02/Page_Login/input_Entrar_senha'

2023-11-29 13:17:53 - [TEST_STEP][PASSED] - click(findTestObject("Object Repository/CDT01 - CDT02/Page_Login/button_Login"), CONTINUE_ON_FAILURE): Object: 'Object Repository/CDT01 - CDT02/Page_Login/button_Login' is clicked on

2023-11-29 13:17:54 - [MESSAGE][PASSED] - Object: 'Object Repository/CDT01 - CDT02/Page_Login/button_Login' is clicked on

2023-11-29 13:17:54 - [MESSAGE][PASSED] - Call Test Case 'Test Cases/CDT02 - login simple' successfully

2023-11-29 13:17:54 - [TEST_STEP][PASSED] - click(findTestObject("Object Repository/CDT11/Page_PizzaWeb/a_Gerenciar"), CONTINUE_ON_FAILURE): Object: 'Object Repository/CDT11/Page_PizzaWeb/a_Gerenciar' is clicked on

2023-11-29 13:17:54 - [MESSAGE][PASSED] - Object: 'Object Repository/CDT11/Page_PizzaWeb/a_Gerenciar' is clicked on

2023-11-29 13:17:54 - [TEST_STEP][PASSED] - click(findTestObject("Object Repository/CDT11/Page_/a_Cadastro de Cardpios"), CONTINUE_ON_FAILURE): Object: 'Object Repository/CDT11/Page_/a_Cadastro de Cardpios' is clicked on

2023-11-29 13:17:55 - [MESSAGE][PASSED] - Object: 'Object Repository/CDT11/Page_/a_Cadastro de Cardpios' is clicked on

2023-11-29 13:17:55 - [TEST_STEP][PASSED] - setText(findTestObject("Object Repository/CDT11/Page_/input_Nmero de pratos_numeroDePratos"), "1", CONTINUE_ON_FAILURE): Text '1' is set on object 'Object Repository/CDT11/Page_/input_Nmero de pratos_numeroDePratos'

2023-11-29 13:17:56 - [MESSAGE][PASSED] - Text '1' is set on object 'Object Repository/CDT11/Page_/input_Nmero de pratos_numeroDePratos'

2023-11-29 13:17:56 - [TEST_STEP][PASSED] - click(findTestObject("Object Repository/CDT11/Page_/input_submit"), CONTINUE_ON_FAILURE): Object: 'Object Repository/CDT11/Page_/input_submit' is clicked on

2023-11-29 13:17:57 - [MESSAGE][PASSED] - Object: 'Object Repository/CDT11/Page_/input_submit' is clicked on

2023-11-29 13:17:57 - [TEST_STEP][PASSED] - setText(findTestObject("Object Repository/CDT11/Page_/input_Nome do prato_nomePrato0"), "Especial", CONTINUE_ON_FAILURE): Text 'Especial' is set on object 'Object Repository/CDT11/Page_/input_Nome do prato_nomePrato0'

2023-11-29 13:17:58 - [MESSAGE][PASSED] - Text 'Especial' is set on object 'Object Repository/CDT11/Page_/input_Nome do prato_nomePrato0'

2023-11-29 13:17:58 - [TEST_STEP][PASSED] - setText(findTestObject("CDT11/Page_/input_Descricao do prato_descricaoPrato0"), "Massa e queijo", CONTINUE_ON_FAILURE): Text 'Massa e queijo' is set on object 'Object Repository/CDT11/Page_/input_Descricao do prato_descricaoPrato0'

2023-11-29 13:17:58 - [MESSAGE][PASSED] - Text 'Massa e queijo' is set on object 'Object Repository/CDT11/Page_/input_Descricao do prato_descricaoPrato0'

2023-11-29 13:17:58 - [TEST_STEP][PASSED] - setText(findTestObject("Object Repository/CDT11/Page_/input_Preo de cada tamanho_tamanhoPratoMenor0"), "Pequeno", CONTINUE_ON_FAILURE): Text 'Pequeno' is set on object 'Object Repository/CDT11/Page_/input_Preo de cada tamanho_tamanhoPratoMenor0'

2023-11-29 13:17:59 - [MESSAGE][PASSED] - Text 'Pequeno' is set on object 'Object Repository/CDT11/Page_/input_Preo de cada tamanho_tamanhoPratoMenor0'

2023-11-29 13:17:59 - [TEST_STEP][PASSED] - setText(findTestObject("Object Repository/CDT11/Page_/input_R_tamanhoPratoMedio0"), "Média", CONTINUE_ON_FAILURE): Text 'Média' is set on object 'Object Repository/CDT11/Page_/input_R_tamanhoPratoMedio0'

2023-11-29 13:18:00 - [MESSAGE][PASSED] - Text 'Média' is set on object 'Object Repository/CDT11/Page_/input_R_tamanhoPratoMedio0'

2023-11-29 13:18:00 - [TEST_STEP][PASSED] - setText(findTestObject("Object Repository/CDT11/Page_/input_R_tamanhoPratoMaior0"), "Grande", CONTINUE_ON_FAILURE): Text 'Grande' is set on object 'Object Repository/CDT11/Page_/input_R_tamanhoPratoMaior0'

2023-11-29 13:18:01 - [MESSAGE][PASSED] - Text 'Grande' is set on object 'Object Repository/CDT11/Page_/input_R_tamanhoPratoMaior0'

2023-11-29 13:18:01 - [TEST_STEP][PASSED] - setText(findTestObject("Object Repository/CDT11/Page_/input_R_precoPratoMenor0"), "12,00", CONTINUE_ON_FAILURE): Text '12,00' is set on object 'Object Repository/CDT11/Page_/input_R_precoPratoMenor0'

2023-11-29 13:18:02 - [MESSAGE][PASSED] - Text '12,00' is set on object 'Object Repository/CDT11/Page_/input_R_precoPratoMenor0'

2023-11-29 13:18:02 - [TEST_STEP][PASSED] - setText(findTestObject("Object Repository/CDT11/Page_/input_R_precoPratoMedio0"), "22,00", CONTINUE_ON_FAILURE): Text '22,00' is set on object 'Object Repository/CDT11/Page_/input_R_precoPratoMedio0'

2023-11-29 13:18:03 - [MESSAGE][PASSED] - Text '22,00' is set on object 'Object Repository/CDT11/Page_/input_R_precoPratoMedio0'

2023-11-29 13:18:03 - [TEST_STEP][PASSED] - setText(findTestObject("Object Repository/CDT11/Page_/input_R_precoPratoMaior0"), "32,00", CONTINUE_ON_FAILURE): Text '32,00' is set on object 'Object Repository/CDT11/Page_/input_R_precoPratoMaior0'

2023-11-29 13:18:03 - [MESSAGE][PASSED] - Text '32,00' is set on object 'Object Repository/CDT11/Page_/input_R_precoPratoMaior0'

2023-11-29 13:18:03 - [TEST_STEP][PASSED] - click(findTestObject("CDT11/Page_/input_submit2"), CONTINUE_ON_FAILURE): Object: 'Object Repository/CDT11/Page_/input_submit2' is clicked on

2023-11-29 13:18:04 - [MESSAGE][PASSED] - Object: 'Object Repository/CDT11/Page_/input_submit2' is clicked on

2023-11-29 13:18:04 - [TEST_STEP][PASSED] - verifyElementText(findTestObject("Object Repository/CDT11/Page_/div_Pratos criados com sucesso"), "Pratos criados com sucesso!", CONTINUE_ON_FAILURE): Actual text and expected text of test object 'Object Repository/CDT11/Page_/div_Pratos criados com sucesso' are matched.

2023-11-29 13:18:05 - [MESSAGE][PASSED] - Actual text and expected text of test object 'Object Repository/CDT11/Page_/div_Pratos criados com sucesso' are matched.

2023-11-29 13:18:05 - [TEST_STEP][PASSED] - click(findTestObject("Object Repository/CDT11/Page_/button_OK"), CONTINUE_ON_FAILURE): Object: 'Object Repository/CDT11/Page_/button_OK' is clicked on

2023-11-29 13:18:05 - [MESSAGE][PASSED] - Object: 'Object Repository/CDT11/Page_/button_OK' is clicked on

2023-11-29 13:18:05 - [TEST_STEP][PASSED] - setText(findTestObject("Object Repository/CDT11/Page_/input_Nmero de pratos_numeroDePratos"), "-1", CONTINUE_ON_FAILURE): Text '-1' is set on object 'Object Repository/CDT11/Page_/input_Nmero de pratos_numeroDePratos'

2023-11-29 13:18:06 - [MESSAGE][PASSED] - Text '-1' is set on object 'Object Repository/CDT11/Page_/input_Nmero de pratos_numeroDePratos'

2023-11-29 13:18:06 - [TEST_STEP][PASSED] - click(findTestObject("Object Repository/CDT11/Page_/input_submit"), CONTINUE_ON_FAILURE): Object: 'Object Repository/CDT11/Page_/input_submit' is clicked on

2023-11-29 13:18:07 - [MESSAGE][PASSED] - Object: 'Object Repository/CDT11/Page_/input_submit' is clicked on

2023-11-29 13:18:07 - [TEST_STEP][PASSED] - verifyElementNotPresent(findTestObject("Object Repository/CDT11/Page_/input_Nome do prato_nomePrato0"), 0, CONTINUE_ON_FAILURE): Web element with id: 'Object Repository/CDT11/Page_/input_Nome do prato_nomePrato0' located by 'By.xpath: //input[@name='nomePrato0']' is not present after '30' second(s)

2023-11-29 13:18:07 - [MESSAGE][WARNING] - Timeout '0' is invalid. Using default page load timeout: '30'

2023-11-29 13:18:07 - [MESSAGE][PASSED] - Web element with id: 'Object Repository/CDT11/Page_/input_Nome do prato_nomePrato0' located by 'By.xpath: //input[@name='nomePrato0']' is not present after '30' second(s)

2023-11-29 13:18:07 - [TEST_STEP][PASSED] - closeBrowser(CONTINUE_ON_FAILURE): Browser is closed

2023-11-29 13:18:08 - [MESSAGE][PASSED] - Browser is closed]]></system-out>
         <system-err><![CDATA[]]></system-err>
      </testcase>
      <testcase name="Test Cases/CDT12 - RF11 - Cadastrar pizza de dois sabores" time="21.011" classname="Test Cases/CDT12 - RF11 - Cadastrar pizza de dois sabores" status="PASSED">
         <system-out><![CDATA[2023-11-29 13:18:08 - [TEST_CASE][PASSED] - Test Cases/CDT12 - RF11 - Cadastrar pizza de dois sabores: Test Cases/CDT12 - RF11 - Cadastrar pizza de dois sabores

2023-11-29 13:18:09 - [TEST_STEP][PASSED] - openBrowser("", CONTINUE_ON_FAILURE): Browser is opened with url: ''

2023-11-29 13:18:09 - [MESSAGE][INFO] - Starting 'Chrome' driver

2023-11-29 13:18:09 - [MESSAGE][INFO] - Action delay is set to 0 milliseconds

2023-11-29 13:18:10 - [MESSAGE][PASSED] - Browser is opened with url: ''

2023-11-29 13:18:10 - [TEST_STEP][PASSED] - navigateToUrl("http://localhost/pizzaWeb2.0/site/", CONTINUE_ON_FAILURE): Navigate to 'http://localhost/pizzaWeb2.0/site/' successfully

2023-11-29 13:18:11 - [MESSAGE][PASSED] - Navigate to 'http://localhost/pizzaWeb2.0/site/' successfully

2023-11-29 13:18:11 - [TEST_STEP][PASSED] - click(findTestObject("Object Repository/CDT12 - CDT13/Page_PizzaWeb/a_Entrar"), CONTINUE_ON_FAILURE): Object: 'Object Repository/CDT12 - CDT13/Page_PizzaWeb/a_Entrar' is clicked on

2023-11-29 13:18:13 - [MESSAGE][PASSED] - Object: 'Object Repository/CDT12 - CDT13/Page_PizzaWeb/a_Entrar' is clicked on

2023-11-29 13:18:13 - [TEST_STEP][PASSED] - callTestCase(findTestCase("CDT02 - login simple"), ["usuario":"admin", "senha":"admin"], CONTINUE_ON_FAILURE): Call Test Case 'Test Cases/CDT02 - login simple' successfully

2023-11-29 13:18:13 - [TEST_CASE][PASSED] - Test Cases/CDT02 - login simple: Test Cases/CDT02 - login simple

2023-11-29 13:18:13 - [TEST_STEP][PASSED] - setText(findTestObject("Object Repository/CDT01 - CDT02/Page_Login/input_Entrar_login"), usuario, CONTINUE_ON_FAILURE): Text 'admin' is set on object 'Object Repository/CDT01 - CDT02/Page_Login/input_Entrar_login'

2023-11-29 13:18:14 - [MESSAGE][PASSED] - Text 'admin' is set on object 'Object Repository/CDT01 - CDT02/Page_Login/input_Entrar_login'

2023-11-29 13:18:14 - [TEST_STEP][PASSED] - setText(findTestObject("Object Repository/CDT01 - CDT02/Page_Login/input_Entrar_senha"), senha, CONTINUE_ON_FAILURE): Text 'admin' is set on object 'Object Repository/CDT01 - CDT02/Page_Login/input_Entrar_senha'

2023-11-29 13:18:15 - [MESSAGE][PASSED] - Text 'admin' is set on object 'Object Repository/CDT01 - CDT02/Page_Login/input_Entrar_senha'

2023-11-29 13:18:15 - [TEST_STEP][PASSED] - click(findTestObject("Object Repository/CDT01 - CDT02/Page_Login/button_Login"), CONTINUE_ON_FAILURE): Object: 'Object Repository/CDT01 - CDT02/Page_Login/button_Login' is clicked on

2023-11-29 13:18:16 - [MESSAGE][PASSED] - Object: 'Object Repository/CDT01 - CDT02/Page_Login/button_Login' is clicked on

2023-11-29 13:18:16 - [MESSAGE][PASSED] - Call Test Case 'Test Cases/CDT02 - login simple' successfully

2023-11-29 13:18:16 - [TEST_STEP][PASSED] - click(findTestObject("Object Repository/CDT12 - CDT13/Page_PizzaWeb/a_Gerenciar"), CONTINUE_ON_FAILURE): Object: 'Object Repository/CDT12 - CDT13/Page_PizzaWeb/a_Gerenciar' is clicked on

2023-11-29 13:18:16 - [MESSAGE][PASSED] - Object: 'Object Repository/CDT12 - CDT13/Page_PizzaWeb/a_Gerenciar' is clicked on

2023-11-29 13:18:16 - [TEST_STEP][PASSED] - click(findTestObject("Object Repository/CDT12 - CDT13/Page_/a_Cadastro de pizzas com dois sabores"), CONTINUE_ON_FAILURE): Object: 'Object Repository/CDT12 - CDT13/Page_/a_Cadastro de pizzas com dois sabores' is clicked on

2023-11-29 13:18:17 - [MESSAGE][PASSED] - Object: 'Object Repository/CDT12 - CDT13/Page_/a_Cadastro de pizzas com dois sabores' is clicked on

2023-11-29 13:18:17 - [TEST_STEP][PASSED] - selectOptionByValue(findTestObject("Object Repository/CDT12 - CDT13/Page_/select_Papillon                 California _9c9891"), "2", true, CONTINUE_ON_FAILURE): All options with value '2' are selected in object 'Object Repository/CDT12 - CDT13/Page_/select_Papillon                 California _9c9891'  using regular expression

2023-11-29 13:18:19 - [MESSAGE][PASSED] - All options with value '2' are selected in object 'Object Repository/CDT12 - CDT13/Page_/select_Papillon                 California _9c9891'  using regular expression

2023-11-29 13:18:19 - [TEST_STEP][PASSED] - click(findTestObject("Object Repository/CDT12 - CDT13/Page_/input_avancar"), CONTINUE_ON_FAILURE): Object: 'Object Repository/CDT12 - CDT13/Page_/input_avancar' is clicked on

2023-11-29 13:18:19 - [MESSAGE][PASSED] - Object: 'Object Repository/CDT12 - CDT13/Page_/input_avancar' is clicked on

2023-11-29 13:18:19 - [TEST_STEP][PASSED] - click(findTestObject("Object Repository/CDT12 - CDT13/Page_/input_Mdia_tamanhos"), CONTINUE_ON_FAILURE): Object: 'Object Repository/CDT12 - CDT13/Page_/input_Mdia_tamanhos' is clicked on

2023-11-29 13:18:20 - [MESSAGE][PASSED] - Object: 'Object Repository/CDT12 - CDT13/Page_/input_Mdia_tamanhos' is clicked on

2023-11-29 13:18:20 - [TEST_STEP][PASSED] - click(findTestObject("Object Repository/CDT12 - CDT13/Page_/input_Mdia_tamanhos_1"), CONTINUE_ON_FAILURE): Object: 'Object Repository/CDT12 - CDT13/Page_/input_Mdia_tamanhos_1' is clicked on

2023-11-29 13:18:20 - [MESSAGE][PASSED] - Object: 'Object Repository/CDT12 - CDT13/Page_/input_Mdia_tamanhos_1' is clicked on

2023-11-29 13:18:20 - [TEST_STEP][PASSED] - click(findTestObject("CDT12 - CDT13/Page_/input_criarpizzadedoissabores"), CONTINUE_ON_FAILURE): Object: 'Object Repository/CDT12 - CDT13/Page_/input_criarpizzadedoissabores' is clicked on

2023-11-29 13:18:21 - [MESSAGE][PASSED] - Object: 'Object Repository/CDT12 - CDT13/Page_/input_criarpizzadedoissabores' is clicked on

2023-11-29 13:18:21 - [TEST_STEP][PASSED] - navigateToUrl("http://localhost/pizzaWeb2.0/site/index.php", CONTINUE_ON_FAILURE): Navigate to 'http://localhost/pizzaWeb2.0/site/index.php' successfully

2023-11-29 13:18:21 - [MESSAGE][PASSED] - Navigate to 'http://localhost/pizzaWeb2.0/site/index.php' successfully

2023-11-29 13:18:21 - [TEST_STEP][PASSED] - click(findTestObject("Object Repository/CDT12 - CDT13/Page_PizzaWeb/a_California"), CONTINUE_ON_FAILURE): Object: 'Object Repository/CDT12 - CDT13/Page_PizzaWeb/a_California' is clicked on

2023-11-29 13:18:22 - [MESSAGE][PASSED] - Object: 'Object Repository/CDT12 - CDT13/Page_PizzaWeb/a_California' is clicked on

2023-11-29 13:18:22 - [TEST_STEP][PASSED] - click(findTestObject("Object Repository/CDT12 - CDT13/Page_PizzaWeb/a_Montar pizza com dois sabores"), CONTINUE_ON_FAILURE): Object: 'Object Repository/CDT12 - CDT13/Page_PizzaWeb/a_Montar pizza com dois sabores' is clicked on

2023-11-29 13:18:23 - [MESSAGE][PASSED] - Object: 'Object Repository/CDT12 - CDT13/Page_PizzaWeb/a_Montar pizza com dois sabores' is clicked on

2023-11-29 13:18:23 - [TEST_STEP][PASSED] - click(findTestObject("Object Repository/CDT12 - CDT13/Page_/input_avancar"), CONTINUE_ON_FAILURE): Object: 'Object Repository/CDT12 - CDT13/Page_/input_avancar' is clicked on

2023-11-29 13:18:24 - [MESSAGE][PASSED] - Object: 'Object Repository/CDT12 - CDT13/Page_/input_avancar' is clicked on

2023-11-29 13:18:24 - [TEST_STEP][PASSED] - selectOptionByValue(findTestObject("Object Repository/CDT12 - CDT13/Page_/select_Calabresa                   Mussarel_f2632c"), "34", true, CONTINUE_ON_FAILURE): All options with value '34' are selected in object 'Object Repository/CDT12 - CDT13/Page_/select_Calabresa                   Mussarel_f2632c'  using regular expression

2023-11-29 13:18:25 - [MESSAGE][PASSED] - All options with value '34' are selected in object 'Object Repository/CDT12 - CDT13/Page_/select_Calabresa                   Mussarel_f2632c'  using regular expression

2023-11-29 13:18:25 - [TEST_STEP][PASSED] - click(findTestObject("Object Repository/CDT12 - CDT13/Page_/input_avancar"), CONTINUE_ON_FAILURE): Object: 'Object Repository/CDT12 - CDT13/Page_/input_avancar' is clicked on

2023-11-29 13:18:26 - [MESSAGE][PASSED] - Object: 'Object Repository/CDT12 - CDT13/Page_/input_avancar' is clicked on

2023-11-29 13:18:26 - [TEST_STEP][PASSED] - click(findTestObject("Object Repository/CDT12 - CDT13/Page_/input_avancar"), CONTINUE_ON_FAILURE): Object: 'Object Repository/CDT12 - CDT13/Page_/input_avancar' is clicked on

2023-11-29 13:18:26 - [MESSAGE][PASSED] - Object: 'Object Repository/CDT12 - CDT13/Page_/input_avancar' is clicked on

2023-11-29 13:18:26 - [TEST_STEP][PASSED] - click(findTestObject("CDT12 - CDT13/Page_/input_adicionarpedido"), CONTINUE_ON_FAILURE): Object: 'Object Repository/CDT12 - CDT13/Page_/input_adicionarpedido' is clicked on

2023-11-29 13:18:27 - [MESSAGE][PASSED] - Object: 'Object Repository/CDT12 - CDT13/Page_/input_adicionarpedido' is clicked on

2023-11-29 13:18:27 - [TEST_STEP][PASSED] - verifyElementText(findTestObject("Object Repository/CDT12 - CDT13/Page_PizzaWeb/td_12 Chocolate, 12 Mussarela  Mdia"), "1/2 Chocolate, 1/2 Calabresa / Média", CONTINUE_ON_FAILURE): Actual text and expected text of test object 'Object Repository/CDT12 - CDT13/Page_PizzaWeb/td_12 Chocolate, 12 Mussarela  Mdia' are matched.

2023-11-29 13:18:28 - [MESSAGE][PASSED] - Actual text and expected text of test object 'Object Repository/CDT12 - CDT13/Page_PizzaWeb/td_12 Chocolate, 12 Mussarela  Mdia' are matched.

2023-11-29 13:18:28 - [TEST_STEP][PASSED] - verifyElementText(findTestObject("Object Repository/CDT12 - CDT13/Page_PizzaWeb/td_R 15,00"), "R$ 15,00", CONTINUE_ON_FAILURE): Actual text and expected text of test object 'Object Repository/CDT12 - CDT13/Page_PizzaWeb/td_R 15,00' are matched.

2023-11-29 13:18:28 - [MESSAGE][PASSED] - Actual text and expected text of test object 'Object Repository/CDT12 - CDT13/Page_PizzaWeb/td_R 15,00' are matched.

2023-11-29 13:18:28 - [TEST_STEP][PASSED] - closeBrowser(CONTINUE_ON_FAILURE): Browser is closed

2023-11-29 13:18:29 - [MESSAGE][PASSED] - Browser is closed]]></system-out>
         <system-err><![CDATA[]]></system-err>
      </testcase>
      <testcase name="Test Cases/CDT13 - RF11 - Deletar pizza de dois sabores" time="49.651" classname="Test Cases/CDT13 - RF11 - Deletar pizza de dois sabores" status="FAILED">
         <failure type="FAILED" message="Test Cases/CDT13 - RF11 - Deletar pizza de dois sabores FAILED.
Reason:
com.kms.katalon.core.exception.StepFailedException: Web element with id: 'Object Repository/CDT12 - CDT13/Page_/td_R 15' located by 'By.cssSelector: tr:last-child td:nth-child(4)' is present after '30' second(s) (Root cause: com.kms.katalon.core.exception.StepFailedException: Web element with id: 'Object Repository/CDT12 - CDT13/Page_/td_R 15' located by 'By.cssSelector: tr:last-child td:nth-child(4)' is present after '30' second(s)
	at com.kms.katalon.core.webui.keyword.internal.WebUIKeywordMain.stepFailed(WebUIKeywordMain.groovy:64)
	at com.kms.katalon.core.webui.keyword.internal.WebUIKeywordMain$stepFailed$0.call(Unknown Source)
	at com.kms.katalon.core.webui.keyword.builtin.VerifyElementNotPresentKeyword$_verifyElementNotPresent_closure1.doCall(VerifyElementNotPresentKeyword.groovy:113)
	at com.kms.katalon.core.webui.keyword.builtin.VerifyElementNotPresentKeyword$_verifyElementNotPresent_closure1.doCall(VerifyElementNotPresentKeyword.groovy)
	at com.kms.katalon.core.webui.keyword.internal.WebUIKeywordMain.runKeyword(WebUIKeywordMain.groovy:20)
	at com.kms.katalon.core.webui.keyword.internal.WebUIKeywordMain$runKeyword.call(Unknown Source)
	at com.kms.katalon.core.webui.keyword.builtin.VerifyElementNotPresentKeyword.verifyElementNotPresent(VerifyElementNotPresentKeyword.groovy:122)
	at com.kms.katalon.core.webui.keyword.builtin.VerifyElementNotPresentKeyword.execute(VerifyElementNotPresentKeyword.groovy:68)
	at com.kms.katalon.core.keyword.internal.KeywordExecutor.executeKeywordForPlatform(KeywordExecutor.groovy:74)
	at com.kms.katalon.core.webui.keyword.WebUiBuiltInKeywords.verifyElementNotPresent(WebUiBuiltInKeywords.groovy:1481)
	at com.kms.katalon.core.webui.keyword.WebUiBuiltInKeywords$verifyElementNotPresent$7.call(Unknown Source)
	at CDT13 - RF11 - Deletar pizza de dois sabores.run(CDT13 - RF11 - Deletar pizza de dois sabores:71)
	at com.kms.katalon.core.main.ScriptEngine.run(ScriptEngine.java:194)
	at com.kms.katalon.core.main.ScriptEngine.runScriptAsRawText(ScriptEngine.java:119)
	at com.kms.katalon.core.main.TestCaseExecutor.runScript(TestCaseExecutor.java:448)
	at com.kms.katalon.core.main.TestCaseExecutor.doExecute(TestCaseExecutor.java:439)
	at com.kms.katalon.core.main.TestCaseExecutor.processExecutionPhase(TestCaseExecutor.java:418)
	at com.kms.katalon.core.main.TestCaseExecutor.accessMainPhase(TestCaseExecutor.java:410)
	at com.kms.katalon.core.main.TestCaseExecutor.execute(TestCaseExecutor.java:285)
	at com.kms.katalon.core.common.CommonExecutor.accessTestCaseMainPhase(CommonExecutor.java:65)
	at com.kms.katalon.core.main.TestSuiteExecutor.accessTestSuiteMainPhase(TestSuiteExecutor.java:148)
	at com.kms.katalon.core.main.TestSuiteExecutor.execute(TestSuiteExecutor.java:106)
	at com.kms.katalon.core.main.TestCaseMain.startTestSuite(TestCaseMain.java:187)
	at com.kms.katalon.core.main.TestCaseMain$startTestSuite$0.call(Unknown Source)
	at TempTestSuite1701274422176.run(TempTestSuite1701274422176.groovy:36)
)
	at com.kms.katalon.core.keyword.internal.KeywordMain.stepFailed(KeywordMain.groovy:39)
	at com.kms.katalon.core.webui.keyword.internal.WebUIKeywordMain.stepFailed(WebUIKeywordMain.groovy:64)
	at com.kms.katalon.core.webui.keyword.internal.WebUIKeywordMain$stepFailed$0.call(Unknown Source)
	at com.kms.katalon.core.webui.keyword.builtin.VerifyElementNotPresentKeyword$_verifyElementNotPresent_closure1.doCall(VerifyElementNotPresentKeyword.groovy:113)
	at com.kms.katalon.core.webui.keyword.builtin.VerifyElementNotPresentKeyword$_verifyElementNotPresent_closure1.doCall(VerifyElementNotPresentKeyword.groovy)
	at com.kms.katalon.core.webui.keyword.internal.WebUIKeywordMain.runKeyword(WebUIKeywordMain.groovy:20)
	at com.kms.katalon.core.webui.keyword.internal.WebUIKeywordMain$runKeyword.call(Unknown Source)
	at com.kms.katalon.core.webui.keyword.builtin.VerifyElementNotPresentKeyword.verifyElementNotPresent(VerifyElementNotPresentKeyword.groovy:122)
	at com.kms.katalon.core.webui.keyword.builtin.VerifyElementNotPresentKeyword.execute(VerifyElementNotPresentKeyword.groovy:68)
	at com.kms.katalon.core.keyword.internal.KeywordExecutor.executeKeywordForPlatform(KeywordExecutor.groovy:74)
	at com.kms.katalon.core.webui.keyword.WebUiBuiltInKeywords.verifyElementNotPresent(WebUiBuiltInKeywords.groovy:1481)
	at com.kms.katalon.core.webui.keyword.WebUiBuiltInKeywords$verifyElementNotPresent$7.call(Unknown Source)
	at CDT13 - RF11 - Deletar pizza de dois sabores.run(CDT13 - RF11 - Deletar pizza de dois sabores:71)
	at com.kms.katalon.core.main.ScriptEngine.run(ScriptEngine.java:194)
	at com.kms.katalon.core.main.ScriptEngine.runScriptAsRawText(ScriptEngine.java:119)
	at com.kms.katalon.core.main.TestCaseExecutor.runScript(TestCaseExecutor.java:448)
	at com.kms.katalon.core.main.TestCaseExecutor.doExecute(TestCaseExecutor.java:439)
	at com.kms.katalon.core.main.TestCaseExecutor.processExecutionPhase(TestCaseExecutor.java:418)
	at com.kms.katalon.core.main.TestCaseExecutor.accessMainPhase(TestCaseExecutor.java:410)
	at com.kms.katalon.core.main.TestCaseExecutor.execute(TestCaseExecutor.java:285)
	at com.kms.katalon.core.common.CommonExecutor.accessTestCaseMainPhase(CommonExecutor.java:65)
	at com.kms.katalon.core.main.TestSuiteExecutor.accessTestSuiteMainPhase(TestSuiteExecutor.java:148)
	at com.kms.katalon.core.main.TestSuiteExecutor.execute(TestSuiteExecutor.java:106)
	at com.kms.katalon.core.main.TestCaseMain.startTestSuite(TestCaseMain.java:187)
	at com.kms.katalon.core.main.TestCaseMain$startTestSuite$0.call(Unknown Source)
	at TempTestSuite1701274422176.run(TempTestSuite1701274422176.groovy:36)
Caused by: com.kms.katalon.core.exception.StepFailedException: Web element with id: 'Object Repository/CDT12 - CDT13/Page_/td_R 15' located by 'By.cssSelector: tr:last-child td:nth-child(4)' is present after '30' second(s)
	... 25 more
"/>
         <system-out><![CDATA[2023-11-29 13:18:29 - [TEST_CASE][FAILED] - Test Cases/CDT13 - RF11 - Deletar pizza de dois sabores: Test Cases/CDT13 - RF11 - Deletar pizza de dois sabores FAILED.
Reason:
com.kms.katalon.core.exception.StepFailedException: Web element with id: 'Object Repository/CDT12 - CDT13/Page_/td_R 15' located by 'By.cssSelector: tr:last-child td:nth-child(4)' is present after '30' second(s) (Root cause: com.kms.katalon.core.exception.StepFailedException: Web element with id: 'Object Repository/CDT12 - CDT13/Page_/td_R 15' located by 'By.cssSelector: tr:last-child td:nth-child(4)' is present after '30' second(s)
	at com.kms.katalon.core.webui.keyword.internal.WebUIKeywordMain.stepFailed(WebUIKeywordMain.groovy:64)
	at com.kms.katalon.core.webui.keyword.internal.WebUIKeywordMain$stepFailed$0.call(Unknown Source)
	at com.kms.katalon.core.webui.keyword.builtin.VerifyElementNotPresentKeyword$_verifyElementNotPresent_closure1.doCall(VerifyElementNotPresentKeyword.groovy:113)
	at com.kms.katalon.core.webui.keyword.builtin.VerifyElementNotPresentKeyword$_verifyElementNotPresent_closure1.doCall(VerifyElementNotPresentKeyword.groovy)
	at com.kms.katalon.core.webui.keyword.internal.WebUIKeywordMain.runKeyword(WebUIKeywordMain.groovy:20)
	at com.kms.katalon.core.webui.keyword.internal.WebUIKeywordMain$runKeyword.call(Unknown Source)
	at com.kms.katalon.core.webui.keyword.builtin.VerifyElementNotPresentKeyword.verifyElementNotPresent(VerifyElementNotPresentKeyword.groovy:122)
	at com.kms.katalon.core.webui.keyword.builtin.VerifyElementNotPresentKeyword.execute(VerifyElementNotPresentKeyword.groovy:68)
	at com.kms.katalon.core.keyword.internal.KeywordExecutor.executeKeywordForPlatform(KeywordExecutor.groovy:74)
	at com.kms.katalon.core.webui.keyword.WebUiBuiltInKeywords.verifyElementNotPresent(WebUiBuiltInKeywords.groovy:1481)
	at com.kms.katalon.core.webui.keyword.WebUiBuiltInKeywords$verifyElementNotPresent$7.call(Unknown Source)
	at CDT13 - RF11 - Deletar pizza de dois sabores.run(CDT13 - RF11 - Deletar pizza de dois sabores:71)
	at com.kms.katalon.core.main.ScriptEngine.run(ScriptEngine.java:194)
	at com.kms.katalon.core.main.ScriptEngine.runScriptAsRawText(ScriptEngine.java:119)
	at com.kms.katalon.core.main.TestCaseExecutor.runScript(TestCaseExecutor.java:448)
	at com.kms.katalon.core.main.TestCaseExecutor.doExecute(TestCaseExecutor.java:439)
	at com.kms.katalon.core.main.TestCaseExecutor.processExecutionPhase(TestCaseExecutor.java:418)
	at com.kms.katalon.core.main.TestCaseExecutor.accessMainPhase(TestCaseExecutor.java:410)
	at com.kms.katalon.core.main.TestCaseExecutor.execute(TestCaseExecutor.java:285)
	at com.kms.katalon.core.common.CommonExecutor.accessTestCaseMainPhase(CommonExecutor.java:65)
	at com.kms.katalon.core.main.TestSuiteExecutor.accessTestSuiteMainPhase(TestSuiteExecutor.java:148)
	at com.kms.katalon.core.main.TestSuiteExecutor.execute(TestSuiteExecutor.java:106)
	at com.kms.katalon.core.main.TestCaseMain.startTestSuite(TestCaseMain.java:187)
	at com.kms.katalon.core.main.TestCaseMain$startTestSuite$0.call(Unknown Source)
	at TempTestSuite1701274422176.run(TempTestSuite1701274422176.groovy:36)
)
	at com.kms.katalon.core.keyword.internal.KeywordMain.stepFailed(KeywordMain.groovy:39)
	at com.kms.katalon.core.webui.keyword.internal.WebUIKeywordMain.stepFailed(WebUIKeywordMain.groovy:64)
	at com.kms.katalon.core.webui.keyword.internal.WebUIKeywordMain$stepFailed$0.call(Unknown Source)
	at com.kms.katalon.core.webui.keyword.builtin.VerifyElementNotPresentKeyword$_verifyElementNotPresent_closure1.doCall(VerifyElementNotPresentKeyword.groovy:113)
	at com.kms.katalon.core.webui.keyword.builtin.VerifyElementNotPresentKeyword$_verifyElementNotPresent_closure1.doCall(VerifyElementNotPresentKeyword.groovy)
	at com.kms.katalon.core.webui.keyword.internal.WebUIKeywordMain.runKeyword(WebUIKeywordMain.groovy:20)
	at com.kms.katalon.core.webui.keyword.internal.WebUIKeywordMain$runKeyword.call(Unknown Source)
	at com.kms.katalon.core.webui.keyword.builtin.VerifyElementNotPresentKeyword.verifyElementNotPresent(VerifyElementNotPresentKeyword.groovy:122)
	at com.kms.katalon.core.webui.keyword.builtin.VerifyElementNotPresentKeyword.execute(VerifyElementNotPresentKeyword.groovy:68)
	at com.kms.katalon.core.keyword.internal.KeywordExecutor.executeKeywordForPlatform(KeywordExecutor.groovy:74)
	at com.kms.katalon.core.webui.keyword.WebUiBuiltInKeywords.verifyElementNotPresent(WebUiBuiltInKeywords.groovy:1481)
	at com.kms.katalon.core.webui.keyword.WebUiBuiltInKeywords$verifyElementNotPresent$7.call(Unknown Source)
	at CDT13 - RF11 - Deletar pizza de dois sabores.run(CDT13 - RF11 - Deletar pizza de dois sabores:71)
	at com.kms.katalon.core.main.ScriptEngine.run(ScriptEngine.java:194)
	at com.kms.katalon.core.main.ScriptEngine.runScriptAsRawText(ScriptEngine.java:119)
	at com.kms.katalon.core.main.TestCaseExecutor.runScript(TestCaseExecutor.java:448)
	at com.kms.katalon.core.main.TestCaseExecutor.doExecute(TestCaseExecutor.java:439)
	at com.kms.katalon.core.main.TestCaseExecutor.processExecutionPhase(TestCaseExecutor.java:418)
	at com.kms.katalon.core.main.TestCaseExecutor.accessMainPhase(TestCaseExecutor.java:410)
	at com.kms.katalon.core.main.TestCaseExecutor.execute(TestCaseExecutor.java:285)
	at com.kms.katalon.core.common.CommonExecutor.accessTestCaseMainPhase(CommonExecutor.java:65)
	at com.kms.katalon.core.main.TestSuiteExecutor.accessTestSuiteMainPhase(TestSuiteExecutor.java:148)
	at com.kms.katalon.core.main.TestSuiteExecutor.execute(TestSuiteExecutor.java:106)
	at com.kms.katalon.core.main.TestCaseMain.startTestSuite(TestCaseMain.java:187)
	at com.kms.katalon.core.main.TestCaseMain$startTestSuite$0.call(Unknown Source)
	at TempTestSuite1701274422176.run(TempTestSuite1701274422176.groovy:36)
Caused by: com.kms.katalon.core.exception.StepFailedException: Web element with id: 'Object Repository/CDT12 - CDT13/Page_/td_R 15' located by 'By.cssSelector: tr:last-child td:nth-child(4)' is present after '30' second(s)
	... 25 more


2023-11-29 13:18:30 - [TEST_STEP][PASSED] - openBrowser("", CONTINUE_ON_FAILURE): Browser is opened with url: ''

2023-11-29 13:18:30 - [MESSAGE][INFO] - Starting 'Chrome' driver

2023-11-29 13:18:30 - [MESSAGE][INFO] - Action delay is set to 0 milliseconds

2023-11-29 13:18:31 - [MESSAGE][PASSED] - Browser is opened with url: ''

2023-11-29 13:18:31 - [TEST_STEP][PASSED] - navigateToUrl("http://localhost/pizzaWeb2.0/site/", CONTINUE_ON_FAILURE): Navigate to 'http://localhost/pizzaWeb2.0/site/' successfully

2023-11-29 13:18:34 - [MESSAGE][PASSED] - Navigate to 'http://localhost/pizzaWeb2.0/site/' successfully

2023-11-29 13:18:34 - [TEST_STEP][PASSED] - click(findTestObject("Object Repository/CDT12 - CDT13/Page_PizzaWeb/a_Entrar"), CONTINUE_ON_FAILURE): Object: 'Object Repository/CDT12 - CDT13/Page_PizzaWeb/a_Entrar' is clicked on

2023-11-29 13:18:35 - [MESSAGE][PASSED] - Object: 'Object Repository/CDT12 - CDT13/Page_PizzaWeb/a_Entrar' is clicked on

2023-11-29 13:18:35 - [TEST_STEP][PASSED] - callTestCase(findTestCase("CDT02 - login simple"), ["usuario":"admin", "senha":"admin"], CONTINUE_ON_FAILURE): Call Test Case 'Test Cases/CDT02 - login simple' successfully

2023-11-29 13:18:35 - [TEST_CASE][PASSED] - Test Cases/CDT02 - login simple: Test Cases/CDT02 - login simple

2023-11-29 13:18:35 - [TEST_STEP][PASSED] - setText(findTestObject("Object Repository/CDT01 - CDT02/Page_Login/input_Entrar_login"), usuario, CONTINUE_ON_FAILURE): Text 'admin' is set on object 'Object Repository/CDT01 - CDT02/Page_Login/input_Entrar_login'

2023-11-29 13:18:36 - [MESSAGE][PASSED] - Text 'admin' is set on object 'Object Repository/CDT01 - CDT02/Page_Login/input_Entrar_login'

2023-11-29 13:18:36 - [TEST_STEP][PASSED] - setText(findTestObject("Object Repository/CDT01 - CDT02/Page_Login/input_Entrar_senha"), senha, CONTINUE_ON_FAILURE): Text 'admin' is set on object 'Object Repository/CDT01 - CDT02/Page_Login/input_Entrar_senha'

2023-11-29 13:18:37 - [MESSAGE][PASSED] - Text 'admin' is set on object 'Object Repository/CDT01 - CDT02/Page_Login/input_Entrar_senha'

2023-11-29 13:18:37 - [TEST_STEP][PASSED] - click(findTestObject("Object Repository/CDT01 - CDT02/Page_Login/button_Login"), CONTINUE_ON_FAILURE): Object: 'Object Repository/CDT01 - CDT02/Page_Login/button_Login' is clicked on

2023-11-29 13:18:38 - [MESSAGE][PASSED] - Object: 'Object Repository/CDT01 - CDT02/Page_Login/button_Login' is clicked on

2023-11-29 13:18:38 - [MESSAGE][PASSED] - Call Test Case 'Test Cases/CDT02 - login simple' successfully

2023-11-29 13:18:38 - [TEST_STEP][PASSED] - click(findTestObject("Object Repository/CDT12 - CDT13/Page_PizzaWeb/a_Gerenciar"), CONTINUE_ON_FAILURE): Object: 'Object Repository/CDT12 - CDT13/Page_PizzaWeb/a_Gerenciar' is clicked on

2023-11-29 13:18:39 - [MESSAGE][PASSED] - Object: 'Object Repository/CDT12 - CDT13/Page_PizzaWeb/a_Gerenciar' is clicked on

2023-11-29 13:18:39 - [TEST_STEP][PASSED] - click(findTestObject("Object Repository/CDT12 - CDT13/Page_/a_Cadastro de pizzas com dois sabores"), CONTINUE_ON_FAILURE): Object: 'Object Repository/CDT12 - CDT13/Page_/a_Cadastro de pizzas com dois sabores' is clicked on

2023-11-29 13:18:40 - [MESSAGE][PASSED] - Object: 'Object Repository/CDT12 - CDT13/Page_/a_Cadastro de pizzas com dois sabores' is clicked on

2023-11-29 13:18:40 - [TEST_STEP][PASSED] - selectOptionByValue(findTestObject("Object Repository/CDT12 - CDT13/Page_/select_Papillon                 California _9c9891"), "2", true, CONTINUE_ON_FAILURE): All options with value '2' are selected in object 'Object Repository/CDT12 - CDT13/Page_/select_Papillon                 California _9c9891'  using regular expression

2023-11-29 13:18:41 - [MESSAGE][PASSED] - All options with value '2' are selected in object 'Object Repository/CDT12 - CDT13/Page_/select_Papillon                 California _9c9891'  using regular expression

2023-11-29 13:18:41 - [TEST_STEP][PASSED] - click(findTestObject("Object Repository/CDT12 - CDT13/Page_/input_adicionarpedido"), CONTINUE_ON_FAILURE): Object: 'Object Repository/CDT12 - CDT13/Page_/input_adicionarpedido' is clicked on

2023-11-29 13:18:42 - [MESSAGE][PASSED] - Object: 'Object Repository/CDT12 - CDT13/Page_/input_adicionarpedido' is clicked on

2023-11-29 13:18:42 - [TEST_STEP][PASSED] - verifyElementPresent(findTestObject("Object Repository/CDT12 - CDT13/Page_/td_Chocolate"), 0, CONTINUE_ON_FAILURE): Object 'Object Repository/CDT12 - CDT13/Page_/td_Chocolate' is present

2023-11-29 13:18:42 - [MESSAGE][WARNING] - Timeout '0' is invalid. Using default page load timeout: '30'

2023-11-29 13:18:42 - [MESSAGE][PASSED] - Object 'Object Repository/CDT12 - CDT13/Page_/td_Chocolate' is present

2023-11-29 13:18:42 - [TEST_STEP][PASSED] - chocolate = getAttribute(findTestObject("Object Repository/CDT12 - CDT13/Page_/td_Chocolate"), "value", CONTINUE_ON_FAILURE): Attribute 'value' of object 'Object Repository/CDT12 - CDT13/Page_/td_Chocolate' is: 'null'

2023-11-29 13:18:43 - [MESSAGE][PASSED] - Attribute 'value' of object 'Object Repository/CDT12 - CDT13/Page_/td_Chocolate' is: 'null'

2023-11-29 13:18:43 - [TEST_STEP][PASSED] - verifyElementPresent(findTestObject("Object Repository/CDT12 - CDT13/Page_/td_Calabresa"), 0, CONTINUE_ON_FAILURE): Object 'Object Repository/CDT12 - CDT13/Page_/td_Calabresa' is present

2023-11-29 13:18:43 - [MESSAGE][WARNING] - Timeout '0' is invalid. Using default page load timeout: '30'

2023-11-29 13:18:43 - [MESSAGE][PASSED] - Object 'Object Repository/CDT12 - CDT13/Page_/td_Calabresa' is present

2023-11-29 13:18:43 - [TEST_STEP][PASSED] - calabresa = getAttribute(findTestObject("Object Repository/CDT12 - CDT13/Page_/td_Calabresa"), "value", CONTINUE_ON_FAILURE): Attribute 'value' of object 'Object Repository/CDT12 - CDT13/Page_/td_Calabresa' is: 'null'

2023-11-29 13:18:44 - [MESSAGE][PASSED] - Attribute 'value' of object 'Object Repository/CDT12 - CDT13/Page_/td_Calabresa' is: 'null'

2023-11-29 13:18:44 - [TEST_STEP][PASSED] - verifyElementPresent(findTestObject("Object Repository/CDT12 - CDT13/Page_/td_Mdia"), 0, CONTINUE_ON_FAILURE): Object 'Object Repository/CDT12 - CDT13/Page_/td_Mdia' is present

2023-11-29 13:18:44 - [MESSAGE][WARNING] - Timeout '0' is invalid. Using default page load timeout: '30'

2023-11-29 13:18:44 - [MESSAGE][PASSED] - Object 'Object Repository/CDT12 - CDT13/Page_/td_Mdia' is present

2023-11-29 13:18:44 - [TEST_STEP][PASSED] - tamanho = getAttribute(findTestObject("Object Repository/CDT12 - CDT13/Page_/td_Mdia"), "value", CONTINUE_ON_FAILURE): Attribute 'value' of object 'Object Repository/CDT12 - CDT13/Page_/td_Mdia' is: 'null'

2023-11-29 13:18:45 - [MESSAGE][PASSED] - Attribute 'value' of object 'Object Repository/CDT12 - CDT13/Page_/td_Mdia' is: 'null'

2023-11-29 13:18:45 - [TEST_STEP][PASSED] - verifyElementPresent(findTestObject("Object Repository/CDT12 - CDT13/Page_/td_R 15"), 0, CONTINUE_ON_FAILURE): Object 'Object Repository/CDT12 - CDT13/Page_/td_R 15' is present

2023-11-29 13:18:45 - [MESSAGE][WARNING] - Timeout '0' is invalid. Using default page load timeout: '30'

2023-11-29 13:18:45 - [MESSAGE][PASSED] - Object 'Object Repository/CDT12 - CDT13/Page_/td_R 15' is present

2023-11-29 13:18:45 - [TEST_STEP][PASSED] - reais = getAttribute(findTestObject("Object Repository/CDT12 - CDT13/Page_/td_R 15"), "value", CONTINUE_ON_FAILURE): Attribute 'value' of object 'Object Repository/CDT12 - CDT13/Page_/td_R 15' is: 'null'

2023-11-29 13:18:46 - [MESSAGE][PASSED] - Attribute 'value' of object 'Object Repository/CDT12 - CDT13/Page_/td_R 15' is: 'null'

2023-11-29 13:18:46 - [TEST_STEP][PASSED] - verifyElementPresent(findTestObject("Object Repository/CDT12 - CDT13/Page_/td_Deletar"), 0, CONTINUE_ON_FAILURE): Object 'Object Repository/CDT12 - CDT13/Page_/td_Deletar' is present

2023-11-29 13:18:46 - [MESSAGE][WARNING] - Timeout '0' is invalid. Using default page load timeout: '30'

2023-11-29 13:18:46 - [MESSAGE][PASSED] - Object 'Object Repository/CDT12 - CDT13/Page_/td_Deletar' is present

2023-11-29 13:18:46 - [TEST_STEP][PASSED] - click(findTestObject("Object Repository/CDT12 - CDT13/Page_/a_Deletar"), CONTINUE_ON_FAILURE): Object: 'Object Repository/CDT12 - CDT13/Page_/a_Deletar' is clicked on

2023-11-29 13:18:47 - [MESSAGE][PASSED] - Object: 'Object Repository/CDT12 - CDT13/Page_/a_Deletar' is clicked on

2023-11-29 13:18:47 - [TEST_STEP][PASSED] - if (chocolate != getAttribute(findTestObject("Object Repository/CDT12 - CDT13/Page_/td_Chocolate"), "value") && calabresa != getAttribute(findTestObject("Object Repository/CDT12 - CDT13/Page_/td_Calabresa"), "value") && tamanho != getAttribute(findTestObject("Object Repository/CDT12 - CDT13/Page_/td_Mdia"), "value") && reais != getAttribute(findTestObject("Object Repository/CDT12 - CDT13/Page_/td_R 15"), "value")): Attribute 'value' of object 'Object Repository/CDT12 - CDT13/Page_/td_Chocolate' is: 'null'

2023-11-29 13:18:47 - [MESSAGE][PASSED] - Attribute 'value' of object 'Object Repository/CDT12 - CDT13/Page_/td_Chocolate' is: 'null'

2023-11-29 13:18:47 - [TEST_STEP][FAILED] - else: Web element with id: 'Object Repository/CDT12 - CDT13/Page_/td_R 15' located by 'By.cssSelector: tr:last-child td:nth-child(4)' is present after '30' second(s) (Root cause: com.kms.katalon.core.exception.StepFailedException: Web element with id: 'Object Repository/CDT12 - CDT13/Page_/td_R 15' located by 'By.cssSelector: tr:last-child td:nth-child(4)' is present after '30' second(s)
	at com.kms.katalon.core.webui.keyword.internal.WebUIKeywordMain.stepFailed(WebUIKeywordMain.groovy:64)
	at com.kms.katalon.core.webui.keyword.internal.WebUIKeywordMain$stepFailed$0.call(Unknown Source)
	at com.kms.katalon.core.webui.keyword.builtin.VerifyElementNotPresentKeyword$_verifyElementNotPresent_closure1.doCall(VerifyElementNotPresentKeyword.groovy:113)
	at com.kms.katalon.core.webui.keyword.builtin.VerifyElementNotPresentKeyword$_verifyElementNotPresent_closure1.doCall(VerifyElementNotPresentKeyword.groovy)
	at com.kms.katalon.core.webui.keyword.internal.WebUIKeywordMain.runKeyword(WebUIKeywordMain.groovy:20)
	at com.kms.katalon.core.webui.keyword.internal.WebUIKeywordMain$runKeyword.call(Unknown Source)
	at com.kms.katalon.core.webui.keyword.builtin.VerifyElementNotPresentKeyword.verifyElementNotPresent(VerifyElementNotPresentKeyword.groovy:122)
	at com.kms.katalon.core.webui.keyword.builtin.VerifyElementNotPresentKeyword.execute(VerifyElementNotPresentKeyword.groovy:68)
	at com.kms.katalon.core.keyword.internal.KeywordExecutor.executeKeywordForPlatform(KeywordExecutor.groovy:74)
	at com.kms.katalon.core.webui.keyword.WebUiBuiltInKeywords.verifyElementNotPresent(WebUiBuiltInKeywords.groovy:1481)
	at com.kms.katalon.core.webui.keyword.WebUiBuiltInKeywords$verifyElementNotPresent$7.call(Unknown Source)
	at CDT13 - RF11 - Deletar pizza de dois sabores.run(CDT13 - RF11 - Deletar pizza de dois sabores:71)
	at com.kms.katalon.core.main.ScriptEngine.run(ScriptEngine.java:194)
	at com.kms.katalon.core.main.ScriptEngine.runScriptAsRawText(ScriptEngine.java:119)
	at com.kms.katalon.core.main.TestCaseExecutor.runScript(TestCaseExecutor.java:448)
	at com.kms.katalon.core.main.TestCaseExecutor.doExecute(TestCaseExecutor.java:439)
	at com.kms.katalon.core.main.TestCaseExecutor.processExecutionPhase(TestCaseExecutor.java:418)
	at com.kms.katalon.core.main.TestCaseExecutor.accessMainPhase(TestCaseExecutor.java:410)
	at com.kms.katalon.core.main.TestCaseExecutor.execute(TestCaseExecutor.java:285)
	at com.kms.katalon.core.common.CommonExecutor.accessTestCaseMainPhase(CommonExecutor.java:65)
	at com.kms.katalon.core.main.TestSuiteExecutor.accessTestSuiteMainPhase(TestSuiteExecutor.java:148)
	at com.kms.katalon.core.main.TestSuiteExecutor.execute(TestSuiteExecutor.java:106)
	at com.kms.katalon.core.main.TestCaseMain.startTestSuite(TestCaseMain.java:187)
	at com.kms.katalon.core.main.TestCaseMain$startTestSuite$0.call(Unknown Source)
	at TempTestSuite1701274422176.run(TempTestSuite1701274422176.groovy:36)
)

2023-11-29 13:18:47 - [TEST_STEP][FAILED] - verifyElementNotPresent(findTestObject("Object Repository/CDT12 - CDT13/Page_/td_R 15"), 0, CONTINUE_ON_FAILURE): Web element with id: 'Object Repository/CDT12 - CDT13/Page_/td_R 15' located by 'By.cssSelector: tr:last-child td:nth-child(4)' is present after '30' second(s) (Root cause: com.kms.katalon.core.exception.StepFailedException: Web element with id: 'Object Repository/CDT12 - CDT13/Page_/td_R 15' located by 'By.cssSelector: tr:last-child td:nth-child(4)' is present after '30' second(s)
	at com.kms.katalon.core.webui.keyword.internal.WebUIKeywordMain.stepFailed(WebUIKeywordMain.groovy:64)
	at com.kms.katalon.core.webui.keyword.internal.WebUIKeywordMain$stepFailed$0.call(Unknown Source)
	at com.kms.katalon.core.webui.keyword.builtin.VerifyElementNotPresentKeyword$_verifyElementNotPresent_closure1.doCall(VerifyElementNotPresentKeyword.groovy:113)
	at com.kms.katalon.core.webui.keyword.builtin.VerifyElementNotPresentKeyword$_verifyElementNotPresent_closure1.doCall(VerifyElementNotPresentKeyword.groovy)
	at com.kms.katalon.core.webui.keyword.internal.WebUIKeywordMain.runKeyword(WebUIKeywordMain.groovy:20)
	at com.kms.katalon.core.webui.keyword.internal.WebUIKeywordMain$runKeyword.call(Unknown Source)
	at com.kms.katalon.core.webui.keyword.builtin.VerifyElementNotPresentKeyword.verifyElementNotPresent(VerifyElementNotPresentKeyword.groovy:122)
	at com.kms.katalon.core.webui.keyword.builtin.VerifyElementNotPresentKeyword.execute(VerifyElementNotPresentKeyword.groovy:68)
	at com.kms.katalon.core.keyword.internal.KeywordExecutor.executeKeywordForPlatform(KeywordExecutor.groovy:74)
	at com.kms.katalon.core.webui.keyword.WebUiBuiltInKeywords.verifyElementNotPresent(WebUiBuiltInKeywords.groovy:1481)
	at com.kms.katalon.core.webui.keyword.WebUiBuiltInKeywords$verifyElementNotPresent$7.call(Unknown Source)
	at CDT13 - RF11 - Deletar pizza de dois sabores.run(CDT13 - RF11 - Deletar pizza de dois sabores:71)
	at com.kms.katalon.core.main.ScriptEngine.run(ScriptEngine.java:194)
	at com.kms.katalon.core.main.ScriptEngine.runScriptAsRawText(ScriptEngine.java:119)
	at com.kms.katalon.core.main.TestCaseExecutor.runScript(TestCaseExecutor.java:448)
	at com.kms.katalon.core.main.TestCaseExecutor.doExecute(TestCaseExecutor.java:439)
	at com.kms.katalon.core.main.TestCaseExecutor.processExecutionPhase(TestCaseExecutor.java:418)
	at com.kms.katalon.core.main.TestCaseExecutor.accessMainPhase(TestCaseExecutor.java:410)
	at com.kms.katalon.core.main.TestCaseExecutor.execute(TestCaseExecutor.java:285)
	at com.kms.katalon.core.common.CommonExecutor.accessTestCaseMainPhase(CommonExecutor.java:65)
	at com.kms.katalon.core.main.TestSuiteExecutor.accessTestSuiteMainPhase(TestSuiteExecutor.java:148)
	at com.kms.katalon.core.main.TestSuiteExecutor.execute(TestSuiteExecutor.java:106)
	at com.kms.katalon.core.main.TestCaseMain.startTestSuite(TestCaseMain.java:187)
	at com.kms.katalon.core.main.TestCaseMain$startTestSuite$0.call(Unknown Source)
	at TempTestSuite1701274422176.run(TempTestSuite1701274422176.groovy:36)
)

2023-11-29 13:18:48 - [MESSAGE][WARNING] - Timeout '0' is invalid. Using default page load timeout: '30'

2023-11-29 13:19:18 - [MESSAGE][FAILED] - Web element with id: 'Object Repository/CDT12 - CDT13/Page_/td_R 15' located by 'By.cssSelector: tr:last-child td:nth-child(4)' is present after '30' second(s) (Root cause: com.kms.katalon.core.exception.StepFailedException: Web element with id: 'Object Repository/CDT12 - CDT13/Page_/td_R 15' located by 'By.cssSelector: tr:last-child td:nth-child(4)' is present after '30' second(s)
	at com.kms.katalon.core.webui.keyword.internal.WebUIKeywordMain.stepFailed(WebUIKeywordMain.groovy:64)
	at com.kms.katalon.core.webui.keyword.internal.WebUIKeywordMain$stepFailed$0.call(Unknown Source)
	at com.kms.katalon.core.webui.keyword.builtin.VerifyElementNotPresentKeyword$_verifyElementNotPresent_closure1.doCall(VerifyElementNotPresentKeyword.groovy:113)
	at com.kms.katalon.core.webui.keyword.builtin.VerifyElementNotPresentKeyword$_verifyElementNotPresent_closure1.doCall(VerifyElementNotPresentKeyword.groovy)
	at com.kms.katalon.core.webui.keyword.internal.WebUIKeywordMain.runKeyword(WebUIKeywordMain.groovy:20)
	at com.kms.katalon.core.webui.keyword.internal.WebUIKeywordMain$runKeyword.call(Unknown Source)
	at com.kms.katalon.core.webui.keyword.builtin.VerifyElementNotPresentKeyword.verifyElementNotPresent(VerifyElementNotPresentKeyword.groovy:122)
	at com.kms.katalon.core.webui.keyword.builtin.VerifyElementNotPresentKeyword.execute(VerifyElementNotPresentKeyword.groovy:68)
	at com.kms.katalon.core.keyword.internal.KeywordExecutor.executeKeywordForPlatform(KeywordExecutor.groovy:74)
	at com.kms.katalon.core.webui.keyword.WebUiBuiltInKeywords.verifyElementNotPresent(WebUiBuiltInKeywords.groovy:1481)
	at com.kms.katalon.core.webui.keyword.WebUiBuiltInKeywords$verifyElementNotPresent$7.call(Unknown Source)
	at CDT13 - RF11 - Deletar pizza de dois sabores.run(CDT13 - RF11 - Deletar pizza de dois sabores:71)
	at com.kms.katalon.core.main.ScriptEngine.run(ScriptEngine.java:194)
	at com.kms.katalon.core.main.ScriptEngine.runScriptAsRawText(ScriptEngine.java:119)
	at com.kms.katalon.core.main.TestCaseExecutor.runScript(TestCaseExecutor.java:448)
	at com.kms.katalon.core.main.TestCaseExecutor.doExecute(TestCaseExecutor.java:439)
	at com.kms.katalon.core.main.TestCaseExecutor.processExecutionPhase(TestCaseExecutor.java:418)
	at com.kms.katalon.core.main.TestCaseExecutor.accessMainPhase(TestCaseExecutor.java:410)
	at com.kms.katalon.core.main.TestCaseExecutor.execute(TestCaseExecutor.java:285)
	at com.kms.katalon.core.common.CommonExecutor.accessTestCaseMainPhase(CommonExecutor.java:65)
	at com.kms.katalon.core.main.TestSuiteExecutor.accessTestSuiteMainPhase(TestSuiteExecutor.java:148)
	at com.kms.katalon.core.main.TestSuiteExecutor.execute(TestSuiteExecutor.java:106)
	at com.kms.katalon.core.main.TestCaseMain.startTestSuite(TestCaseMain.java:187)
	at com.kms.katalon.core.main.TestCaseMain$startTestSuite$0.call(Unknown Source)
	at TempTestSuite1701274422176.run(TempTestSuite1701274422176.groovy:36)
)
[[ATTACHMENT|C:\\Users\\isaba\\Downloads\\TMS-T2-E1\\TMS-T2-E1\\T2\\Reports\\20231129_131342\\Teste de Integra\u00E7\u00E3o\\20231129_131342\\1701274758152.png]]

2023-11-29 13:19:18 - [TEST_STEP][PASSED] - closeBrowser(CONTINUE_ON_FAILURE): Browser is closed

2023-11-29 13:19:19 - [MESSAGE][PASSED] - Browser is closed]]></system-out>
         <system-err><![CDATA[2023-11-29 13:18:29 - [TEST_CASE][FAILED] - Test Cases/CDT13 - RF11 - Deletar pizza de dois sabores: Test Cases/CDT13 - RF11 - Deletar pizza de dois sabores FAILED.
Reason:
com.kms.katalon.core.exception.StepFailedException: Web element with id: 'Object Repository/CDT12 - CDT13/Page_/td_R 15' located by 'By.cssSelector: tr:last-child td:nth-child(4)' is present after '30' second(s) (Root cause: com.kms.katalon.core.exception.StepFailedException: Web element with id: 'Object Repository/CDT12 - CDT13/Page_/td_R 15' located by 'By.cssSelector: tr:last-child td:nth-child(4)' is present after '30' second(s)
	at com.kms.katalon.core.webui.keyword.internal.WebUIKeywordMain.stepFailed(WebUIKeywordMain.groovy:64)
	at com.kms.katalon.core.webui.keyword.internal.WebUIKeywordMain$stepFailed$0.call(Unknown Source)
	at com.kms.katalon.core.webui.keyword.builtin.VerifyElementNotPresentKeyword$_verifyElementNotPresent_closure1.doCall(VerifyElementNotPresentKeyword.groovy:113)
	at com.kms.katalon.core.webui.keyword.builtin.VerifyElementNotPresentKeyword$_verifyElementNotPresent_closure1.doCall(VerifyElementNotPresentKeyword.groovy)
	at com.kms.katalon.core.webui.keyword.internal.WebUIKeywordMain.runKeyword(WebUIKeywordMain.groovy:20)
	at com.kms.katalon.core.webui.keyword.internal.WebUIKeywordMain$runKeyword.call(Unknown Source)
	at com.kms.katalon.core.webui.keyword.builtin.VerifyElementNotPresentKeyword.verifyElementNotPresent(VerifyElementNotPresentKeyword.groovy:122)
	at com.kms.katalon.core.webui.keyword.builtin.VerifyElementNotPresentKeyword.execute(VerifyElementNotPresentKeyword.groovy:68)
	at com.kms.katalon.core.keyword.internal.KeywordExecutor.executeKeywordForPlatform(KeywordExecutor.groovy:74)
	at com.kms.katalon.core.webui.keyword.WebUiBuiltInKeywords.verifyElementNotPresent(WebUiBuiltInKeywords.groovy:1481)
	at com.kms.katalon.core.webui.keyword.WebUiBuiltInKeywords$verifyElementNotPresent$7.call(Unknown Source)
	at CDT13 - RF11 - Deletar pizza de dois sabores.run(CDT13 - RF11 - Deletar pizza de dois sabores:71)
	at com.kms.katalon.core.main.ScriptEngine.run(ScriptEngine.java:194)
	at com.kms.katalon.core.main.ScriptEngine.runScriptAsRawText(ScriptEngine.java:119)
	at com.kms.katalon.core.main.TestCaseExecutor.runScript(TestCaseExecutor.java:448)
	at com.kms.katalon.core.main.TestCaseExecutor.doExecute(TestCaseExecutor.java:439)
	at com.kms.katalon.core.main.TestCaseExecutor.processExecutionPhase(TestCaseExecutor.java:418)
	at com.kms.katalon.core.main.TestCaseExecutor.accessMainPhase(TestCaseExecutor.java:410)
	at com.kms.katalon.core.main.TestCaseExecutor.execute(TestCaseExecutor.java:285)
	at com.kms.katalon.core.common.CommonExecutor.accessTestCaseMainPhase(CommonExecutor.java:65)
	at com.kms.katalon.core.main.TestSuiteExecutor.accessTestSuiteMainPhase(TestSuiteExecutor.java:148)
	at com.kms.katalon.core.main.TestSuiteExecutor.execute(TestSuiteExecutor.java:106)
	at com.kms.katalon.core.main.TestCaseMain.startTestSuite(TestCaseMain.java:187)
	at com.kms.katalon.core.main.TestCaseMain$startTestSuite$0.call(Unknown Source)
	at TempTestSuite1701274422176.run(TempTestSuite1701274422176.groovy:36)
)
	at com.kms.katalon.core.keyword.internal.KeywordMain.stepFailed(KeywordMain.groovy:39)
	at com.kms.katalon.core.webui.keyword.internal.WebUIKeywordMain.stepFailed(WebUIKeywordMain.groovy:64)
	at com.kms.katalon.core.webui.keyword.internal.WebUIKeywordMain$stepFailed$0.call(Unknown Source)
	at com.kms.katalon.core.webui.keyword.builtin.VerifyElementNotPresentKeyword$_verifyElementNotPresent_closure1.doCall(VerifyElementNotPresentKeyword.groovy:113)
	at com.kms.katalon.core.webui.keyword.builtin.VerifyElementNotPresentKeyword$_verifyElementNotPresent_closure1.doCall(VerifyElementNotPresentKeyword.groovy)
	at com.kms.katalon.core.webui.keyword.internal.WebUIKeywordMain.runKeyword(WebUIKeywordMain.groovy:20)
	at com.kms.katalon.core.webui.keyword.internal.WebUIKeywordMain$runKeyword.call(Unknown Source)
	at com.kms.katalon.core.webui.keyword.builtin.VerifyElementNotPresentKeyword.verifyElementNotPresent(VerifyElementNotPresentKeyword.groovy:122)
	at com.kms.katalon.core.webui.keyword.builtin.VerifyElementNotPresentKeyword.execute(VerifyElementNotPresentKeyword.groovy:68)
	at com.kms.katalon.core.keyword.internal.KeywordExecutor.executeKeywordForPlatform(KeywordExecutor.groovy:74)
	at com.kms.katalon.core.webui.keyword.WebUiBuiltInKeywords.verifyElementNotPresent(WebUiBuiltInKeywords.groovy:1481)
	at com.kms.katalon.core.webui.keyword.WebUiBuiltInKeywords$verifyElementNotPresent$7.call(Unknown Source)
	at CDT13 - RF11 - Deletar pizza de dois sabores.run(CDT13 - RF11 - Deletar pizza de dois sabores:71)
	at com.kms.katalon.core.main.ScriptEngine.run(ScriptEngine.java:194)
	at com.kms.katalon.core.main.ScriptEngine.runScriptAsRawText(ScriptEngine.java:119)
	at com.kms.katalon.core.main.TestCaseExecutor.runScript(TestCaseExecutor.java:448)
	at com.kms.katalon.core.main.TestCaseExecutor.doExecute(TestCaseExecutor.java:439)
	at com.kms.katalon.core.main.TestCaseExecutor.processExecutionPhase(TestCaseExecutor.java:418)
	at com.kms.katalon.core.main.TestCaseExecutor.accessMainPhase(TestCaseExecutor.java:410)
	at com.kms.katalon.core.main.TestCaseExecutor.execute(TestCaseExecutor.java:285)
	at com.kms.katalon.core.common.CommonExecutor.accessTestCaseMainPhase(CommonExecutor.java:65)
	at com.kms.katalon.core.main.TestSuiteExecutor.accessTestSuiteMainPhase(TestSuiteExecutor.java:148)
	at com.kms.katalon.core.main.TestSuiteExecutor.execute(TestSuiteExecutor.java:106)
	at com.kms.katalon.core.main.TestCaseMain.startTestSuite(TestCaseMain.java:187)
	at com.kms.katalon.core.main.TestCaseMain$startTestSuite$0.call(Unknown Source)
	at TempTestSuite1701274422176.run(TempTestSuite1701274422176.groovy:36)
Caused by: com.kms.katalon.core.exception.StepFailedException: Web element with id: 'Object Repository/CDT12 - CDT13/Page_/td_R 15' located by 'By.cssSelector: tr:last-child td:nth-child(4)' is present after '30' second(s)
	... 25 more]]></system-err>
      </testcase>
      <testcase name="Test Cases/CDT14 - RF15 - Alterar dados do restaurante com um dos campos obrigatorios vazios" time="15.976" classname="Test Cases/CDT14 - RF15 - Alterar dados do restaurante com um dos campos obrigatorios vazios" status="FAILED">
         <failure type="FAILED" message="Test Cases/CDT14 - RF15 - Alterar dados do restaurante com um dos campos obrigatorios vazios FAILED.
Reason:
com.kms.katalon.core.exception.StepFailedException: Web element with id: 'Object Repository/CDT14 - CDT15/Page_/div_Dados alterados com sucesso' located by 'By.xpath: //div[@id='swal2-content']' is present after '1' second(s) (Root cause: com.kms.katalon.core.exception.StepFailedException: Web element with id: 'Object Repository/CDT14 - CDT15/Page_/div_Dados alterados com sucesso' located by 'By.xpath: //div[@id='swal2-content']' is present after '1' second(s)
	at com.kms.katalon.core.webui.keyword.internal.WebUIKeywordMain.stepFailed(WebUIKeywordMain.groovy:64)
	at com.kms.katalon.core.webui.keyword.internal.WebUIKeywordMain$stepFailed$0.call(Unknown Source)
	at com.kms.katalon.core.webui.keyword.builtin.VerifyElementNotPresentKeyword$_verifyElementNotPresent_closure1.doCall(VerifyElementNotPresentKeyword.groovy:113)
	at com.kms.katalon.core.webui.keyword.builtin.VerifyElementNotPresentKeyword$_verifyElementNotPresent_closure1.doCall(VerifyElementNotPresentKeyword.groovy)
	at com.kms.katalon.core.webui.keyword.internal.WebUIKeywordMain.runKeyword(WebUIKeywordMain.groovy:20)
	at com.kms.katalon.core.webui.keyword.internal.WebUIKeywordMain$runKeyword.call(Unknown Source)
	at com.kms.katalon.core.webui.keyword.builtin.VerifyElementNotPresentKeyword.verifyElementNotPresent(VerifyElementNotPresentKeyword.groovy:122)
	at com.kms.katalon.core.webui.keyword.builtin.VerifyElementNotPresentKeyword.execute(VerifyElementNotPresentKeyword.groovy:68)
	at com.kms.katalon.core.keyword.internal.KeywordExecutor.executeKeywordForPlatform(KeywordExecutor.groovy:74)
	at com.kms.katalon.core.webui.keyword.WebUiBuiltInKeywords.verifyElementNotPresent(WebUiBuiltInKeywords.groovy:1481)
	at com.kms.katalon.core.webui.keyword.WebUiBuiltInKeywords$verifyElementNotPresent$7.call(Unknown Source)
	at CDT14 - RF15 - Alterar dados do restaurante com um dos campos obrigatorios vazios.run(CDT14 - RF15 - Alterar dados do restaurante com um dos campos obrigatorios vazios:40)
	at com.kms.katalon.core.main.ScriptEngine.run(ScriptEngine.java:194)
	at com.kms.katalon.core.main.ScriptEngine.runScriptAsRawText(ScriptEngine.java:119)
	at com.kms.katalon.core.main.TestCaseExecutor.runScript(TestCaseExecutor.java:448)
	at com.kms.katalon.core.main.TestCaseExecutor.doExecute(TestCaseExecutor.java:439)
	at com.kms.katalon.core.main.TestCaseExecutor.processExecutionPhase(TestCaseExecutor.java:418)
	at com.kms.katalon.core.main.TestCaseExecutor.accessMainPhase(TestCaseExecutor.java:410)
	at com.kms.katalon.core.main.TestCaseExecutor.execute(TestCaseExecutor.java:285)
	at com.kms.katalon.core.common.CommonExecutor.accessTestCaseMainPhase(CommonExecutor.java:65)
	at com.kms.katalon.core.main.TestSuiteExecutor.accessTestSuiteMainPhase(TestSuiteExecutor.java:148)
	at com.kms.katalon.core.main.TestSuiteExecutor.execute(TestSuiteExecutor.java:106)
	at com.kms.katalon.core.main.TestCaseMain.startTestSuite(TestCaseMain.java:187)
	at com.kms.katalon.core.main.TestCaseMain$startTestSuite$0.call(Unknown Source)
	at TempTestSuite1701274422176.run(TempTestSuite1701274422176.groovy:36)
)
	at com.kms.katalon.core.keyword.internal.KeywordMain.stepFailed(KeywordMain.groovy:39)
	at com.kms.katalon.core.webui.keyword.internal.WebUIKeywordMain.stepFailed(WebUIKeywordMain.groovy:64)
	at com.kms.katalon.core.webui.keyword.internal.WebUIKeywordMain$stepFailed$0.call(Unknown Source)
	at com.kms.katalon.core.webui.keyword.builtin.VerifyElementNotPresentKeyword$_verifyElementNotPresent_closure1.doCall(VerifyElementNotPresentKeyword.groovy:113)
	at com.kms.katalon.core.webui.keyword.builtin.VerifyElementNotPresentKeyword$_verifyElementNotPresent_closure1.doCall(VerifyElementNotPresentKeyword.groovy)
	at com.kms.katalon.core.webui.keyword.internal.WebUIKeywordMain.runKeyword(WebUIKeywordMain.groovy:20)
	at com.kms.katalon.core.webui.keyword.internal.WebUIKeywordMain$runKeyword.call(Unknown Source)
	at com.kms.katalon.core.webui.keyword.builtin.VerifyElementNotPresentKeyword.verifyElementNotPresent(VerifyElementNotPresentKeyword.groovy:122)
	at com.kms.katalon.core.webui.keyword.builtin.VerifyElementNotPresentKeyword.execute(VerifyElementNotPresentKeyword.groovy:68)
	at com.kms.katalon.core.keyword.internal.KeywordExecutor.executeKeywordForPlatform(KeywordExecutor.groovy:74)
	at com.kms.katalon.core.webui.keyword.WebUiBuiltInKeywords.verifyElementNotPresent(WebUiBuiltInKeywords.groovy:1481)
	at com.kms.katalon.core.webui.keyword.WebUiBuiltInKeywords$verifyElementNotPresent$7.call(Unknown Source)
	at CDT14 - RF15 - Alterar dados do restaurante com um dos campos obrigatorios vazios.run(CDT14 - RF15 - Alterar dados do restaurante com um dos campos obrigatorios vazios:40)
	at com.kms.katalon.core.main.ScriptEngine.run(ScriptEngine.java:194)
	at com.kms.katalon.core.main.ScriptEngine.runScriptAsRawText(ScriptEngine.java:119)
	at com.kms.katalon.core.main.TestCaseExecutor.runScript(TestCaseExecutor.java:448)
	at com.kms.katalon.core.main.TestCaseExecutor.doExecute(TestCaseExecutor.java:439)
	at com.kms.katalon.core.main.TestCaseExecutor.processExecutionPhase(TestCaseExecutor.java:418)
	at com.kms.katalon.core.main.TestCaseExecutor.accessMainPhase(TestCaseExecutor.java:410)
	at com.kms.katalon.core.main.TestCaseExecutor.execute(TestCaseExecutor.java:285)
	at com.kms.katalon.core.common.CommonExecutor.accessTestCaseMainPhase(CommonExecutor.java:65)
	at com.kms.katalon.core.main.TestSuiteExecutor.accessTestSuiteMainPhase(TestSuiteExecutor.java:148)
	at com.kms.katalon.core.main.TestSuiteExecutor.execute(TestSuiteExecutor.java:106)
	at com.kms.katalon.core.main.TestCaseMain.startTestSuite(TestCaseMain.java:187)
	at com.kms.katalon.core.main.TestCaseMain$startTestSuite$0.call(Unknown Source)
	at TempTestSuite1701274422176.run(TempTestSuite1701274422176.groovy:36)
Caused by: com.kms.katalon.core.exception.StepFailedException: Web element with id: 'Object Repository/CDT14 - CDT15/Page_/div_Dados alterados com sucesso' located by 'By.xpath: //div[@id='swal2-content']' is present after '1' second(s)
	... 25 more
"/>
         <system-out><![CDATA[2023-11-29 13:19:19 - [TEST_CASE][FAILED] - Test Cases/CDT14 - RF15 - Alterar dados do restaurante com um dos campos obrigatorios vazios: Test Cases/CDT14 - RF15 - Alterar dados do restaurante com um dos campos obrigatorios vazios FAILED.
Reason:
com.kms.katalon.core.exception.StepFailedException: Web element with id: 'Object Repository/CDT14 - CDT15/Page_/div_Dados alterados com sucesso' located by 'By.xpath: //div[@id='swal2-content']' is present after '1' second(s) (Root cause: com.kms.katalon.core.exception.StepFailedException: Web element with id: 'Object Repository/CDT14 - CDT15/Page_/div_Dados alterados com sucesso' located by 'By.xpath: //div[@id='swal2-content']' is present after '1' second(s)
	at com.kms.katalon.core.webui.keyword.internal.WebUIKeywordMain.stepFailed(WebUIKeywordMain.groovy:64)
	at com.kms.katalon.core.webui.keyword.internal.WebUIKeywordMain$stepFailed$0.call(Unknown Source)
	at com.kms.katalon.core.webui.keyword.builtin.VerifyElementNotPresentKeyword$_verifyElementNotPresent_closure1.doCall(VerifyElementNotPresentKeyword.groovy:113)
	at com.kms.katalon.core.webui.keyword.builtin.VerifyElementNotPresentKeyword$_verifyElementNotPresent_closure1.doCall(VerifyElementNotPresentKeyword.groovy)
	at com.kms.katalon.core.webui.keyword.internal.WebUIKeywordMain.runKeyword(WebUIKeywordMain.groovy:20)
	at com.kms.katalon.core.webui.keyword.internal.WebUIKeywordMain$runKeyword.call(Unknown Source)
	at com.kms.katalon.core.webui.keyword.builtin.VerifyElementNotPresentKeyword.verifyElementNotPresent(VerifyElementNotPresentKeyword.groovy:122)
	at com.kms.katalon.core.webui.keyword.builtin.VerifyElementNotPresentKeyword.execute(VerifyElementNotPresentKeyword.groovy:68)
	at com.kms.katalon.core.keyword.internal.KeywordExecutor.executeKeywordForPlatform(KeywordExecutor.groovy:74)
	at com.kms.katalon.core.webui.keyword.WebUiBuiltInKeywords.verifyElementNotPresent(WebUiBuiltInKeywords.groovy:1481)
	at com.kms.katalon.core.webui.keyword.WebUiBuiltInKeywords$verifyElementNotPresent$7.call(Unknown Source)
	at CDT14 - RF15 - Alterar dados do restaurante com um dos campos obrigatorios vazios.run(CDT14 - RF15 - Alterar dados do restaurante com um dos campos obrigatorios vazios:40)
	at com.kms.katalon.core.main.ScriptEngine.run(ScriptEngine.java:194)
	at com.kms.katalon.core.main.ScriptEngine.runScriptAsRawText(ScriptEngine.java:119)
	at com.kms.katalon.core.main.TestCaseExecutor.runScript(TestCaseExecutor.java:448)
	at com.kms.katalon.core.main.TestCaseExecutor.doExecute(TestCaseExecutor.java:439)
	at com.kms.katalon.core.main.TestCaseExecutor.processExecutionPhase(TestCaseExecutor.java:418)
	at com.kms.katalon.core.main.TestCaseExecutor.accessMainPhase(TestCaseExecutor.java:410)
	at com.kms.katalon.core.main.TestCaseExecutor.execute(TestCaseExecutor.java:285)
	at com.kms.katalon.core.common.CommonExecutor.accessTestCaseMainPhase(CommonExecutor.java:65)
	at com.kms.katalon.core.main.TestSuiteExecutor.accessTestSuiteMainPhase(TestSuiteExecutor.java:148)
	at com.kms.katalon.core.main.TestSuiteExecutor.execute(TestSuiteExecutor.java:106)
	at com.kms.katalon.core.main.TestCaseMain.startTestSuite(TestCaseMain.java:187)
	at com.kms.katalon.core.main.TestCaseMain$startTestSuite$0.call(Unknown Source)
	at TempTestSuite1701274422176.run(TempTestSuite1701274422176.groovy:36)
)
	at com.kms.katalon.core.keyword.internal.KeywordMain.stepFailed(KeywordMain.groovy:39)
	at com.kms.katalon.core.webui.keyword.internal.WebUIKeywordMain.stepFailed(WebUIKeywordMain.groovy:64)
	at com.kms.katalon.core.webui.keyword.internal.WebUIKeywordMain$stepFailed$0.call(Unknown Source)
	at com.kms.katalon.core.webui.keyword.builtin.VerifyElementNotPresentKeyword$_verifyElementNotPresent_closure1.doCall(VerifyElementNotPresentKeyword.groovy:113)
	at com.kms.katalon.core.webui.keyword.builtin.VerifyElementNotPresentKeyword$_verifyElementNotPresent_closure1.doCall(VerifyElementNotPresentKeyword.groovy)
	at com.kms.katalon.core.webui.keyword.internal.WebUIKeywordMain.runKeyword(WebUIKeywordMain.groovy:20)
	at com.kms.katalon.core.webui.keyword.internal.WebUIKeywordMain$runKeyword.call(Unknown Source)
	at com.kms.katalon.core.webui.keyword.builtin.VerifyElementNotPresentKeyword.verifyElementNotPresent(VerifyElementNotPresentKeyword.groovy:122)
	at com.kms.katalon.core.webui.keyword.builtin.VerifyElementNotPresentKeyword.execute(VerifyElementNotPresentKeyword.groovy:68)
	at com.kms.katalon.core.keyword.internal.KeywordExecutor.executeKeywordForPlatform(KeywordExecutor.groovy:74)
	at com.kms.katalon.core.webui.keyword.WebUiBuiltInKeywords.verifyElementNotPresent(WebUiBuiltInKeywords.groovy:1481)
	at com.kms.katalon.core.webui.keyword.WebUiBuiltInKeywords$verifyElementNotPresent$7.call(Unknown Source)
	at CDT14 - RF15 - Alterar dados do restaurante com um dos campos obrigatorios vazios.run(CDT14 - RF15 - Alterar dados do restaurante com um dos campos obrigatorios vazios:40)
	at com.kms.katalon.core.main.ScriptEngine.run(ScriptEngine.java:194)
	at com.kms.katalon.core.main.ScriptEngine.runScriptAsRawText(ScriptEngine.java:119)
	at com.kms.katalon.core.main.TestCaseExecutor.runScript(TestCaseExecutor.java:448)
	at com.kms.katalon.core.main.TestCaseExecutor.doExecute(TestCaseExecutor.java:439)
	at com.kms.katalon.core.main.TestCaseExecutor.processExecutionPhase(TestCaseExecutor.java:418)
	at com.kms.katalon.core.main.TestCaseExecutor.accessMainPhase(TestCaseExecutor.java:410)
	at com.kms.katalon.core.main.TestCaseExecutor.execute(TestCaseExecutor.java:285)
	at com.kms.katalon.core.common.CommonExecutor.accessTestCaseMainPhase(CommonExecutor.java:65)
	at com.kms.katalon.core.main.TestSuiteExecutor.accessTestSuiteMainPhase(TestSuiteExecutor.java:148)
	at com.kms.katalon.core.main.TestSuiteExecutor.execute(TestSuiteExecutor.java:106)
	at com.kms.katalon.core.main.TestCaseMain.startTestSuite(TestCaseMain.java:187)
	at com.kms.katalon.core.main.TestCaseMain$startTestSuite$0.call(Unknown Source)
	at TempTestSuite1701274422176.run(TempTestSuite1701274422176.groovy:36)
Caused by: com.kms.katalon.core.exception.StepFailedException: Web element with id: 'Object Repository/CDT14 - CDT15/Page_/div_Dados alterados com sucesso' located by 'By.xpath: //div[@id='swal2-content']' is present after '1' second(s)
	... 25 more


2023-11-29 13:19:19 - [TEST_STEP][PASSED] - openBrowser("", CONTINUE_ON_FAILURE): Browser is opened with url: ''

2023-11-29 13:19:19 - [MESSAGE][INFO] - Starting 'Chrome' driver

2023-11-29 13:19:19 - [MESSAGE][INFO] - Action delay is set to 0 milliseconds

2023-11-29 13:19:21 - [MESSAGE][PASSED] - Browser is opened with url: ''

2023-11-29 13:19:21 - [TEST_STEP][PASSED] - navigateToUrl("http://localhost/pizzaWeb2.0/site/", CONTINUE_ON_FAILURE): Navigate to 'http://localhost/pizzaWeb2.0/site/' successfully

2023-11-29 13:19:25 - [MESSAGE][PASSED] - Navigate to 'http://localhost/pizzaWeb2.0/site/' successfully

2023-11-29 13:19:25 - [TEST_STEP][PASSED] - click(findTestObject("Object Repository/CDT14 - CDT15/Page_PizzaWeb/a_Entrar"), CONTINUE_ON_FAILURE): Object: 'Object Repository/CDT14 - CDT15/Page_PizzaWeb/a_Entrar' is clicked on

2023-11-29 13:19:26 - [MESSAGE][PASSED] - Object: 'Object Repository/CDT14 - CDT15/Page_PizzaWeb/a_Entrar' is clicked on

2023-11-29 13:19:26 - [TEST_STEP][PASSED] - callTestCase(findTestCase("CDT02 - login simple"), ["usuario":"admin", "senha":"admin"], CONTINUE_ON_FAILURE): Call Test Case 'Test Cases/CDT02 - login simple' successfully

2023-11-29 13:19:26 - [TEST_CASE][PASSED] - Test Cases/CDT02 - login simple: Test Cases/CDT02 - login simple

2023-11-29 13:19:26 - [TEST_STEP][PASSED] - setText(findTestObject("Object Repository/CDT01 - CDT02/Page_Login/input_Entrar_login"), usuario, CONTINUE_ON_FAILURE): Text 'admin' is set on object 'Object Repository/CDT01 - CDT02/Page_Login/input_Entrar_login'

2023-11-29 13:19:27 - [MESSAGE][PASSED] - Text 'admin' is set on object 'Object Repository/CDT01 - CDT02/Page_Login/input_Entrar_login'

2023-11-29 13:19:27 - [TEST_STEP][PASSED] - setText(findTestObject("Object Repository/CDT01 - CDT02/Page_Login/input_Entrar_senha"), senha, CONTINUE_ON_FAILURE): Text 'admin' is set on object 'Object Repository/CDT01 - CDT02/Page_Login/input_Entrar_senha'

2023-11-29 13:19:27 - [MESSAGE][PASSED] - Text 'admin' is set on object 'Object Repository/CDT01 - CDT02/Page_Login/input_Entrar_senha'

2023-11-29 13:19:27 - [TEST_STEP][PASSED] - click(findTestObject("Object Repository/CDT01 - CDT02/Page_Login/button_Login"), CONTINUE_ON_FAILURE): Object: 'Object Repository/CDT01 - CDT02/Page_Login/button_Login' is clicked on

2023-11-29 13:19:28 - [MESSAGE][PASSED] - Object: 'Object Repository/CDT01 - CDT02/Page_Login/button_Login' is clicked on

2023-11-29 13:19:28 - [MESSAGE][PASSED] - Call Test Case 'Test Cases/CDT02 - login simple' successfully

2023-11-29 13:19:28 - [TEST_STEP][PASSED] - click(findTestObject("Object Repository/CDT14 - CDT15/Page_PizzaWeb/a_Gerenciar"), CONTINUE_ON_FAILURE): Object: 'Object Repository/CDT14 - CDT15/Page_PizzaWeb/a_Gerenciar' is clicked on

2023-11-29 13:19:29 - [MESSAGE][PASSED] - Object: 'Object Repository/CDT14 - CDT15/Page_PizzaWeb/a_Gerenciar' is clicked on

2023-11-29 13:19:29 - [TEST_STEP][PASSED] - navigateToUrl("http://localhost/pizzaWeb2.0/site/administrador.php", CONTINUE_ON_FAILURE): Navigate to 'http://localhost/pizzaWeb2.0/site/administrador.php' successfully

2023-11-29 13:19:29 - [MESSAGE][PASSED] - Navigate to 'http://localhost/pizzaWeb2.0/site/administrador.php' successfully

2023-11-29 13:19:29 - [TEST_STEP][PASSED] - click(findTestObject("Object Repository/CDT14 - CDT15/Page_/a_Gerenciar Restaurantes"), CONTINUE_ON_FAILURE): Object: 'Object Repository/CDT14 - CDT15/Page_/a_Gerenciar Restaurantes' is clicked on

2023-11-29 13:19:30 - [MESSAGE][PASSED] - Object: 'Object Repository/CDT14 - CDT15/Page_/a_Gerenciar Restaurantes' is clicked on

2023-11-29 13:19:30 - [TEST_STEP][PASSED] - click(findTestObject("Object Repository/CDT14 - CDT15/Page_/input_editar"), CONTINUE_ON_FAILURE): Object: 'Object Repository/CDT14 - CDT15/Page_/input_editar' is clicked on

2023-11-29 13:19:30 - [MESSAGE][PASSED] - Object: 'Object Repository/CDT14 - CDT15/Page_/input_editar' is clicked on

2023-11-29 13:19:30 - [TEST_STEP][PASSED] - setText(findTestObject("Object Repository/CDT14 - CDT15/Page_/input_cidade"), "", CONTINUE_ON_FAILURE): Text '' is set on object 'Object Repository/CDT14 - CDT15/Page_/input_cidade'

2023-11-29 13:19:31 - [MESSAGE][PASSED] - Text '' is set on object 'Object Repository/CDT14 - CDT15/Page_/input_cidade'

2023-11-29 13:19:31 - [TEST_STEP][PASSED] - click(findTestObject("CDT14 - CDT15/Page_/input_confirmarcadastro"), CONTINUE_ON_FAILURE): Object: 'Object Repository/CDT14 - CDT15/Page_/input_confirmarcadastro' is clicked on

2023-11-29 13:19:32 - [MESSAGE][PASSED] - Object: 'Object Repository/CDT14 - CDT15/Page_/input_confirmarcadastro' is clicked on

2023-11-29 13:19:32 - [TEST_STEP][FAILED] - verifyElementNotPresent(findTestObject("Object Repository/CDT14 - CDT15/Page_/div_Dados alterados com sucesso"), 1, CONTINUE_ON_FAILURE): Web element with id: 'Object Repository/CDT14 - CDT15/Page_/div_Dados alterados com sucesso' located by 'By.xpath: //div[@id='swal2-content']' is present after '1' second(s) (Root cause: com.kms.katalon.core.exception.StepFailedException: Web element with id: 'Object Repository/CDT14 - CDT15/Page_/div_Dados alterados com sucesso' located by 'By.xpath: //div[@id='swal2-content']' is present after '1' second(s)
	at com.kms.katalon.core.webui.keyword.internal.WebUIKeywordMain.stepFailed(WebUIKeywordMain.groovy:64)
	at com.kms.katalon.core.webui.keyword.internal.WebUIKeywordMain$stepFailed$0.call(Unknown Source)
	at com.kms.katalon.core.webui.keyword.builtin.VerifyElementNotPresentKeyword$_verifyElementNotPresent_closure1.doCall(VerifyElementNotPresentKeyword.groovy:113)
	at com.kms.katalon.core.webui.keyword.builtin.VerifyElementNotPresentKeyword$_verifyElementNotPresent_closure1.doCall(VerifyElementNotPresentKeyword.groovy)
	at com.kms.katalon.core.webui.keyword.internal.WebUIKeywordMain.runKeyword(WebUIKeywordMain.groovy:20)
	at com.kms.katalon.core.webui.keyword.internal.WebUIKeywordMain$runKeyword.call(Unknown Source)
	at com.kms.katalon.core.webui.keyword.builtin.VerifyElementNotPresentKeyword.verifyElementNotPresent(VerifyElementNotPresentKeyword.groovy:122)
	at com.kms.katalon.core.webui.keyword.builtin.VerifyElementNotPresentKeyword.execute(VerifyElementNotPresentKeyword.groovy:68)
	at com.kms.katalon.core.keyword.internal.KeywordExecutor.executeKeywordForPlatform(KeywordExecutor.groovy:74)
	at com.kms.katalon.core.webui.keyword.WebUiBuiltInKeywords.verifyElementNotPresent(WebUiBuiltInKeywords.groovy:1481)
	at com.kms.katalon.core.webui.keyword.WebUiBuiltInKeywords$verifyElementNotPresent$7.call(Unknown Source)
	at CDT14 - RF15 - Alterar dados do restaurante com um dos campos obrigatorios vazios.run(CDT14 - RF15 - Alterar dados do restaurante com um dos campos obrigatorios vazios:40)
	at com.kms.katalon.core.main.ScriptEngine.run(ScriptEngine.java:194)
	at com.kms.katalon.core.main.ScriptEngine.runScriptAsRawText(ScriptEngine.java:119)
	at com.kms.katalon.core.main.TestCaseExecutor.runScript(TestCaseExecutor.java:448)
	at com.kms.katalon.core.main.TestCaseExecutor.doExecute(TestCaseExecutor.java:439)
	at com.kms.katalon.core.main.TestCaseExecutor.processExecutionPhase(TestCaseExecutor.java:418)
	at com.kms.katalon.core.main.TestCaseExecutor.accessMainPhase(TestCaseExecutor.java:410)
	at com.kms.katalon.core.main.TestCaseExecutor.execute(TestCaseExecutor.java:285)
	at com.kms.katalon.core.common.CommonExecutor.accessTestCaseMainPhase(CommonExecutor.java:65)
	at com.kms.katalon.core.main.TestSuiteExecutor.accessTestSuiteMainPhase(TestSuiteExecutor.java:148)
	at com.kms.katalon.core.main.TestSuiteExecutor.execute(TestSuiteExecutor.java:106)
	at com.kms.katalon.core.main.TestCaseMain.startTestSuite(TestCaseMain.java:187)
	at com.kms.katalon.core.main.TestCaseMain$startTestSuite$0.call(Unknown Source)
	at TempTestSuite1701274422176.run(TempTestSuite1701274422176.groovy:36)
)

2023-11-29 13:19:33 - [MESSAGE][FAILED] - Web element with id: 'Object Repository/CDT14 - CDT15/Page_/div_Dados alterados com sucesso' located by 'By.xpath: //div[@id='swal2-content']' is present after '1' second(s) (Root cause: com.kms.katalon.core.exception.StepFailedException: Web element with id: 'Object Repository/CDT14 - CDT15/Page_/div_Dados alterados com sucesso' located by 'By.xpath: //div[@id='swal2-content']' is present after '1' second(s)
	at com.kms.katalon.core.webui.keyword.internal.WebUIKeywordMain.stepFailed(WebUIKeywordMain.groovy:64)
	at com.kms.katalon.core.webui.keyword.internal.WebUIKeywordMain$stepFailed$0.call(Unknown Source)
	at com.kms.katalon.core.webui.keyword.builtin.VerifyElementNotPresentKeyword$_verifyElementNotPresent_closure1.doCall(VerifyElementNotPresentKeyword.groovy:113)
	at com.kms.katalon.core.webui.keyword.builtin.VerifyElementNotPresentKeyword$_verifyElementNotPresent_closure1.doCall(VerifyElementNotPresentKeyword.groovy)
	at com.kms.katalon.core.webui.keyword.internal.WebUIKeywordMain.runKeyword(WebUIKeywordMain.groovy:20)
	at com.kms.katalon.core.webui.keyword.internal.WebUIKeywordMain$runKeyword.call(Unknown Source)
	at com.kms.katalon.core.webui.keyword.builtin.VerifyElementNotPresentKeyword.verifyElementNotPresent(VerifyElementNotPresentKeyword.groovy:122)
	at com.kms.katalon.core.webui.keyword.builtin.VerifyElementNotPresentKeyword.execute(VerifyElementNotPresentKeyword.groovy:68)
	at com.kms.katalon.core.keyword.internal.KeywordExecutor.executeKeywordForPlatform(KeywordExecutor.groovy:74)
	at com.kms.katalon.core.webui.keyword.WebUiBuiltInKeywords.verifyElementNotPresent(WebUiBuiltInKeywords.groovy:1481)
	at com.kms.katalon.core.webui.keyword.WebUiBuiltInKeywords$verifyElementNotPresent$7.call(Unknown Source)
	at CDT14 - RF15 - Alterar dados do restaurante com um dos campos obrigatorios vazios.run(CDT14 - RF15 - Alterar dados do restaurante com um dos campos obrigatorios vazios:40)
	at com.kms.katalon.core.main.ScriptEngine.run(ScriptEngine.java:194)
	at com.kms.katalon.core.main.ScriptEngine.runScriptAsRawText(ScriptEngine.java:119)
	at com.kms.katalon.core.main.TestCaseExecutor.runScript(TestCaseExecutor.java:448)
	at com.kms.katalon.core.main.TestCaseExecutor.doExecute(TestCaseExecutor.java:439)
	at com.kms.katalon.core.main.TestCaseExecutor.processExecutionPhase(TestCaseExecutor.java:418)
	at com.kms.katalon.core.main.TestCaseExecutor.accessMainPhase(TestCaseExecutor.java:410)
	at com.kms.katalon.core.main.TestCaseExecutor.execute(TestCaseExecutor.java:285)
	at com.kms.katalon.core.common.CommonExecutor.accessTestCaseMainPhase(CommonExecutor.java:65)
	at com.kms.katalon.core.main.TestSuiteExecutor.accessTestSuiteMainPhase(TestSuiteExecutor.java:148)
	at com.kms.katalon.core.main.TestSuiteExecutor.execute(TestSuiteExecutor.java:106)
	at com.kms.katalon.core.main.TestCaseMain.startTestSuite(TestCaseMain.java:187)
	at com.kms.katalon.core.main.TestCaseMain$startTestSuite$0.call(Unknown Source)
	at TempTestSuite1701274422176.run(TempTestSuite1701274422176.groovy:36)
)
[[ATTACHMENT|C:\\Users\\isaba\\Downloads\\TMS-T2-E1\\TMS-T2-E1\\T2\\Reports\\20231129_131342\\Teste de Integra\u00E7\u00E3o\\20231129_131342\\1701274773586.png]]

2023-11-29 13:19:33 - [TEST_STEP][PASSED] - click(findTestObject("Object Repository/CDT14 - CDT15/Page_/button_OK"), CONTINUE_ON_FAILURE): Object: 'Object Repository/CDT14 - CDT15/Page_/button_OK' is clicked on

2023-11-29 13:19:34 - [MESSAGE][PASSED] - Object: 'Object Repository/CDT14 - CDT15/Page_/button_OK' is clicked on

2023-11-29 13:19:34 - [TEST_STEP][PASSED] - closeBrowser(CONTINUE_ON_FAILURE): Browser is closed

2023-11-29 13:19:35 - [MESSAGE][PASSED] - Browser is closed]]></system-out>
         <system-err><![CDATA[2023-11-29 13:19:19 - [TEST_CASE][FAILED] - Test Cases/CDT14 - RF15 - Alterar dados do restaurante com um dos campos obrigatorios vazios: Test Cases/CDT14 - RF15 - Alterar dados do restaurante com um dos campos obrigatorios vazios FAILED.
Reason:
com.kms.katalon.core.exception.StepFailedException: Web element with id: 'Object Repository/CDT14 - CDT15/Page_/div_Dados alterados com sucesso' located by 'By.xpath: //div[@id='swal2-content']' is present after '1' second(s) (Root cause: com.kms.katalon.core.exception.StepFailedException: Web element with id: 'Object Repository/CDT14 - CDT15/Page_/div_Dados alterados com sucesso' located by 'By.xpath: //div[@id='swal2-content']' is present after '1' second(s)
	at com.kms.katalon.core.webui.keyword.internal.WebUIKeywordMain.stepFailed(WebUIKeywordMain.groovy:64)
	at com.kms.katalon.core.webui.keyword.internal.WebUIKeywordMain$stepFailed$0.call(Unknown Source)
	at com.kms.katalon.core.webui.keyword.builtin.VerifyElementNotPresentKeyword$_verifyElementNotPresent_closure1.doCall(VerifyElementNotPresentKeyword.groovy:113)
	at com.kms.katalon.core.webui.keyword.builtin.VerifyElementNotPresentKeyword$_verifyElementNotPresent_closure1.doCall(VerifyElementNotPresentKeyword.groovy)
	at com.kms.katalon.core.webui.keyword.internal.WebUIKeywordMain.runKeyword(WebUIKeywordMain.groovy:20)
	at com.kms.katalon.core.webui.keyword.internal.WebUIKeywordMain$runKeyword.call(Unknown Source)
	at com.kms.katalon.core.webui.keyword.builtin.VerifyElementNotPresentKeyword.verifyElementNotPresent(VerifyElementNotPresentKeyword.groovy:122)
	at com.kms.katalon.core.webui.keyword.builtin.VerifyElementNotPresentKeyword.execute(VerifyElementNotPresentKeyword.groovy:68)
	at com.kms.katalon.core.keyword.internal.KeywordExecutor.executeKeywordForPlatform(KeywordExecutor.groovy:74)
	at com.kms.katalon.core.webui.keyword.WebUiBuiltInKeywords.verifyElementNotPresent(WebUiBuiltInKeywords.groovy:1481)
	at com.kms.katalon.core.webui.keyword.WebUiBuiltInKeywords$verifyElementNotPresent$7.call(Unknown Source)
	at CDT14 - RF15 - Alterar dados do restaurante com um dos campos obrigatorios vazios.run(CDT14 - RF15 - Alterar dados do restaurante com um dos campos obrigatorios vazios:40)
	at com.kms.katalon.core.main.ScriptEngine.run(ScriptEngine.java:194)
	at com.kms.katalon.core.main.ScriptEngine.runScriptAsRawText(ScriptEngine.java:119)
	at com.kms.katalon.core.main.TestCaseExecutor.runScript(TestCaseExecutor.java:448)
	at com.kms.katalon.core.main.TestCaseExecutor.doExecute(TestCaseExecutor.java:439)
	at com.kms.katalon.core.main.TestCaseExecutor.processExecutionPhase(TestCaseExecutor.java:418)
	at com.kms.katalon.core.main.TestCaseExecutor.accessMainPhase(TestCaseExecutor.java:410)
	at com.kms.katalon.core.main.TestCaseExecutor.execute(TestCaseExecutor.java:285)
	at com.kms.katalon.core.common.CommonExecutor.accessTestCaseMainPhase(CommonExecutor.java:65)
	at com.kms.katalon.core.main.TestSuiteExecutor.accessTestSuiteMainPhase(TestSuiteExecutor.java:148)
	at com.kms.katalon.core.main.TestSuiteExecutor.execute(TestSuiteExecutor.java:106)
	at com.kms.katalon.core.main.TestCaseMain.startTestSuite(TestCaseMain.java:187)
	at com.kms.katalon.core.main.TestCaseMain$startTestSuite$0.call(Unknown Source)
	at TempTestSuite1701274422176.run(TempTestSuite1701274422176.groovy:36)
)
	at com.kms.katalon.core.keyword.internal.KeywordMain.stepFailed(KeywordMain.groovy:39)
	at com.kms.katalon.core.webui.keyword.internal.WebUIKeywordMain.stepFailed(WebUIKeywordMain.groovy:64)
	at com.kms.katalon.core.webui.keyword.internal.WebUIKeywordMain$stepFailed$0.call(Unknown Source)
	at com.kms.katalon.core.webui.keyword.builtin.VerifyElementNotPresentKeyword$_verifyElementNotPresent_closure1.doCall(VerifyElementNotPresentKeyword.groovy:113)
	at com.kms.katalon.core.webui.keyword.builtin.VerifyElementNotPresentKeyword$_verifyElementNotPresent_closure1.doCall(VerifyElementNotPresentKeyword.groovy)
	at com.kms.katalon.core.webui.keyword.internal.WebUIKeywordMain.runKeyword(WebUIKeywordMain.groovy:20)
	at com.kms.katalon.core.webui.keyword.internal.WebUIKeywordMain$runKeyword.call(Unknown Source)
	at com.kms.katalon.core.webui.keyword.builtin.VerifyElementNotPresentKeyword.verifyElementNotPresent(VerifyElementNotPresentKeyword.groovy:122)
	at com.kms.katalon.core.webui.keyword.builtin.VerifyElementNotPresentKeyword.execute(VerifyElementNotPresentKeyword.groovy:68)
	at com.kms.katalon.core.keyword.internal.KeywordExecutor.executeKeywordForPlatform(KeywordExecutor.groovy:74)
	at com.kms.katalon.core.webui.keyword.WebUiBuiltInKeywords.verifyElementNotPresent(WebUiBuiltInKeywords.groovy:1481)
	at com.kms.katalon.core.webui.keyword.WebUiBuiltInKeywords$verifyElementNotPresent$7.call(Unknown Source)
	at CDT14 - RF15 - Alterar dados do restaurante com um dos campos obrigatorios vazios.run(CDT14 - RF15 - Alterar dados do restaurante com um dos campos obrigatorios vazios:40)
	at com.kms.katalon.core.main.ScriptEngine.run(ScriptEngine.java:194)
	at com.kms.katalon.core.main.ScriptEngine.runScriptAsRawText(ScriptEngine.java:119)
	at com.kms.katalon.core.main.TestCaseExecutor.runScript(TestCaseExecutor.java:448)
	at com.kms.katalon.core.main.TestCaseExecutor.doExecute(TestCaseExecutor.java:439)
	at com.kms.katalon.core.main.TestCaseExecutor.processExecutionPhase(TestCaseExecutor.java:418)
	at com.kms.katalon.core.main.TestCaseExecutor.accessMainPhase(TestCaseExecutor.java:410)
	at com.kms.katalon.core.main.TestCaseExecutor.execute(TestCaseExecutor.java:285)
	at com.kms.katalon.core.common.CommonExecutor.accessTestCaseMainPhase(CommonExecutor.java:65)
	at com.kms.katalon.core.main.TestSuiteExecutor.accessTestSuiteMainPhase(TestSuiteExecutor.java:148)
	at com.kms.katalon.core.main.TestSuiteExecutor.execute(TestSuiteExecutor.java:106)
	at com.kms.katalon.core.main.TestCaseMain.startTestSuite(TestCaseMain.java:187)
	at com.kms.katalon.core.main.TestCaseMain$startTestSuite$0.call(Unknown Source)
	at TempTestSuite1701274422176.run(TempTestSuite1701274422176.groovy:36)
Caused by: com.kms.katalon.core.exception.StepFailedException: Web element with id: 'Object Repository/CDT14 - CDT15/Page_/div_Dados alterados com sucesso' located by 'By.xpath: //div[@id='swal2-content']' is present after '1' second(s)
	... 25 more]]></system-err>
      </testcase>
      <testcase name="Test Cases/CDT15 - RF15 - Alterar dados do restaurante com todos os campos obrigatorios preenchidos" time="14.735" classname="Test Cases/CDT15 - RF15 - Alterar dados do restaurante com todos os campos obrigatorios preenchidos" status="PASSED">
         <system-out><![CDATA[2023-11-29 13:19:35 - [TEST_CASE][PASSED] - Test Cases/CDT15 - RF15 - Alterar dados do restaurante com todos os campos obrigatorios preenchidos: Test Cases/CDT15 - RF15 - Alterar dados do restaurante com todos os campos obrigatorios preenchidos

2023-11-29 13:19:35 - [TEST_STEP][PASSED] - openBrowser("", CONTINUE_ON_FAILURE): Browser is opened with url: ''

2023-11-29 13:19:35 - [MESSAGE][INFO] - Starting 'Chrome' driver

2023-11-29 13:19:35 - [MESSAGE][INFO] - Action delay is set to 0 milliseconds

2023-11-29 13:19:37 - [MESSAGE][PASSED] - Browser is opened with url: ''

2023-11-29 13:19:37 - [TEST_STEP][PASSED] - navigateToUrl("http://localhost/pizzaWeb2.0/site/", CONTINUE_ON_FAILURE): Navigate to 'http://localhost/pizzaWeb2.0/site/' successfully

2023-11-29 13:19:40 - [MESSAGE][PASSED] - Navigate to 'http://localhost/pizzaWeb2.0/site/' successfully

2023-11-29 13:19:40 - [TEST_STEP][PASSED] - click(findTestObject("Object Repository/CDT14 - CDT15/Page_PizzaWeb/a_Entrar"), CONTINUE_ON_FAILURE): Object: 'Object Repository/CDT14 - CDT15/Page_PizzaWeb/a_Entrar' is clicked on

2023-11-29 13:19:40 - [MESSAGE][PASSED] - Object: 'Object Repository/CDT14 - CDT15/Page_PizzaWeb/a_Entrar' is clicked on

2023-11-29 13:19:40 - [TEST_STEP][PASSED] - callTestCase(findTestCase("CDT02 - login simple"), ["usuario":"admin", "senha":"admin"], CONTINUE_ON_FAILURE): Call Test Case 'Test Cases/CDT02 - login simple' successfully

2023-11-29 13:19:40 - [TEST_CASE][PASSED] - Test Cases/CDT02 - login simple: Test Cases/CDT02 - login simple

2023-11-29 13:19:40 - [TEST_STEP][PASSED] - setText(findTestObject("Object Repository/CDT01 - CDT02/Page_Login/input_Entrar_login"), usuario, CONTINUE_ON_FAILURE): Text 'admin' is set on object 'Object Repository/CDT01 - CDT02/Page_Login/input_Entrar_login'

2023-11-29 13:19:41 - [MESSAGE][PASSED] - Text 'admin' is set on object 'Object Repository/CDT01 - CDT02/Page_Login/input_Entrar_login'

2023-11-29 13:19:41 - [TEST_STEP][PASSED] - setText(findTestObject("Object Repository/CDT01 - CDT02/Page_Login/input_Entrar_senha"), senha, CONTINUE_ON_FAILURE): Text 'admin' is set on object 'Object Repository/CDT01 - CDT02/Page_Login/input_Entrar_senha'

2023-11-29 13:19:42 - [MESSAGE][PASSED] - Text 'admin' is set on object 'Object Repository/CDT01 - CDT02/Page_Login/input_Entrar_senha'

2023-11-29 13:19:42 - [TEST_STEP][PASSED] - click(findTestObject("Object Repository/CDT01 - CDT02/Page_Login/button_Login"), CONTINUE_ON_FAILURE): Object: 'Object Repository/CDT01 - CDT02/Page_Login/button_Login' is clicked on

2023-11-29 13:19:43 - [MESSAGE][PASSED] - Object: 'Object Repository/CDT01 - CDT02/Page_Login/button_Login' is clicked on

2023-11-29 13:19:43 - [MESSAGE][PASSED] - Call Test Case 'Test Cases/CDT02 - login simple' successfully

2023-11-29 13:19:43 - [TEST_STEP][PASSED] - click(findTestObject("Object Repository/CDT14 - CDT15/Page_PizzaWeb/a_Gerenciar"), CONTINUE_ON_FAILURE): Object: 'Object Repository/CDT14 - CDT15/Page_PizzaWeb/a_Gerenciar' is clicked on

2023-11-29 13:19:44 - [MESSAGE][PASSED] - Object: 'Object Repository/CDT14 - CDT15/Page_PizzaWeb/a_Gerenciar' is clicked on

2023-11-29 13:19:44 - [TEST_STEP][PASSED] - navigateToUrl("http://localhost/pizzaWeb2.0/site/administrador.php", CONTINUE_ON_FAILURE): Navigate to 'http://localhost/pizzaWeb2.0/site/administrador.php' successfully

2023-11-29 13:19:44 - [MESSAGE][PASSED] - Navigate to 'http://localhost/pizzaWeb2.0/site/administrador.php' successfully

2023-11-29 13:19:44 - [TEST_STEP][PASSED] - click(findTestObject("Object Repository/CDT14 - CDT15/Page_/a_Gerenciar Restaurantes"), CONTINUE_ON_FAILURE): Object: 'Object Repository/CDT14 - CDT15/Page_/a_Gerenciar Restaurantes' is clicked on

2023-11-29 13:19:45 - [MESSAGE][PASSED] - Object: 'Object Repository/CDT14 - CDT15/Page_/a_Gerenciar Restaurantes' is clicked on

2023-11-29 13:19:45 - [TEST_STEP][PASSED] - click(findTestObject("Object Repository/CDT14 - CDT15/Page_/input_editar"), CONTINUE_ON_FAILURE): Object: 'Object Repository/CDT14 - CDT15/Page_/input_editar' is clicked on

2023-11-29 13:19:46 - [MESSAGE][PASSED] - Object: 'Object Repository/CDT14 - CDT15/Page_/input_editar' is clicked on

2023-11-29 13:19:46 - [TEST_STEP][PASSED] - setText(findTestObject("Object Repository/CDT14 - CDT15/Page_/input_cidade"), "Nova Friburgo", CONTINUE_ON_FAILURE): Text 'Nova Friburgo' is set on object 'Object Repository/CDT14 - CDT15/Page_/input_cidade'

2023-11-29 13:19:47 - [MESSAGE][PASSED] - Text 'Nova Friburgo' is set on object 'Object Repository/CDT14 - CDT15/Page_/input_cidade'

2023-11-29 13:19:47 - [TEST_STEP][PASSED] - click(findTestObject("CDT14 - CDT15/Page_/input_confirmarcadastro"), CONTINUE_ON_FAILURE): Object: 'Object Repository/CDT14 - CDT15/Page_/input_confirmarcadastro' is clicked on

2023-11-29 13:19:47 - [MESSAGE][PASSED] - Object: 'Object Repository/CDT14 - CDT15/Page_/input_confirmarcadastro' is clicked on

2023-11-29 13:19:47 - [TEST_STEP][PASSED] - verifyElementText(findTestObject("Object Repository/CDT14 - CDT15/Page_/div_Dados alterados com sucesso"), "Dados alterados com sucesso!", CONTINUE_ON_FAILURE): Actual text and expected text of test object 'Object Repository/CDT14 - CDT15/Page_/div_Dados alterados com sucesso' are matched.

2023-11-29 13:19:48 - [MESSAGE][PASSED] - Actual text and expected text of test object 'Object Repository/CDT14 - CDT15/Page_/div_Dados alterados com sucesso' are matched.

2023-11-29 13:19:48 - [TEST_STEP][PASSED] - click(findTestObject("Object Repository/CDT14 - CDT15/Page_/button_OK"), CONTINUE_ON_FAILURE): Object: 'Object Repository/CDT14 - CDT15/Page_/button_OK' is clicked on

2023-11-29 13:19:48 - [MESSAGE][PASSED] - Object: 'Object Repository/CDT14 - CDT15/Page_/button_OK' is clicked on

2023-11-29 13:19:48 - [TEST_STEP][PASSED] - verifyElementText(findTestObject("Object Repository/CDT14 - CDT15/Page_/td_localizacao"), "Rua General Osório - no.10 - Centro - Nova Friburgo - RJ", CONTINUE_ON_FAILURE): Actual text and expected text of test object 'Object Repository/CDT14 - CDT15/Page_/td_localizacao' are matched.

2023-11-29 13:19:49 - [MESSAGE][PASSED] - Actual text and expected text of test object 'Object Repository/CDT14 - CDT15/Page_/td_localizacao' are matched.

2023-11-29 13:19:49 - [TEST_STEP][PASSED] - closeBrowser(CONTINUE_ON_FAILURE): Browser is closed

2023-11-29 13:19:49 - [MESSAGE][PASSED] - Browser is closed]]></system-out>
         <system-err><![CDATA[]]></system-err>
      </testcase>
      <system-out><![CDATA[2023-11-29 13:14:02 - [TEST_SUITE][FAILED] - Teste de Integração: Test Cases/CDT04 - RF01 - cadastro cliente - Verificar erros de preenchimento FAILED.
Reason:
com.kms.katalon.core.exception.StepFailedException: Text 'Cadastro' is not present on page  (Root cause: com.kms.katalon.core.exception.StepFailedException: Text 'Cadastro' is not present on page 
	at com.kms.katalon.core.webui.keyword.internal.WebUIKeywordMain.stepFailed(WebUIKeywordMain.groovy:64)
	at com.kms.katalon.core.webui.keyword.builtin.VerifyTextPresentKeyword$_verifyTextPresent_closure1.doCall(VerifyTextPresentKeyword.groovy:79)
	at com.kms.katalon.core.webui.keyword.builtin.VerifyTextPresentKeyword$_verifyTextPresent_closure1.call(VerifyTextPresentKeyword.groovy)
	at com.kms.katalon.core.webui.keyword.internal.WebUIKeywordMain.runKeyword(WebUIKeywordMain.groovy:20)
	at com.kms.katalon.core.webui.keyword.builtin.VerifyTextPresentKeyword.verifyTextPresent(VerifyTextPresentKeyword.groovy:83)
	at com.kms.katalon.core.webui.keyword.builtin.VerifyTextPresentKeyword.execute(VerifyTextPresentKeyword.groovy:68)
	at com.kms.katalon.core.keyword.internal.KeywordExecutor.executeKeywordForPlatform(KeywordExecutor.groovy:74)
	at com.kms.katalon.core.webui.keyword.WebUiBuiltInKeywords.verifyTextPresent(WebUiBuiltInKeywords.groovy:1707)
	at com.kms.katalon.core.webui.keyword.WebUiBuiltInKeywords$verifyTextPresent$6.call(Unknown Source)
	at CDT04 - RF01 - cadastro cliente - Verificar erros de preenchimento.run(CDT04 - RF01 - cadastro cliente - Verificar erros de preenchimento:56)
	at com.kms.katalon.core.main.ScriptEngine.run(ScriptEngine.java:194)
	at com.kms.katalon.core.main.ScriptEngine.runScriptAsRawText(ScriptEngine.java:119)
	at com.kms.katalon.core.main.TestCaseExecutor.runScript(TestCaseExecutor.java:448)
	at com.kms.katalon.core.main.TestCaseExecutor.doExecute(TestCaseExecutor.java:439)
	at com.kms.katalon.core.main.TestCaseExecutor.processExecutionPhase(TestCaseExecutor.java:418)
	at com.kms.katalon.core.main.TestCaseExecutor.accessMainPhase(TestCaseExecutor.java:410)
	at com.kms.katalon.core.main.TestCaseExecutor.execute(TestCaseExecutor.java:285)
	at com.kms.katalon.core.common.CommonExecutor.accessTestCaseMainPhase(CommonExecutor.java:65)
	at com.kms.katalon.core.main.TestSuiteExecutor.accessTestSuiteMainPhase(TestSuiteExecutor.java:148)
	at com.kms.katalon.core.main.TestSuiteExecutor.execute(TestSuiteExecutor.java:106)
	at com.kms.katalon.core.main.TestCaseMain.startTestSuite(TestCaseMain.java:187)
	at com.kms.katalon.core.main.TestCaseMain$startTestSuite$0.call(Unknown Source)
	at TempTestSuite1701274422176.run(TempTestSuite1701274422176.groovy:36)
)
	at com.kms.katalon.core.keyword.internal.KeywordMain.stepFailed(KeywordMain.groovy:39)
	at com.kms.katalon.core.webui.keyword.internal.WebUIKeywordMain.stepFailed(WebUIKeywordMain.groovy:64)
	at com.kms.katalon.core.webui.keyword.builtin.VerifyTextPresentKeyword$_verifyTextPresent_closure1.doCall(VerifyTextPresentKeyword.groovy:79)
	at com.kms.katalon.core.webui.keyword.builtin.VerifyTextPresentKeyword$_verifyTextPresent_closure1.call(VerifyTextPresentKeyword.groovy)
	at com.kms.katalon.core.webui.keyword.internal.WebUIKeywordMain.runKeyword(WebUIKeywordMain.groovy:20)
	at com.kms.katalon.core.webui.keyword.builtin.VerifyTextPresentKeyword.verifyTextPresent(VerifyTextPresentKeyword.groovy:83)
	at com.kms.katalon.core.webui.keyword.builtin.VerifyTextPresentKeyword.execute(VerifyTextPresentKeyword.groovy:68)
	at com.kms.katalon.core.keyword.internal.KeywordExecutor.executeKeywordForPlatform(KeywordExecutor.groovy:74)
	at com.kms.katalon.core.webui.keyword.WebUiBuiltInKeywords.verifyTextPresent(WebUiBuiltInKeywords.groovy:1707)
	at com.kms.katalon.core.webui.keyword.WebUiBuiltInKeywords$verifyTextPresent$6.call(Unknown Source)
	at CDT04 - RF01 - cadastro cliente - Verificar erros de preenchimento.run(CDT04 - RF01 - cadastro cliente - Verificar erros de preenchimento:56)
	at com.kms.katalon.core.main.ScriptEngine.run(ScriptEngine.java:194)
	at com.kms.katalon.core.main.ScriptEngine.runScriptAsRawText(ScriptEngine.java:119)
	at com.kms.katalon.core.main.TestCaseExecutor.runScript(TestCaseExecutor.java:448)
	at com.kms.katalon.core.main.TestCaseExecutor.doExecute(TestCaseExecutor.java:439)
	at com.kms.katalon.core.main.TestCaseExecutor.processExecutionPhase(TestCaseExecutor.java:418)
	at com.kms.katalon.core.main.TestCaseExecutor.accessMainPhase(TestCaseExecutor.java:410)
	at com.kms.katalon.core.main.TestCaseExecutor.execute(TestCaseExecutor.java:285)
	at com.kms.katalon.core.common.CommonExecutor.accessTestCaseMainPhase(CommonExecutor.java:65)
	at com.kms.katalon.core.main.TestSuiteExecutor.accessTestSuiteMainPhase(TestSuiteExecutor.java:148)
	at com.kms.katalon.core.main.TestSuiteExecutor.execute(TestSuiteExecutor.java:106)
	at com.kms.katalon.core.main.TestCaseMain.startTestSuite(TestCaseMain.java:187)
	at com.kms.katalon.core.main.TestCaseMain$startTestSuite$0.call(Unknown Source)
	at TempTestSuite1701274422176.run(TempTestSuite1701274422176.groovy:36)
Caused by: com.kms.katalon.core.exception.StepFailedException: Text 'Cadastro' is not present on page 
	... 23 more]]></system-out>
      <system-err><![CDATA[2023-11-29 13:14:02 - [TEST_SUITE][FAILED] - Teste de Integração: Test Cases/CDT04 - RF01 - cadastro cliente - Verificar erros de preenchimento FAILED.
Reason:
com.kms.katalon.core.exception.StepFailedException: Text 'Cadastro' is not present on page  (Root cause: com.kms.katalon.core.exception.StepFailedException: Text 'Cadastro' is not present on page 
	at com.kms.katalon.core.webui.keyword.internal.WebUIKeywordMain.stepFailed(WebUIKeywordMain.groovy:64)
	at com.kms.katalon.core.webui.keyword.builtin.VerifyTextPresentKeyword$_verifyTextPresent_closure1.doCall(VerifyTextPresentKeyword.groovy:79)
	at com.kms.katalon.core.webui.keyword.builtin.VerifyTextPresentKeyword$_verifyTextPresent_closure1.call(VerifyTextPresentKeyword.groovy)
	at com.kms.katalon.core.webui.keyword.internal.WebUIKeywordMain.runKeyword(WebUIKeywordMain.groovy:20)
	at com.kms.katalon.core.webui.keyword.builtin.VerifyTextPresentKeyword.verifyTextPresent(VerifyTextPresentKeyword.groovy:83)
	at com.kms.katalon.core.webui.keyword.builtin.VerifyTextPresentKeyword.execute(VerifyTextPresentKeyword.groovy:68)
	at com.kms.katalon.core.keyword.internal.KeywordExecutor.executeKeywordForPlatform(KeywordExecutor.groovy:74)
	at com.kms.katalon.core.webui.keyword.WebUiBuiltInKeywords.verifyTextPresent(WebUiBuiltInKeywords.groovy:1707)
	at com.kms.katalon.core.webui.keyword.WebUiBuiltInKeywords$verifyTextPresent$6.call(Unknown Source)
	at CDT04 - RF01 - cadastro cliente - Verificar erros de preenchimento.run(CDT04 - RF01 - cadastro cliente - Verificar erros de preenchimento:56)
	at com.kms.katalon.core.main.ScriptEngine.run(ScriptEngine.java:194)
	at com.kms.katalon.core.main.ScriptEngine.runScriptAsRawText(ScriptEngine.java:119)
	at com.kms.katalon.core.main.TestCaseExecutor.runScript(TestCaseExecutor.java:448)
	at com.kms.katalon.core.main.TestCaseExecutor.doExecute(TestCaseExecutor.java:439)
	at com.kms.katalon.core.main.TestCaseExecutor.processExecutionPhase(TestCaseExecutor.java:418)
	at com.kms.katalon.core.main.TestCaseExecutor.accessMainPhase(TestCaseExecutor.java:410)
	at com.kms.katalon.core.main.TestCaseExecutor.execute(TestCaseExecutor.java:285)
	at com.kms.katalon.core.common.CommonExecutor.accessTestCaseMainPhase(CommonExecutor.java:65)
	at com.kms.katalon.core.main.TestSuiteExecutor.accessTestSuiteMainPhase(TestSuiteExecutor.java:148)
	at com.kms.katalon.core.main.TestSuiteExecutor.execute(TestSuiteExecutor.java:106)
	at com.kms.katalon.core.main.TestCaseMain.startTestSuite(TestCaseMain.java:187)
	at com.kms.katalon.core.main.TestCaseMain$startTestSuite$0.call(Unknown Source)
	at TempTestSuite1701274422176.run(TempTestSuite1701274422176.groovy:36)
)
	at com.kms.katalon.core.keyword.internal.KeywordMain.stepFailed(KeywordMain.groovy:39)
	at com.kms.katalon.core.webui.keyword.internal.WebUIKeywordMain.stepFailed(WebUIKeywordMain.groovy:64)
	at com.kms.katalon.core.webui.keyword.builtin.VerifyTextPresentKeyword$_verifyTextPresent_closure1.doCall(VerifyTextPresentKeyword.groovy:79)
	at com.kms.katalon.core.webui.keyword.builtin.VerifyTextPresentKeyword$_verifyTextPresent_closure1.call(VerifyTextPresentKeyword.groovy)
	at com.kms.katalon.core.webui.keyword.internal.WebUIKeywordMain.runKeyword(WebUIKeywordMain.groovy:20)
	at com.kms.katalon.core.webui.keyword.builtin.VerifyTextPresentKeyword.verifyTextPresent(VerifyTextPresentKeyword.groovy:83)
	at com.kms.katalon.core.webui.keyword.builtin.VerifyTextPresentKeyword.execute(VerifyTextPresentKeyword.groovy:68)
	at com.kms.katalon.core.keyword.internal.KeywordExecutor.executeKeywordForPlatform(KeywordExecutor.groovy:74)
	at com.kms.katalon.core.webui.keyword.WebUiBuiltInKeywords.verifyTextPresent(WebUiBuiltInKeywords.groovy:1707)
	at com.kms.katalon.core.webui.keyword.WebUiBuiltInKeywords$verifyTextPresent$6.call(Unknown Source)
	at CDT04 - RF01 - cadastro cliente - Verificar erros de preenchimento.run(CDT04 - RF01 - cadastro cliente - Verificar erros de preenchimento:56)
	at com.kms.katalon.core.main.ScriptEngine.run(ScriptEngine.java:194)
	at com.kms.katalon.core.main.ScriptEngine.runScriptAsRawText(ScriptEngine.java:119)
	at com.kms.katalon.core.main.TestCaseExecutor.runScript(TestCaseExecutor.java:448)
	at com.kms.katalon.core.main.TestCaseExecutor.doExecute(TestCaseExecutor.java:439)
	at com.kms.katalon.core.main.TestCaseExecutor.processExecutionPhase(TestCaseExecutor.java:418)
	at com.kms.katalon.core.main.TestCaseExecutor.accessMainPhase(TestCaseExecutor.java:410)
	at com.kms.katalon.core.main.TestCaseExecutor.execute(TestCaseExecutor.java:285)
	at com.kms.katalon.core.common.CommonExecutor.accessTestCaseMainPhase(CommonExecutor.java:65)
	at com.kms.katalon.core.main.TestSuiteExecutor.accessTestSuiteMainPhase(TestSuiteExecutor.java:148)
	at com.kms.katalon.core.main.TestSuiteExecutor.execute(TestSuiteExecutor.java:106)
	at com.kms.katalon.core.main.TestCaseMain.startTestSuite(TestCaseMain.java:187)
	at com.kms.katalon.core.main.TestCaseMain$startTestSuite$0.call(Unknown Source)
	at TempTestSuite1701274422176.run(TempTestSuite1701274422176.groovy:36)
Caused by: com.kms.katalon.core.exception.StepFailedException: Text 'Cadastro' is not present on page 
	... 23 more]]></system-err>
   </testsuite>
</testsuites>
